
The result for squared relaxation:

[{'gamma': 1.0,
  'test_measures': {'0_fnr': 0.69625840746204726,
                    '0_fpr': 0.10136225064006077,
                    '1_fnr': 0.24471329678950865,
                    '1_fpr': 0.41906384202644259,
                    'acc': 0.66831228473019522,
                    'fnr_diff': 0.45154511067253866,
                    'fpr_diff': 0.31770159138638193},
  'test_results': {'fnr_diff': 0.72297230236939514,
                   'fpr_diff': 0.46677211167456106,
                   'll': -1076.926175934555,
                   'objective': 1076.926175934555},
  'train_results': {'fnr_diff': 0.67951587927535617,
                    'fpr_diff': 0.46460356109785705,
                    'll': -2176.8815652465914,
                    'objective': 2177.2280864602208,
                    'w': array([[-0.02679661],
       [-0.30985945],
       [ 0.32545115],
       [ 0.16711789],
       [ 0.33413944]])},
  'weight': 0.0},
 {'gamma': 1.0,
  'test_measures': {'0_fnr': 0.65542243474608797,
                    '0_fpr': 0.12115057724259821,
                    '1_fnr': 0.28326008402017633,
                    '1_fpr': 0.37481070575958592,
                    'acc': 0.66923076923076918,
                    'fnr_diff': 0.37216235072591147,
                    'fpr_diff': 0.25366012851698772},
  'test_results': {'fnr_diff': 0.50866386037737121,
                   'fpr_diff': 0.30121281735735694,
                   'll': -1077.2944885164445,
                   'objective': 1087.4677657239918},
  'train_results': {'fnr_diff': 0.47156857856305689,
                    'fpr_diff': 0.2989064993314442,
                    'll': -2178.8285953499594,
                    'objective': 2188.5421077529013,
                    'w': array([[-0.02496772],
       [-0.2908533 ],
       [ 0.20238098],
       [ 0.1635292 ],
       [ 0.35400028]])},
  'weight': 20.0},
 {'gamma': 1.0,
  'test_measures': {'0_fnr': 0.63174217624417761,
                    '0_fpr': 0.1356710237927477,
                    '1_fnr': 0.31897846901614513,
                    '1_fpr': 0.33424290414329544,
                    'acc': 0.66888633754305382,
                    'fnr_diff': 0.31276370722803254,
                    'fpr_diff': 0.19857188035054768},
  'test_results': {'fnr_diff': 0.38046610653262741,
                   'fpr_diff': 0.2061481093435813,
                   'll': -1078.6677454311089,
                   'objective': 1093.8863896924136},
  'train_results': {'fnr_diff': 0.34784159453208241,
                    'fpr_diff': 0.20388914796596463,
                    'll': -2182.4698411665463,
                    'objective': 2196.6399661833639,
                    'w': array([[-0.02370672],
       [-0.27772439],
       [ 0.11505189],
       [ 0.16122971],
       [ 0.36859599]])},
  'weight': 40.0},
 {'gamma': 1.0,
  'test_measures': {'0_fnr': 0.61550182764910755,
                    '0_fpr': 0.15112872470181732,
                    '1_fnr': 0.35550986261160528,
                    '1_fpr': 0.29835381782401199,
                    'acc': 0.66555683122847298,
                    'fnr_diff': 0.25999196503750222,
                    'fpr_diff': 0.1472250931221947},
  'test_results': {'fnr_diff': 0.29695403594621489,
                   'fpr_diff': 0.14681366911916954,
                   'll': -1080.3035486911556,
                   'objective': 1098.1207908479284},
  'train_results': {'fnr_diff': 0.26767764169475222,
                    'fpr_diff': 0.14467087185924504,
                    'll': -2186.4331154570564,
                    'objective': 2202.7418721880058,
                    'w': array([[-0.02277934],
       [-0.26805482],
       [ 0.04947016],
       [ 0.15963345],
       [ 0.37983709]])},
  'weight': 60.0},
 {'gamma': 0.0,
  'test_measures': {'0_fnr': 0.60428443015792477,
                    '0_fpr': 0.16275140409968597,
                    '1_fnr': 0.36626961434824701,
                    '1_fpr': 0.2867914126696639,
                    'acc': 0.66417910447761197,
                    'fnr_diff': 0.2380148158096777,
                    'fpr_diff': 0.12404000856997791},
  'test_results': {'fnr_diff': 0.23901614468032079,
                   'fpr_diff': 0.10743820016513952,
                   'll': -1081.9501043529901,
                   'objective': 1101.0713959274156},
  'train_results': {'fnr_diff': 0.21244702070837426,
                    'fpr_diff': 0.10540020116871016,
                    'll': -2190.2657727329524,
                    'objective': 2207.2615343896223,
                    'w': array([[-0.02209515],
       [-0.26502759],
       [-0.00256093],
       [ 0.15841002],
       [ 0.39271252]])},
  'weight': 80.0},
 {'gamma': 0.0,
  'test_measures': {'0_fnr': 0.59352989070080686,
                    '0_fpr': 0.17538332469316745,
                    '1_fnr': 0.38300590088856168,
                    '1_fpr': 0.2735377905699668,
                    'acc': 0.6609644087256028,
                    'fnr_diff': 0.21052398981224521,
                    'fpr_diff': 0.098154465876799366},
  'test_results': {'fnr_diff': 0.19719802068967851,
                   'fpr_diff': 0.080316936636233793,
                   'll': -1083.5005702873641,
                   'objective': 1103.2203723563318},
  'train_results': {'fnr_diff': 0.17272838512521696,
                    'fpr_diff': 0.078427888896095796,
                    'll': -2193.8197402815945,
                    'objective': 2211.0925787941169,
                    'w': array([[-0.02153021],
       [-0.25902052],
       [-0.04394838],
       [ 0.15753207],
       [ 0.40014626]])},
  'weight': 100.0},
 {'gamma': 0.0,
  'test_measures': {'0_fnr': 0.58442268083715609,
                    '0_fpr': 0.18073831817570898,
                    '1_fnr': 0.39434065440698896,
                    '1_fpr': 0.26309156842222248,
                    'acc': 0.6601607347876004,
                    'fnr_diff': 0.19008202643016717,
                    'fpr_diff': 0.082353250246513507},
  'test_results': {'fnr_diff': 0.16598676311142288,
                   'fpr_diff': 0.061038059477681053,
                   'll': -1084.9266058846829,
                   'objective': 1104.8450174580535},
  'train_results': {'fnr_diff': 0.14324560805413114,
                    'fpr_diff': 0.05929240909593185,
                    'll': -2197.0489701201336,
                    'objective': 2214.2384430866291,
                    'w': array([[-0.02107093],
       [-0.25413391],
       [-0.07794429],
       [ 0.15684212],
       [ 0.40632758]])},
  'weight': 120.0},
 {'gamma': 0.0,
  'test_measures': {'0_fnr': 0.57307930936458262,
                    '0_fpr': 0.18461786999643728,
                    '1_fnr': 0.40341817787711076,
                    '1_fpr': 0.25554749240741104,
                    'acc': 0.66016073478760051,
                    'fnr_diff': 0.169661131487472,
                    'fpr_diff': 0.070929622410973753},
  'test_results': {'fnr_diff': 0.14203606296414784,
                   'fpr_diff': 0.046977618930856613,
                   'll': -1086.2248736551915,
                   'objective': 1106.1099224701725},
  'train_results': {'fnr_diff': 0.120744288200531,
                    'fpr_diff': 0.045366590312644652,
                    'll': -2199.9644846208153,
                    'objective': 2216.8686849688893,
                    'w': array([[-0.02068999],
       [-0.25007866],
       [-0.10638307],
       [ 0.15628631],
       [ 0.41155102]])},
  'weight': 140.0},
 {'gamma': 0.0,
  'test_measures': {'0_fnr': 0.56665045891817134,
                    '0_fpr': 0.19092841055275533,
                    '1_fnr': 0.41039652685786826,
                    '1_fpr': 0.24558370680656777,
                    'acc': 0.66004592422502872,
                    'fnr_diff': 0.156253932060303,
                    'fpr_diff': 0.054655296253812449},
  'test_results': {'fnr_diff': 0.12323165001029006,
                   'fpr_diff': 0.036509638485473936,
                   'll': -1087.4025311706725,
                   'objective': 1107.1195951723191},
  'train_results': {'fnr_diff': 0.10317358874052492,
                    'fpr_diff': 0.035023466285351676,
                    'll': -2202.5931558618972,
                    'objective': 2219.100930060381,
                    'w': array([[-0.02036882],
       [-0.24665794],
       [-0.13053359],
       [ 0.15582943],
       [ 0.41602465]])},
  'weight': 160.0},
 {'gamma': 0.0,
  'test_measures': {'0_fnr': 0.5503200775552568,
                    '0_fpr': 0.20147014507527028,
                    '1_fnr': 0.4190350608187437,
                    '1_fpr': 0.24009025105785015,
                    'acc': 0.65878300803673939,
                    'fnr_diff': 0.13128501673651305,
                    'fpr_diff': 0.038620105982579853},
  'test_results': {'fnr_diff': 0.10818158757595556,
                   'fpr_diff': 0.0285848629349288,
                   'll': -1088.4703970137487,
                   'objective': 1107.9430827774206},
  'train_results': {'fnr_diff': 0.089186885192347562,
                    'fpr_diff': 0.027213828688892317,
                    'll': -2204.9657859451049,
                    'objective': 2221.0194252797278,
                    'w': array([[-0.0200943 ],
       [-0.24373288],
       [-0.15130302],
       [ 0.15544751],
       [ 0.41989993]])},
  'weight': 180.0},
 {'gamma': 0.0,
  'test_measures': {'0_fnr': 0.54264491114685243,
                    '0_fpr': 0.20388396208722356,
                    '1_fnr': 0.42925242538370512,
                    '1_fpr': 0.23548148438448169,
                    'acc': 0.65740528128587827,
                    'fnr_diff': 0.11339248576314738,
                    'fpr_diff': 0.031597522297258138},
  'test_results': {'fnr_diff': 0.095937549227526356,
                   'fpr_diff': 0.02250301435480757,
                   'll': -1089.4400070258794,
                   'objective': 1108.6275168713848},
  'train_results': {'fnr_diff': 0.077869171279550092,
                    'fpr_diff': 0.021237924611060589,
                    'll': -2207.1123019872975,
                    'objective': 2222.6861362432078,
                    'w': array([[-0.01985693],
       [-0.24120257],
       [-0.16935816],
       [ 0.15512372],
       [ 0.42328987]])},
  'weight': 200.0},
 {'gamma': 0.0,
  'test_measures': {'0_fnr': 0.53206202105260003,
                    '0_fpr': 0.212102725463238,
                    '1_fnr': 0.43655979894877606,
                    '1_fpr': 0.23216844721392799,
                    'acc': 0.65568312284730201,
                    'fnr_diff': 0.095502222103824017,
                    'fpr_diff': 0.022791088627000293},
  'test_results': {'fnr_diff': 0.085834654588859804,
                   'fpr_diff': 0.017783382658909847,
                   'll': -1090.3223594748549,
                   'objective': 1109.2059834844044},
  'train_results': {'fnr_diff': 0.068580658204805869,
                    'fpr_diff': 0.016615748354685243,
                    'll': -2209.0599334209687,
                    'objective': 2224.1476782260256,
                    'w': array([[-0.01964961],
       [-0.23899188],
       [-0.18520041],
       [ 0.15484585],
       [ 0.42628058]])},
  'weight': 220.0},
 {'gamma': 0.0,
  'test_measures': {'0_fnr': 0.52289085960093196,
                    '0_fpr': 0.21586117823159173,
                    '1_fnr': 0.44806545671372122,
                    '1_fpr': 0.22541968744530641,
                    'acc': 0.65430539609644089,
                    'fnr_diff': 0.07482540288721086,
                    'fpr_diff': 0.022584563194263624},
  'test_results': {'fnr_diff': 0.077395071266078502,
                   'fpr_diff': 0.014087893860927536,
                   'll': -1091.1274530336311,
                   'objective': 1109.7022701374904},
  'train_results': {'fnr_diff': 0.060862765747809099,
                    'fpr_diff': 0.013009975772722653,
                    'll': -2210.8327402814352,
                    'objective': 2225.4398040609094,
                    'w': array([[-0.01946697],
       [-0.23704365],
       [-0.19921444],
       [ 0.15460488],
       [ 0.42893885]])},
  'weight': 240.0},
 {'gamma': 0.0,
  'test_measures': {'0_fnr': 0.51232268053222041,
                    '0_fpr': 0.22070711660694187,
                    '1_fnr': 0.45120241338358341,
                    '1_fpr': 0.22239959474650745,
                    'acc': 0.65464982778415615,
                    'fnr_diff': 0.061120267148636977,
                    'fpr_diff': 0.02115934743995318},
  'test_results': {'fnr_diff': 0.070268025500271586,
                   'fpr_diff': 0.011173796657588017,
                   'll': -1091.8641479739867,
                   'objective': 1110.1338346040575},
  'train_results': {'fnr_diff': 0.054379798293274918,
                    'fpr_diff': 0.010178596589611739,
                    'll': -2212.4516530999631,
                    'objective': 2226.5904006562137,
                    'w': array([[-0.01930483],
       [-0.23531365],
       [-0.21170027],
       [ 0.15439399],
       [ 0.43131732]])},
  'weight': 260.0},
 {'gamma': 0.0,
  'test_measures': {'0_fnr': 0.50671995720894836,
                    '0_fpr': 0.22408703701656524,
                    '1_fnr': 0.45189769261279605,
                    '1_fpr': 0.22155386830235799,
                    'acc': 0.65476463834672793,
                    'fnr_diff': 0.054822264596152449,
                    'fpr_diff': 0.018704675942061395},
  'test_results': {'fnr_diff': 0.064191105077130536,
                   'fpr_diff': 0.0088635643240002164,
                   'll': -1092.5402218911063,
                   'objective': 1110.5137313127027},
  'train_results': {'fnr_diff': 0.048881267553297164,
                    'fpr_diff': 0.0079447627349298108,
                    'll': -2213.9347884446593,
                    'objective': 2227.6215433595826,
                    'w': array([[-0.01915992],
       [-0.23376707],
       [-0.22289561],
       [ 0.15420794],
       [ 0.43345807]])},
  'weight': 280.0},
 {'gamma': 0.0,
  'test_measures': {'0_fnr': 0.50177578385631438,
                    '0_fpr': 0.22793232005812086,
                    '1_fnr': 0.45782642697169162,
                    '1_fpr': 0.21983341546307664,
                    'acc': 0.65315729047072335,
                    'fnr_diff': 0.045012705300912351,
                    'fpr_diff': 0.019747373759896734},
  'test_results': {'fnr_diff': 0.058964797202716877,
                   'fpr_diff': 0.0070252950065448185,
                   'll': -1093.1624384479724,
                   'objective': 1110.8518776087876},
  'train_results': {'fnr_diff': 0.044177283971834014,
                    'fpr_diff': 0.0061772006196541404,
                    'll': -2215.2977520741265,
                    'objective': 2228.5509372656766,
                    'w': array([[-0.01902963],
       [-0.23237615],
       [-0.23299103],
       [ 0.15404261],
       [ 0.43539507]])},
  'weight': 300.0},
 {'gamma': 0.0,
  'test_measures': {'0_fnr': 0.49971313787200583,
                    '0_fpr': 0.23036929484803684,
                    '1_fnr': 0.46130215613007819,
                    '1_fpr': 0.21732261061643218,
                    'acc': 0.65246842709529285,
                    'fnr_diff': 0.041525612209499282,
                    'fpr_diff': 0.022093287907993718},
  'test_results': {'fnr_diff': 0.054435146594462483,
                   'fpr_diff': 0.0055595720524880795,
                   'll': -1093.7366838262647,
                   'objective': 1111.1559307364928},
  'train_results': {'fnr_diff': 0.040121681495544174,
                    'fpr_diff': 0.00477705275763561,
                    'll': -2216.5540110941765,
                    'objective': 2229.3929491727508,
                    'w': array([[-0.01891185],
       [-0.23111848],
       [-0.24214125],
       [ 0.15389476],
       [ 0.43715613]])},
  'weight': 320.0},
 {'gamma': 0.0,
  'test_measures': {'0_fnr': 0.49621346084674361,
                    '0_fpr': 0.23766593045859211,
                    '1_fnr': 0.46130215613007819,
                    '1_fpr': 0.21732261061643218,
                    'acc': 0.6513203214695753,
                    'fnr_diff': 0.039496523419531158,
                    'fpr_diff': 0.021630819877092373},
  'test_results': {'fnr_diff': 0.050481640756144988,
                   'fpr_diff': 0.0043904677565353156,
                   'll': -1094.2680896354138,
                   'objective': 1111.4318474925033},
  'train_results': {'fnr_diff': 0.036600374483081427,
                    'fpr_diff': 0.00366889278284969,
                    'll': -2217.7152325836714,
                    'objective': 2230.1593599079188,
                    'w': array([[-0.01880485],
       [-0.22997575],
       [-0.25047345],
       [ 0.15376177],
       [ 0.43876424]])},
  'weight': 340.0},
 {'gamma': 0.0,
  'test_measures': {'0_fnr': 0.48992801411146025,
                    '0_fpr': 0.23913221994468356,
                    '1_fnr': 0.46271036526654352,
                    '1_fpr': 0.21519822848887343,
                    'acc': 0.65212399540757748,
                    'fnr_diff': 0.033273455783076569,
                    'fpr_diff': 0.023933991455810138},
  'test_results': {'fnr_diff': 0.047009033535437734,
                   'fpr_diff': 0.0034593948541249515,
                   'll': -1094.7611061959481,
                   'objective': 1111.6843582687056},
  'train_results': {'fnr_diff': 0.033523435372258006,
                    'fpr_diff': 0.0027945782077172555,
                    'll': -2218.7914849900812,
                    'objective': 2230.8599217240944,
                    'w': array([[-0.01870722],
       [-0.22893288],
       [-0.25809265],
       [ 0.15364154],
       [ 0.44023848]])},
  'weight': 360.0},
 {'gamma': 0.0,
  'test_measures': {'0_fnr': 0.48637576638056246,
                    '0_fpr': 0.2414972078979068,
                    '1_fnr': 0.46341522201495755,
                    '1_fpr': 0.21519822848887343,
                    'acc': 0.65189437428243402,
                    'fnr_diff': 0.031170700222819547,
                    'fpr_diff': 0.026298979409033391},
  'test_results': {'fnr_diff': 0.043941055620342631,
                   'fpr_diff': 0.0027206272276351189,
                   'll': -1095.2196254060493,
                   'objective': 1111.9172265417794},
  'train_results': {'fnr_diff': 0.030819058214113081,
                    'fpr_diff': 0.0021087790818720069,
                    'll': -2219.7915352037808,
                    'objective': 2231.5027773251431,
                    'w': array([[-0.01861778],
       [-0.22797731],
       [-0.26508676],
       [ 0.15353232],
       [ 0.44159493]])},
  'weight': 380.0},
 {'gamma': 0.0,
  'test_measures': {'0_fnr': 0.48496482724753098,
                    '0_fpr': 0.24388619146336091,
                    '1_fnr': 0.46409781587161281,
                    '1_fpr': 0.21519822848887343,
                    'acc': 0.6513203214695753,
                    'fnr_diff': 0.029077167233132861,
                    'fpr_diff': 0.02868796297448753},
  'test_results': {'fnr_diff': 0.041216102146592756,
                   'fpr_diff': 0.0021381657958826584,
                   'll': -1095.6470534875502,
                   'objective': 1112.1334943461873},
  'train_results': {'fnr_diff': 0.028429385602081435,
                    'fpr_diff': 0.0015758471032699746,
                    'll': -2220.7230248052574,
                    'objective': 2232.0947790460896,
                    'w': array([[-0.01853554],
       [-0.22709851],
       [-0.27152978],
       [ 0.15343267],
       [ 0.44284719]])},
  'weight': 400.0}]

The result for absolute value relaxation:

[{'gamma': 1.0,
  'test_measures': {'0_fnr': 0.69625840746204726,
                    '0_fpr': 0.10136225064006077,
                    '1_fnr': 0.24471329678950865,
                    '1_fpr': 0.41906384202644259,
                    'acc': 0.66831228473019522,
                    'fnr_diff': 0.45154511067253866,
                    'fpr_diff': 0.31770159138638193},
  'test_results': {'fnr_diff': 0.84660619446629093,
                   'fpr_diff': 0.68178537665755068,
                   'll': -1076.926175934555,
                   'objective': 1076.926175934555},
  'train_results': {'fnr_diff': 0.82405995994970704,
                    'fpr_diff': 0.68079960846430132,
                    'll': -2176.8815652465914,
                    'objective': 2177.2280864602208,
                    'w': array([[-0.02679661],
       [-0.30985945],
       [ 0.32545115],
       [ 0.16711789],
       [ 0.33413944]])},
  'weight': 0.0},
 {'gamma': 1.0,
  'test_measures': {'0_fnr': 0.66940935934499346,
                    '0_fpr': 0.11292667728311293,
                    '1_fnr': 0.26651258771723879,
                    '1_fpr': 0.38748016149063369,
                    'acc': 0.67118254879448913,
                    'fnr_diff': 0.40289677162775461,
                    'fpr_diff': 0.27455348420752079},
  'test_results': {'fnr_diff': 0.74623874113048994,
                   'fpr_diff': 0.5836563118496525,
                   'll': -1077.040495668685,
                   'objective': 1091.9652704912949},
  'train_results': {'fnr_diff': 0.72357789973521924,
                    'fpr_diff': 0.58229093928064801,
                    'll': -2177.9335200837809,
                    'objective': 2192.701526627402,
                    'w': array([[-0.02545603],
       [-0.29592526],
       [ 0.23565505],
       [ 0.16445667],
       [ 0.34854595]])},
  'weight': 20.0},
 {'gamma': 1.0,
  'test_measures': {'0_fnr': 0.63796039345308475,
                    '0_fpr': 0.13127326468910627,
                    '1_fnr': 0.31244752023672989,
                    '1_fpr': 0.34016585066047,
                    'acc': 0.66946039035591276,
                    'fnr_diff': 0.32551287321635491,
                    'fpr_diff': 0.20889258597136379},
  'test_results': {'fnr_diff': 0.64753915658842143,
                   'fpr_diff': 0.48696181791239129,
                   'll': -1078.1134890913931,
                   'objective': 1104.0150553549297},
  'train_results': {'fnr_diff': 0.62473403732637478,
                    'fpr_diff': 0.48521906761883765,
                    'll': -2180.9286077436832,
                    'objective': 2206.1821187374599,
                    'w': array([[-0.02416097],
       [-0.28244172],
       [ 0.14676412],
       [ 0.16203737],
       [ 0.36324129]])},
  'weight': 40.0},
 {'gamma': 1.0,
  'test_measures': {'0_fnr': 0.61697241588440166,
                    '0_fpr': 0.14778848117520221,
                    '1_fnr': 0.3530446718779679,
                    '1_fpr': 0.3016761776957958,
                    'acc': 0.66601607347876013,
                    'fnr_diff': 0.26392774400643371,
                    'fpr_diff': 0.15388769652059359},
  'test_results': {'fnr_diff': 0.55026946438276381,
                   'fpr_diff': 0.39148075440379504,
                   'll': -1080.1181665446502,
                   'objective': 1113.1343344076161},
  'train_results': {'fnr_diff': 0.52729173149712083,
                    'fpr_diff': 0.38936205866504764,
                    'll': -2185.8136288536039,
                    'objective': 2217.7002276954154,
                    'w': array([[-0.02290718],
       [-0.26936478],
       [ 0.05859524],
       [ 0.15984282],
       [ 0.37825255]])},
  'weight': 60.0},
 {'gamma': 0.0,
  'test_measures': {'0_fnr': 0.60075368436712817,
                    '0_fpr': 0.1694861399520689,
                    '1_fnr': 0.37838025651346741,
                    '1_fpr': 0.27854333451094326,
                    'acc': 0.66130884041331806,
                    'fnr_diff': 0.22237342785366074,
                    'fpr_diff': 0.10905719455887444},
  'test_results': {'fnr_diff': 0.45358170863672242,
                   'fpr_diff': 0.29638192558779802,
                   'll': -1083.0599215621523,
                   'objective': 1119.3464582530901},
  'train_results': {'fnr_diff': 0.43051409261101314,
                    'fpr_diff': 0.29382996687794971,
                    'll': -2192.5868508604922,
                    'objective': 2227.0279782693733,
                    'w': array([[-0.02171676],
       [-0.26096883],
       [-0.03022078],
       [ 0.15781049],
       [ 0.39766609]])},
  'weight': 80.0},
 {'gamma': 0.0,
  'test_measures': {'0_fnr': 0.56947482561304008,
                    '0_fpr': 0.18751160991988014,
                    '1_fnr': 0.40504492966970684,
                    '1_fpr': 0.25101382309220543,
                    'acc': 0.66061997703788744,
                    'fnr_diff': 0.16442989594333329,
                    'fpr_diff': 0.063502213172325295},
  'test_results': {'fnr_diff': 0.35770289865094945,
                   'fpr_diff': 0.20188817915475407,
                   'll': -1086.9147797425348,
                   'objective': 1122.6850696076299},
  'train_results': {'fnr_diff': 0.33439704730001546,
                    'fpr_diff': 0.19895795554131951,
                    'll': -2201.2359078362147,
                    'objective': 2234.6756125662159,
                    'w': array([[-0.02053076],
       [-0.24833528],
       [-0.11833406],
       [ 0.15604838],
       [ 0.4137605 ]])},
  'weight': 100.0},
 {'gamma': 0.0,
  'test_measures': {'0_fnr': 0.51935264852371721,
                    '0_fpr': 0.22020291492626959,
                    '1_fnr': 0.44871923443864886,
                    '1_fpr': 0.22323301480324181,
                    'acc': 0.654190585533869,
                    'fnr_diff': 0.070633414085068486,
                    'fpr_diff': 0.021654871331932328},
  'test_results': {'fnr_diff': 0.26263882227267399,
                   'fpr_diff': 0.10802908909109314,
                   'll': -1091.6725288431207,
                   'objective': 1123.1891875158417},
  'train_results': {'fnr_diff': 0.2390688078057468,
                    'fpr_diff': 0.10471970304040364,
                    'll': -2211.7208597633253,
                    'objective': 2240.4091167000151,
                    'w': array([[-0.019376  ],
       [-0.23601245],
       [-0.2062231 ],
       [ 0.15447398],
       [ 0.43027819]])},
  'weight': 120.0},
 {'gamma': 0.0,
  'test_measures': {'0_fnr': 0.47314608766209149,
                    '0_fpr': 0.25304389650341896,
                    '1_fnr': 0.46857290992222334,
                    '1_fpr': 0.21047953088110632,
                    'acc': 0.65086107921928815,
                    'fnr_diff': 0.035628027677642581,
                    'fpr_diff': 0.042564365622312646},
  'test_results': {'fnr_diff': 0.16819987458605032,
                   'fpr_diff': 0.034260997777977718,
                   'll': -1097.329077022981,
                   'objective': 1120.877059465028},
  'train_results': {'fnr_diff': 0.14434009140699472,
                    'fpr_diff': 0.029145841414816177,
                    'll': -2224.0347472752524,
                    'objective': 2244.2423600722318,
                    'w': array([[-0.01824958],
       [-0.22396708],
       [-0.29404626],
       [ 0.15307769],
       [ 0.44725655]])},
  'weight': 140.0},
 {'gamma': 0.0,
  'test_measures': {'0_fnr': 0.4364811345010241,
                    '0_fpr': 0.30240492472000913,
                    '1_fnr': 0.48960156258479126,
                    '1_fpr': 0.19657740842929958,
                    'acc': 0.64190585533869116,
                    'fnr_diff': 0.057096496885960843,
                    'fpr_diff': 0.10582751629070959},
  'test_results': {'fnr_diff': 0.080213834808687032,
                   'fpr_diff': 0.078498960787162689,
                   'll': -1103.8854072589925,
                   'objective': 1116.7196208283826},
  'train_results': {'fnr_diff': 0.050028828226503508,
                    'fpr_diff': 0.082572170613389367,
                    'll': -2238.180889711391,
                    'objective': 2246.1855022276318,
                    'w': array([[-0.01714886],
       [-0.21216812],
       [-0.38195898],
       [ 0.15185134],
       [ 0.46473595]])},
  'weight': 160.0},
 {'gamma': 1.0,
  'test_measures': {'0_fnr': 0.41399676427119109,
                    '0_fpr': 0.32326532717913031,
                    '1_fnr': 0.50429740341343543,
                    '1_fpr': 0.18604049505697987,
                    'acc': 0.63869115958668199,
                    'fnr_diff': 0.090300639142244316,
                    'fpr_diff': 0.13722483212215048},
  'test_results': {'fnr_diff': 0.053735781442440525,
                   'fpr_diff': 0.12782072913061726,
                   'll': -1107.5610884561806,
                   'objective': 1117.2335291158201},
  'train_results': {'fnr_diff': 1.0355510386694799e-09,
                    'fpr_diff': 0.13195081776243087,
                    'll': -2246.4822374094451,
                    'objective': 2246.9520325256112,
                    'w': array([[-0.01651031],
       [-0.20227242],
       [-0.42756111],
       [ 0.1511488 ],
       [ 0.46918471]])},
  'weight': 180.0},
 {'gamma': 1.0,
  'test_measures': {'0_fnr': 0.41399676427119109,
                    '0_fpr': 0.32326532717913031,
                    '1_fnr': 0.50429740341343543,
                    '1_fpr': 0.18604049505697987,
                    'acc': 0.63869115958668199,
                    'fnr_diff': 0.090300639142244316,
                    'fpr_diff': 0.13722483212215048},
  'test_results': {'fnr_diff': 0.053735780573788326,
                   'fpr_diff': 0.12782073047551706,
                   'll': -1107.5610885654255,
                   'objective': 1118.3082446801834},
  'train_results': {'fnr_diff': 4.8002583852291283e-11,
                    'fpr_diff': 0.13195081920907076,
                    'll': -2246.482237571845,
                    'objective': 2246.9520325123058,
                    'w': array([[-0.01651031],
       [-0.20227242],
       [-0.42756112],
       [ 0.1511488 ],
       [ 0.46918471]])},
  'weight': 200.0},
 {'gamma': 1.0,
  'test_measures': {'0_fnr': 0.41399676427119109,
                    '0_fpr': 0.32326532717913031,
                    '1_fnr': 0.50429740341343543,
                    '1_fpr': 0.18604049505697987,
                    'acc': 0.63869115958668199,
                    'fnr_diff': 0.090300639142244316,
                    'fpr_diff': 0.13722483212215048},
  'test_results': {'fnr_diff': 0.053735780657006127,
                   'fpr_diff': 0.12782073079062506,
                   'll': -1107.5610886321388,
                   'objective': 1119.3829603766801},
  'train_results': {'fnr_diff': 1.364568985584569e-10,
                    'fpr_diff': 0.13195081937260125,
                    'll': -2246.482237593787,
                    'objective': 2246.9520325547064,
                    'w': array([[-0.01651031],
       [-0.20227242],
       [-0.42756112],
       [ 0.1511488 ],
       [ 0.46918471]])},
  'weight': 220.0},
 {'gamma': 1.0,
  'test_measures': {'0_fnr': 0.41399676427119109,
                    '0_fpr': 0.32326532717913031,
                    '1_fnr': 0.50429740341343543,
                    '1_fpr': 0.18604049505697987,
                    'acc': 0.63869115958668199,
                    'fnr_diff': 0.090300639142244316,
                    'fpr_diff': 0.13722483212215048},
  'test_results': {'fnr_diff': 0.053735780653717015,
                   'fpr_diff': 0.12782073037818642,
                   'll': -1107.561088546865,
                   'objective': 1120.457675903757},
  'train_results': {'fnr_diff': 5.9999340912275661e-11,
                    'fpr_diff': 0.13195081907400469,
                    'll': -2246.4822375819763,
                    'objective': 2246.9520325278145,
                    'w': array([[-0.01651031],
       [-0.20227242],
       [-0.42756112],
       [ 0.1511488 ],
       [ 0.46918471]])},
  'weight': 240.0},
 {'gamma': 1.0,
  'test_measures': {'0_fnr': 0.41399676427119109,
                    '0_fpr': 0.32326532717913031,
                    '1_fnr': 0.50429740341343543,
                    '1_fpr': 0.18604049505697987,
                    'acc': 0.63869115958668199,
                    'fnr_diff': 0.090300639142244316,
                    'fpr_diff': 0.13722483212215048},
  'test_results': {'fnr_diff': 0.053735780332598536,
                   'fpr_diff': 0.12782073020497503,
                   'll': -1107.5610885289225,
                   'objective': 1121.5323914153983},
  'train_results': {'fnr_diff': 2.1132321031958056e-10,
                    'fpr_diff': 0.13195081881139717,
                    'll': -2246.4822376068573,
                    'objective': 2246.9520325914732,
                    'w': array([[-0.01651031],
       [-0.20227242],
       [-0.42756111],
       [ 0.1511488 ],
       [ 0.46918471]])},
  'weight': 260.0},
 {'gamma': 1.0,
  'test_measures': {'0_fnr': 0.41399676427119109,
                    '0_fpr': 0.32326532717913031,
                    '1_fnr': 0.50429740341343543,
                    '1_fpr': 0.18604049505697987,
                    'acc': 0.63869115958668199,
                    'fnr_diff': 0.090300639142244316,
                    'fpr_diff': 0.13722483212215048},
  'test_results': {'fnr_diff': 0.053735780541742384,
                   'fpr_diff': 0.12782073001887856,
                   'll': -1107.5610884263642,
                   'objective': 1122.6071069780521},
  'train_results': {'fnr_diff': 1.4256420835523364e-10,
                    'fpr_diff': 0.1319508187271074,
                    'll': -2246.4822375898543,
                    'objective': 2246.9520325613989,
                    'w': array([[-0.01651031],
       [-0.20227242],
       [-0.42756112],
       [ 0.1511488 ],
       [ 0.46918471]])},
  'weight': 280.0},
 {'gamma': 1.0,
  'test_measures': {'0_fnr': 0.41399676427119109,
                    '0_fpr': 0.32326532717913031,
                    '1_fnr': 0.50429740341343543,
                    '1_fpr': 0.18604049505697987,
                    'acc': 0.63869115958668199,
                    'fnr_diff': 0.090300639142244316,
                    'fpr_diff': 0.13722483212215048},
  'test_results': {'fnr_diff': 0.053735780571840211,
                   'fpr_diff': 0.12782073039825931,
                   'll': -1107.5610884905782,
                   'objective': 1123.6818226621301},
  'train_results': {'fnr_diff': 2.6262157379330908e-10,
                    'fpr_diff': 0.13195081900519864,
                    'll': -2246.4822376176066,
                    'objective': 2246.9520326278662,
                    'w': array([[-0.01651031],
       [-0.20227242],
       [-0.42756112],
       [ 0.1511488 ],
       [ 0.46918471]])},
  'weight': 300.0},
 {'gamma': 1.0,
  'test_measures': {'0_fnr': 0.41399676427119109,
                    '0_fpr': 0.32326532717913031,
                    '1_fnr': 0.50429740341343543,
                    '1_fpr': 0.18604049505697987,
                    'acc': 0.63869115958668199,
                    'fnr_diff': 0.090300639142244316,
                    'fpr_diff': 0.13722483212215048},
  'test_results': {'fnr_diff': 0.05373578099768641,
                   'fpr_diff': 0.12782073125179577,
                   'll': -1107.5610885589915,
                   'objective': 1124.7565384782513},
  'train_results': {'fnr_diff': 3.3827137063680015e-10,
                    'fpr_diff': 0.13195081992602692,
                    'll': -2246.4822376266402,
                    'objective': 2246.9520326688316,
                    'w': array([[-0.01651031],
       [-0.20227242],
       [-0.42756112],
       [ 0.1511488 ],
       [ 0.46918471]])},
  'weight': 320.0},
 {'gamma': 1.0,
  'test_measures': {'0_fnr': 0.41399676427119109,
                    '0_fpr': 0.32326532717913031,
                    '1_fnr': 0.50429740341343543,
                    '1_fpr': 0.18604049505697987,
                    'acc': 0.63869115958668199,
                    'fnr_diff': 0.090300639142244316,
                    'fpr_diff': 0.13722483212215048},
  'test_results': {'fnr_diff': 0.05373578080865523,
                   'fpr_diff': 0.12782073005361774,
                   'll': -1107.5610883283305,
                   'objective': 1125.8312538032733},
  'train_results': {'fnr_diff': 1.0775926539974279e-10,
                    'fpr_diff': 0.1319508184952683,
                    'll': -2246.4822375872341,
                    'objective': 2246.9520325592944,
                    'w': array([[-0.01651031],
       [-0.20227242],
       [-0.42756112],
       [ 0.1511488 ],
       [ 0.46918472]])},
  'weight': 340.0},
 {'gamma': 1.0,
  'test_measures': {'0_fnr': 0.41399676427119109,
                    '0_fpr': 0.32326532717913031,
                    '1_fnr': 0.50429740341343543,
                    '1_fpr': 0.18604049505697987,
                    'acc': 0.63869115958668199,
                    'fnr_diff': 0.090300639142244316,
                    'fpr_diff': 0.13722483212215048},
  'test_results': {'fnr_diff': 0.053735780796444588,
                   'fpr_diff': 0.12782072994691712,
                   'll': -1107.5610883016516,
                   'objective': 1126.9059693883717},
  'train_results': {'fnr_diff': 1.7570388338716824e-10,
                    'fpr_diff': 0.13195081838841949,
                    'll': -2246.482237598771,
                    'objective': 2246.9520325973563,
                    'w': array([[-0.01651031],
       [-0.20227242],
       [-0.42756112],
       [ 0.1511488 ],
       [ 0.46918472]])},
  'weight': 360.0},
 {'gamma': 1.0,
  'test_measures': {'0_fnr': 0.41399676427119109,
                    '0_fpr': 0.32326532717913031,
                    '1_fnr': 0.50429740341343543,
                    '1_fpr': 0.18604049505697987,
                    'acc': 0.63869115958668199,
                    'fnr_diff': 0.090300639142244316,
                    'fpr_diff': 0.13722483212215048},
  'test_results': {'fnr_diff': 0.053735780519510112,
                   'fpr_diff': 0.12782073008142797,
                   'll': -1107.5610885015853,
                   'objective': 1127.9806850989994},
  'train_results': {'fnr_diff': 1.0988280979562504e-10,
                    'fpr_diff': 0.13195081874440484,
                    'll': -2246.4822375920512,
                    'objective': 2246.9520325634221,
                    'w': array([[-0.01651031],
       [-0.20227242],
       [-0.42756111],
       [ 0.1511488 ],
       [ 0.46918471]])},
  'weight': 380.0},
 {'gamma': 1.0,
  'test_measures': {'0_fnr': 0.41399676427119109,
                    '0_fpr': 0.32326532717913031,
                    '1_fnr': 0.50429740341343543,
                    '1_fpr': 0.18604049505697987,
                    'acc': 0.63869115958668199,
                    'fnr_diff': 0.090300639142244316,
                    'fpr_diff': 0.13722483212215048},
  'test_results': {'fnr_diff': 0.053735780741616578,
                   'fpr_diff': 0.12782073060013241,
                   'll': -1107.5610884878492,
                   'objective': 1129.055400784496},
  'train_results': {'fnr_diff': 2.5723518731757266e-10,
                    'fpr_diff': 0.13195081916530171,
                    'll': -2246.4822376133829,
                    'objective': 2246.9520326512834,
                    'w': array([[-0.01651031],
       [-0.20227242],
       [-0.42756112],
       [ 0.1511488 ],
       [ 0.46918472]])},
  'weight': 400.0}]
