
{u'data_headers': u'age,workclass,fnlwgt,education-num,marital-status,occupation,relationship,race,sex,capital-gain,capital-loss,hours-per-week,native-country',
 u'data_set': u'adult-dataset',
 u'description': u'adult dataset with protected value gender',
 u'file': u'adult.csv',
 u'filters': [{u'header': u'workclass', u'values': [u'?']},
              {u'header': u'occupation', u'values': [u'?']},
              {u'header': u'native-country', u'values': [u'?']}],
 u'fn': True,
 u'fp': True,
 u'gamma': {u'gt': 0, u'lt': 1},
 u'gamma_res': 1,
 u'headers_integer_values': [{u'<=50K': 0, u'>50K': 1, u'header': u'class'},
                             {u'Federal-gov': 0,
                              u'Local-gov': 1,
                              u'Never-worked': 2,
                              u'Private': 3,
                              u'Self-emp-inc': 4,
                              u'Self-emp-not-inc': 5,
                              u'State-gov': 6,
                              u'Without-pay': 7,
                              u'header': u'workclass'},
                             {u'Divorced': 0,
                              u'Married-AF-spouse': 1,
                              u'Married-civ-spouse': 2,
                              u'Married-spouse-absent': 3,
                              u'Never-married': 4,
                              u'Separated': 5,
                              u'Widowed': 6,
                              u'header': u'marital-status'},
                             {u'Adm-clerical': 0,
                              u'Armed-Forces': 1,
                              u'Craft-repair': 2,
                              u'Exec-managerial': 3,
                              u'Farming-fishing': 4,
                              u'Handlers-cleaners': 5,
                              u'Machine-op-inspct': 6,
                              u'Other-service': 7,
                              u'Priv-house-serv': 8,
                              u'Prof-specialty': 9,
                              u'Protective-serv': 10,
                              u'Sales': 11,
                              u'Tech-support': 12,
                              u'Transport-moving': 13,
                              u'header': u'occupation'},
                             {u'Husband': 0,
                              u'Not-in-family': 1,
                              u'Other-relative': 2,
                              u'Own-child': 3,
                              u'Unmarried': 4,
                              u'Wife': 5,
                              u'header': u'relationship'},
                             {u'Amer-Indian-Eskimo': 0,
                              u'Asian-Pac-Islander': 1,
                              u'Black': 2,
                              u'Other': 3,
                              u'White': 4,
                              u'header': u'race'},
                             {u'Female': 0, u'Male': 1, u'header': u'sex'},
                             {u'Cambodia': 0,
                              u'Canada': 1,
                              u'China': 2,
                              u'Columbia': 3,
                              u'Cuba': 4,
                              u'Dominican-Republic': 5,
                              u'Ecuador': 6,
                              u'El-Salvador': 7,
                              u'England': 8,
                              u'France': 9,
                              u'Germany': 10,
                              u'Greece': 11,
                              u'Guatemala': 12,
                              u'Haiti': 13,
                              u'Holand-Netherlands': 14,
                              u'Honduras': 15,
                              u'Hong': 16,
                              u'Hungary': 17,
                              u'India': 18,
                              u'Iran': 19,
                              u'Ireland': 20,
                              u'Italy': 21,
                              u'Jamaica': 22,
                              u'Japan': 23,
                              u'Laos': 24,
                              u'Mexico': 25,
                              u'Nicaragua': 26,
                              u'Outlying-US(Guam-USVI-etc)': 27,
                              u'Peru': 28,
                              u'Philippines': 29,
                              u'Poland': 30,
                              u'Portugal': 31,
                              u'Puerto-Rico': 32,
                              u'Scotland': 33,
                              u'South': 34,
                              u'Taiwan': 35,
                              u'Thailand': 36,
                              u'Trinadad&Tobago': 37,
                              u'United-States': 38,
                              u'Vietnam': 39,
                              u'Yugoslavia': 40,
                              u'header': u'native-country'}],
 u'headers_operation': [{u'divide': 10000, u'header': u'fnlwgt'},
                        {u'divide': 10000, u'header': u'capital-gain'},
                        {u'divide': 10000, u'header': u'capital-loss'}],
 u'num_of_tries': 20,
 u'protected': u'sex',
 u'tag': u'class',
 u'test_size': 0.8,
 u'weight': {u'gt': 0, u'lt': 300},
 u'weight_res': 21}

The result for absolute value relaxation:

[{'gamma': 0.0,
  'test_measures': {'0_fnr': 0.77448745024589527,
                    '0_fpr': 0.01376470025897234,
                    '1_fnr': 0.49710549341770377,
                    '1_fpr': 0.089326102363699533,
                    'acc': 0.820451719850808,
                    'fnr_diff': 0.27738195682819133,
                    'fpr_diff': 0.075561402104727199},
  'test_results': {'fnr_diff': 1.5584058956885078,
                   'fpr_diff': 1.2589307491253374,
                   'll': -9475.9856273847436,
                   'objective': 9475.9856273847436},
  'train_results': {'fnr_diff': 1.4591829963911376,
                    'fpr_diff': 1.2661941316219267,
                    'll': -2349.9366308163567,
                    'objective': 2349.9366308163567,
                    'w': array([[  3.56354026e-02],
       [ -9.18038845e-02],
       [  5.30767501e-03],
       [  3.38904973e-01],
       [ -2.24584316e-01],
       [  2.24395658e-03],
       [ -1.18612524e-01],
       [  1.53573481e-01],
       [  9.55093668e-01],
       [  3.17878070e+00],
       [  6.67571969e+00],
       [  2.84122756e-02],
       [  9.61154228e-04],
       [ -8.14119434e+00]])},
  'weight': 0.0},
 {'gamma': 0.0,
  'test_measures': {'0_fnr': 0.75078248269775538,
                    '0_fpr': 0.018353889428886265,
                    '1_fnr': 0.51496753822573016,
                    '1_fpr': 0.082987459549386425,
                    'acc': 0.81915250725238287,
                    'fnr_diff': 0.23581494447202506,
                    'fpr_diff': 0.064633570120500153},
  'test_results': {'fnr_diff': 1.2873009366817045,
                   'fpr_diff': 1.0174771212108467,
                   'll': -9489.6787370422935,
                   'objective': 9524.2504079106784},
  'train_results': {'fnr_diff': 1.1797230676097352,
                    'fpr_diff': 1.0248290880231821,
                    'll': -2353.7813870133923,
                    'objective': 2386.849669347886,
                    'w': array([[  3.55593372e-02],
       [ -8.85776817e-02],
       [  5.17880222e-03],
       [  3.37158038e-01],
       [ -2.18780905e-01],
       [  2.56886270e-03],
       [ -1.03339820e-01],
       [  1.52485397e-01],
       [  7.40094884e-01],
       [  3.18248893e+00],
       [  6.64577148e+00],
       [  2.80771223e-02],
       [  8.88691689e-04],
       [ -7.96263984e+00]])},
  'weight': 15.0},
 {'gamma': 0.0,
  'test_measures': {'0_fnr': 0.72461240448509268,
                    '0_fpr': 0.024125255465663811,
                    '1_fnr': 0.53133404970431097,
                    '1_fpr': 0.077074458917274907,
                    'acc': 0.81772482387070045,
                    'fnr_diff': 0.19327835478078173,
                    'fpr_diff': 0.052949203451611096},
  'test_results': {'fnr_diff': 1.0386307945594715,
                   'fpr_diff': 0.79650212897048145,
                   'll': -9531.3488315015929,
                   'objective': 9586.4028192074911},
  'train_results': {'fnr_diff': 0.92206054071949151,
                    'fpr_diff': 0.80395102377534367,
                    'll': -2364.5034651056581,
                    'objective': 2416.2838120405031,
                    'w': array([[  3.55641808e-02],
       [ -8.58816686e-02],
       [  5.07503713e-03],
       [  3.36430333e-01],
       [ -2.13970541e-01],
       [  2.92634278e-03],
       [ -8.90074677e-02],
       [  1.51932134e-01],
       [  5.43614924e-01],
       [  3.20129962e+00],
       [  6.63882975e+00],
       [  2.78332751e-02],
       [  8.24584694e-04],
       [ -7.82116760e+00]])},
  'weight': 30.0},
 {'gamma': 0.0,
  'test_measures': {'0_fnr': 0.69960248882340326,
                    '0_fpr': 0.030293061940675065,
                    '1_fnr': 0.54874191911523651,
                    '1_fpr': 0.070560317709033954,
                    'acc': 0.81613846053176875,
                    'fnr_diff': 0.15086056970816686,
                    'fpr_diff': 0.040267255768358878},
  'test_results': {'fnr_diff': 0.80775266149549874,
                   'fpr_diff': 0.59262116759459516,
                   'll': -9599.1920983268428,
                   'objective': 9662.2089206358978},
  'train_results': {'fnr_diff': 0.67521967707466313,
                    'fpr_diff': 0.59849100680371048,
                    'll': -2379.1477747434519,
                    'objective': 2436.464755517979,
                    'w': array([[  3.53584743e-02],
       [ -8.53086848e-02],
       [  4.94502400e-03],
       [  3.36001363e-01],
       [ -2.10720804e-01],
       [  3.07181823e-03],
       [ -7.49186226e-02],
       [  1.52076447e-01],
       [  3.62618201e-01],
       [  3.23213873e+00],
       [  6.63611361e+00],
       [  2.77958136e-02],
       [  3.33896534e-04],
       [ -7.67926726e+00]])},
  'weight': 45.0},
 {'gamma': 0.0,
  'test_measures': {'0_fnr': 0.67212742812004733,
                    '0_fpr': 0.037569527515743384,
                    '1_fnr': 0.5605793621618731,
                    '1_fpr': 0.066185105066089031,
                    'acc': 0.81463530874430157,
                    'fnr_diff': 0.11154806595817404,
                    'fpr_diff': 0.028615577550345644},
  'test_results': {'fnr_diff': 0.60363239449042949,
                   'fpr_diff': 0.40758386030347477,
                   'll': -9678.3122257648138,
                   'objective': 9738.9852010524501},
  'train_results': {'fnr_diff': 0.47498462686414183,
                    'fpr_diff': 0.41523876371334778,
                    'll': -2401.6060553925322,
                    'objective': 2455.0194588271811,
                    'w': array([[  3.57775084e-02],
       [ -8.18867361e-02],
       [  4.93953373e-03],
       [  3.37476375e-01],
       [ -2.06716892e-01],
       [  3.70900038e-03],
       [ -6.52411300e-02],
       [  1.51994674e-01],
       [  1.94912197e-01],
       [  3.24851789e+00],
       [  6.67542591e+00],
       [  2.75770416e-02],
       [  7.75886787e-04],
       [ -7.62546125e+00]])},
  'weight': 60.0},
 {'gamma': 0.0,
  'test_measures': {'0_fnr': 0.64401619608993421,
                    '0_fpr': 0.045700839229458876,
                    '1_fnr': 0.56904002168997425,
                    '1_fpr': 0.063603220303931701,
                    'acc': 0.81286779941980947,
                    'fnr_diff': 0.074976174399959794,
                    'fpr_diff': 0.017902381074472826},
  'test_results': {'fnr_diff': 0.42719477250942872,
                   'fpr_diff': 0.24097745586908861,
                   'll': -9765.4333981189684,
                   'objective': 9815.5463152473567},
  'train_results': {'fnr_diff': 0.23367039781898621,
                    'fpr_diff': 0.24457033739607392,
                    'll': -2436.9502067130834,
                    'objective': 2472.8182618542132,
                    'w': array([[  3.62110925e-02],
       [ -7.51759055e-02],
       [  3.69497696e-03],
       [  3.43319720e-01],
       [ -2.03852752e-01],
       [  3.04189759e-03],
       [ -5.50882984e-02],
       [  1.49811427e-01],
       [  5.09061464e-02],
       [  3.31197399e+00],
       [  6.57725389e+00],
       [  2.66076698e-02],
       [ -2.31539012e-03],
       [ -7.44437243e+00]])},
  'weight': 75.0},
 {'gamma': 0.0,
  'test_measures': {'0_fnr': 0.63039865085959268,
                    '0_fpr': 0.051073524540729824,
                    '1_fnr': 0.58782238884783178,
                    '1_fpr': 0.057692946542294316,
                    'acc': 0.81036054703688354,
                    'fnr_diff': 0.045709633409984518,
                    'fpr_diff': 0.0091769263429204197},
  'test_results': {'fnr_diff': 0.26046344702233643,
                   'fpr_diff': 0.12632176464458972,
                   'll': -9868.0867262530737,
                   'objective': 9902.8973953030982},
  'train_results': {'fnr_diff': 0.17099293828718176,
                    'fpr_diff': 0.11059352815319679,
                    'll': -2445.0234119107108,
                    'objective': 2470.3661938903451,
                    'w': array([[  3.65995106e-02],
       [ -8.65634397e-02],
       [  5.05767671e-03],
       [  3.40051353e-01],
       [ -1.98955583e-01],
       [  4.41300229e-03],
       [ -4.75829559e-02],
       [  1.45155986e-01],
       [ -7.21412255e-02],
       [  3.27665042e+00],
       [  6.56465987e+00],
       [  2.70913012e-02],
       [  1.44380402e-03],
       [ -7.51265768e+00]])},
  'weight': 90.0},
 {'gamma': 0.0,
  'test_measures': {'0_fnr': 0.62739652014919756,
                    '0_fpr': 0.054112253735232867,
                    '1_fnr': 0.58983317767129817,
                    '1_fpr': 0.056171125607013081,
                    'acc': 0.80972970483952666,
                    'fnr_diff': 0.043402877847299362,
                    'fpr_diff': 0.0066160605482298452},
  'test_results': {'fnr_diff': 0.2423102185293321,
                   'fpr_diff': 0.072834833901291862,
                   'll': -9905.8633138814275,
                   'objective': 9938.9535443866425},
  'train_results': {'fnr_diff': 0.084679426993871196,
                    'fpr_diff': 0.058044929454478221,
                    'll': -2446.5927735291043,
                    'objective': 2461.5788309561808,
                    'w': array([[  3.62834247e-02],
       [ -8.84064167e-02],
       [  5.16718279e-03],
       [  3.40576072e-01],
       [ -1.98881169e-01],
       [  5.63509728e-03],
       [ -5.94263683e-02],
       [  1.52391319e-01],
       [ -1.53145064e-01],
       [  3.27648123e+00],
       [  6.82296748e+00],
       [  2.75193222e-02],
       [  2.87434299e-03],
       [ -7.54225984e+00]])},
  'weight': 105.0},
 {'gamma': 0.0,
  'test_measures': {'0_fnr': 0.61634132198097158,
                    '0_fpr': 0.055732686398557163,
                    '1_fnr': 0.59481047480323679,
                    '1_fpr': 0.055090817796600688,
                    'acc': 0.80917253764332087,
                    'fnr_diff': 0.03458460458484678,
                    'fpr_diff': 0.0043064929462881254},
  'test_results': {'fnr_diff': 0.20645613068646551,
                   'fpr_diff': 0.029887147626155863,
                   'll': -9948.4329782317454,
                   'objective': 9976.7941716292607},
  'train_results': {'fnr_diff': 0.066109159282534621,
                    'fpr_diff': 0.029309525736630967,
                    'll': -2448.8049802476003,
                    'objective': 2460.2552224499,
                    'w': array([[  3.64124378e-02],
       [ -8.36973785e-02],
       [  2.85574867e-03],
       [  3.43066021e-01],
       [ -1.96385493e-01],
       [  4.14198881e-03],
       [ -5.07708815e-02],
       [  1.55681467e-01],
       [ -1.81378176e-01],
       [  3.21282274e+00],
       [  6.81199589e+00],
       [  2.80734069e-02],
       [  2.84174922e-04],
       [ -7.47541249e+00]])},
  'weight': 120.0},
 {'gamma': 0.0,
  'test_measures': {'0_fnr': 0.61208450583229379,
                    '0_fpr': 0.056384369392348831,
                    '1_fnr': 0.5962057810112571,
                    '1_fpr': 0.054733388918975438,
                    'acc': 0.80901367592208873,
                    'fnr_diff': 0.034564860674671218,
                    'fpr_diff': 0.0031473730689305403},
  'test_results': {'fnr_diff': 0.22182263070956687,
                   'fpr_diff': 0.031891452421626401,
                   'll': -9966.536112909509,
                   'objective': 10000.78751413222},
  'train_results': {'fnr_diff': 0.048614412271161034,
                    'fpr_diff': 0.013874989566610462,
                    'll': -2453.0030670770534,
                    'objective': 2461.439136325153,
                    'w': array([[  3.64645397e-02],
       [ -8.34091086e-02],
       [  2.88022434e-03],
       [  3.43235113e-01],
       [ -1.95954459e-01],
       [  4.29508382e-03],
       [ -4.87130489e-02],
       [  1.56146729e-01],
       [ -1.93556326e-01],
       [  3.19399093e+00],
       [  6.80352041e+00],
       [  2.81062243e-02],
       [  3.96817304e-04],
       [ -7.48354480e+00]])},
  'weight': 135.0},
 {'gamma': 0.0,
  'test_measures': {'0_fnr': 0.61428451098851189,
                    '0_fpr': 0.056930092117209008,
                    '1_fnr': 0.59697035975011159,
                    '1_fpr': 0.053774211542827265,
                    'acc': 0.80901663607838503,
                    'fnr_diff': 0.038192109970534238,
                    'fpr_diff': 0.003474118597418128},
  'test_results': {'fnr_diff': 0.25388338496279877,
                   'fpr_diff': 0.044030426698561449,
                   'll': -9969.2891980419827,
                   'objective': 10013.976269791188},
  'train_results': {'fnr_diff': 0.026868786298502662,
                    'fpr_diff': 0.0058954208216622159,
                    'll': -2459.7330257254443,
                    'objective': 2464.6476567934692,
                    'w': array([[  3.62333328e-02],
       [ -7.70112823e-02],
       [  3.07629751e-03],
       [  3.41103980e-01],
       [ -1.97007899e-01],
       [  4.40190125e-03],
       [ -5.81947064e-02],
       [  1.45687119e-01],
       [ -2.23081501e-01],
       [  3.21390193e+00],
       [  6.59471888e+00],
       [  2.82939071e-02],
       [  9.93814432e-04],
       [ -7.43115532e+00]])},
  'weight': 150.0},
 {'gamma': 0.0,
  'test_measures': {'0_fnr': 0.61085626688578121,
                    '0_fpr': 0.05715238819570604,
                    '1_fnr': 0.59980870574500122,
                    '1_fpr': 0.052319008340160074,
                    'acc': 0.8090205829534467,
                    'fnr_diff': 0.04203306580874263,
                    'fpr_diff': 0.0050050949031077803},
  'test_results': {'fnr_diff': 0.27693263012595865,
                   'fpr_diff': 0.057124624116969704,
                   'll': -9996.9350417116348,
                   'objective': 10052.054488661715},
  'train_results': {'fnr_diff': 0.014279401683053479,
                    'fpr_diff': 7.5242985138264688e-11,
                    'll': -2459.8653594969455,
                    'objective': 2462.2214607870646,
                    'w': array([[  3.54178983e-02],
       [ -7.77597888e-02],
       [  2.93022533e-03],
       [  3.42771171e-01],
       [ -1.92379969e-01],
       [  6.90733357e-03],
       [ -5.21407535e-02],
       [  1.41515434e-01],
       [ -2.27648172e-01],
       [  3.21003641e+00],
       [  6.50307649e+00],
       [  2.92667260e-02],
       [  2.17858180e-03],
       [ -7.51515450e+00]])},
  'weight': 165.0},
 {'gamma': 0.0,
  'test_measures': {'0_fnr': 0.60845171914793472,
                    '0_fpr': 0.05715238819570604,
                    '1_fnr': 0.6005872010142197,
                    '1_fpr': 0.052423380022631604,
                    'acc': 0.80889625638900409,
                    'fnr_diff': 0.045216108815807655,
                    'fpr_diff': 0.0049007232206362585},
  'test_results': {'fnr_diff': 0.29069756793574042,
                   'fpr_diff': 0.057628265908903908,
                   'll': -10007.05133611613,
                   'objective': 10069.749986208166},
  'train_results': {'fnr_diff': 0.00082306938675695649,
                    'fpr_diff': 6.2141226996641319e-11,
                    'll': -2462.1701463082459,
                    'objective': 2462.3182988090475,
                    'w': array([[  3.54710620e-02],
       [ -7.76530888e-02],
       [  2.93859928e-03],
       [  3.42969153e-01],
       [ -1.92472700e-01],
       [  7.01520771e-03],
       [ -4.55027868e-02],
       [  1.42655609e-01],
       [ -2.17706638e-01],
       [  3.20890973e+00],
       [  6.50052733e+00],
       [  2.93299984e-02],
       [  2.13562992e-03],
       [ -7.54110375e+00]])},
  'weight': 180.0},
 {'gamma': 0.0,
  'test_measures': {'0_fnr': 0.60845171914793472,
                    '0_fpr': 0.057176521799335724,
                    '1_fnr': 0.60071682704312634,
                    '1_fpr': 0.052453200503337745,
                    'acc': 0.80884790716949861,
                    'fnr_diff': 0.045345734844714269,
                    'fpr_diff': 0.0048950363435598032},
  'test_results': {'fnr_diff': 0.29162843417887258,
                   'fpr_diff': 0.057664079050956996,
                   'll': -10007.724305263397,
                   'objective': 10075.836345343216},
  'train_results': {'fnr_diff': 7.4126016233698008e-11,
                    'fpr_diff': 5.0939046244844388e-11,
                    'll': -2462.3189723844112,
                    'objective': 2462.3189724087988,
                    'w': array([[  3.54740673e-02],
       [ -7.76246872e-02],
       [  2.93889818e-03],
       [  3.42979443e-01],
       [ -1.92485240e-01],
       [  7.02085233e-03],
       [ -4.50751906e-02],
       [  1.42725752e-01],
       [ -2.17093416e-01],
       [  3.20909965e+00],
       [  6.50030107e+00],
       [  2.93341140e-02],
       [  2.13564497e-03],
       [ -7.54285001e+00]])},
  'weight': 195.0},
 {'gamma': 0.0,
  'test_measures': {'0_fnr': 0.59828856686209442,
                    '0_fpr': 0.058765761680550546,
                    '1_fnr': 0.60282676843309635,
                    '1_fpr': 0.052994747096815863,
                    'acc': 0.80813924575217566,
                    'fnr_diff': 0.040594809716885095,
                    'fpr_diff': 0.0057710145837346748},
  'test_results': {'fnr_diff': 0.24684700964931258,
                   'fpr_diff': 0.061203039693112214,
                   'll': -10034.283346725162,
                   'objective': 10098.973857087072},
  'train_results': {'fnr_diff': 3.5920478969747596e-10,
                    'fpr_diff': 1.8783524922499862e-10,
                    'll': -2462.7705961747502,
                    'objective': 2462.7705962896289,
                    'w': array([[  3.60335072e-02],
       [ -7.69005925e-02],
       [  3.27285095e-03],
       [  3.45731503e-01],
       [ -1.98080951e-01],
       [  7.67602543e-03],
       [ -1.45327207e-02],
       [  1.56882334e-01],
       [ -1.74010210e-01],
       [  3.20080378e+00],
       [  6.39078751e+00],
       [  2.97024157e-02],
       [  1.81889164e-03],
       [ -7.71581834e+00]])},
  'weight': 210.0},
 {'gamma': 0.0,
  'test_measures': {'0_fnr': 0.59828856686209442,
                    '0_fpr': 0.058765761680550546,
                    '1_fnr': 0.60282676843309635,
                    '1_fpr': 0.052994747096815863,
                    'acc': 0.80813924575217566,
                    'fnr_diff': 0.040594809716885095,
                    'fpr_diff': 0.0057710145837346748},
  'test_results': {'fnr_diff': 0.2468470081735778,
                   'fpr_diff': 0.061203039559195503,
                   'll': -10034.283346973494,
                   'objective': 10103.594607713367},
  'train_results': {'fnr_diff': 2.154010851629362e-10,
                    'fpr_diff': 5.1386347753963264e-11,
                    'll': -2462.7705961355591,
                    'objective': 2462.7705961955862,
                    'w': array([[  3.60335072e-02],
       [ -7.69005925e-02],
       [  3.27285096e-03],
       [  3.45731503e-01],
       [ -1.98080952e-01],
       [  7.67602552e-03],
       [ -1.45327199e-02],
       [  1.56882334e-01],
       [ -1.74010208e-01],
       [  3.20080376e+00],
       [  6.39078752e+00],
       [  2.97024157e-02],
       [  1.81889154e-03],
       [ -7.71581834e+00]])},
  'weight': 225.0},
 {'gamma': 0.0,
  'test_measures': {'0_fnr': 0.60845171914793472,
                    '0_fpr': 0.057176521799335724,
                    '1_fnr': 0.60071682704312634,
                    '1_fpr': 0.052453200503337745,
                    'acc': 0.80884790716949861,
                    'fnr_diff': 0.045345734844714269,
                    'fpr_diff': 0.0048950363435598032},
  'test_results': {'fnr_diff': 0.2916284351198406,
                   'fpr_diff': 0.057664079039889987,
                   'll': -10007.724305515881,
                   'objective': 10091.55450891422},
  'train_results': {'fnr_diff': 2.2372789164540099e-10,
                    'fpr_diff': 1.1089326717320811e-10,
                    'll': -2462.3189724160111,
                    'objective': 2462.3189724963199,
                    'w': array([[  3.54740672e-02],
       [ -7.76246869e-02],
       [  2.93889819e-03],
       [  3.42979443e-01],
       [ -1.92485239e-01],
       [  7.02085231e-03],
       [ -4.50751914e-02],
       [  1.42725752e-01],
       [ -2.17093417e-01],
       [  3.20909965e+00],
       [  6.50030107e+00],
       [  2.93341140e-02],
       [  2.13564495e-03],
       [ -7.54285000e+00]])},
  'weight': 240.0},
 {'gamma': 0.0,
  'test_measures': {'0_fnr': 0.59378766288587581,
                    '0_fpr': 0.058391967597541367,
                    '1_fnr': 0.6006538252256417,
                    '1_fpr': 0.055262974769497888,
                    'acc': 0.80804438918819366,
                    'fnr_diff': 0.05798085061459838,
                    'fpr_diff': 0.0047020415515654041},
  'test_results': {'fnr_diff': 0.31775684500171497,
                   'fpr_diff': 0.05085996364515602,
                   'll': -10029.713198893378,
                   'objective': 10123.710485098331},
  'train_results': {'fnr_diff': 3.1669881141750217e-10,
                    'fpr_diff': 1.3442486380854248e-10,
                    'll': -2476.2182032129035,
                    'objective': 2476.21820332794,
                    'w': array([[  3.69035472e-02],
       [ -7.96702148e-02],
       [  3.46701418e-03],
       [  3.42937266e-01],
       [ -2.01105938e-01],
       [  4.13378508e-03],
       [  6.37197362e-04],
       [  1.56777914e-01],
       [ -1.04756199e-01],
       [  3.16126828e+00],
       [  6.79573197e+00],
       [  2.72927583e-02],
       [  1.16445689e-03],
       [ -7.61810102e+00]])},
  'weight': 255.0},
 {'gamma': 0.0,
  'test_measures': {'0_fnr': 0.59932297329879058,
                    '0_fpr': 0.059757877666464107,
                    '1_fnr': 0.60091664400445632,
                    '1_fpr': 0.054231044655775842,
                    'acc': 0.80783257355988403,
                    'fnr_diff': 0.056768640953262305,
                    'fpr_diff': 0.0057495996268137322},
  'test_results': {'fnr_diff': 0.32336174377407345,
                   'fpr_diff': 0.054259261520999788,
                   'll': -10030.998292100565,
                   'objective': 10132.955963530234},
  'train_results': {'fnr_diff': 2.1727566824718269e-10,
                    'fpr_diff': 8.7863357908101895e-11,
                    'll': -2478.5750950575966,
                    'objective': 2478.5750951399841,
                    'w': array([[  3.60138410e-02],
       [ -8.03670516e-02],
       [  3.73523995e-03],
       [  3.40169603e-01],
       [ -2.03980213e-01],
       [  4.86692976e-03],
       [ -2.11959007e-02],
       [  1.58427812e-01],
       [ -1.62049188e-01],
       [  3.08516034e+00],
       [  6.81876841e+00],
       [  2.78067114e-02],
       [ -1.12431621e-03],
       [ -7.42912617e+00]])},
  'weight': 270.0},
 {'gamma': 0.0,
  'test_measures': {'0_fnr': 0.60774401570700187,
                    '0_fpr': 0.058576209956365949,
                    '1_fnr': 0.59299886175333227,
                    '1_fpr': 0.055955652791219758,
                    'acc': 0.80884445365381952,
                    'fnr_diff': 0.062716645793594164,
                    'fpr_diff': 0.005976648001607879},
  'test_results': {'fnr_diff': 0.38796862719405883,
                   'fpr_diff': 0.058796425871747715,
                   'll': -9990.7334501222776,
                   'objective': 10118.061490246031},
  'train_results': {'fnr_diff': 1.279861558169578e-10,
                    'fpr_diff': 5.1586890640748676e-11,
                    'll': -2480.84572246578,
                    'objective': 2480.8457225169582,
                    'w': array([[  3.63247112e-02],
       [ -7.02921900e-02],
       [  4.08006370e-03],
       [  3.41291256e-01],
       [ -2.00934637e-01],
       [  4.54037676e-03],
       [ -5.13948140e-02],
       [  1.49173151e-01],
       [ -1.89293235e-01],
       [  3.09952066e+00],
       [  6.60870760e+00],
       [  2.66757179e-02],
       [  7.78382489e-04],
       [ -7.41689337e+00]])},
  'weight': 285.0},
 {'gamma': 0.0,
  'test_measures': {'0_fnr': 0.60708089709855906,
                    '0_fpr': 0.058703320760951021,
                    '1_fnr': 0.59704157413864867,
                    '1_fpr': 0.054826315536674927,
                    'acc': 0.80838316263098686,
                    'fnr_diff': 0.061817598367181682,
                    'fpr_diff': 0.0067536545126718247},
  'test_results': {'fnr_diff': 0.36104726834121992,
                   'fpr_diff': 0.056309100858036247,
                   'll': -9999.6472265303637,
                   'objective': 10124.85413729014},
  'train_results': {'fnr_diff': 1.3045870485473233e-10,
                    'fpr_diff': 8.7563567306590426e-11,
                    'll': -2474.4615797888578,
                    'objective': 2474.461579854265,
                    'w': array([[  3.62407883e-02],
       [ -7.42882653e-02],
       [  4.42140676e-03],
       [  3.39920615e-01],
       [ -2.03221066e-01],
       [  1.45906117e-03],
       [ -4.82284068e-02],
       [  1.58130837e-01],
       [ -1.96935399e-01],
       [  3.10476379e+00],
       [  6.77320456e+00],
       [  2.73710979e-02],
       [  1.20663288e-03],
       [ -7.45570728e+00]])},
  'weight': 300.0}]

The result for squared relaxation:

[{'gamma': 0.0,
  'test_measures': {'0_fnr': 0.77448745024589527,
                    '0_fpr': 0.01376470025897234,
                    '1_fnr': 0.49710549341770377,
                    '1_fpr': 0.089326102363699533,
                    'acc': 0.820451719850808,
                    'fnr_diff': 0.27738195682819133,
                    'fpr_diff': 0.075561402104727199},
  'test_results': {'fnr_diff': 2.4539542227315394,
                   'fpr_diff': 1.5922788455591268,
                   'll': -9475.9856273847436,
                   'objective': 9475.9856273847436},
  'train_results': {'fnr_diff': 2.1998471054134798,
                    'fpr_diff': 1.6086065261960971,
                    'll': -2349.9366308163567,
                    'objective': 2349.9366308163567,
                    'w': array([[  3.56354026e-02],
       [ -9.18038845e-02],
       [  5.30767501e-03],
       [  3.38904973e-01],
       [ -2.24584316e-01],
       [  2.24395658e-03],
       [ -1.18612524e-01],
       [  1.53573481e-01],
       [  9.55093668e-01],
       [  3.17878070e+00],
       [  6.67571969e+00],
       [  2.84122756e-02],
       [  9.61154228e-04],
       [ -8.14119434e+00]])},
  'weight': 0.0},
 {'gamma': 0.0,
  'test_measures': {'0_fnr': 0.72949972509277627,
                    '0_fpr': 0.022827901062144641,
                    '1_fnr': 0.52876886763652808,
                    '1_fpr': 0.078102850952846081,
                    'acc': 0.81798590965603002,
                    'fnr_diff': 0.20073085745624822,
                    'fpr_diff': 0.055274949890701454},
  'test_results': {'fnr_diff': 1.1948961240982956,
                   'fpr_diff': 0.70926884600558249,
                   'll': -9522.5649384858571,
                   'objective': 9551.1274130374131},
  'train_results': {'fnr_diff': 0.98234233969622609,
                    'fpr_diff': 0.72046574475609493,
                    'll': -2362.2068918479827,
                    'objective': 2387.749013114767,
                    'w': array([[  3.55893834e-02],
       [ -8.62486639e-02],
       [  5.10326995e-03],
       [  3.36354771e-01],
       [ -2.14814451e-01],
       [  2.89244901e-03],
       [ -8.81352814e-02],
       [  1.52512891e-01],
       [  5.86618440e-01],
       [  3.17190079e+00],
       [  6.63118076e+00],
       [  2.78759190e-02],
       [  8.40775937e-04],
       [ -7.85611336e+00]])},
  'weight': 15.0},
 {'gamma': 0.0,
  'test_measures': {'0_fnr': 0.71637111803066067,
                    '0_fpr': 0.026652969557631405,
                    '1_fnr': 0.54027195841006814,
                    '1_fpr': 0.072814812129579548,
                    'acc': 0.81733837546622468,
                    'fnr_diff': 0.17609915962059242,
                    'fpr_diff': 0.046161842571948143},
  'test_results': {'fnr_diff': 0.91603138930559913,
                   'fpr_diff': 0.45101743181766946,
                   'll': -9556.6861306099854,
                   'objective': 9597.6975952436842},
  'train_results': {'fnr_diff': 0.50284151469294669,
                    'fpr_diff': 0.46278075560878157,
                    'll': -2382.267473325689,
                    'objective': 2411.2361414347406,
                    'w': array([[  3.60884575e-02],
       [ -8.20926396e-02],
       [  4.30154175e-03],
       [  3.38244209e-01],
       [ -1.99512773e-01],
       [ -1.83573422e-03],
       [ -9.03888391e-02],
       [  1.50621998e-01],
       [  4.25884406e-01],
       [  3.09817107e+00],
       [  6.52966523e+00],
       [  2.68013385e-02],
       [  1.41354949e-03],
       [ -7.74002424e+00]])},
  'weight': 30.0},
 {'gamma': 0.0,
  'test_measures': {'0_fnr': 0.6708935299676605,
                    '0_fpr': 0.036165045232044828,
                    '1_fnr': 0.54953478061000349,
                    '1_fpr': 0.071377828690684181,
                    'acc': 0.81529808773903256,
                    'fnr_diff': 0.12135874935765703,
                    'fpr_diff': 0.035212783458639346},
  'test_results': {'fnr_diff': 0.39478568498271205,
                   'fpr_diff': 0.26463531332759321,
                   'll': -9651.5871850896492,
                   'objective': 9681.2611300136105},
  'train_results': {'fnr_diff': 0.48476602451312256,
                    'fpr_diff': 0.24865634950494511,
                    'll': -2395.8469954735897,
                    'objective': 2428.8510023044032,
                    'w': array([[  3.64758136e-02],
       [ -8.40753166e-02],
       [  5.74999816e-03],
       [  3.43830432e-01],
       [ -2.10197911e-01],
       [  7.72183637e-03],
       [ -3.75211546e-02],
       [  1.55139441e-01],
       [  3.36894421e-01],
       [  3.17517837e+00],
       [  6.55042913e+00],
       [  2.65397517e-02],
       [  3.27972460e-03],
       [ -7.91978099e+00]])},
  'weight': 45.0},
 {'gamma': 0.0,
  'test_measures': {'0_fnr': 0.67204141087990499,
                    '0_fpr': 0.037292998514447548,
                    '1_fnr': 0.55999641703767145,
                    '1_fpr': 0.067025433772922735,
                    'acc': 0.81443431413178613,
                    'fnr_diff': 0.11204499384223347,
                    'fpr_diff': 0.029732435258475187},
  'test_results': {'fnr_diff': 0.38298713656017686,
                   'fpr_diff': 0.19413481698425675,
                   'll': -9682.928689055263,
                   'objective': 9717.5560062679269},
  'train_results': {'fnr_diff': 0.32266654188900123,
                    'fpr_diff': 0.19297060896298132,
                    'll': -2397.2028156347901,
                    'objective': 2428.141044685909,
                    'w': array([[  3.63953037e-02],
       [ -7.90174171e-02],
       [  4.78572763e-03],
       [  3.38740725e-01],
       [ -2.04938686e-01],
       [  5.34080658e-03],
       [ -4.80719606e-02],
       [  1.43477789e-01],
       [  2.47092183e-01],
       [  3.16897407e+00],
       [  6.59678754e+00],
       [  2.76976636e-02],
       [  4.00628085e-03],
       [ -7.82767219e+00]])},
  'weight': 60.0},
 {'gamma': 0.0,
  'test_measures': {'0_fnr': 0.66269715279315566,
                    '0_fpr': 0.040043302466502735,
                    '1_fnr': 0.56471877148218919,
                    '1_fpr': 0.065178235143961497,
                    'acc': 0.81386931896670811,
                    'fnr_diff': 0.097978381310966492,
                    'fpr_diff': 0.025134932677458751},
  'test_results': {'fnr_diff': 0.33117872604439802,
                   'fpr_diff': 0.1467335446269652,
                   'll': -9708.7975391062428,
                   'objective': 9744.6409594065917},
  'train_results': {'fnr_diff': 0.23340314887288638,
                    'fpr_diff': 0.14849650266116227,
                    'll': -2407.5733000748751,
                    'objective': 2436.2157739399286,
                    'w': array([[  3.64294795e-02],
       [ -7.46840210e-02],
       [  4.71396373e-03],
       [  3.38486076e-01],
       [ -2.05462770e-01],
       [  2.90601984e-03],
       [ -4.75827460e-02],
       [  1.43443556e-01],
       [  1.91086262e-01],
       [  3.14628206e+00],
       [  6.68994956e+00],
       [  2.73729422e-02],
       [  5.05940482e-03],
       [ -7.80549978e+00]])},
  'weight': 75.0},
 {'gamma': 0.0,
  'test_measures': {'0_fnr': 0.65032888727369575,
                    '0_fpr': 0.043355018730746105,
                    '1_fnr': 0.56965644454864028,
                    '1_fpr': 0.063784615163622757,
                    'acc': 0.81300824239075387,
                    'fnr_diff': 0.080672442725055526,
                    'fpr_diff': 0.020429596432876656},
  'test_results': {'fnr_diff': 0.21732838142517619,
                   'fpr_diff': 0.094832817303585587,
                   'll': -9754.3191935481136,
                   'objective': 9782.4137014337011},
  'train_results': {'fnr_diff': 0.20973695358011335,
                    'fpr_diff': 0.10134529484133105,
                    'll': -2416.8831737194309,
                    'objective': 2444.8805760773607,
                    'w': array([[  3.64818556e-02],
       [ -7.52194856e-02],
       [  4.33536966e-03],
       [  3.41133768e-01],
       [ -2.01452775e-01],
       [  5.86607373e-03],
       [ -3.41166882e-02],
       [  1.47121507e-01],
       [  1.42501562e-01],
       [  3.10775659e+00],
       [  6.59889182e+00],
       [  2.79895781e-02],
       [  2.71494868e-03],
       [ -7.78717147e+00]])},
  'weight': 90.0},
 {'gamma': 0.0,
  'test_measures': {'0_fnr': 0.6443749454677834,
                    '0_fpr': 0.044463406755023416,
                    '1_fnr': 0.57239503120570634,
                    '1_fpr': 0.06269994599840098,
                    'acc': 0.81280563613758794,
                    'fnr_diff': 0.071979914262077047,
                    'fpr_diff': 0.018236539243377561},
  'test_results': {'fnr_diff': 0.1893995505857948,
                   'fpr_diff': 0.075271186881648328,
                   'll': -9767.9878141466997,
                   'objective': 9795.7782415807815},
  'train_results': {'fnr_diff': 0.15917311952884225,
                    'fpr_diff': 0.086831524783343203,
                    'll': -2428.4310925808882,
                    'objective': 2454.2615802336672,
                    'w': array([[  3.60746690e-02],
       [ -7.43858814e-02],
       [  3.88595650e-03],
       [  3.42063334e-01],
       [ -2.01393164e-01],
       [  4.68248767e-03],
       [ -3.10872761e-02],
       [  1.48840750e-01],
       [  1.18089187e-01],
       [  3.07514340e+00],
       [  6.54583572e+00],
       [  2.77059018e-02],
       [  2.14431094e-03],
       [ -7.72524074e+00]])},
  'weight': 105.0},
 {'gamma': 0.0,
  'test_measures': {'0_fnr': 0.62962630156634869,
                    '0_fpr': 0.047305052316608844,
                    '1_fnr': 0.57763558468450404,
                    '1_fpr': 0.061880943163927074,
                    'acc': 0.81191877331123086,
                    'fnr_diff': 0.052219311246557834,
                    'fpr_diff': 0.014575890847318213},
  'test_results': {'fnr_diff': 0.13331108297061614,
                   'fpr_diff': 0.05156397470732961,
                   'll': -9811.0645492669719,
                   'objective': 9833.2495561883261},
  'train_results': {'fnr_diff': 0.14288161087956852,
                    'fpr_diff': 0.060591815118272462,
                    'll': -2430.4972334004342,
                    'objective': 2454.9140445201751,
                    'w': array([[  3.62107776e-02],
       [ -7.47248237e-02],
       [  3.74942862e-03],
       [  3.43768458e-01],
       [ -2.02916704e-01],
       [  2.21166173e-03],
       [ -2.07195402e-02],
       [  1.60306536e-01],
       [  8.55738778e-02],
       [  3.05017233e+00],
       [  6.79064189e+00],
       [  2.75878644e-02],
       [  2.24784403e-03],
       [ -7.75864194e+00]])},
  'weight': 120.0},
 {'gamma': 0.0,
  'test_measures': {'0_fnr': 0.62091690758163631,
                    '0_fpr': 0.04936126750707575,
                    '1_fnr': 0.57723963037556059,
                    '1_fpr': 0.063352358016532107,
                    'acc': 0.81123543767555373,
                    'fnr_diff': 0.045869428017131994,
                    'fpr_diff': 0.013991090509456362},
  'test_results': {'fnr_diff': 0.081640982847248467,
                   'fpr_diff': 0.045326905910427172,
                   'll': -9834.8611334915186,
                   'objective': 9852.0017984738042},
  'train_results': {'fnr_diff': 0.13525377439936248,
                    'fpr_diff': 0.042164585548344839,
                    'll': -2433.5766458909202,
                    'objective': 2457.5281244838607,
                    'w': array([[  3.78042197e-02],
       [ -8.35301421e-02],
       [  4.10710820e-03],
       [  3.43531781e-01],
       [ -2.03464181e-01],
       [  4.09755068e-03],
       [ -5.40381524e-03],
       [  1.65915115e-01],
       [  8.95735976e-02],
       [  3.09153576e+00],
       [  6.85065214e+00],
       [  2.75540476e-02],
       [  7.17257219e-04],
       [ -7.79073551e+00]])},
  'weight': 135.0},
 {'gamma': 0.0,
  'test_measures': {'0_fnr': 0.64448231855645177,
                    '0_fpr': 0.04518099445717088,
                    '1_fnr': 0.57891902706976972,
                    '1_fpr': 0.060792686593500275,
                    'acc': 0.8119383103427863,
                    'fnr_diff': 0.068140809578601316,
                    'fpr_diff': 0.015611692136329394},
  'test_results': {'fnr_diff': 0.2451433137552517,
                   'fpr_diff': 0.062561067661413408,
                   'll': -9799.8781597430443,
                   'objective': 9846.0338169555434},
  'train_results': {'fnr_diff': 0.075320040766627669,
                    'fpr_diff': 0.065786010246132523,
                    'll': -2427.4011093253243,
                    'objective': 2448.5670169772379,
                    'w': array([[  3.59080383e-02],
       [ -7.92859000e-02],
       [  4.64089323e-03],
       [  3.36077510e-01],
       [ -2.05448245e-01],
       [  2.59017781e-03],
       [ -4.44075468e-02],
       [  1.56024857e-01],
       [  5.37071373e-02],
       [  3.19455100e+00],
       [  6.60764475e+00],
       [  2.76899639e-02],
       [ -3.84267714e-04],
       [ -7.51730785e+00]])},
  'weight': 150.0},
 {'gamma': 0.0,
  'test_measures': {'0_fnr': 0.63794382276989958,
                    '0_fpr': 0.046932789772181654,
                    '1_fnr': 0.57850558828682042,
                    '1_fpr': 0.061041829981236244,
                    'acc': 0.81180181424690334,
                    'fnr_diff': 0.062649806734300179,
                    'fpr_diff': 0.014119213544204272},
  'test_results': {'fnr_diff': 0.20061175358199487,
                   'fpr_diff': 0.049301969453590611,
                   'll': -9812.3720588074284,
                   'objective': 9853.6078231082975},
  'train_results': {'fnr_diff': 0.071251471395158625,
                    'fpr_diff': 0.051449846452462505,
                    'll': -2433.7569492923417,
                    'objective': 2454.0026667371994,
                    'w': array([[  3.65451584e-02],
       [ -7.85614046e-02],
       [  4.96566225e-03],
       [  3.39039959e-01],
       [ -2.03430703e-01],
       [  3.53476770e-03],
       [ -4.00768311e-02],
       [  1.53182113e-01],
       [  3.58600431e-02],
       [  3.15762372e+00],
       [  6.60593837e+00],
       [  2.75438377e-02],
       [  1.50850250e-03],
       [ -7.63160951e+00]])},
  'weight': 165.0},
 {'gamma': 0.0,
  'test_measures': {'0_fnr': 0.63769957037786373,
                    '0_fpr': 0.047082231594494109,
                    '1_fnr': 0.57726900340284326,
                    '1_fpr': 0.061038748087017147,
                    'acc': 0.81205095207974343,
                    'fnr_diff': 0.064606154168877106,
                    'fpr_diff': 0.01395651649252304},
  'test_results': {'fnr_diff': 0.20147232957237052,
                   'fpr_diff': 0.045509845746748108,
                   'll': -9806.038468841718,
                   'objective': 9850.4952603991605},
  'train_results': {'fnr_diff': 0.058161412062954672,
                    'fpr_diff': 0.046441208824845204,
                    'll': -2440.2801001495914,
                    'objective': 2459.1085719093953,
                    'w': array([[  3.59734754e-02],
       [ -7.91857581e-02],
       [  4.93147039e-03],
       [  3.39645686e-01],
       [ -2.03001443e-01],
       [  4.53969446e-03],
       [ -4.54364098e-02],
       [  1.52334388e-01],
       [  2.31841237e-02],
       [  3.17856018e+00],
       [  6.68081252e+00],
       [  2.71048998e-02],
       [  7.36667480e-04],
       [ -7.55166825e+00]])},
  'weight': 180.0},
 {'gamma': 0.0,
  'test_measures': {'0_fnr': 0.63486549507502543,
                    '0_fpr': 0.048063848671713823,
                    '1_fnr': 0.58027744770812362,
                    '1_fpr': 0.060245911370109692,
                    'acc': 0.81156651471197683,
                    'fnr_diff': 0.060432726011871371,
                    'fpr_diff': 0.012543899622842719},
  'test_results': {'fnr_diff': 0.18329141451073896,
                   'fpr_diff': 0.038350181498890988,
                   'll': -9826.5936164391842,
                   'objective': 9869.8137276610614},
  'train_results': {'fnr_diff': 0.053278744638688778,
                    'fpr_diff': 0.039749133090098511,
                    'll': -2438.2835056172657,
                    'objective': 2456.4239417743788,
                    'w': array([[  3.61613773e-02],
       [ -7.97288488e-02],
       [  4.92246491e-03],
       [  3.39200077e-01],
       [ -2.02667006e-01],
       [  4.37946287e-03],
       [ -4.22112436e-02],
       [  1.54672476e-01],
       [  6.10853656e-03],
       [  3.18499711e+00],
       [  6.70024985e+00],
       [  2.75598939e-02],
       [  8.73909286e-04],
       [ -7.58127717e+00]])},
  'weight': 195.0},
 {'gamma': 0.0,
  'test_measures': {'0_fnr': 0.63267678562065544,
                    '0_fpr': 0.048706156014934297,
                    '1_fnr': 0.58132171634011987,
                    '1_fpr': 0.060031383729690045,
                    'acc': 0.81134065478657269,
                    'fnr_diff': 0.058679952618598361,
                    'fpr_diff': 0.01179296781928753},
  'test_results': {'fnr_diff': 0.17640725161817886,
                   'fpr_diff': 0.034205020709919945,
                   'll': -9834.9482166727757,
                   'objective': 9879.1767938616777},
  'train_results': {'fnr_diff': 0.047406790290775158,
                    'fpr_diff': 0.035376400147940676,
                    'll': -2440.3557496892508,
                    'objective': 2457.7402196813809,
                    'w': array([[  3.61814754e-02],
       [ -7.96410239e-02],
       [  4.92160948e-03],
       [  3.39332679e-01],
       [ -2.02490960e-01],
       [  4.41185620e-03],
       [ -4.14480561e-02],
       [  1.54772640e-01],
       [ -4.00704863e-03],
       [  3.18374487e+00],
       [  6.70272426e+00],
       [  2.75616807e-02],
       [  8.80687937e-04],
       [ -7.57885640e+00]])},
  'weight': 210.0},
 {'gamma': 0.0,
  'test_measures': {'0_fnr': 0.63093726820766927,
                    '0_fpr': 0.049210493250395157,
                    '1_fnr': 0.58204355606637981,
                    '1_fpr': 0.05973202915928999,
                    'acc': 0.81124533775383334,
                    'fnr_diff': 0.058205549180603985,
                    'fpr_diff': 0.011157820505457289},
  'test_results': {'fnr_diff': 0.17062401299300381,
                   'fpr_diff': 0.030737721004966433,
                   'll': -9842.488377405105,
                   'objective': 9887.7947675546493},
  'train_results': {'fnr_diff': 0.042477252794322781,
                    'fpr_diff': 0.031703008268165085,
                    'll': -2442.2250681187825,
                    'objective': 2458.9156268578413,
                    'w': array([[  3.61998141e-02],
       [ -7.95636465e-02],
       [  4.92096872e-03],
       [  3.39453002e-01],
       [ -2.02336011e-01],
       [  4.44090877e-03],
       [ -4.07675255e-02],
       [  1.54865158e-01],
       [ -1.29741669e-02],
       [  3.18249690e+00],
       [  6.70493843e+00],
       [  2.75635619e-02],
       [  8.87065260e-04],
       [ -7.57681845e+00]])},
  'weight': 225.0},
 {'gamma': 0.0,
  'test_measures': {'0_fnr': 0.62936075322527563,
                    '0_fpr': 0.049665089905585616,
                    '1_fnr': 0.58276518553702683,
                    '1_fpr': 0.059508673002277926,
                    'acc': 0.81112308329879812,
                    'fnr_diff': 0.057488845603432814,
                    'fpr_diff': 0.010582315319209298},
  'test_results': {'fnr_diff': 0.16571820938908483,
                   'fpr_diff': 0.027807829370648001,
                   'll': -9849.3306320424908,
                   'objective': 9895.7768813448274},
  'train_results': {'fnr_diff': 0.038296024674444137,
                    'fpr_diff': 0.028585436586694362,
                    'll': -2443.9205837999352,
                    'objective': 2459.9721345026082,
                    'w': array([[  3.62166265e-02],
       [ -7.94949346e-02],
       [  4.92049672e-03],
       [  3.39562675e-01],
       [ -2.02198649e-01],
       [  4.46712565e-03],
       [ -4.01560305e-02],
       [  1.54950963e-01],
       [ -2.09769475e-02],
       [  3.18126532e+00],
       [  6.70693024e+00],
       [  2.75654894e-02],
       [  8.93064687e-04],
       [ -7.57509134e+00]])},
  'weight': 240.0},
 {'gamma': 0.0,
  'test_measures': {'0_fnr': 0.62789672645860195,
                    '0_fpr': 0.050098243907521253,
                    '1_fnr': 0.58348715266910367,
                    '1_fpr': 0.059307593145254391,
                    'acc': 0.81099254040613344,
                    'fnr_diff': 0.056891884628620416,
                    'fpr_diff': 0.010047175403982249},
  'test_results': {'fnr_diff': 0.16152071060919626,
                   'fpr_diff': 0.025309626856149892,
                   'll': -9855.57007640958,
                   'objective': 9903.2118124632434},
  'train_results': {'fnr_diff': 0.034716906912644174,
                    'fpr_diff': 0.025915476967430039,
                    'll': -2445.4660513828935,
                    'objective': 2460.927309272312,
                    'w': array([[  3.62321052e-02],
       [ -7.94334896e-02],
       [  4.92015833e-03],
       [  3.39663054e-01],
       [ -2.02076100e-01],
       [  4.49091406e-03],
       [ -3.96028462e-02],
       [  1.55030831e-01],
       [ -2.81621302e-02],
       [  3.18005829e+00],
       [  6.70873078e+00],
       [  2.75674301e-02],
       [  8.98711185e-04],
       [ -7.57361929e+00]])},
  'weight': 255.0},
 {'gamma': 0.0,
  'test_measures': {'0_fnr': 0.62982166152540142,
                    '0_fpr': 0.050188146885496311,
                    '1_fnr': 0.5825302218556565,
                    '1_fpr': 0.05917485197791255,
                    'acc': 0.81115885445067293,
                    'fnr_diff': 0.056142699538723306,
                    'fpr_diff': 0.010001324909542905},
  'test_results': {'fnr_diff': 0.16415333748194513,
                   'fpr_diff': 0.023394178984303838,
                   'll': -9851.8013165898847,
                   'objective': 9902.4391460357729},
  'train_results': {'fnr_diff': 0.029266452757580875,
                    'fpr_diff': 0.024621938777999602,
                    'll': -2444.4574853541353,
                    'objective': 2459.0073510687421,
                    'w': array([[  3.60496065e-02],
       [ -8.03981512e-02],
       [  5.04584279e-03],
       [  3.40223654e-01],
       [ -2.01583601e-01],
       [  4.95860062e-03],
       [ -4.82194028e-02],
       [  1.54532368e-01],
       [ -4.75165107e-02],
       [  3.20376147e+00],
       [  6.70096598e+00],
       [  2.74430029e-02],
       [  1.09743238e-03],
       [ -7.55248203e+00]])},
  'weight': 270.0},
 {'gamma': 0.0,
  'test_measures': {'0_fnr': 0.62513224763023345,
                    '0_fpr': 0.051371451306716095,
                    '1_fnr': 0.58503849499926019,
                    '1_fpr': 0.058659740080646616,
                    'acc': 0.81065551790546309,
                    'fnr_diff': 0.054244281400018704,
                    'fpr_diff': 0.0084668714737397167},
  'test_results': {'fnr_diff': 0.15033750651706307,
                   'fpr_diff': 0.017766942894453928,
                   'll': -9873.1041903467685,
                   'objective': 9921.0139584290519},
  'train_results': {'fnr_diff': 0.029983216348230025,
                    'fpr_diff': 0.021130633628605362,
                    'll': -2448.5169686209838,
                    'objective': 2463.0844158643822,
                    'w': array([[  3.65203485e-02],
       [ -7.83488464e-02],
       [  4.98571405e-03],
       [  3.39325543e-01],
       [ -2.01702696e-01],
       [  4.23295607e-03],
       [ -3.94004507e-02],
       [  1.57922364e-01],
       [ -5.31838254e-02],
       [  3.12287740e+00],
       [  6.68488417e+00],
       [  2.80237348e-02],
       [  9.42083547e-04],
       [ -7.59922568e+00]])},
  'weight': 285.0},
 {'gamma': 0.0,
  'test_measures': {'0_fnr': 0.6265825313961586,
                    '0_fpr': 0.050911857922492816,
                    '1_fnr': 0.58259439888090359,
                    '1_fpr': 0.059196316128493839,
                    'acc': 0.81103093537456428,
                    'fnr_diff': 0.056248975981596977,
                    'fpr_diff': 0.0095688063503041078},
  'test_results': {'fnr_diff': 0.16431378464387492,
                   'fpr_diff': 0.020738313487491944,
                   'll': -9864.3194374506074,
                   'objective': 9919.8350668900184},
  'train_results': {'fnr_diff': 0.024735926922819753,
                    'fpr_diff': 0.020605718137105499,
                    'll': -2444.2402175878788,
                    'objective': 2457.8427111058563,
                    'w': array([[  3.60606121e-02],
       [ -8.22568749e-02],
       [  5.27937705e-03],
       [  3.41262266e-01],
       [ -2.00156040e-01],
       [  5.11036628e-03],
       [ -4.91281833e-02],
       [  1.60980802e-01],
       [ -6.01108376e-02],
       [  3.20549501e+00],
       [  6.82216767e+00],
       [  2.72555944e-02],
       [  8.48943729e-04],
       [ -7.56624109e+00]])},
  'weight': 300.0}]s