{u'data_headers': u'LIMIT_BAL,SEX,EDUCATION,MARRIAGE,AGE,PAY_0,PAY_2,PAY_3,PAY_4,PAY_5,PAY_6,BILL_AMT1,BILL_AMT2,BILL_AMT3,BILL_AMT4,BILL_AMT5,BILL_AMT6,PAY_AMT1,PAY_AMT2,PAY_AMT3,PAY_AMT4,PAY_AMT5,PAY_AMT6',
 u'data_set': u'default-dataset',
 u'description': u'default dataset with protected value gender',
 u'file': u'default_of_credit_card_clients.csv',
 u'filters': [],
 u'fn': True,
 u'fp': True,
 u'gamma': {u'gt': 0, u'lt': 1},
 u'gamma_res': 2,
 u'headers_integer_values': [{u'1': 0, u'2': 1, u'header': u'SEX'}],
 u'headers_operation': [],
 u'num_of_tries': 10,
 u'protected': u'SEX',
 u'tag': u'default payment next month',
 u'test_size': 0.8,
 u'weight': {u'gt': 0, u'lt': 400},
 u'weight_res': 21}

The result for absolute value relaxation:

[{'gamma': 1.0,
  'test_measures': {'0_fnr': 0.73374298762780588,
                    '0_fpr': 0.039789340740710097,
                    '1_fnr': 0.78740608074025764,
                    '1_fpr': 0.021021457117345727,
                    'acc': 0.80883333333333329,
                    'fnr_diff': 0.053663093112451786,
                    'fpr_diff': 0.018767883623364363},
  'test_results': {'fnr_diff': 0.24788391650261238,
                   'fpr_diff': 0.20740443252750151,
                   'll': -11264.069919088961,
                   'objective': 11264.069919088961},
  'train_results': {'fnr_diff': 0.22556761880883988,
                    'fpr_diff': 0.22072884630825826,
                    'll': -2772.0208134440763,
                    'objective': 2772.8867447434473,
                    'w': array([[ -9.30732281e-07],
       [ -1.41246100e-01],
       [ -1.04547798e-01],
       [ -1.99032872e-01],
       [  6.50511007e-03],
       [  5.56897582e-01],
       [  8.72584172e-02],
       [  6.26892748e-02],
       [  9.33123235e-03],
       [  4.89361263e-02],
       [  6.45944659e-03],
       [ -7.03950244e-06],
       [  2.50247514e-06],
       [  1.93032798e-06],
       [  1.20433450e-06],
       [ -5.50169297e-07],
       [  1.19279787e-06],
       [ -1.81768403e-05],
       [ -1.55651981e-05],
       [ -5.26196361e-06],
       [ -4.35040797e-07],
       [ -5.30354610e-06],
       [ -1.18828856e-06],
       [ -6.09530115e-01]])},
  'weight': 0.0},
 {'gamma': 0.0,
  'test_measures': {'0_fnr': 0.76816809786424767,
                    '0_fpr': 0.032389723921116734,
                    '1_fnr': 0.76530588044155423,
                    '1_fpr': 0.024342115360637427,
                    'acc': 0.80897083333333342,
                    'fnr_diff': 0.01544229809035782,
                    'fpr_diff': 0.0080476085604793083},
  'test_results': {'fnr_diff': 0.082889883787017254,
                   'fpr_diff': 0.052781572380049546,
                   'll': -11270.719828668603,
                   'objective': 11273.433257791945},
  'train_results': {'fnr_diff': 0.058932131762895454,
                    'fpr_diff': 0.054726238729749556,
                    'll': -2775.0061494671636,
                    'objective': 2777.2793168770172,
                    'w': array([[ -9.12135862e-07],
       [  2.60069404e-02],
       [ -1.00119502e-01],
       [ -1.82718092e-01],
       [  7.38666650e-03],
       [  5.57575879e-01],
       [  8.83408449e-02],
       [  6.20327796e-02],
       [  9.37098268e-03],
       [  4.85170516e-02],
       [  5.88620815e-03],
       [ -7.09913092e-06],
       [  2.47915136e-06],
       [  1.99553436e-06],
       [  1.19105816e-06],
       [ -4.74512130e-07],
       [  1.14130488e-06],
       [ -1.81090760e-05],
       [ -1.54720943e-05],
       [ -5.48916697e-06],
       [ -4.57357747e-07],
       [ -5.30712727e-06],
       [ -1.22779749e-06],
       [ -7.75627590e-01]])},
  'weight': 20.0},
 {'gamma': 1.0,
  'test_measures': {'0_fnr': 0.77595376043801456,
                    '0_fpr': 0.030941326417285191,
                    '1_fnr': 0.76143693865927309,
                    '1_fpr': 0.024707142901109137,
                    'acc': 0.80888888888888888,
                    'fnr_diff': 0.017027361055384951,
                    'fpr_diff': 0.0062341835161760523},
  'test_results': {'fnr_diff': 0.057934874518328808,
                   'fpr_diff': 0.039874401170606734,
                   'll': -11271.982143719328,
                   'objective': 11275.894514746884},
  'train_results': {'fnr_diff': 0.029367175949663957,
                    'fpr_diff': 0.018953640695329756,
                    'll': -2773.9065609229215,
                    'objective': 2776.8536129493677,
                    'w': array([[ -9.37590504e-07],
       [  5.62698227e-02],
       [ -1.01584787e-01],
       [ -1.98686962e-01],
       [  6.19893382e-03],
       [  5.56668791e-01],
       [  8.62809249e-02],
       [  7.13727505e-02],
       [  4.12493774e-03],
       [  4.65713238e-02],
       [  3.12800855e-03],
       [ -6.71549309e-06],
       [  1.96894566e-06],
       [  2.12522248e-06],
       [  9.53347629e-07],
       [ -5.50458374e-07],
       [  1.49889123e-06],
       [ -1.70824147e-05],
       [ -1.27075512e-05],
       [ -6.43171036e-06],
       [ -4.02688146e-07],
       [ -5.74134415e-06],
       [ -1.79818732e-06],
       [ -7.29440490e-01]])},
  'weight': 40.0},
 {'gamma': 1.0,
  'test_measures': {'0_fnr': 0.78329290785452899,
                    '0_fpr': 0.029261464247262323,
                    '1_fnr': 0.76527144516181966,
                    '1_fpr': 0.024225850619213615,
                    'acc': 0.80836458333333328,
                    'fnr_diff': 0.018021462692709406,
                    'fpr_diff': 0.0050356136280487037},
  'test_results': {'fnr_diff': 0.043753142612696014,
                   'fpr_diff': 0.030416076826314652,
                   'll': -11274.724672770006,
                   'objective': 11279.174825936345},
  'train_results': {'fnr_diff': 0.030516177754391055,
                    'fpr_diff': 0.011164070915965482,
                    'll': -2774.4977998670893,
                    'objective': 2778.0222760182414,
                    'w': array([[ -9.62653440e-07],
       [  6.79525798e-02],
       [ -9.91176757e-02],
       [ -2.02185340e-01],
       [  6.17311253e-03],
       [  5.46221128e-01],
       [  8.39582443e-02],
       [  7.89828529e-02],
       [ -8.01188491e-03],
       [  5.39944937e-02],
       [  1.25591751e-03],
       [ -7.10869189e-06],
       [  2.21935588e-06],
       [  2.67433069e-06],
       [  8.98251116e-07],
       [ -9.91068697e-07],
       [  1.73452249e-06],
       [ -1.56252763e-05],
       [ -1.39310102e-05],
       [ -7.19700988e-06],
       [ -3.26561386e-08],
       [ -6.34468511e-06],
       [ -1.91529628e-06],
       [ -7.34698479e-01]])},
  'weight': 60.0},
 {'gamma': 0.0,
  'test_measures': {'0_fnr': 0.78937457735826755,
                    '0_fpr': 0.028341367763890738,
                    '1_fnr': 0.76845323777386365,
                    '1_fpr': 0.023692499597988897,
                    'acc': 0.80783333333333329,
                    'fnr_diff': 0.020921339584404026,
                    'fpr_diff': 0.0046488681659018352},
  'test_results': {'fnr_diff': 0.035146272580857243,
                   'fpr_diff': 0.03011037753363462,
                   'll': -11267.513083336247,
                   'objective': 11272.733615345405},
  'train_results': {'fnr_diff': 0.031914355683251745,
                    'fpr_diff': 1.7664117166144418e-07,
                    'll': -2778.0812062203104,
                    'objective': 2780.6343688062634,
                    'w': array([[ -9.03279012e-07],
       [  7.54101772e-02],
       [ -1.00163655e-01],
       [ -1.92492554e-01],
       [  6.25247532e-03],
       [  5.45900601e-01],
       [  7.90012956e-02],
       [  8.41914135e-02],
       [ -1.08440076e-02],
       [  5.07308730e-02],
       [  4.61595846e-03],
       [ -7.21047619e-06],
       [  1.78621210e-06],
       [  3.46028628e-06],
       [  1.75621537e-06],
       [ -2.31575669e-06],
       [  1.91045807e-06],
       [ -1.57246088e-05],
       [ -1.61592118e-05],
       [ -7.20158311e-06],
       [  1.48287232e-06],
       [ -3.82477531e-06],
       [ -1.88077537e-06],
       [ -7.70317428e-01]])},
  'weight': 80.0},
 {'gamma': 0.0,
  'test_measures': {'0_fnr': 0.79171267184830318,
                    '0_fpr': 0.027895233426534483,
                    '1_fnr': 0.76878015420148738,
                    '1_fpr': 0.023648537563038006,
                    'acc': 0.80783333333333329,
                    'fnr_diff': 0.022932517646815941,
                    'fpr_diff': 0.0042466958634964748},
  'test_results': {'fnr_diff': 0.035907747137911707,
                   'fpr_diff': 0.028978193055338813,
                   'll': -11259.655360609093,
                   'objective': 11266.143954628418},
  'train_results': {'fnr_diff': 0.018606277582831478,
                    'fpr_diff': 1.5504708677088751e-07,
                    'll': -2783.0067895654961,
                    'objective': 2784.8674328284878,
                    'w': array([[ -8.65005082e-07],
       [  8.21466971e-02],
       [ -8.93516282e-02],
       [ -1.82246165e-01],
       [  6.01283070e-03],
       [  5.42806052e-01],
       [  7.29617934e-02],
       [  9.10635622e-02],
       [ -1.75763614e-02],
       [  6.33569752e-02],
       [ -2.74029688e-03],
       [ -7.72193789e-06],
       [  2.85838217e-06],
       [  4.21777027e-06],
       [  5.52214429e-08],
       [ -2.06971452e-06],
       [  2.24716893e-06],
       [ -1.61007555e-05],
       [ -1.92414877e-05],
       [ -4.60118878e-06],
       [  4.72800973e-08],
       [ -4.39346512e-06],
       [ -1.41821675e-06],
       [ -8.06153655e-01]])},
  'weight': 100.0},
 {'gamma': 0.0,
  'test_measures': {'0_fnr': 0.78932079996654991,
                    '0_fpr': 0.028063191367555165,
                    '1_fnr': 0.76892899144394544,
                    '1_fpr': 0.023792030830239317,
                    'acc': 0.80781547619047611,
                    'fnr_diff': 0.020391808522604502,
                    'fpr_diff': 0.0042711605373158485},
  'test_results': {'fnr_diff': 0.034559707620999205,
                   'fpr_diff': 0.029462817580112828,
                   'll': -11268.186309308294,
                   'objective': 11275.869012332429},
  'train_results': {'fnr_diff': 0.027666710851521534,
                    'fpr_diff': 1.7320459553906075e-07,
                    'll': -2778.5029649499543,
                    'objective': 2781.8229910366886,
                    'w': array([[ -8.93032047e-07],
       [  7.69995905e-02],
       [ -1.00010681e-01],
       [ -1.90806135e-01],
       [  6.28007003e-03],
       [  5.45586955e-01],
       [  8.32454052e-02],
       [  7.95837760e-02],
       [ -8.01409275e-03],
       [  4.76955962e-02],
       [  3.15865976e-03],
       [ -7.16464679e-06],
       [  1.69988446e-06],
       [  3.57106612e-06],
       [  1.70268642e-06],
       [ -2.26329797e-06],
       [  1.86259706e-06],
       [ -1.57638010e-05],
       [ -1.59866283e-05],
       [ -7.17697595e-06],
       [  1.44869444e-06],
       [ -3.81848430e-06],
       [ -2.01145788e-06],
       [ -7.78271680e-01]])},
  'weight': 120.0},
 {'gamma': 0.0,
  'test_measures': {'0_fnr': 0.79197760972224551,
                    '0_fpr': 0.02781170417517349,
                    '1_fnr': 0.76864934789636052,
                    '1_fpr': 0.023787911132100062,
                    'acc': 0.8077833333333333,
                    'fnr_diff': 0.023328261825885079,
                    'fpr_diff': 0.0040237930430734262},
  'test_results': {'fnr_diff': 0.034975061113964624,
                   'fpr_diff': 0.027936159044595749,
                   'll': -11259.941261902804,
                   'objective': 11268.748832725003},
  'train_results': {'fnr_diff': 0.015585973823830642,
                    'fpr_diff': 1.1626403565445642e-07,
                    'll': -2783.3692729308232,
                    'objective': 2785.5513255431238,
                    'w': array([[ -8.65315923e-07],
       [  8.30310073e-02],
       [ -8.95220337e-02],
       [ -1.82772406e-01],
       [  5.95145146e-03],
       [  5.42965554e-01],
       [  7.64286839e-02],
       [  8.83438810e-02],
       [ -1.60291418e-02],
       [  6.17548901e-02],
       [ -5.96258195e-03],
       [ -7.71064535e-06],
       [  2.79391697e-06],
       [  4.30403766e-06],
       [ -6.75798906e-08],
       [ -1.89998186e-06],
       [  2.20185020e-06],
       [ -1.61377159e-05],
       [ -1.92120576e-05],
       [ -4.38127871e-06],
       [ -4.86224381e-08],
       [ -4.35881659e-06],
       [ -1.41409810e-06],
       [ -8.05837781e-01]])},
  'weight': 140.0},
 {'gamma': 0.0,
  'test_measures': {'0_fnr': 0.79386839192035608,
                    '0_fpr': 0.027216545250501656,
                    '1_fnr': 0.76959591181626197,
                    '1_fpr': 0.023490971247070214,
                    'acc': 0.8079722222222222,
                    'fnr_diff': 0.024272480104094146,
                    'fpr_diff': 0.0037255740034314428},
  'test_results': {'fnr_diff': 0.030989397035190065,
                   'fpr_diff': 0.028100467054215802,
                   'll': -11261.891089219018,
                   'objective': 11271.345467473322},
  'train_results': {'fnr_diff': 0.020213045312016092,
                    'fpr_diff': 1.6332709454596611e-07,
                    'll': -2791.5828501953474,
                    'objective': 2794.8169635776048,
                    'w': array([[ -8.69228060e-07],
       [  8.18296451e-02],
       [ -9.62489032e-02],
       [ -2.02018983e-01],
       [  6.22473400e-03],
       [  5.38994729e-01],
       [  7.78223627e-02],
       [  7.19649777e-02],
       [ -2.85310299e-03],
       [  5.28225225e-02],
       [ -1.07502745e-03],
       [ -7.10815979e-06],
       [  1.25058637e-06],
       [  4.35114186e-06],
       [  6.12507055e-07],
       [ -1.74336443e-06],
       [  2.20484522e-06],
       [ -1.67419389e-05],
       [ -1.73259784e-05],
       [ -6.58130789e-06],
       [  6.00996957e-07],
       [ -4.34255315e-06],
       [ -1.38004303e-06],
       [ -7.57908280e-01]])},
  'weight': 160.0},
 {'gamma': 0.0,
  'test_measures': {'0_fnr': 0.79437725025595951,
                    '0_fpr': 0.027008496264286658,
                    '1_fnr': 0.76970782768586699,
                    '1_fpr': 0.023519891369691532,
                    'acc': 0.80795833333333322,
                    'fnr_diff': 0.024669422570092452,
                    'fpr_diff': 0.0034886048945951265},
  'test_results': {'fnr_diff': 0.030913940600406881,
                   'fpr_diff': 0.028401288918053779,
                   'll': -11262.747464368711,
                   'objective': 11273.424205682035},
  'train_results': {'fnr_diff': 0.018515410383754455,
                    'fpr_diff': 1.9617651334941552e-07,
                    'll': -2791.8708330497284,
                    'objective': 2795.2036422305769,
                    'w': array([[ -8.63598398e-07],
       [  8.24197611e-02],
       [ -9.61050704e-02],
       [ -2.01259574e-01],
       [  6.19683391e-03],
       [  5.38755400e-01],
       [  7.92878491e-02],
       [  7.05324488e-02],
       [ -1.57948583e-03],
       [  5.17362823e-02],
       [ -2.19793222e-03],
       [ -7.09105510e-06],
       [  1.21295446e-06],
       [  4.41127947e-06],
       [  5.69622324e-07],
       [ -1.71403326e-06],
       [  2.19004069e-06],
       [ -1.69041522e-05],
       [ -1.73282861e-05],
       [ -6.57842959e-06],
       [  6.13434860e-07],
       [ -4.31629090e-06],
       [ -1.42574612e-06],
       [ -7.59726127e-01]])},
  'weight': 180.0},
 {'gamma': 0.0,
  'test_measures': {'0_fnr': 0.79466623647988477,
                    '0_fpr': 0.027101167915332989,
                    '1_fnr': 0.77004120361005246,
                    '1_fpr': 0.023592379485283799,
                    'acc': 0.80782638888888891,
                    'fnr_diff': 0.024625032869832236,
                    'fpr_diff': 0.0035087884300491917},
  'test_results': {'fnr_diff': 0.030851367635754232,
                   'fpr_diff': 0.029195273676674061,
                   'll': -11263.770684594632,
                   'objective': 11275.780012857116},
  'train_results': {'fnr_diff': 0.016907202778057843,
                    'fpr_diff': 2.6632554633460498e-07,
                    'll': -2792.1764591353735,
                    'objective': 2795.5579529560946,
                    'w': array([[ -8.57979969e-07],
       [  8.29644557e-02],
       [ -9.59817822e-02],
       [ -2.00520184e-01],
       [  6.16035100e-03],
       [  5.38447310e-01],
       [  8.05363768e-02],
       [  6.93560416e-02],
       [ -3.65466384e-04],
       [  5.06223953e-02],
       [ -3.23064875e-03],
       [ -7.07524971e-06],
       [  1.17569486e-06],
       [  4.46681461e-06],
       [  5.32352474e-07],
       [ -1.68950834e-06],
       [  2.18056791e-06],
       [ -1.70938870e-05],
       [ -1.73370593e-05],
       [ -6.59397007e-06],
       [  6.36105317e-07],
       [ -4.28839139e-06],
       [ -1.48171287e-06],
       [ -7.60925795e-01]])},
  'weight': 200.0},
 {'gamma': 0.0,
  'test_measures': {'0_fnr': 0.79452450083698134,
                    '0_fpr': 0.026962344182374393,
                    '1_fnr': 0.77037409932515055,
                    '1_fpr': 0.023548965546810408,
                    'acc': 0.80786111111111103,
                    'fnr_diff': 0.024150401511830826,
                    'fpr_diff': 0.0034133786355639829},
  'test_results': {'fnr_diff': 0.030787559288660022,
                   'fpr_diff': 0.030001164691540586,
                   'll': -11264.943787731374,
                   'objective': 11278.317307007017},
  'train_results': {'fnr_diff': 0.015289269236118889,
                    'fpr_diff': 2.2847070046613793e-07,
                    'll': -2792.5162242550446,
                    'objective': 2795.8799137505448,
                    'w': array([[ -8.52342337e-07],
       [  8.35166276e-02],
       [ -9.58617373e-02],
       [ -1.99785582e-01],
       [  6.12377629e-03],
       [  5.38139288e-01],
       [  8.17734501e-02],
       [  6.81904127e-02],
       [  8.47850757e-04],
       [  4.95105171e-02],
       [ -4.26103499e-03],
       [ -7.05968254e-06],
       [  1.13910938e-06],
       [  4.52172963e-06],
       [  4.95260614e-07],
       [ -1.66459340e-06],
       [  2.17098920e-06],
       [ -1.72946701e-05],
       [ -1.73457513e-05],
       [ -6.61215347e-06],
       [  6.58252359e-07],
       [ -4.26021178e-06],
       [ -1.53839287e-06],
       [ -7.62092773e-01]])},
  'weight': 220.0},
 {'gamma': 0.0,
  'test_measures': {'0_fnr': 0.79189639860849759,
                    '0_fpr': 0.027672944579197306,
                    '1_fnr': 0.76904592975563024,
                    '1_fpr': 0.023927012298123305,
                    'acc': 0.80771666666666664,
                    'fnr_diff': 0.022850468852867501,
                    'fpr_diff': 0.0037459322810740048},
  'test_results': {'fnr_diff': 0.032757133161787251,
                   'fpr_diff': 0.029385856403404527,
                   'll': -11263.042248267409,
                   'objective': 11277.956565763056},
  'train_results': {'fnr_diff': 0.0092317505613274918,
                    'fpr_diff': 3.1023716113368073e-07,
                    'll': -2784.561031585245,
                    'objective': 2786.7767261768827,
                    'w': array([[ -8.65736135e-07],
       [  8.46211977e-02],
       [ -9.02049947e-02],
       [ -1.84323246e-01],
       [  5.68375308e-03],
       [  5.42456464e-01],
       [  8.21662540e-02],
       [  8.49956756e-02],
       [ -1.29118174e-02],
       [  5.73425289e-02],
       [ -1.27868930e-02],
       [ -7.69971750e-06],
       [  2.63600755e-06],
       [  4.46294720e-06],
       [ -2.99257232e-07],
       [ -1.54569882e-06],
       [  2.16178500e-06],
       [ -1.66198826e-05],
       [ -1.92283312e-05],
       [ -4.05662036e-06],
       [ -1.57376605e-07],
       [ -4.25096144e-06],
       [ -1.55500519e-06],
       [ -7.96861011e-01]])},
  'weight': 240.0},
 {'gamma': 0.0,
  'test_measures': {'0_fnr': 0.79181361396010397,
                    '0_fpr': 0.027561738597941716,
                    '1_fnr': 0.7689773337344431,
                    '1_fpr': 0.02397925012086756,
                    'acc': 0.80774166666666658,
                    'fnr_diff': 0.022836280225660754,
                    'fpr_diff': 0.0035824884770741553},
  'test_results': {'fnr_diff': 0.032310135656083275,
                   'fpr_diff': 0.029982429980284976,
                   'll': -11264.006011475914,
                   'objective': 11280.20207854137},
  'train_results': {'fnr_diff': 0.0080270895946532965,
                    'fpr_diff': 2.1988966305321044e-07,
                    'll': -2784.8621636662037,
                    'objective': 2786.9492641321253,
                    'w': array([[ -8.65736896e-07],
       [  8.49087616e-02],
       [ -9.03625025e-02],
       [ -1.84653292e-01],
       [  5.62177248e-03],
       [  5.42288130e-01],
       [  8.30804689e-02],
       [  8.45987035e-02],
       [ -1.23398615e-02],
       [  5.64274051e-02],
       [ -1.40573439e-02],
       [ -7.69901492e-06],
       [  2.60540569e-06],
       [  4.49063366e-06],
       [ -3.40296359e-07],
       [ -1.47963091e-06],
       [  2.15870768e-06],
       [ -1.67631797e-05],
       [ -1.92376931e-05],
       [ -4.00779651e-06],
       [ -1.70155717e-07],
       [ -4.22714107e-06],
       [ -1.59558261e-06],
       [ -7.94440455e-01]])},
  'weight': 260.0},
 {'gamma': 0.0,
  'test_measures': {'0_fnr': 0.79216167808379112,
                    '0_fpr': 0.027477963116232695,
                    '1_fnr': 0.7689773337344431,
                    '1_fpr': 0.02399678379646623,
                    'acc': 0.80772499999999992,
                    'fnr_diff': 0.023184344349348018,
                    'fpr_diff': 0.0034811793197664642},
  'test_results': {'fnr_diff': 0.031856365952576182,
                   'fpr_diff': 0.030590160867718773,
                   'll': -11265.082011811261,
                   'objective': 11282.567039320944},
  'train_results': {'fnr_diff': 0.0068111935168546685,
                    'fpr_diff': 2.4872258527659784e-07,
                    'll': -2785.1904985718975,
                    'objective': 2787.0977023989408,
                    'w': array([[ -8.65700362e-07],
       [  8.52044930e-02],
       [ -9.05213933e-02],
       [ -1.84985249e-01],
       [  5.55972766e-03],
       [  5.42119866e-01],
       [  8.39831759e-02],
       [  8.42139813e-02],
       [ -1.17660759e-02],
       [  5.55108262e-02],
       [ -1.53248660e-02],
       [ -7.69845174e-06],
       [  2.57526074e-06],
       [  4.51825090e-06],
       [ -3.81398532e-07],
       [ -1.41343258e-06],
       [  2.15551111e-06],
       [ -1.69177407e-05],
       [ -1.92468200e-05],
       [ -3.95914365e-06],
       [ -1.83421705e-07],
       [ -4.20300141e-06],
       [ -1.63721345e-06],
       [ -7.92000955e-01]])},
  'weight': 280.0},
 {'gamma': 1.0,
  'test_measures': {'0_fnr': 0.79598220277625298,
                    '0_fpr': 0.026800491091566184,
                    '1_fnr': 0.77131823955727141,
                    '1_fpr': 0.023737371300755372,
                    'acc': 0.80756249999999996,
                    'fnr_diff': 0.024663963218981455,
                    'fpr_diff': 0.0030631197908108144},
  'test_results': {'fnr_diff': 0.030259396533477739,
                   'fpr_diff': 0.033518117544418413,
                   'll': -11270.905067543252,
                   'objective': 11290.038321766622},
  'train_results': {'fnr_diff': 0.0090097983690579538,
                    'fpr_diff': 2.6906104880281115e-07,
                    'll': -2794.202228723143,
                    'objective': 2797.9220171702077,
                    'w': array([[ -8.53431232e-07],
       [  8.40285665e-02],
       [ -1.00046400e-01],
       [ -2.12213981e-01],
       [  5.10596239e-03],
       [  5.34647007e-01],
       [  8.71129736e-02],
       [  6.29233848e-02],
       [  6.10458481e-03],
       [  4.50047922e-02],
       [ -8.13174580e-03],
       [ -7.00998643e-06],
       [  1.00907940e-06],
       [  4.75362271e-06],
       [  3.25397676e-07],
       [ -1.54876719e-06],
       [  2.12924992e-06],
       [ -1.82529703e-05],
       [ -1.73833700e-05],
       [ -6.71353468e-06],
       [  7.11935970e-07],
       [ -4.15667114e-06],
       [ -1.75352762e-06],
       [ -6.96363430e-01]])},
  'weight': 300.0},
 {'gamma': 0.0,
  'test_measures': {'0_fnr': 0.79663400363828885,
                    '0_fpr': 0.026823637097580511,
                    '1_fnr': 0.77142466752147154,
                    '1_fpr': 0.023664760898299858,
                    'acc': 0.80751388888888886,
                    'fnr_diff': 0.02520933611681736,
                    'fpr_diff': 0.0031588761992806472},
  'test_results': {'fnr_diff': 0.030440478134657122,
                   'fpr_diff': 0.034235358566611473,
                   'll': -11273.155027723924,
                   'objective': 11293.851295468332},
  'train_results': {'fnr_diff': 0.0070270981082507138,
                    'fpr_diff': 1.9964485353449191e-07,
                    'll': -2794.7496243858373,
                    'objective': 2796.9983596668312,
                    'w': array([[ -8.23828909e-07],
       [  8.64106570e-02],
       [ -9.53112161e-02],
       [ -1.96183876e-01],
       [  5.93972112e-03],
       [  5.36598946e-01],
       [  8.77884567e-02],
       [  6.25273627e-02],
       [  6.90382141e-03],
       [  4.39816002e-02],
       [ -9.38225698e-03],
       [ -6.98522342e-06],
       [  9.66569402e-07],
       [  4.78748084e-06],
       [  3.11945847e-07],
       [ -1.53404262e-06],
       [  2.12149726e-06],
       [ -1.84806497e-05],
       [ -1.73870991e-05],
       [ -6.74443477e-06],
       [  7.61267472e-07],
       [ -4.11522954e-06],
       [ -1.83314803e-06],
       [ -7.67446989e-01]])},
  'weight': 320.0},
 {'gamma': 0.0,
  'test_measures': {'0_fnr': 0.79311857233176264,
                    '0_fpr': 0.02756198592845327,
                    '1_fnr': 0.76944021835560306,
                    '1_fpr': 0.02410098703891592,
                    'acc': 0.80749999999999988,
                    'fnr_diff': 0.023678353976159517,
                    'fpr_diff': 0.0034609988895373429},
  'test_results': {'fnr_diff': 0.030596731261364963,
                   'fpr_diff': 0.032280996679085107,
                   'll': -11268.551281862561,
                   'objective': 11289.929709362314},
  'train_results': {'fnr_diff': 0.0034313708647785305,
                    'fpr_diff': 2.3848967154217746e-07,
                    'll': -2786.2299374567001,
                    'objective': 2787.3966846372132,
                    'w': array([[ -8.64995108e-07],
       [  8.60371520e-02],
       [ -9.08548844e-02],
       [ -1.85805359e-01],
       [  5.40027444e-03],
       [  5.41790125e-01],
       [  8.63595806e-02],
       [  8.31998000e-02],
       [ -1.00324474e-02],
       [  5.26796011e-02],
       [ -1.86848973e-02],
       [ -7.68946944e-06],
       [  2.47799674e-06],
       [  4.59401675e-06],
       [ -4.94440005e-07],
       [ -1.22224854e-06],
       [  2.14777603e-06],
       [ -1.73409786e-05],
       [ -1.92861000e-05],
       [ -3.83258420e-06],
       [ -2.35552112e-07],
       [ -4.13859115e-06],
       [ -1.74597108e-06],
       [ -7.86190455e-01]])},
  'weight': 340.0},
 {'gamma': 0.0,
  'test_measures': {'0_fnr': 0.79320474208617875,
                    '0_fpr': 0.027534060767883596,
                    '1_fnr': 0.76917274928171475,
                    '1_fpr': 0.024135691186061507,
                    'acc': 0.80751666666666666,
                    'fnr_diff': 0.024031992804464063,
                    'fpr_diff': 0.0033983695818220853},
  'test_results': {'fnr_diff': 0.030463275749131002,
                   'fpr_diff': 0.032444858116370955,
                   'll': -11268.954126626861,
                   'objective': 11291.601054818444},
  'train_results': {'fnr_diff': 0.0029810427730759307,
                    'fpr_diff': 2.6637908304150137e-07,
                    'll': -2786.3875655824058,
                    'objective': 2787.4608368771833,
                    'w': array([[ -8.63980126e-07],
       [  8.61070031e-02],
       [ -9.06629587e-02],
       [ -1.85705858e-01],
       [  5.40167763e-03],
       [  5.42037574e-01],
       [  8.66214988e-02],
       [  8.29992333e-02],
       [ -9.44599851e-03],
       [  5.15881813e-02],
       [ -1.89492628e-02],
       [ -7.67065326e-06],
       [  2.42691709e-06],
       [  4.60592475e-06],
       [ -5.11079495e-07],
       [ -1.17476214e-06],
       [  2.15027503e-06],
       [ -1.72707367e-05],
       [ -1.93248372e-05],
       [ -3.82729587e-06],
       [ -2.72951718e-07],
       [ -4.13685878e-06],
       [ -1.73787887e-06],
       [ -7.87504102e-01]])},
  'weight': 360.0},
 {'gamma': 0.0,
  'test_measures': {'0_fnr': 0.79663763796195042,
                    '0_fpr': 0.02673098781168291,
                    '1_fnr': 0.77159135548356428,
                    '1_fpr': 0.023679260153103909,
                    'acc': 0.80751388888888886,
                    'fnr_diff': 0.025046282478386122,
                    'fpr_diff': 0.0030517276585790023},
  'test_results': {'fnr_diff': 0.030919091963150225,
                   'fpr_diff': 0.035954142711778388,
                   'll': -11277.687523983235,
                   'objective': 11303.099353159707},
  'train_results': {'fnr_diff': 0.0035690804904785476,
                    'fpr_diff': 2.1661929262955146e-07,
                    'll': -2795.9507886782144,
                    'objective': 2797.3071215799278,
                    'w': array([[ -8.04776770e-07],
       [  8.77330323e-02],
       [ -9.42984648e-02],
       [ -1.93187239e-01],
       [  5.95749641e-03],
       [  5.36513989e-01],
       [  9.00661517e-02],
       [  5.95288203e-02],
       [  1.05393294e-02],
       [  4.03472695e-02],
       [ -1.04264803e-02],
       [ -6.90516136e-06],
       [  8.25129430e-07],
       [  4.90904486e-06],
       [  2.53576576e-07],
       [ -1.49014340e-06],
       [  2.10323070e-06],
       [ -1.87914649e-05],
       [ -1.74714864e-05],
       [ -6.94555705e-06],
       [  7.72383738e-07],
       [ -4.07325650e-06],
       [ -1.90944663e-06],
       [ -7.78046532e-01]])},
  'weight': 380.0},
 {'gamma': 0.0,
  'test_measures': {'0_fnr': 0.79700106287836248,
                    '0_fpr': 0.026684813364621914,
                    '1_fnr': 0.77170280093101773,
                    '1_fpr': 0.023679114257034322,
                    'acc': 0.80747916666666664,
                    'fnr_diff': 0.025298261947344913,
                    'fpr_diff': 0.0030056991075875926},
  'test_results': {'fnr_diff': 0.031144082560574885,
                   'fpr_diff': 0.036460501240708147,
                   'll': -11279.228116104254,
                   'objective': 11306.269949624771},
  'train_results': {'fnr_diff': 0.0025387597481074629,
                    'fpr_diff': 2.4353185741534528e-07,
                    'll': -2796.3526403026194,
                    'objective': 2797.3682416146057,
                    'w': array([[ -7.98285240e-07],
       [  8.81376443e-02],
       [ -9.39085367e-02],
       [ -1.92124973e-01],
       [  5.97360992e-03],
       [  5.36551771e-01],
       [  9.07247922e-02],
       [  5.85573147e-02],
       [  1.17493644e-02],
       [  3.91127887e-02],
       [ -1.06158478e-02],
       [ -6.87617272e-06],
       [  7.75375518e-07],
       [  4.94622648e-06],
       [  2.38166621e-07],
       [ -1.47782337e-06],
       [  2.09816067e-06],
       [ -1.88627779e-05],
       [ -1.75043794e-05],
       [ -7.02557756e-06],
       [  7.71888618e-07],
       [ -4.06296028e-06],
       [ -1.92623389e-06],
       [ -7.82151713e-01]])},
  'weight': 400.0}]

The result for squared relaxation:

[{'gamma': 1.0,
  'test_measures': {'0_fnr': 0.73374298762780588,
                    '0_fpr': 0.039789340740710097,
                    '1_fnr': 0.78740608074025764,
                    '1_fpr': 0.021021457117345727,
                    'acc': 0.80883333333333329,
                    'fnr_diff': 0.053663093112451786,
                    'fpr_diff': 0.018767883623364363},
  'test_results': {'fnr_diff': 0.067098373057998581,
                   'fpr_diff': 0.047981452061407928,
                   'll': -11264.069919088961,
                   'objective': 11264.069919088961},
  'train_results': {'fnr_diff': 0.055192023462607445,
                    'fpr_diff': 0.053582673804415434,
                    'll': -2772.0208134440763,
                    'objective': 2772.8867447434473,
                    'w': array([[ -9.30732281e-07],
       [ -1.41246100e-01],
       [ -1.04547798e-01],
       [ -1.99032872e-01],
       [  6.50511007e-03],
       [  5.56897582e-01],
       [  8.72584172e-02],
       [  6.26892748e-02],
       [  9.33123235e-03],
       [  4.89361263e-02],
       [  6.45944659e-03],
       [ -7.03950244e-06],
       [  2.50247514e-06],
       [  1.93032798e-06],
       [  1.20433450e-06],
       [ -5.50169297e-07],
       [  1.19279787e-06],
       [ -1.81768403e-05],
       [ -1.55651981e-05],
       [ -5.26196361e-06],
       [ -4.35040797e-07],
       [ -5.30354610e-06],
       [ -1.18828856e-06],
       [ -6.09530115e-01]])},
  'weight': 0.0},
 {'gamma': 1.0,
  'test_measures': {'0_fnr': 0.75438067790467489,
                    '0_fpr': 0.035040053966297439,
                    '1_fnr': 0.78790537064095145,
                    '1_fpr': 0.021104171274639982,
                    'acc': 0.80825595238095249,
                    'fnr_diff': 0.0335246927362765,
                    'fpr_diff': 0.013935882691657461},
  'test_results': {'fnr_diff': 0.036364721574501734,
                   'fpr_diff': 0.022978939651694924,
                   'll': -11256.703368922523,
                   'objective': 11257.89024214705},
  'train_results': {'fnr_diff': 0.034580908976004195,
                    'fpr_diff': 0.030591868583482815,
                    'll': -2779.6304370715638,
                    'objective': 2781.8339976999437,
                    'w': array([[ -9.63505632e-07],
       [ -7.95988722e-02],
       [ -9.55424466e-02],
       [ -2.12911088e-01],
       [  6.38120094e-03],
       [  5.43249634e-01],
       [  7.26637917e-02],
       [  7.84793963e-02],
       [ -6.24070914e-03],
       [  6.06596946e-02],
       [  2.46118912e-03],
       [ -6.90898957e-06],
       [  1.94953589e-06],
       [  2.77995759e-06],
       [  1.07575878e-07],
       [ -6.08048686e-07],
       [  2.21638451e-06],
       [ -1.59532439e-05],
       [ -1.41968593e-05],
       [ -6.60959131e-06],
       [ -1.04695448e-06],
       [ -7.38062890e-06],
       [ -1.39165031e-06],
       [ -6.33428658e-01]])},
  'weight': 20.0},
 {'gamma': 0.0,
  'test_measures': {'0_fnr': 0.77012178107563933,
                    '0_fpr': 0.03198172305783429,
                    '1_fnr': 0.78569829869548891,
                    '1_fpr': 0.021095854344096689,
                    'acc': 0.80790972222222213,
                    'fnr_diff': 0.017074236877483828,
                    'fpr_diff': 0.010885868713737598},
  'test_results': {'fnr_diff': 0.020123621044071512,
                   'fpr_diff': 0.012126994449286331,
                   'll': -11247.668614791794,
                   'objective': 11248.958639411525},
  'train_results': {'fnr_diff': 0.023517204746742945,
                    'fpr_diff': 0.015386549825069734,
                    'll': -2785.8853038929997,
                    'objective': 2787.4414540758721,
                    'w': array([[ -9.15161641e-07],
       [ -3.60778532e-02],
       [ -9.73348299e-02],
       [ -2.09582770e-01],
       [  6.21218336e-03],
       [  5.41247278e-01],
       [  6.23660962e-02],
       [  8.77651130e-02],
       [ -1.14683964e-02],
       [  6.04527531e-02],
       [  7.05131923e-03],
       [ -7.05584406e-06],
       [  1.45990554e-06],
       [  3.66784030e-06],
       [  9.45060355e-07],
       [ -2.10030689e-06],
       [  2.56718849e-06],
       [ -1.59495234e-05],
       [ -1.68159323e-05],
       [ -6.65606926e-06],
       [  6.39824754e-07],
       [ -4.60527627e-06],
       [ -1.14366162e-06],
       [ -6.65938095e-01]])},
  'weight': 40.0},
 {'gamma': 1.0,
  'test_measures': {'0_fnr': 0.76809734889156212,
                    '0_fpr': 0.032131391260563684,
                    '1_fnr': 0.77974183960183119,
                    '1_fpr': 0.022262308398493334,
                    'acc': 0.80830357142857145,
                    'fnr_diff': 0.014134925992368683,
                    'fpr_diff': 0.0098690828620703469},
  'test_results': {'fnr_diff': 0.016985024019432911,
                   'fpr_diff': 0.0084354655174271893,
                   'll': -11259.220488864172,
                   'objective': 11260.745718236383},
  'train_results': {'fnr_diff': 0.01553964262746536,
                    'fpr_diff': 0.013000177253914693,
                    'll': -2780.9065291358829,
                    'objective': 2783.5541329715084,
                    'w': array([[ -9.64837039e-07],
       [ -2.02518438e-02],
       [ -9.56110248e-02],
       [ -2.12656015e-01],
       [  6.37193348e-03],
       [  5.42566877e-01],
       [  7.33890114e-02],
       [  7.79568022e-02],
       [ -6.27091985e-03],
       [  6.06870591e-02],
       [  2.21036431e-03],
       [ -6.95262203e-06],
       [  1.96189182e-06],
       [  2.81649087e-06],
       [  9.08376021e-08],
       [ -5.76220460e-07],
       [  2.19239485e-06],
       [ -1.59231281e-05],
       [ -1.41682594e-05],
       [ -6.71765310e-06],
       [ -1.03942905e-06],
       [ -7.38233072e-06],
       [ -1.40873711e-06],
       [ -6.67139078e-01]])},
  'weight': 60.0},
 {'gamma': 0.0,
  'test_measures': {'0_fnr': 0.7775684091870696,
                    '0_fpr': 0.030409442345298299,
                    '1_fnr': 0.78112560000941367,
                    '1_fpr': 0.021792608577381248,
                    'acc': 0.80791666666666673,
                    'fnr_diff': 0.011769691769039877,
                    'fpr_diff': 0.0086168337679170485},
  'test_results': {'fnr_diff': 0.010495127648965277,
                   'fpr_diff': 0.0052006346091842673,
                   'll': -11250.379875648563,
                   'objective': 11251.635536629217},
  'train_results': {'fnr_diff': 0.012659169626947672,
                    'fpr_diff': 0.0070185727940812207,
                    'll': -2786.9716731534113,
                    'objective': 2788.5458925470934,
                    'w': array([[ -9.14593422e-07],
       [  2.74882894e-03],
       [ -9.72337489e-02],
       [ -2.08756652e-01],
       [  6.23444665e-03],
       [  5.40856877e-01],
       [  6.29796517e-02],
       [  8.73601467e-02],
       [ -1.14110475e-02],
       [  6.03289539e-02],
       [  6.87407335e-03],
       [ -7.08527754e-06],
       [  1.46523842e-06],
       [  3.69799737e-06],
       [  9.37073994e-07],
       [ -2.08027801e-06],
       [  2.54685965e-06],
       [ -1.59443577e-05],
       [ -1.68010697e-05],
       [ -6.72699522e-06],
       [  6.41833854e-07],
       [ -4.59012010e-06],
       [ -1.15839686e-06],
       [ -6.90665660e-01]])},
  'weight': 80.0},
 {'gamma': 0.0,
  'test_measures': {'0_fnr': 0.77983790611706716,
                    '0_fpr': 0.029993153357551372,
                    '1_fnr': 0.77980806650067436,
                    '1_fpr': 0.022068159480434085,
                    'acc': 0.80786111111111103,
                    'fnr_diff': 0.011872777938586376,
                    'fpr_diff': 0.0079249938771172868},
  'test_results': {'fnr_diff': 0.0082173387890500833,
                   'fpr_diff': 0.0037487274190960481,
                   'll': -11251.492272974601,
                   'objective': 11252.688879595416},
  'train_results': {'fnr_diff': 0.010012646569624285,
                    'fpr_diff': 0.00512781522696728,
                    'll': -2787.3768874707407,
                    'objective': 2788.8909336504003,
                    'w': array([[ -9.14261613e-07],
       [  1.46050840e-02],
       [ -9.72006356e-02],
       [ -2.08485768e-01],
       [  6.24092012e-03],
       [  5.40745890e-01],
       [  6.32051194e-02],
       [  8.72005626e-02],
       [ -1.13628441e-02],
       [  6.02667833e-02],
       [  6.79942576e-03],
       [ -7.09412231e-06],
       [  1.46601798e-06],
       [  3.70911374e-06],
       [  9.33825827e-07],
       [ -2.07396320e-06],
       [  2.54021777e-06],
       [ -1.59462812e-05],
       [ -1.67980354e-05],
       [ -6.74886434e-06],
       [  6.43169305e-07],
       [ -4.58489248e-06],
       [ -1.16413086e-06],
       [ -6.98295952e-01]])},
  'weight': 100.0},
 {'gamma': 0.0,
  'test_measures': {'0_fnr': 0.78038909055419126,
                    '0_fpr': 0.03022800204635457,
                    '1_fnr': 0.77904671191236263,
                    '1_fpr': 0.022272265953951008,
                    'acc': 0.80756666666666665,
                    'fnr_diff': 0.012034420808122847,
                    'fpr_diff': 0.0079557360924035585},
  'test_results': {'fnr_diff': 0.0079211625998270967,
                   'fpr_diff': 0.0034060179448055184,
                   'll': -11251.334899865746,
                   'objective': 11252.694161531103},
  'train_results': {'fnr_diff': 0.0078587956500733597,
                    'fpr_diff': 0.0045527141934464509,
                    'll': -2779.566256115329,
                    'objective': 2781.0556372965516,
                    'w': array([[ -8.72644052e-07],
       [  2.09199327e-02],
       [ -8.86356823e-02],
       [ -1.82155922e-01],
       [  6.07298554e-03],
       [  5.43660274e-01],
       [  6.46627471e-02],
       [  9.84617424e-02],
       [ -1.93281219e-02],
       [  6.68265044e-02],
       [  2.08928199e-03],
       [ -7.57311347e-06],
       [  2.91602778e-06],
       [  3.87409321e-06],
       [  2.23915103e-07],
       [ -2.46587269e-06],
       [  2.52045325e-06],
       [ -1.58684404e-05],
       [ -1.85700409e-05],
       [ -4.87405167e-06],
       [  2.20816747e-07],
       [ -4.56024881e-06],
       [ -1.36667205e-06],
       [ -7.70427577e-01]])},
  'weight': 120.0},
 {'gamma': 0.0,
  'test_measures': {'0_fnr': 0.78305311137277966,
                    '0_fpr': 0.029368127409994883,
                    '1_fnr': 0.77749087018707819,
                    '1_fpr': 0.022329473915992094,
                    'acc': 0.80790972222222213,
                    'fnr_diff': 0.012533079781328818,
                    'fpr_diff': 0.0070386534940027889},
  'test_results': {'fnr_diff': 0.0055818793590760958,
                   'fpr_diff': 0.0022548721932810008,
                   'll': -11253.244434637329,
                   'objective': 11254.341579854658},
  'train_results': {'fnr_diff': 0.0068720145250639299,
                    'fpr_diff': 0.003027678701755198,
                    'll': -2787.9937733573133,
                    'objective': 2789.3797304090681,
                    'w': array([[ -9.13544344e-07],
       [  3.09794634e-02],
       [ -9.71494062e-02],
       [ -2.08077848e-01],
       [  6.24921601e-03],
       [  5.40592394e-01],
       [  6.35742788e-02],
       [  8.69217258e-02],
       [ -1.12480350e-02],
       [  6.01410697e-02],
       [  6.66361415e-03],
       [ -7.10592148e-06],
       [  1.46569994e-06],
       [  3.72736591e-06],
       [  9.28053174e-07],
       [ -2.06484246e-06],
       [  2.53029107e-06],
       [ -1.59540572e-05],
       [ -1.67958030e-05],
       [ -6.77924288e-06],
       [  6.46128456e-07],
       [ -4.57665063e-06],
       [ -1.17395312e-06],
       [ -7.08938111e-01]])},
  'weight': 140.0},
 {'gamma': 0.0,
  'test_measures': {'0_fnr': 0.78400306034053957,
                    '0_fpr': 0.02906735661959357,
                    '1_fnr': 0.77666726834398003,
                    '1_fpr': 0.022416581994742901,
                    'acc': 0.8079722222222222,
                    'fnr_diff': 0.012697092787221179,
                    'fpr_diff': 0.0066507746248506685},
  'test_results': {'fnr_diff': 0.0047790271398032956,
                   'fpr_diff': 0.0018629239103283071,
                   'll': -11253.934916395579,
                   'objective': 11254.9976285636},
  'train_results': {'fnr_diff': 0.0058883114050634197,
                    'fpr_diff': 0.0024172757091753421,
                    'll': -2788.2321111976585,
                    'objective': 2789.5610051359363,
                    'w': array([[ -9.13168820e-07],
       [  3.68676037e-02],
       [ -9.71282641e-02],
       [ -2.07915428e-01],
       [  6.25188962e-03],
       [  5.40535247e-01],
       [  6.37325815e-02],
       [  8.67949952e-02],
       [ -1.11851339e-02],
       [  6.00777294e-02],
       [  6.60003576e-03],
       [ -7.10995237e-06],
       [  1.46495174e-06],
       [  3.73521504e-06],
       [  9.25398849e-07],
       [ -2.06136931e-06],
       [  2.52637546e-06],
       [ -1.59591122e-05],
       [ -1.67958167e-05],
       [ -6.79023185e-06],
       [  6.47686058e-07],
       [ -4.57321945e-06],
       [ -1.17833300e-06],
       [ -7.12808222e-01]])},
  'weight': 160.0},
 {'gamma': 0.0,
  'test_measures': {'0_fnr': 0.78372104076989157,
                    '0_fpr': 0.02936704433684726,
                    '1_fnr': 0.7762160400937661,
                    '1_fpr': 0.022551037946859673,
                    'acc': 0.80773333333333319,
                    'fnr_diff': 0.011883278238143414,
                    'fpr_diff': 0.0068160063899875859},
  'test_results': {'fnr_diff': 0.0050002175948102075,
                   'fpr_diff': 0.0018935059546791723,
                   'll': -11253.312653394507,
                   'objective': 11254.553523633416},
  'train_results': {'fnr_diff': 0.004778393555016849,
                    'fpr_diff': 0.0023505452260039299,
                    'll': -2780.3353905066915,
                    'objective': 2781.6185994872749,
                    'w': array([[ -8.72897311e-07],
       [  3.94060625e-02],
       [ -8.86219604e-02],
       [ -1.81927996e-01],
       [  6.07488693e-03],
       [  5.43516840e-01],
       [  6.50604003e-02],
       [  9.82636050e-02],
       [ -1.93267529e-02],
       [  6.67134277e-02],
       [  1.84777006e-03],
       [ -7.59203866e-06],
       [  2.92077291e-06],
       [  3.88962427e-06],
       [  2.14794102e-07],
       [ -2.44266518e-06],
       [  2.50687557e-06],
       [ -1.58773471e-05],
       [ -1.85689273e-05],
       [ -4.89662956e-06],
       [  2.16582490e-07],
       [ -4.54790066e-06],
       [ -1.37445884e-06],
       [ -7.81672271e-01]])},
  'weight': 180.0},
 {'gamma': 0.0,
  'test_measures': {'0_fnr': 0.7859719490462892,
                    '0_fpr': 0.028720338137398969,
                    '1_fnr': 0.77540369222246086,
                    '1_fpr': 0.022474684416148177,
                    'acc': 0.80802083333333341,
                    'fnr_diff': 0.013779515846091273,
                    'fpr_diff': 0.006245653721250792},
  'test_results': {'fnr_diff': 0.0037014518618064553,
                   'fpr_diff': 0.0014130995153016728,
                   'll': -11255.049503834967,
                   'objective': 11256.072414110391},
  'train_results': {'fnr_diff': 0.0045349149737241847,
                    'fpr_diff': 0.0016329089938905549,
                    'll': -2788.6132756709426,
                    'objective': 2789.8468404644659,
                    'w': array([[ -9.12398841e-07],
       [  4.58548728e-02],
       [ -9.70910580e-02],
       [ -2.07640464e-01],
       [  6.25542902e-03],
       [  5.40442226e-01],
       [  6.40163222e-02],
       [  8.65571525e-02],
       [ -1.10531319e-02],
       [  5.99506087e-02],
       [  6.47833435e-03],
       [ -7.11571430e-06],
       [  1.46274825e-06],
       [  3.74930886e-06],
       [  9.20376869e-07],
       [ -2.05571954e-06],
       [  2.51980637e-06],
       [ -1.59704966e-05],
       [ -1.67971435e-05],
       [ -6.80706368e-06],
       [  6.50871099e-07],
       [ -4.56718958e-06],
       [ -1.18641707e-06],
       [ -7.18783559e-01]])},
  'weight': 200.0},
 {'gamma': 0.0,
  'test_measures': {'0_fnr': 0.78655618367355606,
                    '0_fpr': 0.028604332463188425,
                    '1_fnr': 0.77463080189401223,
                    '1_fpr': 0.0225762563797396,
                    'acc': 0.80804861111111104,
                    'fnr_diff': 0.014663198153879564,
                    'fpr_diff': 0.0060280760834488236},
  'test_results': {'fnr_diff': 0.0033295350594261543,
                   'fpr_diff': 0.0012863275790655998,
                   'll': -11255.504003716705,
                   'objective': 11256.519493497173},
  'train_results': {'fnr_diff': 0.0040552620476591115,
                    'fpr_diff': 0.0013750413849975996,
                    'll': -2788.7678777726564,
                    'objective': 2789.9625445278411,
                    'w': array([[ -9.12007230e-07],
       [  4.93610231e-02],
       [ -9.70742319e-02],
       [ -2.07520710e-01],
       [  6.25655638e-03],
       [  5.40402871e-01],
       [  6.41462319e-02],
       [  8.64439504e-02],
       [ -1.09851324e-02],
       [  5.98870022e-02],
       [  6.41953298e-03],
       [ -7.11777763e-06],
       [  1.46139889e-06],
       [  3.75577203e-06],
       [  9.17972104e-07],
       [ -2.05334926e-06],
       [  2.51697032e-06],
       [ -1.59766196e-05],
       [ -1.67982535e-05],
       [ -6.81365790e-06],
       [  6.52479551e-07],
       [ -4.56447185e-06],
       [ -1.19020926e-06],
       [ -7.21145081e-01]])},
  'weight': 220.0},
 {'gamma': 0.0,
  'test_measures': {'0_fnr': 0.78684850675986973,
                    '0_fpr': 0.028465535395801156,
                    '1_fnr': 0.7739168813327808,
                    '1_fpr': 0.022663331671311172,
                    'acc': 0.80811111111111111,
                    'fnr_diff': 0.015559936764192964,
                    'fpr_diff': 0.0058022037244899816},
  'test_results': {'fnr_diff': 0.0030303458340113017,
                   'fpr_diff': 0.0011989180922377901,
                   'll': -11255.905043813842,
                   'objective': 11256.920067156141},
  'train_results': {'fnr_diff': 0.0036628861929120307,
                    'fpr_diff': 0.0011740683678951103,
                    'll': -2788.9041410396912,
                    'objective': 2790.0650101342849,
                    'w': array([[ -9.11613844e-07],
       [  5.23879786e-02],
       [ -9.70582625e-02],
       [ -2.07409588e-01],
       [  6.25737325e-03],
       [  5.40366834e-01],
       [  6.42701456e-02],
       [  8.63336899e-02],
       [ -1.09163090e-02],
       [  5.98234316e-02],
       [  6.36181230e-03],
       [ -7.11944265e-06],
       [  1.45993244e-06],
       [  3.76194109e-06],
       [  9.15623184e-07],
       [ -2.05119960e-06],
       [  2.51435328e-06],
       [ -1.59829301e-05],
       [ -1.67995584e-05],
       [ -6.81936723e-06],
       [  6.54091325e-07],
       [ -4.56189768e-06],
       [ -1.19387483e-06],
       [ -7.23202207e-01]])},
  'weight': 240.0},
 {'gamma': 0.0,
  'test_measures': {'0_fnr': 0.78743189624500476,
                    '0_fpr': 0.02834991957396113,
                    '1_fnr': 0.77364277093411105,
                    '1_fpr': 0.022735842307325293,
                    'acc': 0.80809027777777775,
                    'fnr_diff': 0.016163004074534377,
                    'fpr_diff': 0.005614077266635837},
  'test_results': {'fnr_diff': 0.0027860364796986024,
                   'fpr_diff': 0.0011393937055614481,
                   'll': -11256.261330309897,
                   'objective': 11257.281942158064},
  'train_results': {'fnr_diff': 0.0033371191714136488,
                    'fpr_diff': 0.0010151494150452602,
                    'll': -2789.0251548796004,
                    'objective': 2790.1567447120797,
                    'w': array([[ -9.11219574e-07],
       [  5.50273042e-02],
       [ -9.70429941e-02],
       [ -2.07305555e-01],
       [  6.25793857e-03],
       [  5.40333464e-01],
       [  6.43890882e-02],
       [  8.62258983e-02],
       [ -1.08469074e-02],
       [  5.97599681e-02],
       [  6.30499876e-03],
       [ -7.12078447e-06],
       [  1.45837201e-06],
       [  3.76786479e-06],
       [  9.13321790e-07],
       [ -2.04922625e-06],
       [  2.51191548e-06],
       [ -1.59893960e-05],
       [ -1.68010124e-05],
       [ -6.82436646e-06],
       [  6.55702759e-07],
       [ -4.55944637e-06],
       [ -1.19743398e-06],
       [ -7.25012633e-01]])},
  'weight': 260.0},
 {'gamma': 0.0,
  'test_measures': {'0_fnr': 0.78786946324781404,
                    '0_fpr': 0.028257341944931541,
                    '1_fnr': 0.77325884057590144,
                    '1_fpr': 0.022750355252872723,
                    'acc': 0.8081180555555556,
                    'fnr_diff': 0.016511058787626171,
                    'fpr_diff': 0.005506986692058828},
  'test_results': {'fnr_diff': 0.0025839221613022188,
                   'fpr_diff': 0.0010999148101386593,
                   'll': -11256.579652873459,
                   'objective': 11257.611127225464},
  'train_results': {'fnr_diff': 0.0030631369846181086,
                    'fpr_diff': 0.00088789523066580155,
                    'll': -2789.1333665056809,
                    'objective': 2790.2396555259602,
                    'w': array([[ -9.10823926e-07],
       [  5.73486378e-02],
       [ -9.70282810e-02],
       [ -2.07207326e-01],
       [  6.25829798e-03],
       [  5.40302161e-01],
       [  6.45038451e-02],
       [  8.61202436e-02],
       [ -1.07771144e-02],
       [  5.96966311e-02],
       [  6.24899327e-03],
       [ -7.12186151e-06],
       [  1.45673813e-06],
       [  3.77358146e-06],
       [  9.11059993e-07],
       [ -2.04739576e-06],
       [  2.50962390e-06],
       [ -1.59959708e-05],
       [ -1.68025780e-05],
       [ -6.82877717e-06],
       [  6.57309840e-07],
       [ -4.55709281e-06],
       [ -1.20090092e-06],
       [ -7.26620622e-01]])},
  'weight': 280.0},
 {'gamma': 0.0,
  'test_measures': {'0_fnr': 0.78816175462165683,
                    '0_fpr': 0.02811847843790179,
                    '1_fnr': 0.77309409419495034,
                    '1_fpr': 0.022793901744966732,
                    'acc': 0.80813194444444447,
                    'fnr_diff': 0.016858591505188297,
                    'fpr_diff': 0.0053245766929350567},
  'test_results': {'fnr_diff': 0.0024147856460871877,
                   'fpr_diff': 0.0010750181326414931,
                   'll': -11256.865686169396,
                   'objective': 11257.912627303014},
  'train_results': {'fnr_diff': 0.0028300761112794782,
                    'fpr_diff': 0.00078486925951728927,
                    'll': -2789.2307355326143,
                    'objective': 2790.3152191438535,
                    'w': array([[ -9.10428174e-07],
       [  5.94059071e-02],
       [ -9.70140288e-02],
       [ -2.07113935e-01],
       [  6.25848645e-03],
       [  5.40272516e-01],
       [  6.46150363e-02],
       [  8.60164206e-02],
       [ -1.07070491e-02],
       [  5.96334531e-02],
       [  6.19370220e-03],
       [ -7.12271890e-06],
       [  1.45504670e-06],
       [  3.77912136e-06],
       [  9.08832673e-07],
       [ -2.04568617e-06],
       [  2.50745585e-06],
       [ -1.60026223e-05],
       [ -1.68042484e-05],
       [ -6.83269156e-06],
       [  6.58910272e-07],
       [ -4.55482221e-06],
       [ -1.20428848e-06],
       [ -7.28060219e-01]])},
  'weight': 300.0},
 {'gamma': 0.0,
  'test_measures': {'0_fnr': 0.78859754896858636,
                    '0_fpr': 0.02811847843790179,
                    '1_fnr': 0.7727106366007318,
                    '1_fpr': 0.022808410900243714,
                    'acc': 0.80813194444444447,
                    'fnr_diff': 0.017387988373872565,
                    'fpr_diff': 0.0053100675376580768},
  'test_results': {'fnr_diff': 0.0022718015702416013,
                   'fpr_diff': 0.0010608270716158455,
                   'll': -11257.124051277724,
                   'objective': 11258.19049244312},
  'train_results': {'fnr_diff': 0.0026298228352275663,
                    'fpr_diff': 0.00070064368703655485,
                    'll': -2789.3188472696406,
                    'objective': 2790.3845965567652,
                    'w': array([[ -9.10032828e-07],
       [  6.12415023e-02],
       [ -9.70002067e-02],
       [ -2.07024744e-01],
       [  6.25853471e-03],
       [  5.40244394e-01],
       [  6.47231350e-02],
       [  8.59142615e-02],
       [ -1.06368471e-02],
       [  5.95704800e-02],
       [  6.13904548e-03],
       [ -7.12339319e-06],
       [  1.45330638e-06],
       [  3.78450796e-06],
       [  9.06637549e-07],
       [ -2.04407388e-06],
       [  2.50539160e-06],
       [ -1.60093504e-05],
       [ -1.68060016e-05],
       [ -6.83620589e-06],
       [  6.60504277e-07],
       [ -4.55262415e-06],
       [ -1.20760722e-06],
       [ -7.29358213e-01]])},
  'weight': 320.0},
 {'gamma': 0.0,
  'test_measures': {'0_fnr': 0.78687710307458214,
                    '0_fpr': 0.028616810501711543,
                    '1_fnr': 0.77278937375036671,
                    '1_fpr': 0.022899317816298927,
                    'acc': 0.807925,
                    'fnr_diff': 0.015889020531437127,
                    'fpr_diff': 0.0057174926854126167},
  'test_results': {'fnr_diff': 0.0025468504437125743,
                   'fpr_diff': 0.0010983298060354436,
                   'll': -11256.026921188371,
                   'objective': 11257.266282473287},
  'train_results': {'fnr_diff': 0.0021418936109818048,
                    'fpr_diff': 0.00073965445363670748,
                    'll': -2781.3536399182349,
                    'objective': 2782.3333662602054,
                    'w': array([[ -8.73138901e-07],
       [  6.10870022e-02],
       [ -8.86475359e-02],
       [ -1.81736364e-01],
       [  6.06546933e-03],
       [  5.43332139e-01],
       [  6.58189189e-02],
       [  9.78402086e-02],
       [ -1.92054381e-02],
       [  6.63789157e-02],
       [  1.27591926e-03],
       [ -7.61555626e-06],
       [  2.91931368e-06],
       [  3.91766503e-06],
       [  1.94858319e-07],
       [ -2.39917901e-06],
       [  2.48693801e-06],
       [ -1.59001130e-05],
       [ -1.85811978e-05],
       [ -4.90887678e-06],
       [  2.08015888e-07],
       [ -4.52779108e-06],
       [ -1.38959222e-06],
       [ -7.94451091e-01]])},
  'weight': 340.0},
 {'gamma': 0.0,
  'test_measures': {'0_fnr': 0.78918194221357629,
                    '0_fpr': 0.028002917098122984,
                    '1_fnr': 0.77226853629038017,
                    '1_fpr': 0.022837406690375817,
                    'acc': 0.80815277777777783,
                    'fnr_diff': 0.018160049355750534,
                    'fpr_diff': 0.0051655104077471736},
  'test_results': {'fnr_diff': 0.0020449166868725418,
                   'fpr_diff': 0.0010541373915148161,
                   'll': -11257.572293810697,
                   'objective': 11258.687953278917},
  'train_results': {'fnr_diff': 0.0023044677359410248,
                    'fpr_diff': 0.00057347553536263838,
                    'll': -2789.4722565014076,
                    'objective': 2790.5083160790768,
                    'w': array([[ -9.09244997e-07],
       [  6.43762184e-02],
       [ -9.69736071e-02],
       [ -2.06856734e-01],
       [  6.25828919e-03],
       [  5.40191721e-01],
       [  6.49315128e-02],
       [  8.57142559e-02],
       [ -1.04963520e-02],
       [  5.94451844e-02],
       [  6.03144860e-03],
       [ -7.12429907e-06],
       [  1.44971588e-06],
       [  3.79489201e-06],
       [  9.02330604e-07],
       [ -2.04108988e-06],
       [  2.50152383e-06],
       [ -1.60229566e-05],
       [ -1.68096912e-05],
       [ -6.84225005e-06],
       [  6.63661299e-07],
       [ -4.54841227e-06],
       [ -1.21406360e-06],
       [ -7.31610575e-01]])},
  'weight': 360.0},
 {'gamma': 0.0,
  'test_measures': {'0_fnr': 0.78991082851516026,
                    '0_fpr': 0.027979762518147069,
                    '1_fnr': 0.7720480417475164,
                    '1_fpr': 0.022895469885028202,
                    'acc': 0.80809027777777775,
                    'fnr_diff': 0.01896450266396621,
                    'fpr_diff': 0.0050842926331188714},
  'test_results': {'fnr_diff': 0.0019540229670094397,
                   'fpr_diff': 0.0010580929182424832,
                   'll': -11257.767980102901,
                   'objective': 11258.912584139296},
  'train_results': {'fnr_diff': 0.002170880849122848,
                    'fpr_diff': 0.00052518096765494856,
                    'll': -2789.5395109217338,
                    'objective': 2790.5640144121103,
                    'w': array([[ -9.08852506e-07],
       [  6.57248272e-02],
       [ -9.69607604e-02],
       [ -2.06777078e-01],
       [  6.25802859e-03],
       [  5.40166868e-01],
       [  6.50323673e-02],
       [  8.56161613e-02],
       [ -1.04261760e-02],
       [  5.93828920e-02],
       [  5.97842572e-03],
       [ -7.12457494e-06],
       [  1.44787955e-06],
       [  3.79991971e-06],
       [  9.00213177e-07],
       [ -2.03969358e-06],
       [  2.49969734e-06],
       [ -1.60298144e-05],
       [ -1.68116150e-05],
       [ -6.84487068e-06],
       [  6.65221886e-07],
       [ -4.54638358e-06],
       [ -1.21721232e-06],
       [ -7.32596334e-01]])},
  'weight': 380.0},
 {'gamma': 0.0,
  'test_measures': {'0_fnr': 0.79034811087786105,
                    '0_fpr': 0.027933549661730412,
                    '1_fnr': 0.77177554939166404,
                    '1_fpr': 0.022895469885028202,
                    'acc': 0.80809722222222213,
                    'fnr_diff': 0.019384422310055622,
                    'fpr_diff': 0.0050380797767022164},
  'test_results': {'fnr_diff': 0.0018747441243590875,
                   'fpr_diff': 0.0010652865806608798,
                   'll': -11257.94759001081,
                   'objective': 11259.123602292821},
  'train_results': {'fnr_diff': 0.0020524944631537369,
                    'fpr_diff': 0.00048451554533782316,
                    'll': -2789.601506411132,
                    'objective': 2790.6163104145289,
                    'w': array([[ -9.08461567e-07],
       [  6.69533065e-02],
       [ -9.69481241e-02],
       [ -2.06699730e-01],
       [  6.25769376e-03],
       [  5.40142666e-01],
       [  6.51313017e-02],
       [  8.55192161e-02],
       [ -1.03561316e-02],
       [  5.93208351e-02],
       [  5.92588105e-03],
       [ -7.12475014e-06],
       [  1.44602471e-06],
       [  3.80484694e-06],
       [  8.98117663e-07],
       [ -2.03835143e-06],
       [  2.49792957e-06],
       [ -1.60366741e-05],
       [ -1.68135535e-05],
       [ -6.84726422e-06],
       [  6.66772132e-07],
       [ -4.54439501e-06],
       [ -1.22031463e-06],
       [ -7.33505034e-01]])},
  'weight': 400.0}]

