default dataset with protected value gender

The result for squared relaxation:

[{'gamma': 6.0,
  'test_measures': {'0_fnr': 0.7294793469378259,
                    '0_fpr': 0.039650048727019438,
                    '1_fnr': 0.79030701797006808,
                    '1_fpr': 0.020731445055352571,
                    'acc': 0.80920833333333331,
                    'fnr_diff': 0.06082767103224216,
                    'fpr_diff': 0.01891860367166686},
  'test_results': {'fnr_diff': 0.070496996255008895,
                   'fpr_diff': 0.050485043307149556,
                   'll': -11296.224572813042,
                   'objective': 11296.224572813042},
  'train_results': {'fnr_diff': 0.066388808658898832,
                    'fpr_diff': 0.06359026148306024,
                    'll': -2772.2246295403688,
                    'objective': 2775.1574994339289,
                    'w': array([[ -1.20034599e-06],
       [ -1.77393746e-01],
       [ -1.30286960e-01],
       [ -3.50816890e-01],
       [ -2.65378722e-04],
       [  5.41435184e-01],
       [  7.76414200e-02],
       [  3.53390886e-02],
       [  1.42245419e-02],
       [  7.04760138e-02],
       [ -2.90136277e-03],
       [ -6.42394149e-06],
       [  1.59963852e-07],
       [  3.52064064e-06],
       [ -7.09048620e-07],
       [  1.24110250e-06],
       [  2.31519786e-06],
       [ -1.77638564e-05],
       [ -1.75058358e-05],
       [ -7.03868297e-06],
       [ -3.02554050e-06],
       [ -9.18450082e-06],
       [ -1.08047893e-06]])},
  'weight': 0.0},
 {'gamma': 5.0,
  'test_measures': {'0_fnr': 0.73254040744885318,
                    '0_fpr': 0.038958501645823464,
                    '1_fnr': 0.7864619219927137,
                    '1_fpr': 0.021167315761095727,
                    'acc': 0.8093999999999999,
                    'fnr_diff': 0.053921514543860495,
                    'fpr_diff': 0.017791185884727726},
  'test_results': {'fnr_diff': 0.061008968445861643,
                   'fpr_diff': 0.042529304211893583,
                   'll': -11296.288653370875,
                   'objective': 11296.806344734165},
  'train_results': {'fnr_diff': 0.05708149303486458,
                    'fpr_diff': 0.054510322885084103,
                    'll': -2772.2802562983811,
                    'objective': 2775.2720479295376,
                    'w': array([[ -1.20233438e-06],
       [ -1.58976515e-01],
       [ -1.31087563e-01],
       [ -3.54560476e-01],
       [ -3.61747755e-04],
       [  5.42709825e-01],
       [  7.73323640e-02],
       [  3.51618970e-02],
       [  1.39282136e-02],
       [  7.09435860e-02],
       [ -3.37666264e-03],
       [ -6.43005905e-06],
       [  1.51413152e-07],
       [  3.53451462e-06],
       [ -7.15538851e-07],
       [  1.25103997e-06],
       [  2.30861910e-06],
       [ -1.77166739e-05],
       [ -1.74833994e-05],
       [ -7.07442337e-06],
       [ -3.02136358e-06],
       [ -9.18534498e-06],
       [ -1.08338230e-06]])},
  'weight': 5.0},
 {'gamma': 4.0,
  'test_measures': {'0_fnr': 0.73585904621002718,
                    '0_fpr': 0.038322119068525624,
                    '1_fnr': 0.78380971457350535,
                    '1_fpr': 0.021760191471996326,
                    'acc': 0.80932500000000007,
                    'fnr_diff': 0.047950668363478235,
                    'fpr_diff': 0.016561927596529299},
  'test_results': {'fnr_diff': 0.053350173011167956,
                   'fpr_diff': 0.036196408519169734,
                   'll': -11296.616269559279,
                   'objective': 11297.511735374585},
  'train_results': {'fnr_diff': 0.049580289257775308,
                    'fpr_diff': 0.047205975827894299,
                    'll': -2772.3934268569365,
                    'objective': 2775.3053999734489,
                    'w': array([[ -1.20394277e-06],
       [ -1.42969260e-01],
       [ -1.31815716e-01],
       [ -3.58044315e-01],
       [ -4.38481080e-04],
       [  5.44055637e-01],
       [  7.70072822e-02],
       [  3.50129956e-02],
       [  1.36282868e-02],
       [  7.14199223e-02],
       [ -3.84160387e-03],
       [ -6.43481978e-06],
       [  1.43657971e-07],
       [  3.54674484e-06],
       [ -7.21606979e-07],
       [  1.25893894e-06],
       [  2.30316753e-06],
       [ -1.76731963e-05],
       [ -1.74616143e-05],
       [ -7.10459557e-06],
       [ -3.01597420e-06],
       [ -9.18519894e-06],
       [ -1.08550593e-06]])},
  'weight': 10.0},
 {'gamma': 4.0,
  'test_measures': {'0_fnr': 0.7379562128492323,
                    '0_fpr': 0.037713115711996453,
                    '1_fnr': 0.78175551537170196,
                    '1_fpr': 0.022266081926273065,
                    'acc': 0.80932500000000007,
                    'fnr_diff': 0.043799302522469774,
                    'fpr_diff': 0.015447033785723392},
  'test_results': {'fnr_diff': 0.04677876343990494,
                   'fpr_diff': 0.030845427588583239,
                   'll': -11297.121107459596,
                   'objective': 11298.285470325023},
  'train_results': {'fnr_diff': 0.043196788143067218,
                    'fpr_diff': 0.040992078410984747,
                    'll': -2772.5615002763443,
                    'objective': 2775.7567188026846,
                    'w': array([[ -1.20673278e-06],
       [ -1.28427043e-01],
       [ -1.32372394e-01],
       [ -3.59871728e-01],
       [ -5.45890833e-04],
       [  5.43789258e-01],
       [  7.71175263e-02],
       [  3.48781906e-02],
       [  1.36330139e-02],
       [  7.14722485e-02],
       [ -3.95393431e-03],
       [ -6.44303512e-06],
       [  1.40654171e-07],
       [  3.55808909e-06],
       [ -7.26000670e-07],
       [  1.26810145e-06],
       [  2.29750503e-06],
       [ -1.76594437e-05],
       [ -1.74606627e-05],
       [ -7.13634855e-06],
       [ -3.01775721e-06],
       [ -9.19101678e-06],
       [ -1.08916394e-06]])},
  'weight': 15.0},
 {'gamma': 3.0,
  'test_measures': {'0_fnr': 0.74066699831928684,
                    '0_fpr': 0.037187453135857369,
                    '1_fnr': 0.77943787477148274,
                    '1_fpr': 0.022614728713417402,
                    'acc': 0.80935000000000001,
                    'fnr_diff': 0.038770876452195992,
                    'fpr_diff': 0.014572724422439964},
  'test_results': {'fnr_diff': 0.041648731767930117,
                   'fpr_diff': 0.026726332671455744,
                   'll': -11297.719229222977,
                   'objective': 11299.086730511766},
  'train_results': {'fnr_diff': 0.038185791115388737,
                    'fpr_diff': 0.036131905049962568,
                    'll': -2772.730208477512,
                    'objective': 2775.6687115361633,
                    'w': array([[ -1.20772788e-06],
       [ -1.16122636e-01],
       [ -1.32981961e-01],
       [ -3.62938503e-01],
       [ -5.93189911e-04],
       [  5.45231825e-01],
       [  7.67692878e-02],
       [  3.47689789e-02],
       [  1.33293351e-02],
       [  7.19545184e-02],
       [ -4.39972448e-03],
       [ -6.44573900e-06],
       [  1.34020223e-07],
       [  3.56782770e-06],
       [ -7.31385131e-07],
       [  1.27303319e-06],
       [  2.29370912e-06],
       [ -1.76212558e-05],
       [ -1.74397324e-05],
       [ -7.15808920e-06],
       [ -3.01072133e-06],
       [ -9.18923862e-06],
       [ -1.09015632e-06]])},
  'weight': 20.0},
 {'gamma': 3.0,
  'test_measures': {'0_fnr': 0.74381259754773144,
                    '0_fpr': 0.03680030063201023,
                    '1_fnr': 0.77784903236241498,
                    '1_fpr': 0.022823946432242673,
                    'acc': 0.80926666666666658,
                    'fnr_diff': 0.034036434814683658,
                    'fpr_diff': 0.01397635419976756},
  'test_results': {'fnr_diff': 0.037162961489346939,
                   'fpr_diff': 0.023182024701598719,
                   'll': -11298.379852281909,
                   'objective': 11299.888476936683},
  'train_results': {'fnr_diff': 0.033847895803238902,
                    'fpr_diff': 0.031924119781394422,
                    'll': -2772.9267724295864,
                    'objective': 2776.0182665130296,
                    'w': array([[ -1.20991448e-06],
       [ -1.04873378e-01],
       [ -1.33420452e-01],
       [ -3.64367137e-01],
       [ -6.75994891e-04],
       [  5.45036659e-01],
       [  7.68629018e-02],
       [  3.46632663e-02],
       [  1.33341668e-02],
       [  7.19988346e-02],
       [ -4.48840430e-03],
       [ -6.45228378e-06],
       [  1.31806958e-07],
       [  3.57707838e-06],
       [ -7.35134012e-07],
       [  1.27989378e-06],
       [  2.28942152e-06],
       [ -1.76116582e-05],
       [ -1.74394684e-05],
       [ -7.18273796e-06],
       [ -3.01153735e-06],
       [ -9.19354070e-06],
       [ -1.09292584e-06]])},
  'weight': 25.0},
 {'gamma': 4.0,
  'test_measures': {'0_fnr': 0.74643357367451191,
                    '0_fpr': 0.036274130435088245,
                    '1_fnr': 0.77652350138512749,
                    '1_fpr': 0.0229111471785211,
                    'acc': 0.80930000000000002,
                    'fnr_diff': 0.030089927710615406,
                    'fpr_diff': 0.013362983256567141},
  'test_results': {'fnr_diff': 0.033272534007682583,
                   'fpr_diff': 0.020160299661136253,
                   'll': -11299.073261415422,
                   'objective': 11300.676246425486},
  'train_results': {'fnr_diff': 0.030126061064790027,
                    'fpr_diff': 0.028313086681660476,
                    'll': -2773.1430396488895,
                    'objective': 2776.8084010539001,
                    'w': array([[ -1.21321544e-06],
       [ -9.47176824e-02],
       [ -1.33669247e-01],
       [ -3.64136057e-01],
       [ -7.95702833e-04],
       [  5.43203610e-01],
       [  7.73951355e-02],
       [  3.45584764e-02],
       [  1.36441388e-02],
       [  7.16008077e-02],
       [ -4.21837334e-03],
       [ -6.46283204e-06],
       [  1.33727468e-07],
       [  3.58598696e-06],
       [ -7.37224850e-07],
       [  1.28905614e-06],
       [  2.28458632e-06],
       [ -1.76299992e-05],
       [ -1.74597134e-05],
       [ -7.21078147e-06],
       [ -3.02073775e-06],
       [ -9.20383723e-06],
       [ -1.09757612e-06]])},
  'weight': 30.0},
 {'gamma': 4.0,
  'test_measures': {'0_fnr': 0.7475696829837174,
                    '0_fpr': 0.03583185951856975,
                    '1_fnr': 0.77459908249112108,
                    '1_fpr': 0.023155602015826688,
                    'acc': 0.80945,
                    'fnr_diff': 0.027029399507403729,
                    'fpr_diff': 0.012676257502743061},
  'test_results': {'fnr_diff': 0.030137116159803544,
                   'fpr_diff': 0.017761170254162597,
                   'll': -11299.763257199844,
                   'objective': 11301.43969722433},
  'train_results': {'fnr_diff': 0.027104534535824155,
                    'fpr_diff': 0.025393693378393218,
                    'll': -2773.3393894172395,
                    'objective': 2777.0853331480653,
                    'w': array([[ -1.21491041e-06],
       [ -8.58994990e-02],
       [ -1.34009591e-01],
       [ -3.65257863e-01],
       [ -8.61286028e-04],
       [  5.43056598e-01],
       [  7.74739832e-02],
       [  3.44722692e-02],
       [  1.36469965e-02],
       [  7.16361776e-02],
       [ -4.28882203e-03],
       [ -6.46819966e-06],
       [  1.31925910e-07],
       [  3.59376062e-06],
       [ -7.40473933e-07],
       [  1.29444126e-06],
       [  2.28125146e-06],
       [ -1.76229670e-05],
       [ -1.74597219e-05],
       [ -7.23046434e-06],
       [ -3.02112516e-06],
       [ -9.20691684e-06],
       [ -1.09975525e-06]])},
  'weight': 35.0},
 {'gamma': 4.0,
  'test_measures': {'0_fnr': 0.7493188411261883,
                    '0_fpr': 0.035527152067601771,
                    '1_fnr': 0.77300988828263639,
                    '1_fpr': 0.023295038881312187,
                    'acc': 0.80950833333333327,
                    'fnr_diff': 0.023691047156448052,
                    'fpr_diff': 0.01223211318628958},
  'test_results': {'fnr_diff': 0.027462498013569325,
                   'fpr_diff': 0.015747041620371154,
                   'll': -11300.445871970402,
                   'objective': 11302.174253555759},
  'train_results': {'fnr_diff': 0.024532136000085431,
                    'fpr_diff': 0.022912858914850474,
                    'll': -2773.5312941232883,
                    'objective': 2777.3348595968478,
                    'w': array([[ -1.21643074e-06],
       [ -7.79823003e-02],
       [ -1.34315415e-01],
       [ -3.66267261e-01],
       [ -9.20265465e-04],
       [  5.42926584e-01],
       [  7.75474696e-02],
       [  3.43936143e-02],
       [  1.36494709e-02],
       [  7.16686045e-02],
       [ -4.35268822e-03],
       [ -6.47309670e-06],
       [  1.30314432e-07],
       [  3.60095668e-06],
       [ -7.43534424e-07],
       [  1.29922958e-06],
       [  2.27827499e-06],
       [ -1.76169712e-05],
       [ -1.74598045e-05],
       [ -7.24823371e-06],
       [ -3.02128110e-06],
       [ -9.20955402e-06],
       [ -1.10170389e-06]])},
  'weight': 40.0},
 {'gamma': 4.0,
  'test_measures': {'0_fnr': 0.75167668801556231,
                    '0_fpr': 0.035221994958195738,
                    '1_fnr': 0.7714866306735948,
                    '1_fpr': 0.023452011466738247,
                    'acc': 0.80949166666666683,
                    'fnr_diff': 0.019809942658032598,
                    'fpr_diff': 0.011769983491457494},
  'test_results': {'fnr_diff': 0.025162014651136842,
                   'fpr_diff': 0.014042392121997718,
                   'll': -11301.112972541994,
                   'objective': 11302.877170846787},
  'train_results': {'fnr_diff': 0.022323905378478177,
                    'fpr_diff': 0.020787186960155711,
                    'll': -2773.7172327080357,
                    'objective': 2777.5609795316536,
                    'w': array([[ -1.21780237e-06],
       [ -7.08349132e-02],
       [ -1.34591568e-01],
       [ -3.67180091e-01],
       [ -9.73602896e-04],
       [  5.42810242e-01],
       [  7.76162907e-02],
       [  3.43212717e-02],
       [  1.36516645e-02],
       [  7.16983921e-02],
       [ -4.41089694e-03],
       [ -6.47758349e-06],
       [  1.28867158e-07],
       [  3.60765847e-06],
       [ -7.46432926e-07],
       [  1.30349887e-06],
       [  2.27560152e-06],
       [ -1.76117900e-05],
       [ -1.74599600e-05],
       [ -7.26432661e-06],
       [ -3.02123478e-06],
       [ -9.21175719e-06],
       [ -1.10345200e-06]])},
  'weight': 45.0},
 {'gamma': 4.0,
  'test_measures': {'0_fnr': 0.7535117329154829,
                    '0_fpr': 0.034889608279396661,
                    '1_fnr': 0.7701578170463661,
                    '1_fpr': 0.023591526033639863,
                    'acc': 0.80951666666666677,
                    'fnr_diff': 0.01664608413088333,
                    'fpr_diff': 0.011298082245756798},
  'test_results': {'fnr_diff': 0.023168554703621426,
                   'fpr_diff': 0.012589141129031931,
                   'll': -11301.760000035347,
                   'objective': 11303.547884826979},
  'train_results': {'fnr_diff': 0.020414084907573727,
                    'fpr_diff': 0.018952192140582681,
                    'll': -2773.8963461125995,
                    'objective': 2777.7669504816477,
                    'w': array([[ -1.21904289e-06],
       [ -6.43505132e-02],
       [ -1.34842086e-01],
       [ -3.68009603e-01],
       [ -1.02207729e-03],
       [  5.42705435e-01],
       [  7.76810250e-02],
       [  3.42544146e-02],
       [  1.36535512e-02],
       [  7.17258891e-02],
       [ -4.46426832e-03],
       [ -6.48170962e-06],
       [  1.27559872e-07],
       [  3.61392370e-06],
       [ -7.49190339e-07],
       [  1.30733210e-06],
       [  2.27318349e-06],
       [ -1.76073382e-05],
       [ -1.74601184e-05],
       [ -7.27899992e-06],
       [ -3.02101287e-06],
       [ -9.21363185e-06],
       [ -1.10502996e-06]])},
  'weight': 50.0}]

The result for absolute value relaxation:

[{'gamma': 6.0,
  'test_measures': {'0_fnr': 0.7294793469378259,
                    '0_fpr': 0.039650048727019438,
                    '1_fnr': 0.79030701797006808,
                    '1_fpr': 0.020731445055352571,
                    'acc': 0.80920833333333331,
                    'fnr_diff': 0.06082767103224216,
                    'fpr_diff': 0.01891860367166686},
  'test_results': {'fnr_diff': 0.25672125544808388,
                   'fpr_diff': 0.21785615295915495,
                   'll': -11296.224572813042,
                   'objective': 11296.224572813042},
  'train_results': {'fnr_diff': 0.25746402586803063,
                    'fpr_diff': 0.24539998924420492,
                    'll': -2772.2246295403688,
                    'objective': 2775.1574994339289,
                    'w': array([[ -1.20034599e-06],
       [ -1.77393746e-01],
       [ -1.30286960e-01],
       [ -3.50816890e-01],
       [ -2.65378722e-04],
       [  5.41435184e-01],
       [  7.76414200e-02],
       [  3.53390886e-02],
       [  1.42245419e-02],
       [  7.04760138e-02],
       [ -2.90136277e-03],
       [ -6.42394149e-06],
       [  1.59963852e-07],
       [  3.52064064e-06],
       [ -7.09048620e-07],
       [  1.24110250e-06],
       [  2.31519786e-06],
       [ -1.77638564e-05],
       [ -1.75058358e-05],
       [ -7.03868297e-06],
       [ -3.02554050e-06],
       [ -9.18450082e-06],
       [ -1.08047893e-06]])},
  'weight': 0.0},
 {'gamma': 4.0,
  'test_measures': {'0_fnr': 0.73690571096229274,
                    '0_fpr': 0.038128033148548165,
                    '1_fnr': 0.78301289500540128,
                    '1_fpr': 0.02191688590270454,
                    'acc': 0.80930833333333341,
                    'fnr_diff': 0.046107184043108582,
                    'fpr_diff': 0.016211147245843625},
  'test_results': {'fnr_diff': 0.21601802043894275,
                   'fpr_diff': 0.17723625059701575,
                   'll': -11297.053878745539,
                   'objective': 11299.02015010072},
  'train_results': {'fnr_diff': 0.21664944643609343,
                    'fpr_diff': 0.20455389160932444,
                    'll': -2772.4481122225852,
                    'objective': 2776.4953487680746,
                    'w': array([[ -1.20514558e-06],
       [ -1.37303853e-01],
       [ -1.32059499e-01],
       [ -3.58761194e-01],
       [ -4.79129999e-04],
       [  5.43990142e-01],
       [  7.70195231e-02],
       [  3.49949767e-02],
       [  1.36305063e-02],
       [  7.14140309e-02],
       [ -3.85717839e-03],
       [ -6.43760283e-06],
       [  1.40236231e-07],
       [  3.54918383e-06],
       [ -7.19418987e-07],
       [  1.26147695e-06],
       [  2.30210747e-06],
       [ -1.76594445e-05],
       [ -1.74633577e-05],
       [ -7.11672589e-06],
       [ -3.02153057e-06],
       [ -9.18835975e-06],
       [ -1.08662139e-06]])},
  'weight': 5.0},
 {'gamma': 4.0,
  'test_measures': {'0_fnr': 0.74546595686613215,
                    '0_fpr': 0.036245815681716018,
                    '1_fnr': 0.77644708406464558,
                    '1_fpr': 0.022928428944420192,
                    'acc': 0.80940000000000012,
                    'fnr_diff': 0.030981127198513314,
                    'fpr_diff': 0.013317386737295819},
  'test_results': {'fnr_diff': 0.1728083439076967,
                   'fpr_diff': 0.1341111513167994,
                   'll': -11299.567849546136,
                   'objective': 11302.637044498382},
  'train_results': {'fnr_diff': 0.17336986581885513,
                    'fpr_diff': 0.16130334214639003,
                    'll': -2773.122422669368,
                    'objective': 2778.3851029431362,
                    'w': array([[ -1.21347220e-06],
       [ -9.49597070e-02],
       [ -1.33722038e-01],
       [ -3.64121598e-01],
       [ -7.90635770e-04],
       [  5.43306051e-01],
       [  7.73063761e-02],
       [  3.46495185e-02],
       [  1.36465007e-02],
       [  7.15460586e-02],
       [ -4.15170536e-03],
       [ -6.46139313e-06],
       [  1.29002253e-07],
       [  3.57959307e-06],
       [ -7.27676420e-07],
       [  1.28750793e-06],
       [  2.28696165e-06],
       [ -1.76110984e-05],
       [ -1.74647905e-05],
       [ -7.20968139e-06],
       [ -3.03293544e-06],
       [ -9.20760838e-06],
       [ -1.09692771e-06]])},
  'weight': 10.0},
 {'gamma': 5.0,
  'test_measures': {'0_fnr': 0.75568638487284967,
                    '0_fpr': 0.034140849441518198,
                    '1_fnr': 0.76835510277818564,
                    '1_fpr': 0.023748018410670417,
                    'acc': 0.80968333333333342,
                    'fnr_diff': 0.017800839126261493,
                    'fpr_diff': 0.010392831030847783},
  'test_results': {'fnr_diff': 0.12942323195937774,
                   'fpr_diff': 0.090810077045996501,
                   'll': -11303.795404257093,
                   'objective': 11307.098903892173},
  'train_results': {'fnr_diff': 0.12992988288421525,
                    'fpr_diff': 0.11792219740965892,
                    'll': -2774.2320623413466,
                    'objective': 2780.3167214604096,
                    'w': array([[ -1.22316990e-06],
       [ -5.25608866e-02],
       [ -1.35239236e-01],
       [ -3.68026989e-01],
       [ -1.14993941e-03],
       [  5.41067774e-01],
       [  7.80455483e-02],
       [  3.43025216e-02],
       [  1.39608502e-02],
       [  7.12611297e-02],
       [ -4.10183391e-03],
       [ -6.49098145e-06],
       [  1.21058429e-07],
       [  3.61122045e-06],
       [ -7.34791735e-07],
       [  1.31741785e-06],
       [  2.27114214e-06],
       [ -1.75910942e-05],
       [ -1.74900040e-05],
       [ -7.31100046e-06],
       [ -3.05415929e-06],
       [ -9.23469389e-06],
       [ -1.10941679e-06]])},
  'weight': 15.0},
 {'gamma': 5.0,
  'test_measures': {'0_fnr': 0.76416013692646723,
                    '0_fpr': 0.03250543717372343,
                    '1_fnr': 0.76218838896458796,
                    '1_fpr': 0.024951209895597563,
                    'acc': 0.80956666666666666,
                    'fnr_diff': 0.018413536823709407,
                    'fpr_diff': 0.0075542272781258593},
  'test_results': {'fnr_diff': 0.088082733138742916,
                   'fpr_diff': 0.058516602585238296,
                   'll': -11309.561963746151,
                   'objective': 11312.493950460632},
  'train_results': {'fnr_diff': 0.087402606312472736,
                    'fpr_diff': 0.075433730862995568,
                    'll': -2775.7115321915926,
                    'objective': 2781.3408990109101,
                    'w': array([[ -1.23142635e-06],
       [ -1.09492941e-02],
       [ -1.36892814e-01],
       [ -3.73402580e-01],
       [ -1.46012982e-03],
       [  5.40575354e-01],
       [  7.83631700e-02],
       [  3.39651236e-02],
       [  1.39888858e-02],
       [  7.14105687e-02],
       [ -4.39096373e-03],
       [ -6.51653399e-06],
       [  1.09503632e-07],
       [  3.64312880e-06],
       [ -7.43654799e-07],
       [  1.34393103e-06],
       [  2.25643975e-06],
       [ -1.75504030e-05],
       [ -1.74980160e-05],
       [ -7.40683666e-06],
       [ -3.06679427e-06],
       [ -9.25563588e-06],
       [ -1.12000253e-06]])},
  'weight': 20.0},
 {'gamma': 6.0,
  'test_measures': {'0_fnr': 0.77026910947777427,
                    '0_fpr': 0.031258926454024519,
                    '1_fnr': 0.75762835248332672,
                    '1_fpr': 0.025771268381651669,
                    'acc': 0.80954166666666649,
                    'fnr_diff': 0.018051465373068655,
                    'fpr_diff': 0.0054876580723728485},
  'test_results': {'fnr_diff': 0.05622386517865513,
                   'fpr_diff': 0.04123235671884895,
                   'll': -11314.929467757564,
                   'objective': 11317.365873305},
  'train_results': {'fnr_diff': 0.052897778561937392,
                    'fpr_diff': 0.041208714583648928,
                    'll': -2777.2595034308365,
                    'objective': 2782.4569193479192,
                    'w': array([[ -1.23805035e-06],
       [  2.25475920e-02],
       [ -1.37952012e-01],
       [ -3.76155417e-01],
       [ -1.76774971e-03],
       [  5.38550578e-01],
       [  7.91303269e-02],
       [  3.35411757e-02],
       [  1.44488989e-02],
       [  7.10717786e-02],
       [ -4.32742656e-03],
       [ -6.54124159e-06],
       [  1.07373688e-07],
       [  3.67660939e-06],
       [ -7.54061476e-07],
       [  1.36957755e-06],
       [  2.23559065e-06],
       [ -1.75823857e-05],
       [ -1.75263484e-05],
       [ -7.49878767e-06],
       [ -3.08193310e-06],
       [ -9.27606918e-06],
       [ -1.13762564e-06]])},
  'weight': 25.0},
 {'gamma': 3.0,
  'test_measures': {'0_fnr': 0.77420218505354366,
                    '0_fpr': 0.030456062255028817,
                    '1_fnr': 0.75259895240379704,
                    '1_fpr': 0.026591038013328794,
                    'acc': 0.80964999999999987,
                    'fnr_diff': 0.021603232649746597,
                    'fpr_diff': 0.003865024241700024},
  'test_results': {'fnr_diff': 0.049677503383364824,
                   'fpr_diff': 0.034617235098661617,
                   'll': -11319.029913112736,
                   'objective': 11321.558755267197},
  'train_results': {'fnr_diff': 0.030659262409263303,
                    'fpr_diff': 0.019242838782315488,
                    'll': -2778.3899466706671,
                    'objective': 2781.3474346843263,
                    'w': array([[ -1.23796186e-06],
       [  4.45046733e-02],
       [ -1.39446693e-01],
       [ -3.83632439e-01],
       [ -1.78869895e-03],
       [  5.43184746e-01],
       [  7.82757037e-02],
       [  3.31349405e-02],
       [  1.37549629e-02],
       [  7.24831795e-02],
       [ -5.76050269e-03],
       [ -6.54173283e-06],
       [  9.90273032e-08],
       [  3.70567253e-06],
       [ -7.74110212e-07],
       [  1.37400869e-06],
       [  2.21967363e-06],
       [ -1.75600869e-05],
       [ -1.74546185e-05],
       [ -7.52126349e-06],
       [ -3.04594372e-06],
       [ -9.26302609e-06],
       [ -1.14685876e-06]])},
  'weight': 30.0},
 {'gamma': 3.0,
  'test_measures': {'0_fnr': 0.77428967249168235,
                    '0_fpr': 0.030456012371236945,
                    '1_fnr': 0.75253252981292351,
                    '1_fpr': 0.026573627026996414,
                    'acc': 0.80965833333333337,
                    'fnr_diff': 0.021757142678758924,
                    'fpr_diff': 0.0038823853442405297},
  'test_results': {'fnr_diff': 0.049766137496301897,
                   'fpr_diff': 0.034716533689284866,
                   'll': -11319.259784245731,
                   'objective': 11322.216677737228},
  'train_results': {'fnr_diff': 0.030047707442858267,
                    'fpr_diff': 0.019146358328239368,
                    'll': -2778.4137345509807,
                    'objective': 2781.595176747388,
                    'w': array([[ -1.23704091e-06],
       [  4.47995454e-02],
       [ -1.39438583e-01],
       [ -3.83544661e-01],
       [ -1.79992933e-03],
       [  5.42964301e-01],
       [  7.86666928e-02],
       [  3.27026076e-02],
       [  1.38030905e-02],
       [  7.25654072e-02],
       [ -6.12137930e-03],
       [ -6.54787287e-06],
       [  9.94451956e-08],
       [  3.73692401e-06],
       [ -7.80360137e-07],
       [  1.37355397e-06],
       [  2.20221552e-06],
       [ -1.76113499e-05],
       [ -1.75284752e-05],
       [ -7.51022946e-06],
       [ -3.02013294e-06],
       [ -9.23285527e-06],
       [ -1.14928328e-06]])},
  'weight': 35.0},
 {'gamma': 4.0,
  'test_measures': {'0_fnr': 0.77481449878537867,
                    '0_fpr': 0.030290238809839616,
                    '1_fnr': 0.75319715896533723,
                    '1_fpr': 0.026486432367919033,
                    'acc': 0.80961666666666665,
                    'fnr_diff': 0.021617339820041704,
                    'fpr_diff': 0.0038038064419205855},
  'test_results': {'fnr_diff': 0.049746615839079668,
                   'fpr_diff': 0.034702011006208337,
                   'll': -11319.216977992895,
                   'objective': 11322.594923066707},
  'train_results': {'fnr_diff': 0.029553161283126295,
                    'fpr_diff': 0.019034330712804852,
                    'll': -2778.448381369074,
                    'objective': 2782.324347365,
                    'w': array([[ -1.23734095e-06],
       [  4.49229962e-02],
       [ -1.39187803e-01],
       [ -3.81921229e-01],
       [ -1.86168805e-03],
       [  5.41108554e-01],
       [  7.95280374e-02],
       [  3.22968934e-02],
       [  1.41360814e-02],
       [  7.21566585e-02],
       [ -6.02802950e-03],
       [ -6.55799289e-06],
       [  1.04303763e-07],
       [  3.76515487e-06],
       [ -7.96372927e-07],
       [  1.37766463e-06],
       [  2.19304883e-06],
       [ -1.76698872e-05],
       [ -1.75562240e-05],
       [ -7.50596373e-06],
       [ -3.01033564e-06],
       [ -9.21500111e-06],
       [ -1.15024587e-06]])},
  'weight': 40.0},
 {'gamma': 4.0,
  'test_measures': {'0_fnr': 0.77481579595290306,
                    '0_fpr': 0.030234874468797114,
                    '1_fnr': 0.75333052227100816,
                    '1_fpr': 0.026469083557717425,
                    'acc': 0.80962499999999993,
                    'fnr_diff': 0.021485273681894856,
                    'fpr_diff': 0.003765790911079688},
  'test_results': {'fnr_diff': 0.0497127132483988,
                   'fpr_diff': 0.034646531870772712,
                   'll': -11319.07803785067,
                   'objective': 11322.874203881034},
  'train_results': {'fnr_diff': 0.02914858124791813,
                    'fpr_diff': 0.018938554686392099,
                    'll': -2778.4705000880904,
                    'objective': 2782.5660326748721,
                    'w': array([[ -1.23664473e-06],
       [  4.51132077e-02],
       [ -1.39150541e-01],
       [ -3.81918379e-01],
       [ -1.87222102e-03],
       [  5.40913309e-01],
       [  7.99826436e-02],
       [  3.19054822e-02],
       [  1.41849965e-02],
       [  7.21924715e-02],
       [ -6.27055533e-03],
       [ -6.56231900e-06],
       [  1.07031139e-07],
       [  3.79155064e-06],
       [ -8.17727104e-07],
       [  1.37702578e-06],
       [  2.18793694e-06],
       [ -1.76994500e-05],
       [ -1.75433964e-05],
       [ -7.49319423e-06],
       [ -2.99079472e-06],
       [ -9.19232506e-06],
       [ -1.14753333e-06]])},
  'weight': 45.0},
 {'gamma': 4.0,
  'test_measures': {'0_fnr': 0.77498997445458118,
                    '0_fpr': 0.030179491970502393,
                    '1_fnr': 0.75332922645156875,
                    '1_fpr': 0.026469114036268164,
                    'acc': 0.80962499999999993,
                    'fnr_diff': 0.021746013713154121,
                    'fpr_diff': 0.0037103779342342312},
  'test_results': {'fnr_diff': 0.049678895145526904,
                   'fpr_diff': 0.034591014776278503,
                   'll': -11318.950569551253,
                   'objective': 11323.164065047342},
  'train_results': {'fnr_diff': 0.028743809535727721,
                    'fpr_diff': 0.018843157701688602,
                    'll': -2778.4951005035564,
                    'objective': 2782.805225373731,
                    'w': array([[ -1.23594962e-06],
       [  4.53037261e-02],
       [ -1.39113346e-01],
       [ -3.81915399e-01],
       [ -1.88272080e-03],
       [  5.40718468e-01],
       [  8.04367184e-02],
       [  3.15145111e-02],
       [  1.42338926e-02],
       [  7.22284812e-02],
       [ -6.51280980e-03],
       [ -6.56665662e-06],
       [  1.09815146e-07],
       [  3.81785801e-06],
       [ -8.39056183e-07],
       [  1.37639660e-06],
       [  2.18285948e-06],
       [ -1.77296497e-05],
       [ -1.75304840e-05],
       [ -7.48067327e-06],
       [ -2.97141302e-06],
       [ -9.16975363e-06],
       [ -1.14492279e-06]])},
  'weight': 50.0}]