The result for squared relaxation:

[{'gamma': 14.0,
  'test_measures': {'0_fnr': 0.7836591743128396,
                    '0_fpr': 0.029153399868888985,
                    '1_fnr': 0.57111532451805247,
                    '1_fpr': 0.083701353937815054,
                    'acc': 0.80305017313784721,
                    'fnr_diff': 0.21254384979478705,
                    'fpr_diff': 0.054547954068926062},
  'test_results': {'fnr_diff': 2.7037701995371255,
                   'fpr_diff': 0.75739393950722711,
                   'll': -11571.578929250292,
                   'objective': 11571.578929250292},
  'train_results': {'fnr_diff': 1.4175428135367005,
                    'fpr_diff': 0.76603960568169627,
                    'll': -1266.9124795488476,
                    'objective': 1273.0219288382957,
                    'w': array([[  1.26906620e-02],
       [ -1.89011351e-01],
       [ -1.37183032e-06],
       [  2.20544281e-01],
       [ -3.27262734e-01],
       [ -1.68364543e-03],
       [ -3.78745332e-01],
       [ -1.40061687e-01],
       [  2.56579574e-01],
       [  3.32015934e-04],
       [  7.59412737e-04],
       [  5.46122832e-03],
       [ -5.58244447e-02]])},
  'weight': 0.0},
 {'gamma': 30.0,
  'test_measures': {'0_fnr': 0.70493551839608981,
                    '0_fpr': 0.053443769188809123,
                    '1_fnr': 0.63183512640025763,
                    '1_fpr': 0.061704290279284271,
                    'acc': 0.79632358358505861,
                    'fnr_diff': 0.07707549908750802,
                    'fpr_diff': 0.0095855916001142544},
  'test_results': {'fnr_diff': 0.61992088328082695,
                   'fpr_diff': 0.048547408054510931,
                   'll': -11816.751172204069,
                   'objective': 11883.598001337601},
  'train_results': {'fnr_diff': 0.062383138760772075,
                    'fpr_diff': 0.064641110834702462,
                    'll': -1300.3491409560552,
                    'objective': 1322.1726591689335,
                    'w': array([[  1.43782779e-02],
       [ -1.79727772e-01],
       [ -1.40619076e-06],
       [  2.19711034e-01],
       [ -2.97859438e-01],
       [ -1.96089050e-03],
       [ -2.41822637e-01],
       [ -1.23187847e-01],
       [ -1.77192673e-01],
       [  3.16205613e-04],
       [  7.63594770e-04],
       [  3.64076608e-03],
       [ -5.39359851e-02]])},
  'weight': 100.0},
 {'gamma': 10.0,
  'test_measures': {'0_fnr': 0.71353183331419234,
                    '0_fpr': 0.060620165943339653,
                    '1_fnr': 0.63009058717024602,
                    '1_fpr': 0.059190671238915894,
                    'acc': 0.79533817136963081,
                    'fnr_diff': 0.083441246143946324,
                    'fpr_diff': 0.0018529443316772781},
  'test_results': {'fnr_diff': 0.69233489180624386,
                   'fpr_diff': 0.013575118225019313,
                   'll': -11845.95561467341,
                   'objective': 11987.137616679662},
  'train_results': {'fnr_diff': 0.013715649077500211,
                    'fpr_diff': 0.025215760545623443,
                    'll': -1291.5255227305108,
                    'objective': 1304.2643345430965,
                    'w': array([[  1.40410639e-02],
       [ -1.90461781e-01],
       [ -1.51584316e-06],
       [  2.28376014e-01],
       [ -3.02856315e-01],
       [  1.19749056e-03],
       [ -3.07188452e-01],
       [ -1.25420892e-01],
       [ -3.70558578e-01],
       [  3.17295172e-04],
       [  7.53468035e-04],
       [  5.24023446e-03],
       [ -5.15553237e-02]])},
  'weight': 200.0},
 {'gamma': 30.0,
  'test_measures': {'0_fnr': 0.69193083340059047,
                    '0_fpr': 0.060944715126857653,
                    '1_fnr': 0.63978116576356303,
                    '1_fpr': 0.05870241330105351,
                    'acc': 0.79435644293818608,
                    'fnr_diff': 0.068124044859996569,
                    'fpr_diff': 0.0033432837100910119},
  'test_results': {'fnr_diff': 0.44674317937547092,
                   'fpr_diff': 0.0086575538718413215,
                   'll': -11934.855096781233,
                   'objective': 12071.475316755428},
  'train_results': {'fnr_diff': 0.012596464378023215,
                    'fpr_diff': 0.016839146627099039,
                    'll': -1314.2361856335451,
                    'objective': 1334.1753382782358,
                    'w': array([[  1.46565371e-02],
       [ -1.79142387e-01],
       [ -1.39670688e-06],
       [  2.21831248e-01],
       [ -2.94528928e-01],
       [ -1.73293344e-03],
       [ -2.23857629e-01],
       [ -1.21639101e-01],
       [ -2.59640945e-01],
       [  3.00759841e-04],
       [  7.66711149e-04],
       [  3.00996817e-03],
       [ -5.34118954e-02]])},
  'weight': 300.0},
 {'gamma': 30.0,
  'test_measures': {'0_fnr': 0.68933836663043024,
                    '0_fpr': 0.062531955372310169,
                    '1_fnr': 0.64114008869768646,
                    '1_fpr': 0.0581941475733882,
                    'acc': 0.79394385913210053,
                    'fnr_diff': 0.067303625205937759,
                    'fpr_diff': 0.0046031146705980772},
  'test_results': {'fnr_diff': 0.42166543450503868,
                   'fpr_diff': 0.0050000120736152119,
                   'll': -11960.730168053555,
                   'objective': 12131.396346685016},
  'train_results': {'fnr_diff': 0.0079593959072524062,
                    'fpr_diff': 0.011095217397072723,
                    'll': -1317.2181335895252,
                    'objective': 1336.5419295382637,
                    'w': array([[  1.46974329e-02],
       [ -1.78971356e-01],
       [ -1.39342513e-06],
       [  2.22216511e-01],
       [ -2.94139132e-01],
       [ -1.66796603e-03],
       [ -2.20837003e-01],
       [ -1.21338349e-01],
       [ -2.73138342e-01],
       [  2.97349300e-04],
       [  7.67522626e-04],
       [  2.88473619e-03],
       [ -5.33223380e-02]])},
  'weight': 400.0},
 {'gamma': 30.0,
  'test_measures': {'0_fnr': 0.68855273740474154,
                    '0_fpr': 0.063862749117079495,
                    '1_fnr': 0.6420466493794259,
                    '1_fpr': 0.057876660749961839,
                    'acc': 0.79354601046194662,
                    'fnr_diff': 0.066246435871492593,
                    'fpr_diff': 0.0059860883671176562},
  'test_results': {'fnr_diff': 0.40616767875218701,
                   'fpr_diff': 0.0032832369744094612,
                   'll': -11978.822444472402,
                   'objective': 12183.5479023357},
  'train_results': {'fnr_diff': 0.0055117208850962527,
                    'fpr_diff': 0.0078867728336415414,
                    'll': -1319.2925777364701,
                    'objective': 1338.1392319257659,
                    'w': array([[  1.47220003e-02],
       [ -1.78846554e-01],
       [ -1.39094283e-06],
       [  2.22468249e-01],
       [ -2.93946713e-01],
       [ -1.62069058e-03],
       [ -2.18843482e-01],
       [ -1.21138452e-01],
       [ -2.81608859e-01],
       [  2.95013411e-04],
       [  7.68134793e-04],
       [  2.79991916e-03],
       [ -5.32662701e-02]])},
  'weight': 500.0},
 {'gamma': 30.0,
  'test_measures': {'0_fnr': 0.68794786950134568,
                    '0_fpr': 0.064631002843624774,
                    '1_fnr': 0.64270882578592126,
                    '1_fpr': 0.057765620269084508,
                    'acc': 0.7932586753112798,
                    'fnr_diff': 0.067147528951218866,
                    'fpr_diff': 0.0068653825745402641},
  'test_results': {'fnr_diff': 0.3956461308188482,
                   'fpr_diff': 0.0024173426426729091,
                   'll': -11992.248626173478,
                   'objective': 12231.086710250389},
  'train_results': {'fnr_diff': 0.0040528408026821875,
                    'fpr_diff': 0.0059034149779031942,
                    'll': -1320.8268582638889,
                    'objective': 1339.2940218365131,
                    'w': array([[  1.47381831e-02],
       [ -1.78752009e-01],
       [ -1.38901539e-06],
       [  2.22645964e-01],
       [ -2.93846913e-01],
       [ -1.58486388e-03],
       [ -2.17415500e-01],
       [ -1.20995972e-01],
       [ -2.87391537e-01],
       [  2.93313694e-04],
       [  7.68615564e-04],
       [  2.73842172e-03],
       [ -5.32283009e-02]])},
  'weight': 600.0},
 {'gamma': 30.0,
  'test_measures': {'0_fnr': 0.68814028666174942,
                    '0_fpr': 0.065398960281101995,
                    '1_fnr': 0.64364984673003678,
                    '1_fpr': 0.057861002144907345,
                    'acc': 0.79278715096146768,
                    'fnr_diff': 0.067571388095506599,
                    'fpr_diff': 0.0075379581361946458},
  'test_results': {'fnr_diff': 0.38803835044634705,
                   'fpr_diff': 0.0019702973138192611,
                   'll': -12002.633350747694,
                   'objective': 12275.63940417981},
  'train_results': {'fnr_diff': 0.003109912703618877,
                    'fpr_diff': 0.004588601609937612,
                    'll': -1322.0107952650233,
                    'objective': 1340.169428182722,
                    'w': array([[  1.47495353e-02],
       [ -1.78677987e-01],
       [ -1.38747946e-06],
       [  2.22778093e-01],
       [ -2.93794584e-01],
       [ -1.55681177e-03],
       [ -2.16336355e-01],
       [ -1.20889280e-01],
       [ -2.91576121e-01],
       [  2.92021319e-04],
       [  7.69003381e-04],
       [  2.69168725e-03],
       [ -5.32010715e-02]])},
  'weight': 700.0},
 {'gamma': 30.0,
  'test_measures': {'0_fnr': 0.68734111654791596,
                    '0_fpr': 0.065808486465000177,
                    '1_fnr': 0.64417274140268233,
                    '1_fpr': 0.057829316671708916,
                    'acc': 0.79260296176232237,
                    'fnr_diff': 0.067478486514476382,
                    'fpr_diff': 0.0079791697932912516},
  'test_results': {'fnr_diff': 0.38228374000130932,
                   'fpr_diff': 0.0017457474027046682,
                   'll': -12010.916572729653,
                   'objective': 12318.140162652864},
  'train_results': {'fnr_diff': 0.0024638961982011661,
                    'fpr_diff': 0.0036709306703697911,
                    'll': -1322.9534855209145,
                    'objective': 1340.8566214803377,
                    'w': array([[  1.47578890e-02],
       [ -1.78618566e-01],
       [ -1.38622694e-06],
       [  2.22880313e-01],
       [ -2.93768441e-01],
       [ -1.53427163e-03],
       [ -2.15489627e-01],
       [ -1.20806414e-01],
       [ -2.94737364e-01],
       [  2.91005661e-04],
       [  7.69323282e-04],
       [  2.65491677e-03],
       [ -5.31807181e-02]])},
  'weight': 800.0},
 {'gamma': 30.0,
  'test_measures': {'0_fnr': 0.6867450564180686,
                    '0_fpr': 0.06619253507699574,
                    '1_fnr': 0.64462606981447268,
                    '1_fpr': 0.057734076056353653,
                    'acc': 0.79246297797097165,
                    'fnr_diff': 0.067388342997865849,
                    'fpr_diff': 0.0084584590206420833},
  'test_results': {'fnr_diff': 0.37777970340586697,
                   'fpr_diff': 0.0016456120139270905,
                   'll': -12017.683330601107,
                   'objective': 12359.166114478921},
  'train_results': {'fnr_diff': 0.0020013448923368602,
                    'fpr_diff': 0.0030045114729288628,
                    'll': -1323.7225665766778,
                    'objective': 1341.4107666509699,
                    'w': array([[  1.47642579e-02],
       [ -1.78569803e-01],
       [ -1.38518981e-06],
       [  2.22961676e-01],
       [ -2.93757119e-01],
       [ -1.51576523e-03],
       [ -2.14806076e-01],
       [ -1.20740183e-01],
       [ -2.97205413e-01],
       [  2.90186329e-04],
       [  7.69591480e-04],
       [  2.62521539e-03],
       [ -5.31649736e-02]])},
  'weight': 900.0},
 {'gamma': 30.0,
  'test_measures': {'0_fnr': 0.68614174844638598,
                    '0_fpr': 0.06665309363773346,
                    '1_fnr': 0.64469605426750043,
                    '1_fpr': 0.057781759425872915,
                    'acc': 0.79231562661165555,
                    'fnr_diff': 0.067666001293818834,
                    'fpr_diff': 0.0088713342118605619},
  'test_results': {'fnr_diff': 0.37415945390779781,
                   'fpr_diff': 0.0016174198262422258,
                   'll': -12023.318325255021,
                   'objective': 12399.09519898906},
  'train_results': {'fnr_diff': 0.0016584878152757561,
                    'fpr_diff': 0.0025050149551892435,
                    'll': -1324.362326033247,
                    'objective': 1341.8672838604284,
                    'w': array([[  1.47692618e-02],
       [ -1.78529139e-01],
       [ -1.38431794e-06],
       [  2.23028092e-01],
       [ -2.93754655e-01],
       [ -1.50030456e-03],
       [ -2.14242043e-01],
       [ -1.20686084e-01],
       [ -2.99183353e-01],
       [  2.89511589e-04],
       [  7.69819810e-04],
       [  2.60071104e-03],
       [ -5.31524895e-02]])},
  'weight': 1000.0}]

The result for absolute value relaxation:

[{'gamma': 14.0,
  'test_measures': {'0_fnr': 0.7836591743128396,
                    '0_fpr': 0.029153399868888985,
                    '1_fnr': 0.57111532451805247,
                    '1_fpr': 0.083701353937815054,
                    'acc': 0.80305017313784721,
                    'fnr_diff': 0.21254384979478705,
                    'fpr_diff': 0.054547954068926062},
  'test_results': {'fnr_diff': 1.6232521040893677,
                   'fpr_diff': 0.86488620747709444,
                   'll': -11571.578929250292,
                   'objective': 11571.578929250292},
  'train_results': {'fnr_diff': 1.0765992517957659,
                    'fpr_diff': 0.86328027483630998,
                    'll': -1266.9124795488476,
                    'objective': 1273.0219288382957,
                    'w': array([[  1.26906620e-02],
       [ -1.89011351e-01],
       [ -1.37183032e-06],
       [  2.20544281e-01],
       [ -3.27262734e-01],
       [ -1.68364543e-03],
       [ -3.78745332e-01],
       [ -1.40061687e-01],
       [  2.56579574e-01],
       [  3.32015934e-04],
       [  7.59412737e-04],
       [  5.46122832e-03],
       [ -5.58244447e-02]])},
  'weight': 0.0},
 {'gamma': 30.0,
  'test_measures': {'0_fnr': 0.71127282601381214,
                    '0_fpr': 0.055725850481119305,
                    '1_fnr': 0.63866040022350368,
                    '1_fpr': 0.057622438253969413,
                    'acc': 0.79574338760775065,
                    'fnr_diff': 0.082074897481978604,
                    'fpr_diff': 0.0048695168705362429},
  'test_results': {'fnr_diff': 0.6608740484558624,
                   'fpr_diff': 0.12100689128936436,
                   'll': -11887.630379434944,
                   'objective': 11965.818473409467},
  'train_results': {'fnr_diff': 0.0049538777157499886,
                    'fpr_diff': 0.13885907632935779,
                    'll': -1297.2245630285006,
                    'objective': 1323.2222783814216,
                    'w': array([[  1.41199273e-02],
       [ -1.82370359e-01],
       [ -1.62105265e-06],
       [  2.21094855e-01],
       [ -2.88977744e-01],
       [  5.09280031e-04],
       [ -2.59828529e-01],
       [ -1.19809398e-01],
       [ -2.79326706e-01],
       [  3.10681981e-04],
       [  7.52754741e-04],
       [  3.73619903e-03],
       [ -5.22253873e-02]])},
  'weight': 100.0},
 {'gamma': 12.0,
  'test_measures': {'0_fnr': 0.69007038191329884,
                    '0_fpr': 0.065829436154524176,
                    '1_fnr': 0.64968436611066949,
                    '1_fpr': 0.053892114726047137,
                    'acc': 0.79289766448095478,
                    'fnr_diff': 0.053477505391658485,
                    'fpr_diff': 0.011937321428477039},
  'test_results': {'fnr_diff': 0.49073213219205675,
                   'fpr_diff': 0.062507731762678598,
                   'll': -11997.494384228978,
                   'objective': 12108.142357019924},
  'train_results': {'fnr_diff': 3.5927184424226301e-08,
                    'fpr_diff': 1.1835921096657829e-08,
                    'll': -1307.5668701666184,
                    'objective': 1314.6995617072432,
                    'w': array([[  1.23169657e-02],
       [ -1.97288832e-01],
       [ -1.59735760e-06],
       [  2.22850571e-01],
       [ -2.94337777e-01],
       [  7.13716530e-03],
       [ -2.49554789e-01],
       [ -1.40108729e-01],
       [ -3.98731928e-01],
       [  3.35814821e-04],
       [  7.60233059e-04],
       [  5.62853901e-03],
       [ -4.91199446e-02]])},
  'weight': 200.0},
 {'gamma': 24.0,
  'test_measures': {'0_fnr': 0.68173280113500745,
                    '0_fpr': 0.070289224147873502,
                    '1_fnr': 0.64518292136476685,
                    '1_fpr': 0.057734595746950744,
                    'acc': 0.79135047520813373,
                    'fnr_diff': 0.069488154279499684,
                    'fpr_diff': 0.012554628400922748},
  'test_results': {'fnr_diff': 0.4938525614726193,
                   'fpr_diff': 0.05890850165665594,
                   'll': -12080.820592638289,
                   'objective': 12246.648911577071},
  'train_results': {'fnr_diff': 4.3883508643420553e-08,
                    'fpr_diff': 1.528799160252503e-08,
                    'll': -1330.598109793433,
                    'objective': 1343.4950961061538,
                    'w': array([[  1.47937215e-02],
       [ -1.80451722e-01],
       [ -1.35662111e-06],
       [  2.25216392e-01],
       [ -2.99008686e-01],
       [ -1.21899424e-03],
       [ -2.14739246e-01],
       [ -1.21789622e-01],
       [ -3.30036614e-01],
       [  2.86957244e-04],
       [  7.74803049e-04],
       [  2.71801862e-03],
       [ -5.30214201e-02]])},
  'weight': 300.0},
 {'gamma': 12.0,
  'test_measures': {'0_fnr': 0.70134725283813626,
                    '0_fpr': 0.071186304342095802,
                    '1_fnr': 0.63779667787086503,
                    '1_fpr': 0.055934959060408365,
                    'acc': 0.79263059014219406,
                    'fnr_diff': 0.073369192159043028,
                    'fpr_diff': 0.015251345281687426},
  'test_results': {'fnr_diff': 0.61178910892370686,
                   'fpr_diff': 0.062355565700287566,
                   'll': -11995.453984588514,
                   'objective': 12265.111854438113},
  'train_results': {'fnr_diff': 2.0903192714076535e-08,
                    'fpr_diff': 1.027270238502815e-08,
                    'll': -1308.1487014382858,
                    'objective': 1316.5296494351514,
                    'w': array([[  1.46424008e-02],
       [ -1.87639939e-01],
       [ -1.55124039e-06],
       [  2.30342119e-01],
       [ -2.95438394e-01],
       [  1.72467589e-03],
       [ -3.04240045e-01],
       [ -1.21229108e-01],
       [ -4.93483822e-01],
       [  3.02842244e-04],
       [  7.54135514e-04],
       [  4.68512187e-03],
       [ -5.07490378e-02]])},
  'weight': 400.0},
 {'gamma': 30.0,
  'test_measures': {'0_fnr': 0.68312796826875832,
                    '0_fpr': 0.069086059863062321,
                    '1_fnr': 0.64724131235278715,
                    '1_fpr': 0.057416759537540808,
                    'acc': 0.79135784277609955,
                    'fnr_diff': 0.068103638086866591,
                    'fpr_diff': 0.01166930032552152},
  'test_results': {'fnr_diff': 0.48086487944311196,
                   'fpr_diff': 0.057873518564297385,
                   'll': -12085.668266433484,
                   'objective': 12355.037465437188},
  'train_results': {'fnr_diff': 2.7427251738515456e-08,
                    'fpr_diff': 1.8234146379955683e-08,
                    'll': -1331.4058480919589,
                    'objective': 1346.6273073768289,
                    'w': array([[  1.48077104e-02],
       [ -1.78079995e-01],
       [ -1.37418536e-06],
       [  2.23682601e-01],
       [ -2.94128792e-01],
       [ -1.32841648e-03],
       [ -2.08220380e-01],
       [ -1.20150212e-01],
       [ -3.16660878e-01],
       [  2.82534842e-04],
       [  7.72647183e-04],
       [  2.34268984e-03],
       [ -5.30510790e-02]])},
  'weight': 500.0},
 {'gamma': 30.0,
  'test_measures': {'0_fnr': 0.68312796826875832,
                    '0_fpr': 0.069086059863062321,
                    '1_fnr': 0.64724131235278715,
                    '1_fpr': 0.057416759537540808,
                    'acc': 0.79135784277609955,
                    'fnr_diff': 0.068103638086866591,
                    'fpr_diff': 0.01166930032552152},
  'test_results': {'fnr_diff': 0.48086492445698037,
                   'fpr_diff': 0.057873524767621844,
                   'll': -12085.668274137503,
                   'objective': 12408.911343672266},
  'train_results': {'fnr_diff': 3.3443634504110031e-08,
                    'fpr_diff': 2.1763169204616629e-08,
                    'll': -1331.4058432165343,
                    'objective': 1346.6273180808932,
                    'w': array([[  1.48077152e-02],
       [ -1.78080049e-01],
       [ -1.37418534e-06],
       [  2.23682677e-01],
       [ -2.94128899e-01],
       [ -1.32841594e-03],
       [ -2.08220428e-01],
       [ -1.20150256e-01],
       [ -3.16660941e-01],
       [  2.82534967e-04],
       [  7.72647366e-04],
       [  2.34268989e-03],
       [ -5.30510936e-02]])},
  'weight': 600.0},
 {'gamma': 30.0,
  'test_measures': {'0_fnr': 0.68312796826875832,
                    '0_fpr': 0.069086059863062321,
                    '1_fnr': 0.64724131235278715,
                    '1_fpr': 0.057416759537540808,
                    'acc': 0.79135784277609955,
                    'fnr_diff': 0.068103638086866591,
                    'fpr_diff': 0.01166930032552152},
  'test_results': {'fnr_diff': 0.48086478569974372,
                   'fpr_diff': 0.057873505799331981,
                   'll': -12085.668306879234,
                   'objective': 12462.785110928588},
  'train_results': {'fnr_diff': 1.9718891806561056e-08,
                    'fpr_diff': 1.3930793218118464e-08,
                    'll': -1331.4058505751368,
                    'objective': 1346.6273061140325,
                    'w': array([[  1.48077099e-02],
       [ -1.78079984e-01],
       [ -1.37418513e-06],
       [  2.23682599e-01],
       [ -2.94128790e-01],
       [ -1.32841587e-03],
       [ -2.08220378e-01],
       [ -1.20150208e-01],
       [ -3.16660856e-01],
       [  2.82534853e-04],
       [  7.72647134e-04],
       [  2.34268798e-03],
       [ -5.30510786e-02]])},
  'weight': 700.0},
 {'gamma': 30.0,
  'test_measures': {'0_fnr': 0.68312796826875832,
                    '0_fpr': 0.069086059863062321,
                    '1_fnr': 0.64724131235278715,
                    '1_fpr': 0.057416759537540808,
                    'acc': 0.79135784277609955,
                    'fnr_diff': 0.068103638086866591,
                    'fpr_diff': 0.01166930032552152},
  'test_results': {'fnr_diff': 0.48086481346241855,
                   'fpr_diff': 0.057873498783444867,
                   'll': -12085.668285381764,
                   'objective': 12516.658935178453},
  'train_results': {'fnr_diff': 1.6457789924623213e-08,
                    'fpr_diff': 1.3854205832726507e-08,
                    'll': -1331.4058493055986,
                    'objective': 1346.6273064032223,
                    'w': array([[  1.48077091e-02],
       [ -1.78079979e-01],
       [ -1.37418419e-06],
       [  2.23682587e-01],
       [ -2.94128769e-01],
       [ -1.32841558e-03],
       [ -2.08220397e-01],
       [ -1.20150207e-01],
       [ -3.16660907e-01],
       [  2.82534863e-04],
       [  7.72647105e-04],
       [  2.34268834e-03],
       [ -5.30510776e-02]])},
  'weight': 800.0},
 {'gamma': 30.0,
  'test_measures': {'0_fnr': 0.68312796826875832,
                    '0_fpr': 0.069086059863062321,
                    '1_fnr': 0.64724131235278715,
                    '1_fpr': 0.057416759537540808,
                    'acc': 0.79135784277609955,
                    'fnr_diff': 0.068103638086866591,
                    'fpr_diff': 0.01166930032552152},
  'test_results': {'fnr_diff': 0.48086480880264953,
                   'fpr_diff': 0.057873502800187195,
                   'll': -12085.668294248801,
                   'objective': 12570.532774691352},
  'train_results': {'fnr_diff': 2.1527886926581143e-08,
                    'fpr_diff': 1.2902180227414989e-08,
                    'll': -1331.4058507375371,
                    'objective': 1346.6273135741592,
                    'w': array([[  1.48077110e-02],
       [ -1.78080005e-01],
       [ -1.37418568e-06],
       [  2.23682620e-01],
       [ -2.94128816e-01],
       [ -1.32841638e-03],
       [ -2.08220351e-01],
       [ -1.20150228e-01],
       [ -3.16660806e-01],
       [  2.82534905e-04],
       [  7.72647202e-04],
       [  2.34269064e-03],
       [ -5.30510836e-02]])},
  'weight': 900.0},
 {'gamma': 30.0,
  'test_measures': {'0_fnr': 0.68312796826875832,
                    '0_fpr': 0.069086059863062321,
                    '1_fnr': 0.64724131235278715,
                    '1_fpr': 0.057416759537540808,
                    'acc': 0.79135784277609955,
                    'fnr_diff': 0.068103638086866591,
                    'fpr_diff': 0.01166930032552152},
  'test_results': {'fnr_diff': 0.48086491155870048,
                   'fpr_diff': 0.057873516550691242,
                   'll': -12085.668247465514,
                   'objective': 12624.406675574905},
  'train_results': {'fnr_diff': 1.4438613449643811e-08,
                    'fpr_diff': 1.6483183095544229e-08,
                    'll': -1331.4058425775142,
                    'objective': 1346.6273129892597,
                    'w': array([[  1.48077127e-02],
       [ -1.78080023e-01],
       [ -1.37418526e-06],
       [  2.23682639e-01],
       [ -2.94128831e-01],
       [ -1.32841258e-03],
       [ -2.08220431e-01],
       [ -1.20150234e-01],
       [ -3.16660964e-01],
       [  2.82534928e-04],
       [  7.72647241e-04],
       [  2.34269120e-03],
       [ -5.30510871e-02]])},
  'weight': 1000.0}]
