{u'data_headers': u'LIMIT_BAL,SEX,EDUCATION,MARRIAGE,AGE,PAY_0,PAY_2,PAY_3,PAY_4,PAY_5,PAY_6,BILL_AMT1,BILL_AMT2,BILL_AMT3,BILL_AMT4,BILL_AMT5,BILL_AMT6,PAY_AMT1,PAY_AMT2,PAY_AMT3,PAY_AMT4,PAY_AMT5,PAY_AMT6',
 u'data_set': u'default-dataset',
 u'description': u'default dataset with protected value gender',
 u'file': u'default_of_credit_card_clients.csv',
 u'filters': [],
 u'fn': True,
 u'fp': True,
 u'gamma': {u'gt': 0, u'lt': 1},
 u'gamma_res': 2,
 u'headers_integer_values': [{u'1': 0, u'2': 1, u'header': u'SEX'}],
 u'headers_operation': [],
 u'num_of_tries': 10,
 u'protected': u'SEX',
 u'tag': u'default payment next month',
 u'test_size': 0.8,
 u'weight': {u'gt': 0, u'lt': 50},
 u'weight_res': 11}

The result for absolute value relaxation:

[{'gamma': 1.0,
  'test_measures': {'0_fnr': 0.73374298762780588,
                    '0_fpr': 0.039789340740710097,
                    '1_fnr': 0.78740608074025764,
                    '1_fpr': 0.021021457117345727,
                    'acc': 0.80883333333333329,
                    'fnr_diff': 0.053663093112451786,
                    'fpr_diff': 0.018767883623364363},
  'test_results': {'fnr_diff': 0.24788391650261238,
                   'fpr_diff': 0.20740443252750151,
                   'll': -11264.069919088961,
                   'objective': 11264.069919088961},
  'train_results': {'fnr_diff': 0.22556761880883988,
                    'fpr_diff': 0.22072884630825826,
                    'll': -2772.0208134440763,
                    'objective': 2772.8867447434473,
                    'w': array([[ -9.30732281e-07],
       [ -1.41246100e-01],
       [ -1.04547798e-01],
       [ -1.99032872e-01],
       [  6.50511007e-03],
       [  5.56897582e-01],
       [  8.72584172e-02],
       [  6.26892748e-02],
       [  9.33123235e-03],
       [  4.89361263e-02],
       [  6.45944659e-03],
       [ -7.03950244e-06],
       [  2.50247514e-06],
       [  1.93032798e-06],
       [  1.20433450e-06],
       [ -5.50169297e-07],
       [  1.19279787e-06],
       [ -1.81768403e-05],
       [ -1.55651981e-05],
       [ -5.26196361e-06],
       [ -4.35040797e-07],
       [ -5.30354610e-06],
       [ -1.18828856e-06],
       [ -6.09530115e-01]])},
  'weight': 0.0},
 {'gamma': 1.0,
  'test_measures': {'0_fnr': 0.7422568858064762,
                    '0_fpr': 0.037847432911451907,
                    '1_fnr': 0.78154601516636535,
                    '1_fpr': 0.021971364621427635,
                    'acc': 0.80888749999999998,
                    'fnr_diff': 0.039814819600220999,
                    'fpr_diff': 0.015876068290024272},
  'test_results': {'fnr_diff': 0.20230848389425637,
                   'fpr_diff': 0.16183242910770315,
                   'll': -11263.9704892515,
                   'objective': 11265.791193816511},
  'train_results': {'fnr_diff': 0.17970571904559512,
                    'fpr_diff': 0.17500796722678352,
                    'll': -2772.2300048923271,
                    'objective': 2774.8893496260471,
                    'w': array([[ -9.31916132e-07],
       [ -9.57737495e-02],
       [ -1.04662354e-01],
       [ -1.98900193e-01],
       [  6.49338131e-03],
       [  5.56260207e-01],
       [  8.75547877e-02],
       [  6.24454798e-02],
       [  9.41320251e-03],
       [  4.88138030e-02],
       [  6.41136171e-03],
       [ -7.06106338e-06],
       [  2.50424026e-06],
       [  1.94976893e-06],
       [  1.19929455e-06],
       [ -5.29989282e-07],
       [  1.17742851e-06],
       [ -1.81940359e-05],
       [ -1.55467995e-05],
       [ -5.32946498e-06],
       [ -4.42744746e-07],
       [ -5.30951969e-06],
       [ -1.20152826e-06],
       [ -6.34661974e-01]])},
  'weight': 5.0},
 {'gamma': 0.0,
  'test_measures': {'0_fnr': 0.7533045904875848,
                    '0_fpr': 0.035603060273743624,
                    '1_fnr': 0.77472119206877732,
                    '1_fpr': 0.022938496476480431,
                    'acc': 0.80890416666666665,
                    'fnr_diff': 0.025020220773846292,
                    'fpr_diff': 0.012664563797263204},
  'test_results': {'fnr_diff': 0.15525143896948113,
                   'fpr_diff': 0.11462731359810334,
                   'll': -11265.51801048354,
                   'objective': 11268.216798009216},
  'train_results': {'fnr_diff': 0.13207006697339158,
                    'fpr_diff': 0.12757375438118082,
                    'll': -2772.874462183926,
                    'objective': 2775.4709003974722,
                    'w': array([[ -9.10677269e-07],
       [ -4.66991680e-02],
       [ -1.00239827e-01],
       [ -1.83999724e-01],
       [  7.33364248e-03],
       [  5.58147909e-01],
       [  8.76633972e-02],
       [  6.25457168e-02],
       [  9.13885422e-03],
       [  4.88309942e-02],
       [  6.04792235e-03],
       [ -7.06560964e-06],
       [  2.48870703e-06],
       [  1.96029265e-06],
       [  1.19954653e-06],
       [ -5.11760890e-07],
       [  1.16146200e-06],
       [ -1.81250063e-05],
       [ -1.54812845e-05],
       [ -5.37912075e-06],
       [ -4.41037585e-07],
       [ -5.30335164e-06],
       [ -1.21023244e-06],
       [ -7.29554848e-01]])},
  'weight': 10.0},
 {'gamma': 0.0,
  'test_measures': {'0_fnr': 0.76153177897279956,
                    '0_fpr': 0.033788782164023298,
                    '1_fnr': 0.76986113640870102,
                    '1_fpr': 0.023766475425654222,
                    'acc': 0.8088833333333334,
                    'fnr_diff': 0.017997745750353233,
                    'fpr_diff': 0.010022306738369074},
  'test_results': {'fnr_diff': 0.11470529807841032,
                   'fpr_diff': 0.074063306119671185,
                   'll': -11267.992817716091,
                   'objective': 11270.824346779062},
  'train_results': {'fnr_diff': 0.09124143678768766,
                    'fpr_diff': 0.086920035914710828,
                    'll': -2773.8885858787153,
                    'objective': 2776.561007969251,
                    'w': array([[ -9.11244613e-07],
       [ -6.14188781e-03],
       [ -1.00185906e-01],
       [ -1.83327521e-01],
       [  7.35781270e-03],
       [  5.57802734e-01],
       [  8.80178891e-02],
       [  6.22868396e-02],
       [  9.29226429e-03],
       [  4.86550838e-02],
       [  5.97200206e-03],
       [ -7.08219261e-06],
       [  2.48137351e-06],
       [  1.98041880e-06],
       [  1.19489989e-06],
       [ -4.89934305e-07],
       [  1.14823537e-06],
       [ -1.81254898e-05],
       [ -1.54857672e-05],
       [ -5.43611546e-06],
       [ -4.52969732e-07],
       [ -5.30674929e-06],
       [ -1.22054850e-06],
       [ -7.54880383e-01]])},
  'weight': 15.0},
 {'gamma': 0.0,
  'test_measures': {'0_fnr': 0.76816809786424767,
                    '0_fpr': 0.032389723921116734,
                    '1_fnr': 0.76530588044155423,
                    '1_fpr': 0.024342115360637427,
                    'acc': 0.80897083333333342,
                    'fnr_diff': 0.01544229809035782,
                    'fpr_diff': 0.0080476085604793083},
  'test_results': {'fnr_diff': 0.082889883787017254,
                   'fpr_diff': 0.052781572380049546,
                   'll': -11270.719828668603,
                   'objective': 11273.433257791945},
  'train_results': {'fnr_diff': 0.058932131762895454,
                    'fpr_diff': 0.054726238729749556,
                    'll': -2775.0061494671636,
                    'objective': 2777.2793168770172,
                    'w': array([[ -9.12135862e-07],
       [  2.60069404e-02],
       [ -1.00119502e-01],
       [ -1.82718092e-01],
       [  7.38666650e-03],
       [  5.57575879e-01],
       [  8.83408449e-02],
       [  6.20327796e-02],
       [  9.37098268e-03],
       [  4.85170516e-02],
       [  5.88620815e-03],
       [ -7.09913092e-06],
       [  2.47915136e-06],
       [  1.99553436e-06],
       [  1.19105816e-06],
       [ -4.74512130e-07],
       [  1.14130488e-06],
       [ -1.81090760e-05],
       [ -1.54720943e-05],
       [ -5.48916697e-06],
       [ -4.57357747e-07],
       [ -5.30712727e-06],
       [ -1.22779749e-06],
       [ -7.75627590e-01]])},
  'weight': 20.0},
 {'gamma': 0.0,
  'test_measures': {'0_fnr': 0.77194597258038544,
                    '0_fpr': 0.03173845522525616,
                    '1_fnr': 0.76247011400770548,
                    '1_fpr': 0.024725552052129184,
                    'acc': 0.80898333333333328,
                    'fnr_diff': 0.015692376047833891,
                    'fpr_diff': 0.0070129031731269676},
  'test_results': {'fnr_diff': 0.071585887531457851,
                   'fpr_diff': 0.043200039758569939,
                   'll': -11272.696854404898,
                   'objective': 11275.566502587148},
  'train_results': {'fnr_diff': 0.039876760412974291,
                    'fpr_diff': 0.035844288304763085,
                    'll': -2775.8423173798515,
                    'objective': 2777.7353435977952,
                    'w': array([[ -9.12509599e-07],
       [  4.49174135e-02],
       [ -1.00013802e-01],
       [ -1.82291918e-01],
       [  7.41158870e-03],
       [  5.57418430e-01],
       [  8.86964746e-02],
       [  6.17506768e-02],
       [  9.36379663e-03],
       [  4.83562608e-02],
       [  5.81392072e-03],
       [ -7.11449828e-06],
       [  2.48196461e-06],
       [  2.00853971e-06],
       [  1.18472342e-06],
       [ -4.64762696e-07],
       [  1.13819176e-06],
       [ -1.80846865e-05],
       [ -1.54321730e-05],
       [ -5.52333855e-06],
       [ -4.54806728e-07],
       [ -5.30449382e-06],
       [ -1.23449910e-06],
       [ -7.88562655e-01]])},
  'weight': 25.0},
 {'gamma': 0.0,
  'test_measures': {'0_fnr': 0.77437783072664823,
                    '0_fpr': 0.031357479092269498,
                    '1_fnr': 0.76328149648613042,
                    '1_fpr': 0.024474479271268963,
                    'acc': 0.80878703703703703,
                    'fnr_diff': 0.014334779282056941,
                    'fpr_diff': 0.0068829998210005322},
  'test_results': {'fnr_diff': 0.066658366655191106,
                   'fpr_diff': 0.041959024692292832,
                   'll': -11270.782852504828,
                   'objective': 11274.041374245255},
  'train_results': {'fnr_diff': 0.038737921709133483,
                    'fpr_diff': 0.027598479310432831,
                    'll': -2773.2269968019996,
                    'objective': 2775.2170888325873,
                    'w': array([[ -9.13649851e-07],
       [  4.93347288e-02],
       [ -9.65726578e-02],
       [ -1.82471927e-01],
       [  7.12679126e-03],
       [  5.59456407e-01],
       [  8.52667348e-02],
       [  7.26296611e-02],
       [  3.66272494e-03],
       [  4.70729909e-02],
       [  3.07709959e-03],
       [ -6.67784576e-06],
       [  1.94326725e-06],
       [  2.08698566e-06],
       [  9.66209865e-07],
       [ -5.66053997e-07],
       [  1.51303713e-06],
       [ -1.69843051e-05],
       [ -1.26057443e-05],
       [ -6.39618081e-06],
       [ -4.13237319e-07],
       [ -5.74373905e-06],
       [ -1.76947492e-06],
       [ -7.98944656e-01]])},
  'weight': 30.0},
 {'gamma': 1.0,
  'test_measures': {'0_fnr': 0.77521501055521358,
                    '0_fpr': 0.031095320116856753,
                    '1_fnr': 0.7623760969646155,
                    '1_fpr': 0.024610401584802169,
                    'acc': 0.80883796296296295,
                    'fnr_diff': 0.01544640846157931,
                    'fpr_diff': 0.0064849185320545828},
  'test_results': {'fnr_diff': 0.062109951455040627,
                   'fpr_diff': 0.037547503238864147,
                   'll': -11271.374677838832,
                   'objective': 11274.862688753121},
  'train_results': {'fnr_diff': 0.034029767904143499,
                    'fpr_diff': 0.023160489307063936,
                    'll': -2773.58381718705,
                    'objective': 2776.5934295434035,
                    'w': array([[ -9.37976154e-07],
       [  5.18880860e-02],
       [ -1.01590661e-01],
       [ -1.98761362e-01],
       [  6.19553143e-03],
       [  5.56806477e-01],
       [  8.58680803e-02],
       [  7.18025625e-02],
       [  4.09579963e-03],
       [  4.67691985e-02],
       [  3.26463457e-03],
       [ -6.70594296e-06],
       [  1.96447607e-06],
       [  2.11059505e-06],
       [  9.55766171e-07],
       [ -5.54987845e-07],
       [  1.50607095e-06],
       [ -1.70789169e-05],
       [ -1.26770115e-05],
       [ -6.42758606e-06],
       [ -4.14771233e-07],
       [ -5.75005912e-06],
       [ -1.78635942e-06],
       [ -7.26462555e-01]])},
  'weight': 35.0},
 {'gamma': 1.0,
  'test_measures': {'0_fnr': 0.77595376043801456,
                    '0_fpr': 0.030941326417285191,
                    '1_fnr': 0.76143693865927309,
                    '1_fpr': 0.024707142901109137,
                    'acc': 0.80888888888888888,
                    'fnr_diff': 0.017027361055384951,
                    'fpr_diff': 0.0062341835161760523},
  'test_results': {'fnr_diff': 0.057934874518328808,
                   'fpr_diff': 0.039874401170606741,
                   'll': -11271.982143719328,
                   'objective': 11275.894514746884},
  'train_results': {'fnr_diff': 0.029367175949663957,
                    'fpr_diff': 0.018953640695329756,
                    'll': -2773.9065609229215,
                    'objective': 2776.8536129493677,
                    'w': array([[ -9.37590504e-07],
       [  5.62698227e-02],
       [ -1.01584787e-01],
       [ -1.98686962e-01],
       [  6.19893382e-03],
       [  5.56668791e-01],
       [  8.62809249e-02],
       [  7.13727505e-02],
       [  4.12493774e-03],
       [  4.65713238e-02],
       [  3.12800855e-03],
       [ -6.71549309e-06],
       [  1.96894566e-06],
       [  2.12522248e-06],
       [  9.53347629e-07],
       [ -5.50458374e-07],
       [  1.49889123e-06],
       [ -1.70824147e-05],
       [ -1.27075512e-05],
       [ -6.43171036e-06],
       [ -4.02688146e-07],
       [ -5.74134415e-06],
       [ -1.79818732e-06],
       [ -7.29440490e-01]])},
  'weight': 40.0},
 {'gamma': 0.0,
  'test_measures': {'0_fnr': 0.78334441398975363,
                    '0_fpr': 0.029226995799211893,
                    '1_fnr': 0.76547609147159146,
                    '1_fpr': 0.024171153238704994,
                    'acc': 0.80836979166666667,
                    'fnr_diff': 0.017868322518162172,
                    'fpr_diff': 0.0050558425605069009},
  'test_results': {'fnr_diff': 0.044133146005167892,
                   'fpr_diff': 0.03030294074620949,
                   'll': -11274.728590939791,
                   'objective': 11278.078214843601},
  'train_results': {'fnr_diff': 0.032093063406701178,
                    'fpr_diff': 0.011304940637505706,
                    'll': -2774.3448747980565,
                    'objective': 2776.2977849800454,
                    'w': array([[ -9.41343376e-07],
       [  6.93711274e-02],
       [ -9.41427027e-02],
       [ -1.86000429e-01],
       [  7.10625525e-03],
       [  5.49188021e-01],
       [  8.22142595e-02],
       [  8.10869629e-02],
       [ -8.90438104e-03],
       [  5.51063758e-02],
       [  9.86512443e-04],
       [ -7.07400782e-06],
       [  2.21541311e-06],
       [  2.59094482e-06],
       [  9.31126479e-07],
       [ -1.01521543e-06],
       [  1.76445868e-06],
       [ -1.55231715e-05],
       [ -1.38541195e-05],
       [ -7.16823531e-06],
       [ -3.46731941e-08],
       [ -6.36802848e-06],
       [ -1.87759298e-06],
       [ -8.08692926e-01]])},
  'weight': 45.0},
 {'gamma': 0.0,
  'test_measures': {'0_fnr': 0.78350736895577355,
                    '0_fpr': 0.029226841217642175,
                    '1_fnr': 0.76560235184800751,
                    '1_fpr': 0.024171173168863341,
                    'acc': 0.80833854166666663,
                    'fnr_diff': 0.017905017107766,
                    'fpr_diff': 0.0050556680487788344},
  'test_results': {'fnr_diff': 0.044095078040793954,
                   'fpr_diff': 0.03033491572712925,
                   'll': -11274.89312580106,
                   'objective': 11278.614625489456},
  'train_results': {'fnr_diff': 0.031387596326398537,
                    'fpr_diff': 0.011245381754480602,
                    'll': -2774.3812160673779,
                    'objective': 2776.5128649714225,
                    'w': array([[ -9.39997968e-07],
       [  6.96574704e-02],
       [ -9.41327991e-02],
       [ -1.85828354e-01],
       [  7.11014046e-03],
       [  5.49017561e-01],
       [  8.27026153e-02],
       [  8.05350973e-02],
       [ -8.79830300e-03],
       [  5.48394658e-02],
       [  8.99816139e-04],
       [ -7.07970492e-06],
       [  2.20963876e-06],
       [  2.61774723e-06],
       [  9.29541771e-07],
       [ -1.00875598e-06],
       [  1.74837372e-06],
       [ -1.55398405e-05],
       [ -1.39048027e-05],
       [ -7.16858660e-06],
       [ -2.68880771e-08],
       [ -6.35105722e-06],
       [ -1.89103307e-06],
       [ -8.09498863e-01]])},
  'weight': 50.0}]

The result for squared relaxation:

[{'gamma': 1.0,
  'test_measures': {'0_fnr': 0.73374298762780588,
                    '0_fpr': 0.039789340740710097,
                    '1_fnr': 0.78740608074025764,
                    '1_fpr': 0.021021457117345727,
                    'acc': 0.80883333333333329,
                    'fnr_diff': 0.053663093112451786,
                    'fpr_diff': 0.018767883623364363},
  'test_results': {'fnr_diff': 0.067098373057998581,
                   'fpr_diff': 0.047981452061407928,
                   'll': -11264.069919088961,
                   'objective': 11264.069919088961},
  'train_results': {'fnr_diff': 0.055192023462607445,
                    'fpr_diff': 0.053582673804415434,
                    'll': -2772.0208134440763,
                    'objective': 2772.8867447434473,
                    'w': array([[ -9.30732281e-07],
       [ -1.41246100e-01],
       [ -1.04547798e-01],
       [ -1.99032872e-01],
       [  6.50511007e-03],
       [  5.56897582e-01],
       [  8.72584172e-02],
       [  6.26892748e-02],
       [  9.33123235e-03],
       [  4.89361263e-02],
       [  6.45944659e-03],
       [ -7.03950244e-06],
       [  2.50247514e-06],
       [  1.93032798e-06],
       [  1.20433450e-06],
       [ -5.50169297e-07],
       [  1.19279787e-06],
       [ -1.81768403e-05],
       [ -1.55651981e-05],
       [ -5.26196361e-06],
       [ -4.35040797e-07],
       [ -5.30354610e-06],
       [ -1.18828856e-06],
       [ -6.09530115e-01]])},
  'weight': 0.0},
 {'gamma': 0.0,
  'test_measures': {'0_fnr': 0.73768023710893149,
                    '0_fpr': 0.038928944311872292,
                    '1_fnr': 0.78459666935238359,
                    '1_fpr': 0.02147468761180393,
                    'acc': 0.80885416666666665,
                    'fnr_diff': 0.04691643224345219,
                    'fpr_diff': 0.017454256700068362},
  'test_results': {'fnr_diff': 0.056859115538555202,
                   'fpr_diff': 0.039380816813920694,
                   'll': -11263.480954147337,
                   'objective': 11263.962153809098},
  'train_results': {'fnr_diff': 0.045762492495236749,
                    'fpr_diff': 0.044324026163162007,
                    'll': -2772.0151840809131,
                    'objective': 2772.4656166742047,
                    'w': array([[ -9.09998478e-07],
       [ -1.18879902e-01],
       [ -1.00329321e-01],
       [ -1.85203888e-01],
       [  7.29455852e-03],
       [  5.58968975e-01],
       [  8.71538869e-02],
       [  6.28928175e-02],
       [  8.95588637e-03],
       [  4.90568010e-02],
       [  6.13811494e-03],
       [ -7.03414906e-06],
       [  2.49021483e-06],
       [  1.92949137e-06],
       [  1.20691789e-06],
       [ -5.44254312e-07],
       [  1.18543247e-06],
       [ -1.81015636e-05],
       [ -1.55026026e-05],
       [ -5.27517823e-06],
       [ -4.26584746e-07],
       [ -5.29236424e-06],
       [ -1.18996683e-06],
       [ -6.84970372e-01]])},
  'weight': 5.0},
 {'gamma': 1.0,
  'test_measures': {'0_fnr': 0.74831204392634187,
                    '0_fpr': 0.036267356571128735,
                    '1_fnr': 0.79078432987472524,
                    '1_fpr': 0.020655795723722958,
                    'acc': 0.80831547619047617,
                    'fnr_diff': 0.042472285948383447,
                    'fpr_diff': 0.015611560847405771},
  'test_results': {'fnr_diff': 0.047371155084267251,
                   'fpr_diff': 0.031845290248913589,
                   'll': -11256.643918149359,
                   'objective': 11257.436082602688},
  'train_results': {'fnr_diff': 0.045456641999625395,
                    'fpr_diff': 0.040814707942035802,
                    'll': -2779.3335416832915,
                    'objective': 2781.0842952993617,
                    'w': array([[ -9.62881143e-07],
       [ -1.05841342e-01],
       [ -9.55093690e-02],
       [ -2.13029818e-01],
       [  6.38570419e-03],
       [  5.43594526e-01],
       [  7.23806538e-02],
       [  7.86989339e-02],
       [ -6.22284255e-03],
       [  6.06406382e-02],
       [  2.56308210e-03],
       [ -6.89068464e-06],
       [  1.94375351e-06],
       [  2.76633180e-06],
       [  1.13445058e-07],
       [ -6.22120441e-07],
       [  2.22717275e-06],
       [ -1.59693172e-05],
       [ -1.42119394e-05],
       [ -6.56279174e-06],
       [ -1.04856669e-06],
       [ -7.37827920e-06],
       [ -1.38420214e-06],
       [ -6.18670387e-01]])},
  'weight': 10.0},
 {'gamma': 1.0,
  'test_measures': {'0_fnr': 0.75149803383878544,
                    '0_fpr': 0.035515069708712488,
                    '1_fnr': 0.78880444124022631,
                    '1_fpr': 0.020917347088608818,
                    'acc': 0.80836309523809524,
                    'fnr_diff': 0.037306407401440901,
                    'fpr_diff': 0.014597722620103662},
  'test_results': {'fnr_diff': 0.041289802977921321,
                   'fpr_diff': 0.026910472272696169,
                   'll': -11256.595006217938,
                   'objective': 11257.6180103467},
  'train_results': {'fnr_diff': 0.039443831149201566,
                    'fpr_diff': 0.03515253880724032,
                    'll': -2779.4721982003398,
                    'objective': 2781.4853859109539,
                    'w': array([[ -9.63215858e-07],
       [ -9.17844791e-02],
       [ -9.55269629e-02],
       [ -2.12965286e-01],
       [  6.38325617e-03],
       [  5.43406059e-01],
       [  7.25302695e-02],
       [  7.85816080e-02],
       [ -6.23260485e-03],
       [  6.06509541e-02],
       [  2.50886649e-03],
       [ -6.90042064e-06],
       [  1.94685734e-06],
       [  2.77350509e-06],
       [  1.10373113e-07],
       [ -6.14576702e-07],
       [  2.22137651e-06],
       [ -1.59605318e-05],
       [ -1.42037118e-05],
       [ -6.58779390e-06],
       [ -1.04778003e-06],
       [ -7.37960112e-06],
       [ -1.38818391e-06],
       [ -6.26566200e-01]])},
  'weight': 15.0},
 {'gamma': 1.0,
  'test_measures': {'0_fnr': 0.75438067790467489,
                    '0_fpr': 0.035040053966297439,
                    '1_fnr': 0.78790537064095145,
                    '1_fpr': 0.021104171274639982,
                    'acc': 0.80825595238095249,
                    'fnr_diff': 0.0335246927362765,
                    'fpr_diff': 0.013935882691657461},
  'test_results': {'fnr_diff': 0.036364721574501734,
                   'fpr_diff': 0.022978939651694924,
                   'll': -11256.703368922523,
                   'objective': 11257.89024214705},
  'train_results': {'fnr_diff': 0.034580908976004195,
                    'fpr_diff': 0.030591868583482815,
                    'll': -2779.6304370715638,
                    'objective': 2781.8339976999437,
                    'w': array([[ -9.63505632e-07],
       [ -7.95988722e-02],
       [ -9.55424466e-02],
       [ -2.12911088e-01],
       [  6.38120094e-03],
       [  5.43249634e-01],
       [  7.26637917e-02],
       [  7.84793963e-02],
       [ -6.24070914e-03],
       [  6.06596946e-02],
       [  2.46118912e-03],
       [ -6.90898957e-06],
       [  1.94953589e-06],
       [  2.77995759e-06],
       [  1.07575878e-07],
       [ -6.08048686e-07],
       [  2.21638451e-06],
       [ -1.59532439e-05],
       [ -1.41968593e-05],
       [ -6.60959131e-06],
       [ -1.04695448e-06],
       [ -7.38062890e-06],
       [ -1.39165031e-06],
       [ -6.33428658e-01]])},
  'weight': 20.0},
 {'gamma': 1.0,
  'test_measures': {'0_fnr': 0.75720351021392507,
                    '0_fpr': 0.034466573487464083,
                    '1_fnr': 0.78654063997115831,
                    '1_fpr': 0.021390522748382036,
                    'acc': 0.80819642857142859,
                    'fnr_diff': 0.029459817839534601,
                    'fpr_diff': 0.013076050739082055},
  'test_results': {'fnr_diff': 0.032318902468983925,
                   'fpr_diff': 0.019802377299346481,
                   'll': -11256.913030303636,
                   'objective': 11258.216062297846},
  'train_results': {'fnr_diff': 0.030591563329285244,
                    'fpr_diff': 0.026865753472007151,
                    'll': -2779.7979099204917,
                    'objective': 2782.139951445366,
                    'w': array([[ -9.63758924e-07],
       [ -6.89348163e-02],
       [ -9.55560403e-02],
       [ -2.12864760e-01],
       [  6.37945464e-03],
       [  5.43117939e-01],
       [  7.27840075e-02],
       [  7.83892363e-02],
       [ -6.24743933e-03],
       [  6.06669928e-02],
       [  2.41876358e-03],
       [ -6.91659279e-06],
       [  1.95186316e-06],
       [  2.78581812e-06],
       [  1.05002233e-07],
       [ -6.02338243e-07],
       [  2.21203688e-06],
       [ -1.59471283e-05],
       [ -1.41911105e-05],
       [ -6.62877014e-06],
       [ -1.04609723e-06],
       [ -7.38142263e-06],
       [ -1.39469612e-06],
       [ -6.39448679e-01]])},
  'weight': 25.0},
 {'gamma': 0.0,
  'test_measures': {'0_fnr': 0.76596451936373067,
                    '0_fpr': 0.0325828992897765,
                    '1_fnr': 0.78795643391809234,
                    '1_fpr': 0.020849025031404067,
                    'acc': 0.80795833333333344,
                    'fnr_diff': 0.02305878503991458,
                    'fpr_diff': 0.011733874258372435},
  'test_results': {'fnr_diff': 0.024882861137794948,
                   'fpr_diff': 0.015810531609974459,
                   'll': -11246.98886758204,
                   'objective': 11248.209669364473},
  'train_results': {'fnr_diff': 0.028776419273955429,
                    'fpr_diff': 0.019647271813404154,
                    'll': -2785.5547654021934,
                    'objective': 2787.0074761348146,
                    'w': array([[ -9.15275165e-07],
       [ -5.15424756e-02],
       [ -9.73748832e-02],
       [ -2.09901171e-01],
       [  6.20317054e-03],
       [  5.41419307e-01],
       [  6.21525227e-02],
       [  8.79004757e-02],
       [ -1.14677591e-02],
       [  6.04846210e-02],
       [  7.10654800e-03],
       [ -7.04415410e-06],
       [  1.45717333e-06],
       [  3.65735894e-06],
       [  9.47633610e-07],
       [ -2.10819453e-06],
       [  2.57500865e-06],
       [ -1.59545635e-05],
       [ -1.68233078e-05],
       [ -6.62810813e-06],
       [  6.39588227e-07],
       [ -4.61091377e-06],
       [ -1.13876372e-06],
       [ -6.56165870e-01]])},
  'weight': 30.0},
 {'gamma': 0.0,
  'test_measures': {'0_fnr': 0.7680825801799912,
                    '0_fpr': 0.032282332103467613,
                    '1_fnr': 0.78652529370484714,
                    '1_fpr': 0.021023214911472882,
                    'acc': 0.80794444444444435,
                    'fnr_diff': 0.019509584010409031,
                    'fpr_diff': 0.01125911719199473},
  'test_results': {'fnr_diff': 0.022304568150783161,
                   'fpr_diff': 0.013800160614717985,
                   'll': -11247.319324615988,
                   'objective': 11248.582990122783},
  'train_results': {'fnr_diff': 0.025933400558901698,
                    'fpr_diff': 0.017331911281843502,
                    'll': -2785.7220419940095,
                    'objective': 2787.2363279084352,
                    'w': array([[ -9.15219905e-07],
       [ -4.33775879e-02],
       [ -9.73536633e-02],
       [ -2.09733383e-01],
       [  6.20793089e-03],
       [  5.41327196e-01],
       [  6.22637472e-02],
       [  8.78301480e-02],
       [ -1.14691982e-02],
       [  6.04685675e-02],
       [  7.07808307e-03],
       [ -7.05031619e-06],
       [  1.45864198e-06],
       [  3.66281622e-06],
       [  9.46303210e-07],
       [ -2.10403000e-06],
       [  2.57088958e-06],
       [ -1.59517523e-05],
       [ -1.68193347e-05],
       [ -6.64285414e-06],
       [  6.39687269e-07],
       [ -4.60795457e-06],
       [ -1.14130298e-06],
       [ -6.61320919e-01]])},
  'weight': 35.0},
 {'gamma': 0.0,
  'test_measures': {'0_fnr': 0.77012178107563933,
                    '0_fpr': 0.03198172305783429,
                    '1_fnr': 0.78569829869548891,
                    '1_fpr': 0.021095854344096689,
                    'acc': 0.80790972222222213,
                    'fnr_diff': 0.017074236877483828,
                    'fpr_diff': 0.010885868713737598},
  'test_results': {'fnr_diff': 0.020123621044071508,
                   'fpr_diff': 0.012126994449286332,
                   'll': -11247.668614791794,
                   'objective': 11248.958639411525},
  'train_results': {'fnr_diff': 0.023517204746742949,
                    'fpr_diff': 0.015386549825069734,
                    'll': -2785.8853038929997,
                    'objective': 2787.4414540758721,
                    'w': array([[ -9.15161641e-07],
       [ -3.60778532e-02],
       [ -9.73348299e-02],
       [ -2.09582770e-01],
       [  6.21218336e-03],
       [  5.41247278e-01],
       [  6.23660962e-02],
       [  8.77651130e-02],
       [ -1.14683964e-02],
       [  6.04527531e-02],
       [  7.05131923e-03],
       [ -7.05584406e-06],
       [  1.45990554e-06],
       [  3.66784030e-06],
       [  9.45060355e-07],
       [ -2.10030689e-06],
       [  2.56718849e-06],
       [ -1.59495234e-05],
       [ -1.68159323e-05],
       [ -6.65606926e-06],
       [  6.39824754e-07],
       [ -4.60527627e-06],
       [ -1.14366162e-06],
       [ -6.65938095e-01]])},
  'weight': 40.0},
 {'gamma': 0.0,
  'test_measures': {'0_fnr': 0.7716505304247564,
                    '0_fpr': 0.031727618911195438,
                    '1_fnr': 0.78476325140493752,
                    '1_fpr': 0.021197457920640598,
                    'acc': 0.80790972222222213,
                    'fnr_diff': 0.015120563647442631,
                    'fpr_diff': 0.010530160990554835},
  'test_results': {'fnr_diff': 0.01826237318666819,
                   'fpr_diff': 0.010722451826389012,
                   'll': -11248.026268911732,
                   'objective': 11249.33058603732},
  'train_results': {'fnr_diff': 0.021445523150855985,
                    'fpr_diff': 0.013737565880590047,
                    'll': -2786.0431922268385,
                    'objective': 2787.6264312332532,
                    'w': array([[ -9.15100155e-07],
       [ -2.95129665e-02],
       [ -9.73179581e-02],
       [ -2.09446638e-01],
       [  6.21600125e-03],
       [  5.41177408e-01],
       [  6.24608402e-02],
       [  8.77045064e-02],
       [ -1.14656810e-02],
       [  6.04371276e-02],
       [  7.02595037e-03],
       [ -7.06082478e-06],
       [  1.46099108e-06],
       [  3.67249155e-06],
       [  9.43892255e-07],
       [ -2.09695352e-06],
       [  2.56383988e-06],
       [ -1.59477977e-05],
       [ -1.68130181e-05],
       [ -6.66799091e-06],
       [  6.39997912e-07],
       [ -4.60283888e-06],
       [ -1.14586730e-06],
       [ -6.70097797e-01]])},
  'weight': 45.0},
 {'gamma': 1.0,
  'test_measures': {'0_fnr': 0.76596437976814236,
                    '0_fpr': 0.032586795799781,
                    '1_fnr': 0.78092279284561272,
                    '1_fpr': 0.022075579597321902,
                    'acc': 0.80830952380952381,
                    'fnr_diff': 0.016051123102665227,
                    'fpr_diff': 0.010511216202459095},
  'test_results': {'fnr_diff': 0.019884001102821576,
                   'fpr_diff': 0.010471129001721537,
                   'll': -11258.531060383088,
                   'objective': 11260.048816888315},
  'train_results': {'fnr_diff': 0.018373980654529467,
                    'fpr_diff': 0.015578446134909048,
                    'll': -2780.6171431327871,
                    'objective': 2783.2429018028406,
                    'w': array([[ -9.64620998e-07],
       [ -3.08470818e-02],
       [ -9.56010950e-02],
       [ -2.12702571e-01],
       [  6.37352594e-03],
       [  5.42681358e-01],
       [  7.32471241e-02],
       [  7.80556314e-02],
       [ -6.26725956e-03],
       [  6.06858289e-02],
       [  2.25870469e-03],
       [ -6.94458258e-06],
       [  1.95984602e-06],
       [  2.80907062e-06],
       [  9.43899748e-08],
       [ -5.81924405e-07],
       [  2.19665018e-06],
       [ -1.59277155e-05],
       [ -1.41726669e-05],
       [ -6.69810953e-06],
       [ -1.04142544e-06],
       [ -7.38271158e-06],
       [ -1.40566317e-06],
       [ -6.61078294e-01]])},
  'weight': 50.0}]

