{
  "description":      "ucla law school dataset with protected value sex",
  "data_set":         "ucla-law-school-dataset",
  "file":             "lsac.csv",
  "data_headers":     "decile1b,decile3,decile1,sex,race,cluster,lsat,ugpa,zfygpa,dob_yr,grad,zgpa,fulltime,fam_inc,parttime,tier,indxgrp2",
  "protected":        "sex",
  "tag":              "pass_bar",
  "fp":               true,
  "fn":               true,
  "objective_weight": 1,
  "weight":           {"gt": 0, "lt": 400},
  "weight_res":       11,
  "gamma":            {"gt": 0, "lt": 5},
  "gamma_res":        11,
  "train_size":       0.20,
  "num_of_tries":     10,

  "filters": [
    {
      "header": "decile1b",
      "values": ["", " "]
    },
    {
      "header": "decile3",
      "values": ["", " "]
    },
    {
      "header": "decile1",
      "values": ["", " "]
    },
    {
      "header": "sex",
      "values": ["", " "]
    },
    {
      "header": "race",
      "values": ["", " "]
    },
    {
      "header": "cluster",
      "values": ["", " "]
    },
    {
      "header": "lsat",
      "values": ["", " "]
    },
    {
      "header": "ugpa",
      "values": ["", " "]
    },
    {
      "header": "zfygpa",
      "values": ["", " "]
    },
    {
      "header": "dob_yr",
      "values": ["", " "]
    },
    {
      "header": "grad",
      "values": ["", " "]
    },
    {
      "header": "zgpa",
      "values": ["", " "]
    },
    {
      "header": "fulltime",
      "values": ["", " "]
    },
    {
      "header": "fam_inc",
      "values": ["", " "]
    },
    {
      "header": "parttime",
      "values": ["", " "]
    },
    {
      "header": "pass_bar",
      "values": ["", " "]
    },
    {
      "header": "tier",
      "values": ["", " "]
    },
    {
      "header": "indxgrp2",
      "values": ["", " "]
    }
  ],

  "headers_integer_values": [
    {
      "header": "sex",
      "1": 0,
      "2": 1
    },
    {
      "header": "grad",
      "N": 0,
      "O": 1,
      "X": 2,
      "Y": 3
    },
    {
      "header": "indxgrp2",
      "a under 400": 0,
      "b 400-460": 1,
      "c 460-520": 2,
      "d 520-580": 3,
      "e 580-640": 4,
      "f 640-700": 5,
      "g 700-760": 6,
      "h 760-820": 7,
      "i 820+": 8
    }

  ],
  "headers_operation": []
}

----------------The result for absolute value relaxation--------------------------

[{'gamma': 3.0,
  'test_measures': {'0_fnr': 0.0046996654310717482,
                    '0_fpr': 0.88125291433342934,
                    '1_fnr': 0.0035049806850129227,
                    '1_fpr': 0.89979741069605623,
                    'acc': 0.95182341650671787,
                    'fnr_diff': 0.0012458744636872237,
                    'fpr_diff': 0.023577080964174102,
                    'objective': 0.97664637193457915},
  'test_results': {'fnr_diff': 0.098965513785758866,
                   'fpr_diff': 0.23795528910459809,
                   'll': -2369.4572253506949,
                   'objective': 2369.4572253506949},
  'train_results': {'fnr_diff': 0.13374863421042218,
                    'fpr_diff': 0.30916221760879259,
                    'll': -582.52733013016916,
                    'objective': 587.03358912431463,
                    'w': array([[ 0.08267234],
       [ 0.18841182],
       [-0.07175745],
       [ 0.04901092],
       [ 0.03937072],
       [-0.12386774],
       [ 0.00084901],
       [-0.23242315],
       [ 0.1684416 ],
       [ 0.0355359 ],
       [-0.3239511 ],
       [ 0.83921691],
       [-0.36211315],
       [ 0.05612098],
       [-0.25412945],
       [ 0.2817309 ],
       [ 0.30371777],
       [-0.1079837 ]])},
  'weight': 0.0},
 {'gamma': 2.5,
  'test_measures': {'0_fnr': 0.0038315915358864139,
                    '0_fpr': 0.90213058855870898,
                    '1_fnr': 0.0039421254914813525,
                    '1_fpr': 0.89860262432417015,
                    'acc': 0.95146353166986564,
                    'fnr_diff': 0.00047025675204450079,
                    'fpr_diff': 0.012801654793877803,
                    'objective': 0.96473544321578797},
  'test_results': {'fnr_diff': 0.043448789551341266,
                   'fpr_diff': 0.099029872262798399,
                   'll': -2378.402888414159,
                   'objective': 2384.1020348867251},
  'train_results': {'fnr_diff': 0.0028961082721020584,
                    'fpr_diff': 0.12333568478474262,
                    'll': -584.16442577151247,
                    'objective': 593.16563996634738,
                    'w': array([[ 0.045617  ],
       [ 0.15334267],
       [ 0.0073977 ],
       [-0.07905823],
       [ 0.03251891],
       [-0.12084689],
       [-0.00247215],
       [-0.20187439],
       [ 0.08496584],
       [ 0.03535269],
       [-0.31827797],
       [ 0.89984221],
       [-0.32897028],
       [ 0.0632649 ],
       [-0.22287762],
       [ 0.28882603],
       [ 0.29644484],
       [-0.10609266]])},
  'weight': 40.0},
 {'gamma': 1.0,
  'test_measures': {'0_fnr': 0.0036002268280302028,
                    '0_fpr': 0.90211144889229034,
                    '1_fnr': 0.0037948603109885424,
                    '1_fpr': 0.89670591774480513,
                    'acc': 0.95162881211345707,
                    'fnr_diff': 0.00035112855808219269,
                    'fpr_diff': 0.0080771286701729131,
                    'objective': 0.96005706934171209},
  'test_results': {'fnr_diff': 0.046270122986040635,
                   'fpr_diff': 0.091059026397648263,
                   'll': -2385.371164202721,
                   'objective': 2396.3574961534159},
  'train_results': {'fnr_diff': 1.4626901320162633e-10,
                    'fpr_diff': 0.069309256196058683,
                    'll': -587.97871443955955,
                    'objective': 595.56221144090114,
                    'w': array([[-0.00341982],
       [ 0.09887318],
       [ 0.12651551],
       [-0.08342299],
       [ 0.0372919 ],
       [-0.13139758],
       [-0.00555223],
       [-0.21045731],
       [-0.10900831],
       [ 0.03357827],
       [-0.30761032],
       [ 1.02811104],
       [-0.31649659],
       [ 0.07542585],
       [-0.21395982],
       [ 0.31001567],
       [ 0.29219396],
       [-0.10253677]])},
  'weight': 80.0},
 {'gamma': 4.0,
  'test_measures': {'0_fnr': 0.0031661066573692872,
                    '0_fpr': 0.92087142762569818,
                    '1_fnr': 0.00337150007675665,
                    '1_fpr': 0.91269376101375921,
                    'acc': 0.9512296065259116,
                    'fnr_diff': 0.00037227128718725724,
                    'fpr_diff': 0.010857816894687566,
                    'objective': 0.96245969470778658},
  'test_results': {'fnr_diff': 0.047975196448865012,
                   'fpr_diff': 0.082911234120367994,
                   'll': -2398.7578825302867,
                   'objective': 2414.4642541985945},
  'train_results': {'fnr_diff': 1.2010703550973355e-10,
                    'fpr_diff': 0.04760603660400857,
                    'll': -590.26534563791063,
                    'objective': 601.79887374424857,
                    'w': array([[-0.03419024],
       [ 0.15455976],
       [ 0.12826301],
       [-0.07585564],
       [ 0.01173752],
       [-0.12975072],
       [-0.00895372],
       [-0.15123399],
       [ 0.03753197],
       [ 0.0314764 ],
       [-0.29853715],
       [ 0.81500388],
       [-0.25574018],
       [ 0.08232257],
       [-0.1562278 ],
       [ 0.28318247],
       [ 0.2929552 ],
       [-0.09951238]])},
  'weight': 120.0},
 {'gamma': 5.0,
  'test_measures': {'0_fnr': 0.0026839912959143171,
                    '0_fpr': 0.92818118828031915,
                    '1_fnr': 0.0028618191724744686,
                    '1_fpr': 0.9182186291318738,
                    'acc': 0.95132224354873118,
                    'fnr_diff': 0.00035866521878986761,
                    'fpr_diff': 0.010503245820518845,
                    'objective': 0.96218415458803996},
  'test_results': {'fnr_diff': 0.04691337765142127,
                   'fpr_diff': 0.087224153720245681,
                   'll': -2402.9738738066712,
                   'objective': 2424.4358788261379},
  'train_results': {'fnr_diff': 6.9193071336107928e-11,
                    'fpr_diff': 0.034209233595704346,
                    'll': -593.99385249520549,
                    'objective': 605.56382784547941,
                    'w': array([[-0.03971107],
       [ 0.18558165],
       [ 0.14317993],
       [-0.07774228],
       [ 0.01361554],
       [-0.14325732],
       [-0.00934529],
       [-0.16490913],
       [ 0.02322117],
       [ 0.02523703],
       [-0.2378982 ],
       [ 0.69292831],
       [-0.23443443],
       [ 0.08670058],
       [-0.15513503],
       [ 0.28691081],
       [ 0.29091433],
       [-0.0792994 ]])},
  'weight': 160.0},
 {'gamma': 2.0,
  'test_measures': {'0_fnr': 0.0038017134004343671,
                    '0_fpr': 0.91045683508222108,
                    '1_fnr': 0.0038646299331210137,
                    '1_fpr': 0.9066942456447975,
                    'acc': 0.95110964491362771,
                    'fnr_diff': 0.00047837647792496938,
                    'fpr_diff': 0.010232950801674402,
                    'objective': 0.96182097219322704},
  'test_results': {'fnr_diff': 0.048662932018154741,
                   'fpr_diff': 0.080374778552289028,
                   'll': -2410.4019716228822,
                   'objective': 2436.2095137369711},
  'train_results': {'fnr_diff': 5.9840721104448968e-11,
                    'fpr_diff': 0.021290266439465664,
                    'll': -592.14950909953768,
                    'objective': 600.70807747296635,
                    'w': array([[-0.0704735 ],
       [ 0.09506025],
       [ 0.20574846],
       [-0.07754997],
       [ 0.00771335],
       [-0.13774668],
       [-0.00232794],
       [-0.10706416],
       [-0.08425751],
       [ 0.03244797],
       [-0.36185221],
       [ 0.98385297],
       [-0.27717852],
       [ 0.10087837],
       [-0.15656112],
       [ 0.30803617],
       [ 0.25681956],
       [-0.1206174 ]])},
  'weight': 200.0},
 {'gamma': 2.5,
  'test_measures': {'0_fnr': 0.0036283065988637147,
                    '0_fpr': 0.91576837978650993,
                    '1_fnr': 0.0036963546931046551,
                    '1_fpr': 0.90980762342065447,
                    'acc': 0.95106166026871397,
                    'fnr_diff': 0.00058559690754738693,
                    'fpr_diff': 0.012210308668807323,
                    'objective': 0.96385756584506876},
  'test_results': {'fnr_diff': 0.048834985752453763,
                   'fpr_diff': 0.08069792360751124,
                   'll': -2416.9510343044085,
                   'objective': 2448.0389325507999},
  'train_results': {'fnr_diff': 5.8369653045415448e-11,
                    'fpr_diff': 0.014325722017196924,
                    'll': -594.01784057243253,
                    'objective': 602.45549199026982,
                    'w': array([[-0.07960713],
       [ 0.11054744],
       [ 0.21206239],
       [-0.07672713],
       [ 0.00386287],
       [-0.14118267],
       [-0.00374658],
       [-0.1024615 ],
       [-0.05987996],
       [ 0.030684  ],
       [-0.33890258],
       [ 0.92134629],
       [-0.26607952],
       [ 0.10570804],
       [-0.15311199],
       [ 0.30908215],
       [ 0.25561588],
       [-0.11296753]])},
  'weight': 240.0},
 {'gamma': 3.5,
  'test_measures': {'0_fnr': 0.0033104788074121002,
                    '0_fpr': 0.92257180665319205,
                    '1_fnr': 0.0034835077114797929,
                    '1_fpr': 0.9153082878802179,
                    'acc': 0.95100167946257197,
                    'fnr_diff': 0.00048192583417366934,
                    'fpr_diff': 0.010938010852088476,
                    'objective': 0.96242161614883415},
  'test_results': {'fnr_diff': 0.04903634806094069,
                   'fpr_diff': 0.0808772667469672,
                   'll': -2424.4105875045061,
                   'objective': 2460.7863996507203},
  'train_results': {'fnr_diff': 3.7205493557974226e-11,
                    'fpr_diff': 0.0082168171491304835,
                    'll': -596.34698713709236,
                    'objective': 604.77120093810004,
                    'w': array([[-0.08334507],
       [ 0.13536336],
       [ 0.20938208],
       [-0.07545395],
       [-0.00092889],
       [-0.14459338],
       [-0.00609648],
       [-0.10010301],
       [-0.02059034],
       [ 0.02839494],
       [-0.30478498],
       [ 0.82680212],
       [-0.2481437 ],
       [ 0.10934194],
       [-0.1465487 ],
       [ 0.30628192],
       [ 0.2576584 ],
       [-0.10159499]])},
  'weight': 280.0},
 {'gamma': 0.5,
  'test_measures': {'0_fnr': 0.0044087901846959444,
                    '0_fpr': 0.89858490286015069,
                    '1_fnr': 0.004525133393126067,
                    '1_fpr': 0.89709860296609156,
                    'acc': 0.95103766794625721,
                    'fnr_diff': 0.00053268263878664319,
                    'fpr_diff': 0.011860608742341683,
                    'objective': 0.96343095932738565},
  'test_results': {'fnr_diff': 0.049390309065185191,
                   'fpr_diff': 0.080804787218304711,
                   'll': -2430.0466473679307,
                   'objective': 2471.7090781786474},
  'train_results': {'fnr_diff': 1.6981817677324402e-11,
                    'fpr_diff': 2.8506895249306302e-11,
                    'll': -595.53866381675618,
                    'objective': 597.45789415392687,
                    'w': array([[-0.09397121],
       [ 0.01921037],
       [ 0.28978186],
       [-0.07991152],
       [ 0.00706074],
       [-0.14379567],
       [ 0.01637836],
       [ 0.00529354],
       [-0.27289616],
       [ 0.03280563],
       [-0.52892108],
       [ 1.20623489],
       [-0.32908313],
       [ 0.11652909],
       [-0.1527761 ],
       [ 0.33422441],
       [ 0.17765603],
       [-0.17630703]])},
  'weight': 320.0},
 {'gamma': 0.5,
  'test_measures': {'0_fnr': 0.0044087901846959444,
                    '0_fpr': 0.89858490286015069,
                    '1_fnr': 0.004525133393126067,
                    '1_fpr': 0.89709860296609156,
                    'acc': 0.95103766794625721,
                    'fnr_diff': 0.00053268263878664319,
                    'fpr_diff': 0.011860608742341683,
                    'objective': 0.96343095932738565},
  'test_results': {'fnr_diff': 0.04939030874856027,
                   'fpr_diff': 0.080804786421906291,
                   'll': -2430.0466466574885,
                   'objective': 2476.9168809188568},
  'train_results': {'fnr_diff': 1.902912978015911e-11,
                    'fpr_diff': 2.6051273638305618e-11,
                    'll': -595.53866382303329,
                    'objective': 597.45789415588331,
                    'w': array([[-0.09397121],
       [ 0.01921036],
       [ 0.28978186],
       [-0.07991152],
       [ 0.00706074],
       [-0.14379567],
       [ 0.01637836],
       [ 0.00529355],
       [-0.27289615],
       [ 0.03280563],
       [-0.52892108],
       [ 1.20623489],
       [-0.32908313],
       [ 0.11652909],
       [-0.1527761 ],
       [ 0.33422441],
       [ 0.17765602],
       [-0.17630703]])},
  'weight': 360.0},
 {'gamma': 0.5,
  'test_measures': {'0_fnr': 0.0044087901846959444,
                    '0_fpr': 0.89858490286015069,
                    '1_fnr': 0.004525133393126067,
                    '1_fpr': 0.89709860296609156,
                    'acc': 0.95103766794625721,
                    'fnr_diff': 0.00053268263878664319,
                    'fpr_diff': 0.011860608742341683,
                    'objective': 0.96343095932738565},
  'test_results': {'fnr_diff': 0.049390309745796071,
                   'fpr_diff': 0.080804787146013857,
                   'll': -2430.0466486932842,
                   'objective': 2482.124687450008},
  'train_results': {'fnr_diff': 5.7023865664140857e-12,
                    'fpr_diff': 7.6681696582758801e-12,
                    'll': -595.53866374379504,
                    'objective': 597.45789414611625,
                    'w': array([[-0.0939712 ],
       [ 0.01921037],
       [ 0.28978185],
       [-0.07991153],
       [ 0.00706073],
       [-0.14379567],
       [ 0.01637836],
       [ 0.00529356],
       [-0.27289616],
       [ 0.03280563],
       [-0.52892111],
       [ 1.2062349 ],
       [-0.32908314],
       [ 0.11652909],
       [-0.1527761 ],
       [ 0.33422441],
       [ 0.17765602],
       [-0.17630704]])},
  'weight': 400.0}]

----------------Best Values for Objective absolute value relaxation---------------

{'gamma': 1.0,
 'test_measures': {'0_fnr': 0.0036002268280302028,
                   '0_fpr': 0.90211144889229034,
                   '1_fnr': 0.0037948603109885424,
                   '1_fpr': 0.89670591774480513,
                   'acc': 0.95162881211345707,
                   'fnr_diff': 0.00035112855808219269,
                   'fpr_diff': 0.0080771286701729131,
                   'objective': 0.96005706934171209},
 'test_results': {'fnr_diff': 0.046270122986040635,
                  'fpr_diff': 0.091059026397648263,
                  'll': -2385.371164202721,
                  'objective': 2396.3574961534159},
 'train_results': {'fnr_diff': 1.4626901320162633e-10,
                   'fpr_diff': 0.069309256196058683,
                   'll': -587.97871443955955,
                   'objective': 595.56221144090114,
                   'w': array([[-0.00341982],
       [ 0.09887318],
       [ 0.12651551],
       [-0.08342299],
       [ 0.0372919 ],
       [-0.13139758],
       [-0.00555223],
       [-0.21045731],
       [-0.10900831],
       [ 0.03357827],
       [-0.30761032],
       [ 1.02811104],
       [-0.31649659],
       [ 0.07542585],
       [-0.21395982],
       [ 0.31001567],
       [ 0.29219396],
       [-0.10253677]])},
 'weight': 80.0}
----------------------------------------------------------------------------------


----------------The result for squared relaxation---------------------------------

[{'gamma': 3.0,
  'test_measures': {'0_fnr': 0.0046996654310717482,
                    '0_fpr': 0.88125291433342934,
                    '1_fnr': 0.0035049806850129227,
                    '1_fpr': 0.89979741069605623,
                    'acc': 0.95182341650671787,
                    'fnr_diff': 0.0012458744636872237,
                    'fpr_diff': 0.023577080964174102,
                    'objective': 0.97664637193457915},
  'test_results': {'fnr_diff': 0.014040636876076021,
                   'fpr_diff': 0.061532154128680537,
                   'll': -2369.4572253506949,
                   'objective': 2369.4572253506949},
  'train_results': {'fnr_diff': 0.023017093921883593,
                    'fpr_diff': 0.12113898155523062,
                    'll': -582.52733013016916,
                    'objective': 587.03358912431463,
                    'w': array([[ 0.08267234],
       [ 0.18841182],
       [-0.07175745],
       [ 0.04901092],
       [ 0.03937072],
       [-0.12386774],
       [ 0.00084901],
       [-0.23242315],
       [ 0.1684416 ],
       [ 0.0355359 ],
       [-0.3239511 ],
       [ 0.83921691],
       [-0.36211315],
       [ 0.05612098],
       [-0.25412945],
       [ 0.2817309 ],
       [ 0.30371777],
       [-0.1079837 ]])},
  'weight': 0.0},
 {'gamma': 2.5,
  'test_measures': {'0_fnr': 0.0035681830194385614,
                    '0_fpr': 0.90073641679747618,
                    '1_fnr': 0.0040059636884144595,
                    '1_fpr': 0.89115862450733074,
                    'acc': 0.9517021219876306,
                    'fnr_diff': 0.00088710632775911404,
                    'fpr_diff': 0.016851720560012384,
                    'objective': 0.96944094887540211},
  'test_results': {'fnr_diff': 0.008631432677602531,
                   'fpr_diff': 0.016808410607062538,
                   'll': -2370.8995833134736,
                   'objective': 2371.9171770448602},
  'train_results': {'fnr_diff': 0.0043572384569285682,
                    'fpr_diff': 0.023573569730425441,
                    'll': -584.60638186818483,
                    'objective': 589.28423851495916,
                    'w': array([[ 0.06050833],
       [ 0.18854407],
       [-0.02871492],
       [-0.11534677],
       [ 0.05103603],
       [-0.13290874],
       [-0.00195923],
       [-0.23768314],
       [ 0.1020892 ],
       [ 0.03376595],
       [-0.29985909],
       [ 0.82167924],
       [-0.35714687],
       [ 0.06162697],
       [-0.25719384],
       [ 0.28547124],
       [ 0.30623025],
       [-0.09995303]])},
  'weight': 40.0},
 {'gamma': 2.5,
  'test_measures': {'0_fnr': 0.0038457443717824979,
                    '0_fpr': 0.90043405884593497,
                    '1_fnr': 0.0042781118353945134,
                    '1_fpr': 0.89095951813667773,
                    'acc': 0.95151151631477915,
                    'fnr_diff': 0.00080216621516186162,
                    'fpr_diff': 0.020609141694625455,
                    'objective': 0.97292282422456666},
  'test_results': {'fnr_diff': 0.011094481517549862,
                   'fpr_diff': 0.014061269728913301,
                   'll': -2376.3889016633157,
                   'objective': 2378.4013617630326},
  'train_results': {'fnr_diff': 0.0052571775265622817,
                    'fpr_diff': 0.015178322259853017,
                    'll': -583.64278210650923,
                    'objective': 589.17740255512877,
                    'w': array([[ 0.05593436],
       [ 0.16604622],
       [-0.02172715],
       [-0.12914539],
       [ 0.03756463],
       [-0.1219129 ],
       [ 0.000966  ],
       [-0.20807525],
       [ 0.11647057],
       [ 0.03564988],
       [-0.32904149],
       [ 0.88129316],
       [-0.35104289],
       [ 0.06337356],
       [-0.24136239],
       [ 0.28661762],
       [ 0.29491447],
       [-0.1096805 ]])},
  'weight': 80.0},
 {'gamma': 2.5,
  'test_measures': {'0_fnr': 0.0037731516978893273,
                    '0_fpr': 0.90166294891362209,
                    '1_fnr': 0.0042220920368163783,
                    '1_fpr': 0.89238533528705355,
                    'acc': 0.95150551823416496,
                    'fnr_diff': 0.00081873909047689721,
                    'fpr_diff': 0.019052551225182124,
                    'objective': 0.971376808549824},
  'test_results': {'fnr_diff': 0.011682617385411986,
                   'fpr_diff': 0.013615482656113415,
                   'll': -2377.6655244645867,
                   'objective': 2380.7012964695696},
  'train_results': {'fnr_diff': 0.0054515852298318793,
                    'fpr_diff': 0.011836195661979869,
                    'll': -583.95784055221918,
                    'objective': 589.92685969663103,
                    'w': array([[  4.56783576e-02],
       [  1.62422775e-01],
       [ -5.00969052e-03],
       [ -1.32305977e-01],
       [  3.57100829e-02],
       [ -1.22191245e-01],
       [  5.59112385e-04],
       [ -2.01872755e-01],
       [  1.05105025e-01],
       [  3.53376790e-02],
       [ -3.30063995e-01],
       [  8.82813167e-01],
       [ -3.45588458e-01],
       [  6.58473295e-02],
       [ -2.35567127e-01],
       [  2.87794386e-01],
       [  2.93093327e-01],
       [ -1.10021332e-01]])},
  'weight': 120.0},
 {'gamma': 2.5,
  'test_measures': {'0_fnr': 0.0037877044666234073,
                    '0_fpr': 0.90359944212034904,
                    '1_fnr': 0.0041774396698895048,
                    '1_fpr': 0.89429825879984948,
                    'acc': 0.95142754318618028,
                    'fnr_diff': 0.00077433035654563226,
                    'fpr_diff': 0.017617878362831175,
                    'objective': 0.96981975190555725},
  'test_results': {'fnr_diff': 0.011635256328816998,
                   'fpr_diff': 0.013330060250313025,
                   'll': -2378.8497913388637,
                   'objective': 2382.8442419915241},
  'train_results': {'fnr_diff': 0.0052867282114228724,
                    'fpr_diff': 0.0098483045169092988,
                    'll': -584.25388643682197,
                    'objective': 590.57317106993253,
                    'w': array([[  3.68518960e-02],
       [  1.59300583e-01],
       [  9.39757498e-03],
       [ -1.32321528e-01],
       [  3.40167953e-02],
       [ -1.22558420e-01],
       [  2.26022426e-04],
       [ -1.96464139e-01],
       [  9.52593056e-02],
       [  3.50620856e-02],
       [ -3.31089054e-01],
       [  8.84199723e-01],
       [ -3.40946172e-01],
       [  6.80351946e-02],
       [ -2.30583154e-01],
       [  2.88878346e-01],
       [  2.91392888e-01],
       [ -1.10363018e-01]])},
  'weight': 160.0},
 {'gamma': 2.5,
  'test_measures': {'0_fnr': 0.003715417557032604,
                    '0_fpr': 0.90530142541385739,
                    '1_fnr': 0.004143854984357204,
                    '1_fpr': 0.89548993983188507,
                    'acc': 0.95140355086372352,
                    'fnr_diff': 0.00075522911239604175,
                    'fpr_diff': 0.017151865778865648,
                    'objective': 0.96931064575498527},
  'test_results': {'fnr_diff': 0.011364793337816002,
                   'fpr_diff': 0.013110815033974396,
                   'll': -2379.997734619375,
                   'objective': 2384.8928562937335},
  'train_results': {'fnr_diff': 0.0050056210676277134,
                    'fpr_diff': 0.008471886765597212,
                    'll': -584.54166814730524,
                    'objective': 591.14415710666458,
                    'w': array([[  2.91272534e-02],
       [  1.56571786e-01],
       [  2.20229185e-02],
       [ -1.31226070e-01],
       [  3.24773386e-02],
       [ -1.22968884e-01],
       [ -4.89324289e-05],
       [ -1.91637587e-01],
       [  8.65834309e-02],
       [  3.48158352e-02],
       [ -3.32049884e-01],
       [  8.85451224e-01],
       [ -3.36913929e-01],
       [  6.99975854e-02],
       [ -2.26230635e-01],
       [  2.89874604e-01],
       [  2.89795942e-01],
       [ -1.10683295e-01]])},
  'weight': 200.0},
 {'gamma': 2.5,
  'test_measures': {'0_fnr': 0.0037299730427831552,
                    '0_fpr': 0.90652760571873081,
                    '1_fnr': 0.0041102636080021975,
                    '1_fpr': 0.89716418874860471,
                    'acc': 0.95134357005758141,
                    'fnr_diff': 0.00070716740945625154,
                    'fpr_diff': 0.016196848212418392,
                    'objective': 0.96824758567945624},
  'test_results': {'fnr_diff': 0.011016893030257449,
                   'fpr_diff': 0.012931608438563178,
                   'll': -2381.1190613268459,
                   'objective': 2386.8667016793634},
  'train_results': {'fnr_diff': 0.004694832291400274,
                    'fpr_diff': 0.0074392027923647743,
                    'll': -584.82278427523727,
                    'objective': 591.6555234078038,
                    'w': array([[  2.22877169e-02],
       [  1.54161751e-01],
       [  3.32147267e-02],
       [ -1.29705731e-01],
       [  3.10748314e-02],
       [ -1.23399468e-01],
       [ -2.78336736e-04],
       [ -1.87274981e-01],
       [  7.88568653e-02],
       [  3.45935125e-02],
       [ -3.32930761e-01],
       [  8.86575473e-01],
       [ -3.33363856e-01],
       [  7.17746226e-02],
       [ -2.22386935e-01],
       [  2.90793552e-01],
       [  2.88292678e-01],
       [ -1.10976920e-01]])},
  'weight': 240.0},
 {'gamma': 3.5,
  'test_measures': {'0_fnr': 0.0031967230878395189,
                    '0_fpr': 0.91934113061935263,
                    '1_fnr': 0.0034593119938112391,
                    '1_fpr': 0.90491598478387614,
                    'acc': 0.95138888888888884,
                    'fnr_diff': 0.00056797972370739331,
                    'fpr_diff': 0.019353670306678575,
                    'objective': 0.97131053891927488},
  'test_results': {'fnr_diff': 0.01104573892571958,
                   'fpr_diff': 0.013871564445585937,
                   'll': -2381.4364729133117,
                   'objective': 2388.4133178572774},
  'train_results': {'fnr_diff': 0.0048989590471410806,
                    'fpr_diff': 0.0073285722228082694,
                    'll': -586.40142957752551,
                    'objective': 594.63618639494871,
                    'w': array([[ 0.01453662],
       [ 0.17825886],
       [ 0.02233173],
       [-0.12570012],
       [ 0.02424328],
       [-0.1144023 ],
       [-0.00155314],
       [-0.18702871],
       [ 0.11970479],
       [ 0.03350844],
       [-0.31033824],
       [ 0.79907482],
       [-0.31681052],
       [ 0.06572433],
       [-0.21336444],
       [ 0.27454235],
       [ 0.2985287 ],
       [-0.10344608]])},
  'weight': 280.0},
 {'gamma': 2.5,
  'test_measures': {'0_fnr': 0.00368673133574631,
                    '0_fpr': 0.90871719205737944,
                    '1_fnr': 0.0040542709477840357,
                    '1_fpr': 0.89811320095204794,
                    'acc': 0.95131357965451036,
                    'fnr_diff': 0.00073270899670463689,
                    'fpr_diff': 0.016351748831210388,
                    'objective': 0.96839803748242548},
  'test_results': {'fnr_diff': 0.010289875515483472,
                   'fpr_diff': 0.012651531674522237,
                   'll': -2383.2784799153974,
                   'objective': 2390.6197302161991},
  'train_results': {'fnr_diff': 0.0040976299235911586,
                    'fpr_diff': 0.0059638650274732325,
                    'll': -585.36356238118969,
                    'objective': 592.5388472026782,
                    'w': array([[  1.06755549e-02],
       [  1.50089957e-01],
       [  5.22450021e-02],
       [ -1.26350791e-01],
       [  2.86155578e-02],
       [ -1.24273520e-01],
       [ -6.36322812e-04],
       [ -1.79646730e-01],
       [  6.56536915e-02],
       [  3.42053606e-02],
       [ -3.34455519e-01],
       [  8.88485273e-01],
       [ -3.27372845e-01],
       [  7.48835998e-02],
       [ -2.15887672e-01],
       [  2.92437474e-01],
       [  2.85537816e-01],
       [ -1.11485173e-01]])},
  'weight': 320.0},
 {'gamma': 2.5,
  'test_measures': {'0_fnr': 0.00368673133574631,
                    '0_fpr': 0.90993195217791545,
                    '1_fnr': 0.0040319306380770968,
                    '1_fpr': 0.89859113163211413,
                    'acc': 0.95128358925143941,
                    'fnr_diff': 0.00071036868699769805,
                    'fpr_diff': 0.016594191137085025,
                    'objective': 0.96858814907552215},
  'test_results': {'fnr_diff': 0.0099465650251683649,
                   'fpr_diff': 0.012539320693550552,
                   'll': -2384.3124759539032,
                   'objective': 2392.4073948126415},
  'train_results': {'fnr_diff': 0.0038286960959781915,
                    'fpr_diff': 0.0054126026201836899,
                    'll': -585.6222291158881,
                    'objective': 592.92451121079785,
                    'w': array([[  5.69228643e-03],
       [  1.48352314e-01],
       [  6.04236945e-02],
       [ -1.24699203e-01],
       [  2.75311942e-02],
       [ -1.24704327e-01],
       [ -7.77601115e-04],
       [ -1.76278631e-01],
       [  5.99590367e-02],
       [  3.40340115e-02],
       [ -3.35110220e-01],
       [  8.89293368e-01],
       [ -3.24813147e-01],
       [  7.62560749e-02],
       [ -2.13109740e-01],
       [  2.93177817e-01],
       [  2.84273570e-01],
       [ -1.11703407e-01]])},
  'weight': 360.0},
 {'gamma': 2.5,
  'test_measures': {'0_fnr': 0.0036431429395567573,
                    '0_fpr': 0.90968442742544009,
                    '1_fnr': 0.003987236546510055,
                    '1_fpr': 0.89906506528140329,
                    'acc': 0.95131957773512477,
                    'fnr_diff': 0.00068036125751616181,
                    'fpr_diff': 0.016367782240271168,
                    'objective': 0.96836772123291226},
  'test_results': {'fnr_diff': 0.0096244041513330776,
                   'fpr_diff': 0.012440870119319826,
                   'll': -2385.3141554127187,
                   'objective': 2394.1402651209796},
  'train_results': {'fnr_diff': 0.0035817751689625442,
                    'fpr_diff': 0.0049453624841947598,
                    'll': -585.87268287244592,
                    'objective': 593.27956117051758,
                    'w': array([[ 0.00115352],
       [ 0.14677555],
       [ 0.06787989],
       [-0.1231114 ],
       [ 0.02652861],
       [-0.12512645],
       [-0.00089983],
       [-0.17315751],
       [ 0.05475919],
       [ 0.03387509],
       [-0.33570157],
       [ 0.89001771],
       [-0.32248612],
       [ 0.07752768],
       [-0.2105856 ],
       [ 0.29387189],
       [ 0.28307737],
       [-0.11190052]])},
  'weight': 400.0}]

----------------Best Values for Objective squared relaxation----------------------

{'gamma': 2.5,
 'test_measures': {'0_fnr': 0.0037299730427831552,
                   '0_fpr': 0.90652760571873081,
                   '1_fnr': 0.0041102636080021975,
                   '1_fpr': 0.89716418874860471,
                   'acc': 0.95134357005758141,
                   'fnr_diff': 0.00070716740945625154,
                   'fpr_diff': 0.016196848212418392,
                   'objective': 0.96824758567945624},
 'test_results': {'fnr_diff': 0.011016893030257449,
                  'fpr_diff': 0.012931608438563178,
                  'll': -2381.1190613268459,
                  'objective': 2386.8667016793634},
 'train_results': {'fnr_diff': 0.004694832291400274,
                   'fpr_diff': 0.0074392027923647743,
                   'll': -584.82278427523727,
                   'objective': 591.6555234078038,
                   'w': array([[  2.22877169e-02],
       [  1.54161751e-01],
       [  3.32147267e-02],
       [ -1.29705731e-01],
       [  3.10748314e-02],
       [ -1.23399468e-01],
       [ -2.78336736e-04],
       [ -1.87274981e-01],
       [  7.88568653e-02],
       [  3.45935125e-02],
       [ -3.32930761e-01],
       [  8.86575473e-01],
       [ -3.33363856e-01],
       [  7.17746226e-02],
       [ -2.22386935e-01],
       [  2.90793552e-01],
       [  2.88292678e-01],
       [ -1.10976920e-01]])},
 'weight': 240.0}
----------------------------------------------------------------------------------

Done

