epsilon: 0.1

----------------------------------START--------------------------------------

Squared:	the best gamma for weight: 0.0 is: 0.0
ABS:		the best gamma for weight: 0.0 is: 0.0

Squared:	the best gamma for weight: 100.0 is: 0.0
ABS:		the best gamma for weight: 100.0 is: 0.0

Squared:	the best gamma for weight: 200.0 is: 0.0
ABS:		the best gamma for weight: 200.0 is: 0.0

Squared:	the best gamma for weight: 300.0 is: 0.0
ABS:		the best gamma for weight: 300.0 is: 0.0

----------------------------------------------------------------------------------


----------------The result for absolute value relaxation--------------------------

[{'gamma': 0.0,
  'test_real_measures': {'0_fnr': 1.0,
                         '0_fpr': 0.0,
                         '1_fnr': 0.0,
                         '1_fpr': 1.0,
                         'accuracy': 0.894,
                         'fnr_diff': 1.0,
                         'fpr_diff': 1.0,
                         'objective': 2.106},
  'test_relaxed_measures': {'fnr_diff': 4.373079695621841,
                            'fpr_diff': 4.3826616214440826,
                            'll': -392.83490580029365,
                            'objective': 392.83490580029365},
  'train_real_measures': {'0_fnr': 1.0,
                          '0_fpr': 0.0,
                          '1_fnr': 0.0,
                          '1_fpr': 1.0,
                          'accuracy': 0.8997142857142857,
                          'fnr_diff': 1.0,
                          'fpr_diff': 1.0,
                          'objective': 2.1002857142857145},
  'train_relaxed_measures': {'fnr_diff': 4.410644143357591,
                             'fpr_diff': 4.3819380359645255,
                             'll': -897.650239691855,
                             'objective': 897.650239691855,
                             'w': matrix([[ 4.36407718],
        [ 2.67114855],
        [-3.62875682]])},
  'weight': 0.0},
 {'gamma': 0.0,
  'test_real_measures': {'0_fnr': 0.19753086419753085,
                         '0_fpr': 0.19817073170731708,
                         '1_fnr': 0.19416058394160585,
                         '1_fpr': 0.20512820512820512,
                         'accuracy': 0.8033333333333333,
                         'fnr_diff': 0.0033702802559250067,
                         'fpr_diff': 0.0069574734208880384,
                         'objective': 0.2069944203434797},
  'test_relaxed_measures': {'fnr_diff': 2.0563473679923847,
                            'fpr_diff': 2.064204617463097,
                            'll': -469.41001815957657,
                            'objective': 881.4652167051247},
  'train_real_measures': {'0_fnr': 0.2222222222222222,
                          '0_fpr': 0.2003841229193342,
                          '1_fnr': 0.20478890989287965,
                          '1_fpr': 0.20707070707070707,
                          'accuracy': 0.7962857142857143,
                          'fnr_diff': 0.01743331232934256,
                          'fpr_diff': 0.006686584151372882,
                          'objective': 0.22783418219500118},
  'train_relaxed_measures': {'fnr_diff': 2.0871504907220757,
                             'fpr_diff': 2.0636112720613746,
                             'll': -1098.8101126533766,
                             'objective': 1513.8862889317218,
                             'w': matrix([[ 2.04896524],
        [ 2.19036141],
        [-2.15534007]])},
  'weight': 100.0},
 {'gamma': 0.0,
  'test_real_measures': {'0_fnr': 0.19753086419753085,
                         '0_fpr': 0.19817073170731708,
                         '1_fnr': 0.19416058394160585,
                         '1_fpr': 0.20512820512820512,
                         'accuracy': 0.8033333333333333,
                         'fnr_diff': 0.0033702802559250067,
                         'fpr_diff': 0.0069574734208880384,
                         'objective': 0.2069944203434797},
  'test_relaxed_measures': {'fnr_diff': 0.47143340066592215,
                            'fpr_diff': 0.48038546476227606,
                            'll': -662.9603206962067,
                            'objective': 853.3240937818464},
  'train_real_measures': {'0_fnr': 0.2222222222222222,
                          '0_fpr': 0.2003841229193342,
                          '1_fnr': 0.20478890989287965,
                          '1_fpr': 0.20707070707070707,
                          'accuracy': 0.7962857142857143,
                          'fnr_diff': 0.01743331232934256,
                          'fpr_diff': 0.006686584151372882,
                          'objective': 0.22783418219500118},
  'train_relaxed_measures': {'fnr_diff': 0.5065285736105917,
                             'fpr_diff': 0.47970944370843377,
                             'll': -1572.360874797026,
                             'objective': 1769.6084782608314,
                             'w': matrix([[ 0.46302266],
        [ 2.49556232],
        [-1.48733493]])},
  'weight': 200.0},
 {'gamma': 0.0,
  'test_real_measures': {'0_fnr': 0.19753086419753085,
                         '0_fpr': 0.19817073170731708,
                         '1_fnr': 0.19416058394160585,
                         '1_fpr': 0.20512820512820512,
                         'accuracy': 0.8033333333333333,
                         'fnr_diff': 0.0033702802559250067,
                         'fpr_diff': 0.0069574734208880384,
                         'objective': 0.2069944203434797},
  'test_relaxed_measures': {'fnr_diff': 0.008924616506432143,
                            'fpr_diff': 0.0007289995076382866,
                            'll': -747.5195812737554,
                            'objective': 750.4156660779765},
  'train_real_measures': {'0_fnr': 0.2222222222222222,
                          '0_fpr': 0.2003841229193342,
                          '1_fnr': 0.20478890989287965,
                          '1_fpr': 0.20707070707070707,
                          'accuracy': 0.7962857142857143,
                          'fnr_diff': 0.01743331232934256,
                          'fpr_diff': 0.006686584151372882,
                          'objective': 0.22783418219500118},
  'train_relaxed_measures': {'fnr_diff': 0.02892088146014546,
                             'fpr_diff': 2.9572707130332e-10,
                             'll': -1777.5646357457717,
                             'objective': 1786.2409002725335,
                             'w': matrix([[-0.01799449],
        [ 2.69113359],
        [-1.3384728 ]])},
  'weight': 300.0}]

----------------Best Values for Objective absolute value relaxation---------------

{'gamma': 0.0,
 'test_real_measures': {'0_fnr': 0.19753086419753085,
                        '0_fpr': 0.19817073170731708,
                        '1_fnr': 0.19416058394160585,
                        '1_fpr': 0.20512820512820512,
                        'accuracy': 0.8033333333333333,
                        'fnr_diff': 0.0033702802559250067,
                        'fpr_diff': 0.0069574734208880384,
                        'objective': 0.2069944203434797},
 'test_relaxed_measures': {'fnr_diff': 2.0563473679923847,
                           'fpr_diff': 2.064204617463097,
                           'll': -469.41001815957657,
                           'objective': 881.4652167051247},
 'train_real_measures': {'0_fnr': 0.2222222222222222,
                         '0_fpr': 0.2003841229193342,
                         '1_fnr': 0.20478890989287965,
                         '1_fpr': 0.20707070707070707,
                         'accuracy': 0.7962857142857143,
                         'fnr_diff': 0.01743331232934256,
                         'fpr_diff': 0.006686584151372882,
                         'objective': 0.22783418219500118},
 'train_relaxed_measures': {'fnr_diff': 2.0871504907220757,
                            'fpr_diff': 2.0636112720613746,
                            'll': -1098.8101126533766,
                            'objective': 1513.8862889317218,
                            'w': matrix([[ 2.04896524],
        [ 2.19036141],
        [-2.15534007]])},
 'weight': 100.0}
----------------------------------------------------------------------------------


----------------The result for squared relaxation---------------------------------

[{'gamma': 0.0,
  'test_real_measures': {'0_fnr': 1.0,
                         '0_fpr': 0.0,
                         '1_fnr': 0.0,
                         '1_fpr': 1.0,
                         'accuracy': 0.894,
                         'fnr_diff': 1.0,
                         'fpr_diff': 1.0,
                         'objective': 2.106},
  'test_relaxed_measures': {'fnr_diff': 19.123826024260012,
                            'fpr_diff': 19.207722888078873,
                            'll': -392.83490580029365,
                            'objective': 392.83490580029365},
  'train_real_measures': {'0_fnr': 1.0,
                          '0_fpr': 0.0,
                          '1_fnr': 0.0,
                          '1_fpr': 1.0,
                          'accuracy': 0.8997142857142857,
                          'fnr_diff': 1.0,
                          'fpr_diff': 1.0,
                          'objective': 2.1002857142857145},
  'train_relaxed_measures': {'fnr_diff': 19.453781759334618,
                             'fpr_diff': 19.201380951032643,
                             'll': -897.650239691855,
                             'objective': 897.650239691855,
                             'w': matrix([[ 4.36407718],
        [ 2.67114855],
        [-3.62875682]])},
  'weight': 0.0},
 {'gamma': 0.0,
  'test_real_measures': {'0_fnr': 0.19753086419753085,
                         '0_fpr': 0.19817073170731708,
                         '1_fnr': 0.19416058394160585,
                         '1_fpr': 0.20512820512820512,
                         'accuracy': 0.8033333333333333,
                         'fnr_diff': 0.0033702802559250067,
                         'fpr_diff': 0.0069574734208880384,
                         'objective': 0.2069944203434797},
  'test_relaxed_measures': {'fnr_diff': 0.7357491473749388,
                            'fpr_diff': 0.7504161646235821,
                            'll': -603.4505846602224,
                            'objective': 752.0671158600744},
  'train_real_measures': {'0_fnr': 0.2222222222222222,
                          '0_fpr': 0.2003841229193342,
                          '1_fnr': 0.20478890989287965,
                          '1_fpr': 0.20707070707070707,
                          'accuracy': 0.7962857142857143,
                          'fnr_diff': 0.01743331232934256,
                          'fpr_diff': 0.006686584151372882,
                          'objective': 0.22783418219500118},
  'train_relaxed_measures': {'fnr_diff': 0.7940775238290698,
                             'fpr_diff': 0.7493035222763966,
                             'll': -1427.5727130555817,
                             'objective': 1581.9108176661282,
                             'w': matrix([[ 0.84976521],
        [ 2.37161271],
        [-1.62431426]])},
  'weight': 100.0},
 {'gamma': 0.0,
  'test_real_measures': {'0_fnr': 0.19753086419753085,
                         '0_fpr': 0.19817073170731708,
                         '1_fnr': 0.19416058394160585,
                         '1_fpr': 0.20512820512820512,
                         'accuracy': 0.8033333333333333,
                         'fnr_diff': 0.0033702802559250067,
                         'fpr_diff': 0.0069574734208880384,
                         'objective': 0.2069944203434797},
  'test_relaxed_measures': {'fnr_diff': 0.22794893382261266,
                            'fpr_diff': 0.23656819176744748,
                            'll': -661.9784611224635,
                            'objective': 754.8818862404755},
  'train_real_measures': {'0_fnr': 0.2222222222222222,
                          '0_fpr': 0.2003841229193342,
                          '1_fnr': 0.20478890989287965,
                          '1_fpr': 0.20707070707070707,
                          'accuracy': 0.7962857142857143,
                          'fnr_diff': 0.01743331232934256,
                          'fpr_diff': 0.006686584151372882,
                          'objective': 0.22783418219500118},
  'train_relaxed_measures': {'fnr_diff': 0.2626549876273436,
                             'fpr_diff': 0.2359117196057985,
                             'll': -1569.9694584536292,
                             'objective': 1669.6827999002576,
                             'w': matrix([[ 0.46903795],
        [ 2.49297512],
        [-1.48913278]])},
  'weight': 200.0},
 {'gamma': 0.0,
  'test_real_measures': {'0_fnr': 0.19753086419753085,
                         '0_fpr': 0.19817073170731708,
                         '1_fnr': 0.19416058394160585,
                         '1_fpr': 0.20512820512820512,
                         'accuracy': 0.8033333333333333,
                         'fnr_diff': 0.0033702802559250067,
                         'fpr_diff': 0.0069574734208880384,
                         'objective': 0.2069944203434797},
  'test_relaxed_measures': {'fnr_diff': 0.10623839536573954,
                            'fpr_diff': 0.11228566205685872,
                            'll': -687.3718155902027,
                            'objective': 752.9290328169822},
  'train_real_measures': {'0_fnr': 0.2222222222222222,
                          '0_fpr': 0.2003841229193342,
                          '1_fnr': 0.20478890989287965,
                          '1_fpr': 0.20707070707070707,
                          'accuracy': 0.7962857142857143,
                          'fnr_diff': 0.01743331232934256,
                          'fpr_diff': 0.006686584151372882,
                          'objective': 0.22783418219500118},
  'train_relaxed_measures': {'fnr_diff': 0.130903905709898,
                             'fpr_diff': 0.11182315606938718,
                             'll': -1631.655104994877,
                             'objective': 1704.4732235286626,
                             'w': matrix([[ 0.31734729],
        [ 2.55024155],
        [-1.43988594]])},
  'weight': 300.0}]

----------------Best Values for Objective squared relaxation----------------------

{'gamma': 0.0,
 'test_real_measures': {'0_fnr': 0.19753086419753085,
                        '0_fpr': 0.19817073170731708,
                        '1_fnr': 0.19416058394160585,
                        '1_fpr': 0.20512820512820512,
                        'accuracy': 0.8033333333333333,
                        'fnr_diff': 0.0033702802559250067,
                        'fpr_diff': 0.0069574734208880384,
                        'objective': 0.2069944203434797},
 'test_relaxed_measures': {'fnr_diff': 0.7357491473749388,
                           'fpr_diff': 0.7504161646235821,
                           'll': -603.4505846602224,
                           'objective': 752.0671158600744},
 'train_real_measures': {'0_fnr': 0.2222222222222222,
                         '0_fpr': 0.2003841229193342,
                         '1_fnr': 0.20478890989287965,
                         '1_fpr': 0.20707070707070707,
                         'accuracy': 0.7962857142857143,
                         'fnr_diff': 0.01743331232934256,
                         'fpr_diff': 0.006686584151372882,
                         'objective': 0.22783418219500118},
 'train_relaxed_measures': {'fnr_diff': 0.7940775238290698,
                            'fpr_diff': 0.7493035222763966,
                            'll': -1427.5727130555817,
                            'objective': 1581.9108176661282,
                            'w': matrix([[ 0.84976521],
        [ 2.37161271],
        [-1.62431426]])},
 'weight': 100.0}
----------------------------------------------------------------------------------


--------------------------------Runs measures-----------------------------------


Baseline measures:

[{'accuracy': 0.894, 'fnr_diff': 1.0, 'fpr_diff': 1.0}]

ABS measures:

[{'accuracy': 0.8033333333333333,
  'fnr_diff': 0.0033702802559250067,
  'fpr_diff': 0.0069574734208880384}]

Squared measures:

[{'accuracy': 0.8033333333333333,
  'fnr_diff': 0.0033702802559250067,
  'fpr_diff': 0.0069574734208880384}]

---------------------------------Average measures-------------------------------


Average fpr_diff for Baseline is: 1.0
Average fpr_diff for ABS is: 0.0069574734208880384
Average fpr_diff for Squared is: 0.0069574734208880384

Average fnr_diff for Baseline is: 1.0
Average fnr_diff for ABS is: 0.0033702802559250067
Average fnr_diff for Squared is: 0.0033702802559250067

Average accuracy for Baseline is: 0.894
Average accuracy for ABS is: 0.8033333333333333
Average accuracy for Squared is: 0.8033333333333333

----------------------------------DONE--------------------------------------

