{u'data_headers': u'age,sex,race,priors_count,c_charge_degree',
 u'data_set': u'compas-dataset',
 u'description': u'compas dataset with protected value race',
 u'file': u'compas-scores-two-years.csv',
 u'filters': [{u'header': u'c_charge_degree', u'values': [u'0']},
              {u'header': u'is_recid', u'values': [u'-1']},
              {u'header': u'score_text', u'values': [u'N/A']},
              {u'header': u'days_b_screening_arrest',
               u'range': {u'gt': 30, u'lt': -30, u'type': u'or'},
               u'values': [u'']}],
 u'fn': False,
 u'fp': True,
 u'gamma': {u'gt': 0, u'lt': 10},
 u'gamma_res': 21,
 u'headers_integer_values': [{u'Female': 1, u'Male': 0, u'header': u'sex'},
                             {u'African-American': 1,
                              u'Caucasian': 0,
                              u'header': u'race'},
                             {u'F': 1,
                              u'M': 0,
                              u'header': u'c_charge_degree'}],
 u'headers_operation': [],
 u'num_of_tries': 5,
 u'protected': u'race',
 u'tag': u'is_recid',
 u'test_size': 0.5,
 u'weight': {u'gt': 0, u'lt': 400},
 u'weight_res': 21}

The result for absolute value relaxation:

[{'gamma': 4.5,
  'test_measures': {'0_fnr': 0.58046116212831833,
                    '0_fpr': 0.16804953529948433,
                    '1_fnr': 0.21106993392763776,
                    '1_fpr': 0.45264458668552698,
                    'acc': 0.67154225085259567,
                    'fnr_diff': 0.36939122820068065,
                    'fpr_diff': 0.28459505138604263},
  'test_results': {'fnr_diff': 0.76732548817650614,
                   'fpr_diff': 0.61372012900860518,
                   'll': -1623.5785198543788,
                   'objective': 1623.5785198543788},
  'train_results': {'fnr_diff': 0.72094487726145595,
                    'fpr_diff': 0.6007981667874096,
                    'll': -1601.1840636332365,
                    'objective': 1605.3055759559761,
                    'w': array([[-0.04372616],
       [-0.36296397],
       [ 0.1764162 ],
       [ 0.17190902],
       [ 0.1409512 ],
       [ 0.83220191]])},
  'weight': 0.0},
 {'gamma': 3.5,
  'test_measures': {'0_fnr': 0.51937636881274718,
                    '0_fpr': 0.22077340632847955,
                    '1_fnr': 0.23434615292431132,
                    '1_fpr': 0.42182688547485503,
                    'acc': 0.67002652519893902,
                    'fnr_diff': 0.28503021588843591,
                    'fpr_diff': 0.20105347914637547},
  'test_results': {'fnr_diff': 0.6233973485738632,
                   'fpr_diff': 0.46988957726829794,
                   'll': -1622.5968299167016,
                   'objective': 1631.9946214620675},
  'train_results': {'fnr_diff': 0.57766972103767888,
                    'fpr_diff': 0.45651176082864764,
                    'll': -1601.9990383077181,
                    'objective': 1614.8960638141568,
                    'w': array([[-0.04383125],
       [-0.37971662],
       [ 0.03304506],
       [ 0.17123028],
       [ 0.13407317],
       [ 0.93394579]])},
  'weight': 20.0},
 {'gamma': 3.0,
  'test_measures': {'0_fnr': 0.4576861194801235,
                    '0_fpr': 0.26558062154191259,
                    '1_fnr': 0.26399329127057414,
                    '1_fpr': 0.38004890723520768,
                    'acc': 0.6712391057218644,
                    'fnr_diff': 0.19369282820954942,
                    'fpr_diff': 0.11446828569329504},
  'test_results': {'fnr_diff': 0.48011022268519526,
                   'fpr_diff': 0.32632847303608753,
                   'll': -1624.4105333775856,
                   'objective': 1637.4636722990294},
  'train_results': {'fnr_diff': 0.43489443676157447,
                    'fpr_diff': 0.31250027014522347,
                    'll': -1605.6859239264857,
                    'objective': 1622.0044033495344,
                    'w': array([[-0.04375355],
       [-0.39207323],
       [-0.10969172],
       [ 0.17090997],
       [ 0.12977212],
       [ 1.02442672]])},
  'weight': 40.0},
 {'gamma': 2.5,
  'test_measures': {'0_fnr': 0.40600107249176015,
                    '0_fpr': 0.31524760975064703,
                    '1_fnr': 0.29822183765939081,
                    '1_fpr': 0.33480955577241245,
                    'acc': 0.66911708980674489,
                    'fnr_diff': 0.10777923483236936,
                    'fpr_diff': 0.04903562016776182},
  'test_results': {'fnr_diff': 0.33534680937341221,
                   'fpr_diff': 0.18101822804672327,
                   'll': -1629.1507813531102,
                   'objective': 1640.0118750359136},
  'train_results': {'fnr_diff': 0.29054647984510379,
                    'fpr_diff': 0.16671398877032131,
                    'll': -1612.2228194742886,
                    'objective': 1626.0981895737955,
                    'w': array([[-0.04388757],
       [-0.40600179],
       [-0.25572669],
       [ 0.17101091],
       [ 0.12507491],
       [ 1.12339995]])},
  'weight': 60.0},
 {'gamma': 2.5,
  'test_measures': {'0_fnr': 0.36054111072981082,
                    '0_fpr': 0.36234443217839668,
                    '1_fnr': 0.33015141405629034,
                    '1_fpr': 0.29540347373206838,
                    'acc': 0.66578249336870032,
                    'fnr_diff': 0.047581268299255998,
                    'fpr_diff': 0.066940958446328261},
  'test_results': {'fnr_diff': 0.20692739685812925,
                   'fpr_diff': 0.080684255426431734,
                   'll': -1635.4809498988257,
                   'objective': 1641.9356903329403},
  'train_results': {'fnr_diff': 0.16238882341859742,
                    'fpr_diff': 0.037054215317217885,
                    'll': -1620.6032484932057,
                    'objective': 1628.0544881498056,
                    'w': array([[-0.04362415],
       [-0.41310145],
       [-0.38407527],
       [ 0.17123917],
       [ 0.12458276],
       [ 1.19224054]])},
  'weight': 80.0},
 {'gamma': 6.5,
  'test_measures': {'0_fnr': 0.36178133147880898,
                    '0_fpr': 0.35467315693804374,
                    '1_fnr': 0.36921588050907156,
                    '1_fpr': 0.25754477423299871,
                    'acc': 0.66494884425918921,
                    'fnr_diff': 0.02671419537380838,
                    'fpr_diff': 0.097128382705045008},
  'test_results': {'fnr_diff': 0.17256888661232969,
                   'fpr_diff': 0.056884129708722128,
                   'll': -1637.6147888597793,
                   'objective': 1643.3032018306512},
  'train_results': {'fnr_diff': 0.1279256883109148,
                    'fpr_diff': 0.00155601825897578,
                    'll': -1625.5588913955082,
                    'objective': 1634.6807374321743,
                    'w': array([[-0.03918241],
       [-0.36440622],
       [-0.39704927],
       [ 0.16965188],
       [ 0.15330587],
       [ 1.01457575]])},
  'weight': 100.0},
 {'gamma': 5.0,
  'test_measures': {'0_fnr': 0.35727037845040149,
                    '0_fpr': 0.36180069631736866,
                    '1_fnr': 0.36463375950887839,
                    '1_fpr': 0.25989239224482896,
                    'acc': 0.66494884425918899,
                    'fnr_diff': 0.027199188930281382,
                    'fpr_diff': 0.10190830407253966},
  'test_results': {'fnr_diff': 0.1707310513880044,
                   'fpr_diff': 0.059438561693648383,
                   'll': -1637.4634750389455,
                   'objective': 1644.5961024421831},
  'train_results': {'fnr_diff': 0.12614795911282223,
                    'fpr_diff': 4.1858982252618302e-11,
                    'll': -1624.8129741086886,
                    'objective': 1632.4961707520722,
                    'w': array([[-0.04064506],
       [-0.38162376],
       [-0.40609491],
       [ 0.17019705],
       [ 0.14432136],
       [ 1.08092503]])},
  'weight': 120.0},
 {'gamma': 5.0,
  'test_measures': {'0_fnr': 0.35727037845040149,
                    '0_fpr': 0.36180069631736866,
                    '1_fnr': 0.36463375950887839,
                    '1_fpr': 0.25989239224482896,
                    'acc': 0.66494884425918899,
                    'fnr_diff': 0.027199188930281382,
                    'fpr_diff': 0.10190830407253966},
  'test_results': {'fnr_diff': 0.17073105097149435,
                   'fpr_diff': 0.059438561975316141,
                   'll': -1637.4634750178539,
                   'objective': 1645.7848736943984},
  'train_results': {'fnr_diff': 0.12614795875462925,
                    'fpr_diff': 9.1122562967393966e-11,
                    'll': -1624.8129739757217,
                    'objective': 1632.4961707691307,
                    'w': array([[-0.04064506],
       [-0.38162376],
       [-0.40609491],
       [ 0.17019705],
       [ 0.14432136],
       [ 1.08092504]])},
  'weight': 140.0},
 {'gamma': 5.0,
  'test_measures': {'0_fnr': 0.35727037845040149,
                    '0_fpr': 0.36180069631736866,
                    '1_fnr': 0.36463375950887839,
                    '1_fpr': 0.25989239224482896,
                    'acc': 0.66494884425918899,
                    'fnr_diff': 0.027199188930281382,
                    'fpr_diff': 0.10190830407253966},
  'test_results': {'fnr_diff': 0.17073105143755407,
                   'fpr_diff': 0.059438561485320472,
                   'll': -1637.4634749270931,
                   'objective': 1646.9736447647442},
  'train_results': {'fnr_diff': 0.12614795934517237,
                    'fpr_diff': 8.6582702465975986e-11,
                    'll': -1624.8129740747195,
                    'objective': 1632.4961707698158,
                    'w': array([[-0.04064506],
       [-0.38162376],
       [-0.40609491],
       [ 0.17019705],
       [ 0.14432136],
       [ 1.08092503]])},
  'weight': 160.0},
 {'gamma': 5.0,
  'test_measures': {'0_fnr': 0.35727037845040149,
                    '0_fpr': 0.36180069631736866,
                    '1_fnr': 0.36463375950887839,
                    '1_fpr': 0.25989239224482896,
                    'acc': 0.66494884425918899,
                    'fnr_diff': 0.027199188930281382,
                    'fpr_diff': 0.10190830407253966},
  'test_results': {'fnr_diff': 0.1707310501746796,
                   'fpr_diff': 0.059438562876141202,
                   'll': -1637.4634747586579,
                   'objective': 1648.1624160763633},
  'train_results': {'fnr_diff': 0.12614795754883373,
                    'fpr_diff': 4.8107743830239079e-11,
                    'll': -1624.8129736419044,
                    'objective': 1632.4961707620121,
                    'w': array([[-0.04064506],
       [-0.38162376],
       [-0.40609492],
       [ 0.17019706],
       [ 0.14432136],
       [ 1.08092507]])},
  'weight': 180.0},
 {'gamma': 5.5,
  'test_measures': {'0_fnr': 0.35997112990195373,
                    '0_fpr': 0.35817869325018886,
                    '1_fnr': 0.36529125587705558,
                    '1_fpr': 0.25842781187063596,
                    'acc': 0.66547934823796895,
                    'fnr_diff': 0.028743377793094681,
                    'fpr_diff': 0.099750881379552889},
  'test_results': {'fnr_diff': 0.17083003995374685,
                   'fpr_diff': 0.059095207626861268,
                   'll': -1637.5265398206407,
                   'objective': 1649.3455813460128},
  'train_results': {'fnr_diff': 0.12622583324781844,
                    'fpr_diff': 2.7354869758244861e-11,
                    'll': -1625.100383682447,
                    'objective': 1633.2506487364142,
                    'w': array([[-0.04013505],
       [-0.3756856 ],
       [-0.40349217],
       [ 0.1700058 ],
       [ 0.14754326],
       [ 1.05808054]])},
  'weight': 200.0},
 {'gamma': 5.5,
  'test_measures': {'0_fnr': 0.35997112990195373,
                    '0_fpr': 0.35817869325018886,
                    '1_fnr': 0.36529125587705558,
                    '1_fpr': 0.25842781187063596,
                    'acc': 0.66547934823796895,
                    'fnr_diff': 0.028743377793094681,
                    'fpr_diff': 0.099750881379552889},
  'test_results': {'fnr_diff': 0.1708300404830625,
                   'fpr_diff': 0.059095207529033342,
                   'll': -1637.5265399644602,
                   'objective': 1650.5274856208475},
  'train_results': {'fnr_diff': 0.12622583358314973,
                    'fpr_diff': 9.5790440857168593e-11,
                    'll': -1625.100383760097,
                    'objective': 1633.2506487598744,
                    'w': array([[-0.04013505],
       [-0.3756856 ],
       [-0.40349217],
       [ 0.1700058 ],
       [ 0.14754326],
       [ 1.05808053]])},
  'weight': 220.0},
 {'gamma': 5.5,
  'test_measures': {'0_fnr': 0.35997112990195373,
                    '0_fpr': 0.35817869325018886,
                    '1_fnr': 0.36529125587705558,
                    '1_fpr': 0.25842781187063596,
                    'acc': 0.66547934823796895,
                    'fnr_diff': 0.028743377793094681,
                    'fpr_diff': 0.099750881379552889},
  'test_results': {'fnr_diff': 0.17083004147320061,
                   'fpr_diff': 0.059095207628107757,
                   'll': -1637.5265401824981,
                   'objective': 1651.7093900132436},
  'train_results': {'fnr_diff': 0.12622583417229322,
                    'fpr_diff': 6.3431494085053325e-11,
                    'll': -1625.1003837085241,
                    'objective': 1633.2506487530566,
                    'w': array([[-0.04013505],
       [-0.3756856 ],
       [-0.40349217],
       [ 0.17000581],
       [ 0.14754326],
       [ 1.05808054]])},
  'weight': 240.0},
 {'gamma': 6.0,
  'test_measures': {'0_fnr': 0.36042671076755733,
                    '0_fpr': 0.35722175545114576,
                    '1_fnr': 0.36873235599247411,
                    '1_fpr': 0.25699607738800556,
                    'acc': 0.6648730579765062,
                    'fnr_diff': 0.026245913159657963,
                    'fpr_diff': 0.10022567806314023},
  'test_results': {'fnr_diff': 0.17092603242637239,
                   'fpr_diff': 0.058764526014727016,
                   'll': -1637.6080502857944,
                   'objective': 1652.8868270496237},
  'train_results': {'fnr_diff': 0.12630074573544958,
                    'fpr_diff': 1.4018699152906765e-10,
                    'll': -1625.3956109687254,
                    'objective': 1633.9786045315584,
                    'w': array([[-0.03964642],
       [-0.3699666 ],
       [-0.4009908 ],
       [ 0.16982355],
       [ 0.15053991],
       [ 1.03623514]])},
  'weight': 260.0},
 {'gamma': 6.0,
  'test_measures': {'0_fnr': 0.36042671076755733,
                    '0_fpr': 0.35722175545114576,
                    '1_fnr': 0.36873235599247411,
                    '1_fpr': 0.25699607738800556,
                    'acc': 0.6648730579765062,
                    'fnr_diff': 0.026245913159657963,
                    'fpr_diff': 0.10022567806314023},
  'test_results': {'fnr_diff': 0.17092603235631043,
                   'fpr_diff': 0.058764525970823198,
                   'll': -1637.6080502132609,
                   'objective': 1654.0621174850912},
  'train_results': {'fnr_diff': 0.12630074583188411,
                    'fpr_diff': 1.0886699458589888e-10,
                    'll': -1625.3956109856204,
                    'objective': 1633.9786045231758,
                    'w': array([[-0.03964642],
       [-0.3699666 ],
       [-0.4009908 ],
       [ 0.16982355],
       [ 0.15053991],
       [ 1.03623514]])},
  'weight': 280.0},
 {'gamma': 6.0,
  'test_measures': {'0_fnr': 0.36042671076755733,
                    '0_fpr': 0.35722175545114576,
                    '1_fnr': 0.36873235599247411,
                    '1_fpr': 0.25699607738800556,
                    'acc': 0.6648730579765062,
                    'fnr_diff': 0.026245913159657963,
                    'fpr_diff': 0.10022567806314023},
  'test_results': {'fnr_diff': 0.17092603364255671,
                   'fpr_diff': 0.058764526465742595,
                   'll': -1637.6080503775909,
                   'objective': 1655.2374083173138},
  'train_results': {'fnr_diff': 0.12630074701815058,
                    'fpr_diff': 3.4300362550254705e-11,
                    'll': -1625.3956108877596,
                    'objective': 1633.9786044947928,
                    'w': array([[-0.03964642],
       [-0.3699666 ],
       [-0.4009908 ],
       [ 0.16982356],
       [ 0.15053991],
       [ 1.03623514]])},
  'weight': 300.0},
 {'gamma': 6.5,
  'test_measures': {'0_fnr': 0.36087016974760167,
                    '0_fpr': 0.35563009473708679,
                    '1_fnr': 0.36921588050907156,
                    '1_fpr': 0.25754477423299871,
                    'acc': 0.66487305797650631,
                    'fnr_diff': 0.025803033642601093,
                    'fpr_diff': 0.098085320504088067},
  'test_results': {'fnr_diff': 0.17101909905058713,
                   'fpr_diff': 0.058445671295612511,
                   'll': -1637.7056766612764,
                   'objective': 1656.4082914758721},
  'train_results': {'fnr_diff': 0.12637283378084321,
                    'fpr_diff': 3.5606170789570513e-11,
                    'll': -1625.6970715277409,
                    'objective': 1634.6816664616174,
                    'w': array([[-0.03917775],
       [-0.36445321],
       [-0.39858394],
       [ 0.16964955],
       [ 0.15332781],
       [ 1.01532171]])},
  'weight': 320.0},
 {'gamma': 6.5,
  'test_measures': {'0_fnr': 0.36087016974760167,
                    '0_fpr': 0.35563009473708679,
                    '1_fnr': 0.36921588050907156,
                    '1_fpr': 0.25754477423299871,
                    'acc': 0.66487305797650631,
                    'fnr_diff': 0.025803033642601093,
                    'fpr_diff': 0.098085320504088067},
  'test_results': {'fnr_diff': 0.17101909742372703,
                   'fpr_diff': 0.058445671081639561,
                   'll': -1637.7056763676242,
                   'objective': 1657.5772045353817},
  'train_results': {'fnr_diff': 0.12637283225601953,
                    'fpr_diff': 1.6135365127345481e-10,
                    'll': -1625.6970713998958,
                    'objective': 1634.6816665169229,
                    'w': array([[-0.03917775],
       [-0.36445321],
       [-0.39858395],
       [ 0.16964955],
       [ 0.15332781],
       [ 1.01532172]])},
  'weight': 340.0},
 {'gamma': 6.5,
  'test_measures': {'0_fnr': 0.36087016974760167,
                    '0_fpr': 0.35563009473708679,
                    '1_fnr': 0.36921588050907156,
                    '1_fpr': 0.25754477423299871,
                    'acc': 0.66487305797650631,
                    'fnr_diff': 0.025803033642601093,
                    'fpr_diff': 0.098085320504088067},
  'test_results': {'fnr_diff': 0.1710190993120102,
                   'fpr_diff': 0.058445670831080411,
                   'll': -1637.7056760382754,
                   'objective': 1658.7461175374647},
  'train_results': {'fnr_diff': 0.12637283394500984,
                    'fpr_diff': 1.9337681109177217e-11,
                    'll': -1625.6970713272644,
                    'objective': 1634.6816664542771,
                    'w': array([[-0.03917775],
       [-0.36445321],
       [-0.39858395],
       [ 0.16964955],
       [ 0.15332781],
       [ 1.01532172]])},
  'weight': 360.0},
 {'gamma': 7.0,
  'test_measures': {'0_fnr': 0.36130966041462553,
                    '0_fpr': 0.35236939715030025,
                    '1_fnr': 0.37251857547299605,
                    '1_fpr': 0.25452607256931054,
                    'acc': 0.66532777567260326,
                    'fnr_diff': 0.027123205292665719,
                    'fpr_diff': 0.097843324580989627},
  'test_results': {'fnr_diff': 0.17110931358376502,
                   'fpr_diff': 0.058137876369286447,
                   'll': -1637.8173838205032,
                   'objective': 1659.9097768408319},
  'train_results': {'fnr_diff': 0.12644222725633342,
                    'fpr_diff': 1.3794212230799906e-10,
                    'll': -1626.0034062149364,
                    'objective': 1635.361325372055,
                    'w': array([[-0.03872771],
       [-0.35913309],
       [-0.39626539],
       [ 0.16948311],
       [ 0.15592193],
       [ 0.99527918]])},
  'weight': 380.0},
 {'gamma': 7.0,
  'test_measures': {'0_fnr': 0.36130966041462553,
                    '0_fpr': 0.35236939715030025,
                    '1_fnr': 0.37251857547299605,
                    '1_fpr': 0.25452607256931054,
                    'acc': 0.66532777567260326,
                    'fnr_diff': 0.027123205292665719,
                    'fpr_diff': 0.097843324580989627},
  'test_results': {'fnr_diff': 0.17110931459869688,
                   'fpr_diff': 0.05813787523666545,
                   'll': -1637.8173840690858,
                   'objective': 1661.0725341637522},
  'train_results': {'fnr_diff': 0.1264422280686861,
                    'fpr_diff': 8.0865808146923793e-11,
                    'll': -1626.0034063220355,
                    'objective': 1635.3613253466622,
                    'w': array([[-0.03872771],
       [-0.35913309],
       [-0.39626539],
       [ 0.16948311],
       [ 0.15592193],
       [ 0.99527918]])},
  'weight': 400.0}]

The result for squared relaxation:

[{'gamma': 4.5,
  'test_measures': {'0_fnr': 0.58046116212831833,
                    '0_fpr': 0.16804953529948433,
                    '1_fnr': 0.21106993392763776,
                    '1_fpr': 0.45264458668552698,
                    'acc': 0.67154225085259567,
                    'fnr_diff': 0.36939122820068065,
                    'fpr_diff': 0.28459505138604263},
  'test_results': {'fnr_diff': 0.59468924378859467,
                   'fpr_diff': 0.38372625043206382,
                   'll': -1623.5785198543788,
                   'objective': 1623.5785198543788},
  'train_results': {'fnr_diff': 0.52472370872889396,
                    'fpr_diff': 0.36341992996756256,
                    'll': -1601.1840636332365,
                    'objective': 1605.3055759559761,
                    'w': array([[-0.04372616],
       [-0.36296397],
       [ 0.1764162 ],
       [ 0.17190902],
       [ 0.1409512 ],
       [ 0.83220191]])},
  'weight': 0.0},
 {'gamma': 4.0,
  'test_measures': {'0_fnr': 0.53008911348988974,
                    '0_fpr': 0.21077559029864901,
                    '1_fnr': 0.23208118907553393,
                    '1_fpr': 0.42032159629712867,
                    'acc': 0.67176960970064425,
                    'fnr_diff': 0.29800792441435581,
                    'fpr_diff': 0.20954600599847967},
  'test_results': {'fnr_diff': 0.40794326121123403,
                   'fpr_diff': 0.2378969876474703,
                   'll': -1622.3967110465569,
                   'objective': 1627.1546507995065},
  'train_results': {'fnr_diff': 0.35109348471805207,
                    'fpr_diff': 0.22066904329783887,
                    'll': -1601.9756861910573,
                    'objective': 1610.4877101989423,
                    'w': array([[-0.04344379],
       [-0.37317332],
       [ 0.04648185],
       [ 0.17116489],
       [ 0.13724296],
       [ 0.90838602]])},
  'weight': 20.0},
 {'gamma': 3.5,
  'test_measures': {'0_fnr': 0.49046394511917812,
                    '0_fpr': 0.23847983113924237,
                    '1_fnr': 0.25079694183496481,
                    '1_fpr': 0.39838475062639167,
                    'acc': 0.67161803713527846,
                    'fnr_diff': 0.23966700328421334,
                    'fpr_diff': 0.15990491948714936},
  'test_results': {'fnr_diff': 0.30610321890496639,
                   'fpr_diff': 0.16240931097289463,
                   'll': -1622.9259945203341,
                   'objective': 1629.4223669592498},
  'train_results': {'fnr_diff': 0.25750488878143674,
                    'fpr_diff': 0.14721948149508748,
                    'll': -1603.6654436660492,
                    'objective': 1613.553137018911,
                    'w': array([[-0.04352374],
       [-0.38257507],
       [-0.03906777],
       [ 0.17092708],
       [ 0.13349745],
       [ 0.96856502]])},
  'weight': 40.0},
 {'gamma': 3.5,
  'test_measures': {'0_fnr': 0.46478366470142546,
                    '0_fpr': 0.25947485707439905,
                    '1_fnr': 0.26048452464436,
                    '1_fpr': 0.38186067540503971,
                    'acc': 0.67230011367942399,
                    'fnr_diff': 0.20429914005706551,
                    'fpr_diff': 0.12238581833064069},
  'test_results': {'fnr_diff': 0.24562056556790254,
                   'fpr_diff': 0.1196126927216046,
                   'll': -1623.8276227895724,
                   'objective': 1631.0043843528688},
  'train_results': {'fnr_diff': 0.20247740901394345,
                    'fpr_diff': 0.10590837825671522,
                    'll': -1605.4774593263473,
                    'objective': 1616.0503170913205,
                    'w': array([[-0.04329666],
       [-0.38499264],
       [-0.09567453],
       [ 0.17076145],
       [ 0.13324689],
       [ 0.99591579]])},
  'weight': 60.0},
 {'gamma': 3.5,
  'test_measures': {'0_fnr': 0.44907102827445333,
                    '0_fpr': 0.27469051431841673,
                    '1_fnr': 0.27242725137640034,
                    '1_fpr': 0.3689246870648511,
                    'acc': 0.67086017430845013,
                    'fnr_diff': 0.17664377689805308,
                    'fpr_diff': 0.094234172746434336},
  'test_results': {'fnr_diff': 0.20546394879268667,
                   'fpr_diff': 0.092457293174227601,
                   'll': -1624.7861035290566,
                   'objective': 1632.1826869829949},
  'train_results': {'fnr_diff': 0.16629002602419996,
                    'fpr_diff': 0.079863109925649864,
                    'll': -1607.1007500439298,
                    'objective': 1617.8896252064808,
                    'w': array([[-0.04313996],
       [-0.38685219],
       [-0.13739196],
       [ 0.17067477],
       [ 0.133106  ],
       [ 1.01628856]])},
  'weight': 80.0},
 {'gamma': 3.5,
  'test_measures': {'0_fnr': 0.43783019508403742,
                    '0_fpr': 0.28149691905401675,
                    '1_fnr': 0.2809947780990546,
                    '1_fpr': 0.35549113466199683,
                    'acc': 0.67199696854869262,
                    'fnr_diff': 0.15683541698498288,
                    'fpr_diff': 0.073994215607980113},
  'test_results': {'fnr_diff': 0.17714757121718755,
                   'fpr_diff': 0.074111984154885235,
                   'll': -1625.6909336070805,
                   'objective': 1633.1021320225689},
  'train_results': {'fnr_diff': 0.14099441096751394,
                    'fpr_diff': 0.062379436367892227,
                    'll': -1608.5126679879577,
                    'objective': 1619.3012404692822,
                    'w': array([[-0.04302567],
       [-0.38832543],
       [-0.16943112],
       [ 0.17062833],
       [ 0.13302299],
       [ 1.03205869]])},
  'weight': 100.0},
 {'gamma': 3.5,
  'test_measures': {'0_fnr': 0.42748996572773656,
                    '0_fpr': 0.28985238472721975,
                    '1_fnr': 0.28491428935407676,
                    '1_fpr': 0.34856954984734545,
                    'acc': 0.67237589996210689,
                    'fnr_diff': 0.14257567637365973,
                    'fpr_diff': 0.059008784876647083},
  'test_results': {'fnr_diff': 0.1562580382932395,
                   'fpr_diff': 0.0611170284501358,
                   'll': -1626.5116493253631,
                   'objective': 1633.8456927393793},
  'train_results': {'fnr_diff': 0.12248228179507156,
                    'fpr_diff': 0.050072853115293837,
                    'll': -1609.7330563215996,
                    'objective': 1620.4189965247492,
                    'w': array([[-0.04293881],
       [-0.38952068],
       [-0.19481809],
       [ 0.17060382],
       [ 0.13297274],
       [ 1.04463044]])},
  'weight': 120.0},
 {'gamma': 3.5,
  'test_measures': {'0_fnr': 0.41852564425994887,
                    '0_fpr': 0.29664369161472481,
                    '1_fnr': 0.29062991575620617,
                    '1_fpr': 0.34485508927175412,
                    'acc': 0.67139067828722998,
                    'fnr_diff': 0.1278957285037427,
                    'fpr_diff': 0.053451948101271331},
  'test_results': {'fnr_diff': 0.14029641645426649,
                   'fpr_diff': 0.051563369071759214,
                   'll': -1627.2454382254609,
                   'objective': 1634.4643098955071},
  'train_results': {'fnr_diff': 0.10844113101166383,
                    'fpr_diff': 0.041081941429385184,
                    'll': -1610.7900234667418,
                    'objective': 1621.326092867371,
                    'w': array([[-0.04287066],
       [-0.39050952],
       [-0.21543384],
       [ 0.17059185],
       [ 0.13294204],
       [ 1.05488882]])},
  'weight': 140.0},
 {'gamma': 3.5,
  'test_measures': {'0_fnr': 0.41357234818443195,
                    '0_fpr': 0.30275228663127235,
                    '1_fnr': 0.29550481011918217,
                    '1_fpr': 0.33773143172686187,
                    'acc': 0.67108753315649872,
                    'fnr_diff': 0.11806753806524983,
                    'fpr_diff': 0.042694160883691899},
  'test_results': {'fnr_diff': 0.12775306798472125,
                   'fpr_diff': 0.044326273818006037,
                   'll': -1627.8988052120121,
                   'objective': 1634.9910090228932},
  'train_results': {'fnr_diff': 0.097481839056777014,
                    'fpr_diff': 0.03431350804405757,
                    'll': -1611.7101437103238,
                    'objective': 1622.0769995735602,
                    'w': array([[-0.04281583],
       [-0.39134093],
       [-0.23250944],
       [ 0.1705873 ],
       [ 0.13292346],
       [ 1.06341888]])},
  'weight': 160.0},
 {'gamma': 3.5,
  'test_measures': {'0_fnr': 0.40863127820824585,
                    '0_fpr': 0.30727717237484026,
                    '1_fnr': 0.30228434681771932,
                    '1_fpr': 0.33022155418582139,
                    'acc': 0.67055702917771887,
                    'fnr_diff': 0.10634693139052653,
                    'fpr_diff': 0.037929812774784397},
  'test_results': {'fnr_diff': 0.11766690588672031,
                   'fpr_diff': 0.038706998660102382,
                   'll': -1628.4808564977111,
                   'objective': 1635.4481162565294},
  'train_results': {'fnr_diff': 0.088724806448945981,
                    'fpr_diff': 0.029090615662958015,
                    'll': -1612.5161293574695,
                    'objective': 1622.7088837638705,
                    'w': array([[-0.0427708 ],
       [-0.39204963],
       [-0.24688574],
       [ 0.1705872 ],
       [ 0.13291263],
       [ 1.07062387]])},
  'weight': 180.0},
 {'gamma': 4.0,
  'test_measures': {'0_fnr': 0.40638297856975669,
                    '0_fpr': 0.30823599890764836,
                    '1_fnr': 0.30552962838777431,
                    '1_fpr': 0.32466703292457766,
                    'acc': 0.6711633194391815,
                    'fnr_diff': 0.1008533501819823,
                    'fpr_diff': 0.031416464980732597},
  'test_results': {'fnr_diff': 0.11037053529490767,
                   'fpr_diff': 0.034666548626590264,
                   'll': -1628.9166312141194,
                   'objective': 1635.8499409394376},
  'train_results': {'fnr_diff': 0.08240612867612275,
                    'fpr_diff': 0.025434461433941201,
                    'll': -1613.3582513737995,
                    'objective': 1623.9509190282474,
                    'w': array([[-0.04220243],
       [-0.38614166],
       [-0.25505125],
       [ 0.17040433],
       [ 0.13664688],
       [ 1.05183015]])},
  'weight': 200.0},
 {'gamma': 4.0,
  'test_measures': {'0_fnr': 0.40188610082055681,
                    '0_fpr': 0.31279094356620091,
                    '1_fnr': 0.3078527012604651,
                    '1_fpr': 0.32084233856903682,
                    'acc': 0.6711633194391815,
                    'fnr_diff': 0.094033399560091685,
                    'fpr_diff': 0.023640144217016278},
  'test_results': {'fnr_diff': 0.10340565640362409,
                   'fpr_diff': 0.031018735686945596,
                   'll': -1629.3845459173237,
                   'objective': 1636.2086677684517},
  'train_results': {'fnr_diff': 0.076423904254351374,
                    'fpr_diff': 0.022082081281716591,
                    'll': -1613.9931707831126,
                    'objective': 1624.4248993245674,
                    'w': array([[-0.04216695],
       [-0.3866616 ],
       [-0.26570132],
       [ 0.17040571],
       [ 0.13666239],
       [ 1.05706466]])},
  'weight': 220.0},
 {'gamma': 4.0,
  'test_measures': {'0_fnr': 0.39781139667390625,
                    '0_fpr': 0.3179601222966178,
                    '1_fnr': 0.30877817096670157,
                    '1_fpr': 0.32027244432825652,
                    'acc': 0.67048124289503597,
                    'fnr_diff': 0.089033225707204691,
                    'fpr_diff': 0.023962913068237345},
  'test_results': {'fnr_diff': 0.097522119398628218,
                   'fpr_diff': 0.028029645820161892,
                   'll': -1629.8059352868977,
                   'objective': 1636.5330502837364},
  'train_results': {'fnr_diff': 0.071396036976974234,
                    'fpr_diff': 0.019351542465817377,
                    'll': -1614.5600250429616,
                    'objective': 1624.83833403987,
                    'w': array([[-0.04213645],
       [-0.38711876],
       [-0.27499417],
       [ 0.17040844],
       [ 0.13667797],
       [ 1.06164129]])},
  'weight': 240.0},
 {'gamma': 4.0,
  'test_measures': {'0_fnr': 0.39465489189806685,
                    '0_fpr': 0.32083875381302018,
                    '1_fnr': 0.31036968787633878,
                    '1_fpr': 0.31855111311014006,
                    'acc': 0.67025388404698749,
                    'fnr_diff': 0.084285204021728011,
                    'fpr_diff': 0.024006399615984709},
  'test_results': {'fnr_diff': 0.092492490821242543,
                   'fpr_diff': 0.025547907137914945,
                   'll': -1630.1869457684541,
                   'objective': 1636.8294016243121},
  'train_results': {'fnr_diff': 0.067118253826692578,
                    'fpr_diff': 0.017097973984950485,
                    'll': -1615.0688784026172,
                    'objective': 1625.2021312449554,
                    'w': array([[-0.04210995],
       [-0.38752387],
       [-0.28317391],
       [ 0.17041202],
       [ 0.13669325],
       [ 1.06567682]])},
  'weight': 260.0},
 {'gamma': 4.0,
  'test_measures': {'0_fnr': 0.39061264482103092,
                    '0_fpr': 0.32338950934732746,
                    '1_fnr': 0.31195265395075245,
                    '1_fpr': 0.31655125553427904,
                    'acc': 0.67032967032967039,
                    'fnr_diff': 0.078659990870278473,
                    'fpr_diff': 0.026194570333631751},
  'test_results': {'fnr_diff': 0.088147944083378255,
                   'fpr_diff': 0.023463484432787184,
                   'll': -1630.5328037279774,
                   'objective': 1637.1025793691579},
  'train_results': {'fnr_diff': 0.063439566639097944,
                    'fpr_diff': 0.015216400902334146,
                    'll': -1615.527977391077,
                    'objective': 1625.52472633762,
                    'w': array([[-0.04208671],
       [-0.3878853 ],
       [-0.29042929],
       [ 0.1704161 ],
       [ 0.13670804],
       [ 1.06926184]])},
  'weight': 280.0},
 {'gamma': 4.0,
  'test_measures': {'0_fnr': 0.38837037962193699,
                    '0_fpr': 0.32534355578208191,
                    '1_fnr': 0.31312783782957015,
                    '1_fpr': 0.3146439453219364,
                    'acc': 0.67040545661235318,
                    'fnr_diff': 0.075242541792366793,
                    'fpr_diff': 0.02685307504996608},
  'test_results': {'fnr_diff': 0.084360711957868456,
                   'fpr_diff': 0.021694787782917755,
                   'll': -1630.8479451834198,
                   'objective': 1637.3563815182954},
  'train_results': {'fnr_diff': 0.060246167069985736,
                    'fpr_diff': 0.013629226472099531,
                    'll': -1615.9441244073982,
                    'objective': 1625.8127453250229,
                    'w': array([[-0.04206618],
       [-0.38820976],
       [-0.29690865],
       [ 0.17042048],
       [ 0.13672223],
       [ 1.0724678 ]])},
  'weight': 300.0},
 {'gamma': 4.0,
  'test_measures': {'0_fnr': 0.38747133977628895,
                    '0_fpr': 0.32948219802231726,
                    '1_fnr': 0.31335614833185332,
                    '1_fpr': 0.31380006346539635,
                    'acc': 0.66972338006820764,
                    'fnr_diff': 0.074115191444435694,
                    'fpr_diff': 0.027596001302879859},
  'test_results': {'fnr_diff': 0.081032398784167584,
                   'fpr_diff': 0.020180237614518794,
                   'll': -1631.1361407926856,
                   'objective': 1637.5938168293317},
  'train_results': {'fnr_diff': 0.057450758330687267,
                    'fpr_diff': 0.012278067758186311,
                    'll': -1616.3229728726769,
                    'objective': 1626.0714654046606,
                    'w': array([[-0.0420479 ],
       [-0.38850264],
       [-0.30273025],
       [ 0.170425  ],
       [ 0.13673576],
       [ 1.07535184]])},
  'weight': 320.0},
 {'gamma': 4.0,
  'test_measures': {'0_fnr': 0.38431573398688668,
                    '0_fpr': 0.33140712735735606,
                    '1_fnr': 0.31628101065465242,
                    '1_fpr': 0.31235944808142574,
                    'acc': 0.66919287608942779,
                    'fnr_diff': 0.068034723332234315,
                    'fpr_diff': 0.029086320905392517},
  'test_results': {'fnr_diff': 0.078086137091987071,
                   'fpr_diff': 0.018872652436755448,
                   'll': -1631.4005986710285,
                   'objective': 1637.8173004995253},
  'train_results': {'fnr_diff': 0.054985405038855073,
                    'fpr_diff': 0.011118336456135873,
                    'll': -1616.6692461172906,
                    'objective': 1626.3051416339351,
                    'w': array([[-0.04203153],
       [-0.38876832],
       [-0.30798945],
       [ 0.17042955],
       [ 0.13674863],
       [ 1.07796013]])},
  'weight': 340.0},
 {'gamma': 4.0,
  'test_measures': {'0_fnr': 0.38341172262800949,
                    '0_fpr': 0.33368217511402931,
                    '1_fnr': 0.31743271036858683,
                    '1_fpr': 0.31153974852640554,
                    'acc': 0.66866237211064805,
                    'fnr_diff': 0.065979012259422737,
                    'fpr_diff': 0.029615655113483817},
  'test_results': {'fnr_diff': 0.075461106539559647,
                   'fpr_diff': 0.017735401383800066,
                   'll': -1631.6440563417709,
                   'objective': 1638.0288008399389},
  'train_results': {'fnr_diff': 0.052796541536206963,
                    'fpr_diff': 0.010115511052260112,
                    'll': -1616.9869129039475,
                    'objective': 1626.5172430239977,
                    'w': array([[-0.04201678],
       [-0.38901043],
       [-0.31276397],
       [ 0.17043407],
       [ 0.13676085],
       [ 1.08033041]])},
  'weight': 360.0},
 {'gamma': 4.0,
  'test_measures': {'0_fnr': 0.38296429533494464,
                    '0_fpr': 0.33463304674635891,
                    '1_fnr': 0.32112230379544826,
                    '1_fpr': 0.30695064764100832,
                    'acc': 0.66851079954528225,
                    'fnr_diff': 0.061841991539496398,
                    'fpr_diff': 0.027682399105350551},
  'test_results': {'fnr_diff': 0.073108512742363407,
                   'fpr_diff': 0.01673964040133296,
                   'll': -1631.8688633548209,
                   'objective': 1638.2299267073272},
  'train_results': {'fnr_diff': 0.050841349588809329,
                    'fpr_diff': 0.0092425021030769754,
                    'll': -1617.2793377464004,
                    'objective': 1626.7106260701178,
                    'w': array([[-0.04200343],
       [-0.38923196],
       [-0.3171179 ],
       [ 0.17043852],
       [ 0.13677242],
       [ 1.08249384]])},
  'weight': 380.0},
 {'gamma': 4.0,
  'test_measures': {'0_fnr': 0.38206028397606751,
                    '0_fpr': 0.33463304674635891,
                    '1_fnr': 0.32829104044181479,
                    '1_fpr': 0.30083127518314556,
                    'acc': 0.6679802955665024,
                    'fnr_diff': 0.053769243534252734,
                    'fpr_diff': 0.033801771563213387},
  'test_results': {'fnr_diff': 0.070988860356464595,
                   'fpr_diff': 0.01586243504059686,
                   'll': -1632.0770404320126,
                   'objective': 1638.4220144482515},
  'train_results': {'fnr_diff': 0.049085278899119629,
                    'fpr_diff': 0.0084778327613910989,
                    'll': -1617.5493813305122,
                    'objective': 1626.8876642465484,
                    'w': array([[-0.04199128],
       [-0.38943542],
       [-0.32110449],
       [ 0.17044286],
       [ 0.13678339],
       [ 1.08447638]])},
  'weight': 400.0}]