{u'data_headers': u'age,sex,race,priors_count,c_charge_degree',
 u'data_set': u'compas-dataset',
 u'description': u'compas dataset with protected value race',
 u'file': u'compas-scores-two-years.csv',
 u'filters': [{u'header': u'c_charge_degree', u'values': [u'0']},
              {u'header': u'is_recid', u'values': [u'-1']},
              {u'header': u'score_text', u'values': [u'N/A']},
              {u'header': u'days_b_screening_arrest',
               u'range': {u'gt': 30, u'lt': -30, u'type': u'or'},
               u'values': [u'']}],
 u'fn': True,
 u'fp': True,
 u'gamma': {u'gt': 0, u'lt': 10},
 u'gamma_res': 21,
 u'headers_integer_values': [{u'Female': 1, u'Male': 0, u'header': u'sex'},
                             {u'African-American': 1,
                              u'Caucasian': 0,
                              u'header': u'race'},
                             {u'F': 1,
                              u'M': 0,
                              u'header': u'c_charge_degree'}],
 u'num_of_tries': 5,
 u'protected': u'race',
 u'tag': u'is_recid',
 u'test_size': 0.33,
 u'weight': {u'gt': 0, u'lt': 400},
 u'weight_res': 21}

The result for absolute value relaxation:

[{'gamma': 9.0,
  'test_measures': {'0_fnr': 0.57725237825368969,
                    '0_fpr': 0.1752370110960676,
                    '1_fnr': 0.22531368195871421,
                    '1_fpr': 0.43605989015613106,
                    'acc': 0.6721010332950631,
                    'fnr_diff': 0.35193869629497543,
                    'fpr_diff': 0.26082287906006352},
  'test_results': {'fnr_diff': 0.71120101684826065,
                   'fpr_diff': 0.55685888170275732,
                   'll': -1069.9612407912266,
                   'objective': 1069.9612407912266},
  'train_results': {'fnr_diff': 0.6909125687515979,
                    'fpr_diff': 0.56218617785783898,
                    'll': -2153.2544420878012,
                    'objective': 2160.2940564171722,
                    'w': array([[-0.04165802],
       [-0.34081682],
       [ 0.13935566],
       [ 0.17085801],
       [ 0.16529694],
       [ 0.76358484]])},
  'weight': 0.0},
 {'gamma': 3.0,
  'test_measures': {'0_fnr': 0.46452381273673993,
                    '0_fpr': 0.27230875802512378,
                    '1_fnr': 0.2563073439758875,
                    '1_fpr': 0.39098148600581123,
                    'acc': 0.66934557979334097,
                    'fnr_diff': 0.20821646876085245,
                    'fpr_diff': 0.11867272798068747},
  'test_results': {'fnr_diff': 0.47945843013772454,
                   'fpr_diff': 0.32844617796643283,
                   'll': -1072.1997741353564,
                   'objective': 1088.3578662974394},
  'train_results': {'fnr_diff': 0.46106545327113369,
                    'fpr_diff': 0.33464516269589978,
                    'll': -2155.1497575937292,
                    'objective': 2174.9512236485793,
                    'w': array([[-0.04440446],
       [-0.38803009],
       [-0.09892997],
       [ 0.16884412],
       [ 0.14249305],
       [ 1.03818192]])},
  'weight': 20.0},
 {'gamma': 0.0,
  'test_measures': {'0_fnr': 0.35954658781294641,
                    '0_fpr': 0.37476295496388684,
                    '1_fnr': 0.29684794302954631,
                    '1_fpr': 0.3395542388226111,
                    'acc': 0.6624569460390356,
                    'fnr_diff': 0.062698644783400079,
                    'fpr_diff': 0.05579088715401067},
  'test_results': {'fnr_diff': 0.23344378182794653,
                   'fpr_diff': 0.084493904097963243,
                   'll': -1080.2772488540668,
                   'objective': 1092.9947562911034},
  'train_results': {'fnr_diff': 0.21638411457936274,
                    'fpr_diff': 0.091614821136586005,
                    'll': -2168.8218053042756,
                    'objective': 2181.1417627329129,
                    'w': array([[-0.04713467],
       [-0.42349174],
       [-0.35420943],
       [ 0.16837996],
       [ 0.12005641],
       [ 1.31366095]])},
  'weight': 40.0},
 {'gamma': 7.0,
  'test_measures': {'0_fnr': 0.34969949886570317,
                    '0_fpr': 0.37524811240012168,
                    '1_fnr': 0.3677857054778057,
                    '1_fpr': 0.26129533910967762,
                    'acc': 0.66153846153846152,
                    'fnr_diff': 0.037094059036382757,
                    'fpr_diff': 0.11395277329044409},
  'test_results': {'fnr_diff': 0.1432938037102427,
                   'fpr_diff': 0.029826964278166463,
                   'll': -1083.0645417238331,
                   'objective': 1093.4517878031374},
  'train_results': {'fnr_diff': 0.12403807637220203,
                    'fpr_diff': 3.6577386258729305e-10,
                    'll': -2179.5086018905254,
                    'objective': 2197.3733613325194,
                    'w': array([[-0.04047052],
       [-0.34530069],
       [-0.41018469],
       [ 0.16422335],
       [ 0.17234525],
       [ 1.06651381]])},
  'weight': 60.0},
 {'gamma': 7.0,
  'test_measures': {'0_fnr': 0.34479873201303352,
                    '0_fpr': 0.37958153475334599,
                    '1_fnr': 0.3663121203734655,
                    '1_fpr': 0.26592345901435593,
                    'acc': 0.66050516647531565,
                    'fnr_diff': 0.039112790080486862,
                    'fpr_diff': 0.11365807573899012},
  'test_results': {'fnr_diff': 0.14028128206894214,
                   'fpr_diff': 0.03016742155522991,
                   'll': -1083.1265041957402,
                   'objective': 1096.7624004856739},
  'train_results': {'fnr_diff': 0.12086569318390313,
                    'fpr_diff': 2.4356168470962557e-11,
                    'll': -2179.7014805399422,
                    'objective': 2199.822356274256,
                    'w': array([[-0.04063089],
       [-0.33458364],
       [-0.40947475],
       [ 0.16242933],
       [ 0.17625832],
       [ 1.07182559]])},
  'weight': 80.0},
 {'gamma': 7.0,
  'test_measures': {'0_fnr': 0.34688763724775978,
                    '0_fpr': 0.38296659174644032,
                    '1_fnr': 0.35982676957377396,
                    '1_fpr': 0.27108732933248525,
                    'acc': 0.66016073478760051,
                    'fnr_diff': 0.032654949352064276,
                    'fpr_diff': 0.11187926241395507},
  'test_results': {'fnr_diff': 0.13729530407879578,
                   'fpr_diff': 0.030508406021440809,
                   'll': -1083.2183029358703,
                   'objective': 1099.9986739458939},
  'train_results': {'fnr_diff': 0.11771861038947248,
                    'fpr_diff': 3.322950317685702e-11,
                    'll': -2179.9525295324856,
                    'objective': 2202.2081576863675,
                    'w': array([[-0.04079202],
       [-0.32389404],
       [-0.40879191],
       [ 0.16065801],
       [ 0.18016104],
       [ 1.07714213]])},
  'weight': 100.0},
 {'gamma': 7.0,
  'test_measures': {'0_fnr': 0.34896188366174552,
                    '0_fpr': 0.38636649217604369,
                    '1_fnr': 0.35630424415120016,
                    '1_fpr': 0.27681206684970699,
                    'acc': 0.65855338691159582,
                    'fnr_diff': 0.034838309635659294,
                    'fpr_diff': 0.10955442532633675},
  'test_results': {'fnr_diff': 0.1343352075553238,
                   'fpr_diff': 0.030849938827259581,
                   'll': -1083.3394668875931,
                   'objective': 1103.1616844535031},
  'train_results': {'fnr_diff': 0.11459615774193262,
                    'fpr_diff': 5.5492398870482518e-12,
                    'll': -2180.2608328690403,
                    'objective': 2204.5312648434165,
                    'w': array([[-0.04095389],
       [-0.31323065],
       [-0.40813568],
       [ 0.15890887],
       [ 0.18405387],
       [ 1.08246365]])},
  'weight': 120.0},
 {'gamma': 7.0,
  'test_measures': {'0_fnr': 0.34894054906413974,
                    '0_fpr': 0.38824128405083558,
                    '1_fnr': 0.3525831448462392,
                    '1_fpr': 0.28193559170252025,
                    'acc': 0.6579793340987371,
                    'fnr_diff': 0.031846509530074049,
                    'fpr_diff': 0.1063056923483154},
  'test_results': {'fnr_diff': 0.13140034879272941,
                   'fpr_diff': 0.031192044677121899,
                   'll': -1083.4895434223156,
                   'objective': 1106.252478508095},
  'train_results': {'fnr_diff': 0.11149767943241269,
                    'fpr_diff': 1.5668122355094737e-11,
                    'll': -2180.6255068295736,
                    'objective': 2206.7921637793188,
                    'w': array([[-0.04111653],
       [-0.30259233],
       [-0.40750561],
       [ 0.15718141],
       [ 0.18793718],
       [ 1.08779066]])},
  'weight': 140.0},
 {'gamma': 7.0,
  'test_measures': {'0_fnr': 0.3446122042821318,
                    '0_fpr': 0.38971187228612969,
                    '1_fnr': 0.35257104288723462,
                    '1_fpr': 0.28410368679198728,
                    'acc': 0.65774971297359364,
                    'fnr_diff': 0.038279167659072619,
                    'fpr_diff': 0.1056081854941425},
  'test_results': {'fnr_diff': 0.12849009966807318,
                   'fpr_diff': 0.031534746491301995,
                   'll': -1083.6680977435951,
                   'objective': 1109.2720731290951},
  'train_results': {'fnr_diff': 0.10842253685765264,
                    'fpr_diff': 3.5988046570567531e-11,
                    'll': -2181.0457058587763,
                    'objective': 2208.9913275708323,
                    'w': array([[-0.04127992],
       [-0.29197789],
       [-0.40690126],
       [ 0.15547516],
       [ 0.19181139],
       [ 1.09312351]])},
  'weight': 160.0},
 {'gamma': 7.0,
  'test_measures': {'0_fnr': 0.34326368516035999,
                    '0_fpr': 0.39015921372357021,
                    '1_fnr': 0.35154773551580437,
                    '1_fpr': 0.28585010514748543,
                    'acc': 0.65774971297359353,
                    'fnr_diff': 0.038604379409414191,
                    'fpr_diff': 0.10430910857608473},
  'test_results': {'fnr_diff': 0.12560384526709989,
                   'fpr_diff': 0.031878066999373483,
                   'll': -1083.8747132472126,
                   'objective': 1112.2214574551779},
  'train_results': {'fnr_diff': 0.10537010566353264,
                    'fpr_diff': 8.4594913365987343e-11,
                    'll': -2181.5206175881799,
                    'objective': 2211.1292166553667,
                    'w': array([[-0.04144409],
       [-0.28138622],
       [-0.4063222 ],
       [ 0.15378964],
       [ 0.19567692],
       [ 1.09846262]])},
  'weight': 180.0},
 {'gamma': 7.0,
  'test_measures': {'0_fnr': 0.34602823541047073,
                    '0_fpr': 0.3969405366522431,
                    '1_fnr': 0.34470518735040312,
                    '1_fpr': 0.28924594512275326,
                    'acc': 0.65706084959816302,
                    'fnr_diff': 0.032522147004122891,
                    'fpr_diff': 0.10769459152948983},
  'test_results': {'fnr_diff': 0.12274098318178053,
                   'fpr_diff': 0.032222028572172032,
                   'll': -1084.1089901620203,
                   'objective': 1115.1015925128108},
  'train_results': {'fnr_diff': 0.10233977341399118,
                    'fpr_diff': 9.5632645899512703e-11,
                    'll': -2182.0494644857649,
                    'objective': 2213.2062791010021,
                    'w': array([[-0.04160903],
       [-0.27081619],
       [-0.40576802],
       [ 0.15212438],
       [ 0.19953414],
       [ 1.10380834]])},
  'weight': 200.0},
 {'gamma': 7.0,
  'test_measures': {'0_fnr': 0.34529294129282367,
                    '0_fpr': 0.39786892199239315,
                    '1_fnr': 0.33961146304395451,
                    '1_fpr': 0.2933934105605413,
                    'acc': 0.65763490241102185,
                    'fnr_diff': 0.036304753271087051,
                    'fpr_diff': 0.10447551143185188},
  'test_results': {'fnr_diff': 0.11990092496313687,
                   'fpr_diff': 0.03256665489184838,
                   'll': -1084.3705453843747,
                   'objective': 1117.9134129524714},
  'train_results': {'fnr_diff': 0.099330943735453786,
                    'fpr_diff': 9.1476177674354458e-11,
                    'll': -2182.6314994902191,
                    'objective': 2215.2229509047947,
                    'w': array([[-0.04177476],
       [-0.26026674],
       [-0.40523831],
       [ 0.15047895],
       [ 0.20338346],
       [ 1.10916113]])},
  'weight': 220.0},
 {'gamma': 7.0,
  'test_measures': {'0_fnr': 0.34241650591980555,
                    '0_fpr': 0.40073409603403781,
                    '1_fnr': 0.33220172448864299,
                    '1_fpr': 0.30055267457543522,
                    'acc': 0.65786452353616531,
                    'fnr_diff': 0.034274379265925879,
                    'fpr_diff': 0.10018142145860254},
  'test_results': {'fnr_diff': 0.11708309773263545,
                   'fpr_diff': 0.032911966501692529,
                   'll': -1084.6590120207318,
                   'objective': 1120.6578274369706},
  'train_results': {'fnr_diff': 0.096343033667924891,
                    'fpr_diff': 1.6586392294348772e-10,
                    'll': -2183.2660088082948,
                    'objective': 2217.1796562980335,
                    'w': array([[-0.04194127],
       [-0.2497368 ],
       [-0.40473268],
       [ 0.14885291],
       [ 0.20722526],
       [ 1.11452135]])},
  'weight': 240.0},
 {'gamma': 7.5,
  'test_measures': {'0_fnr': 0.34449075233379134,
                    '0_fpr': 0.39883530854701499,
                    '1_fnr': 0.33252286185763447,
                    '1_fpr': 0.2992400834159657,
                    'acc': 0.65820895522388068,
                    'fnr_diff': 0.036085815811482166,
                    'fpr_diff': 0.099595225131049292},
  'test_results': {'fnr_diff': 0.11456638215645469,
                   'fpr_diff': 0.033025094588374729,
                   'll': -1084.9615481572459,
                   'objective': 1123.3353321109014},
  'train_results': {'fnr_diff': 0.093576761554622065,
                    'fpr_diff': 1.1366631247344827e-10,
                    'll': -2184.1910659854789,
                    'objective': 2219.8414649724718,
                    'w': array([[-0.04172287],
       [-0.23599345],
       [-0.40221387],
       [ 0.14710529],
       [ 0.21321239],
       [ 1.1029535 ]])},
  'weight': 260.0},
 {'gamma': 7.5,
  'test_measures': {'0_fnr': 0.34378652698167861,
                    '0_fpr': 0.40174362038660227,
                    '1_fnr': 0.33219366688831142,
                    '1_fpr': 0.3004425706143995,
                    'acc': 0.65740528128587827,
                    'fnr_diff': 0.034344430888276545,
                    'fpr_diff': 0.10130104977220285},
  'test_results': {'fnr_diff': 0.11179745661883911,
                   'fpr_diff': 0.033368393271590545,
                   'll': -1085.2999865217218,
                   'objective': 1125.9464244910423},
  'train_results': {'fnr_diff': 0.090639134336364641,
                    'fpr_diff': 3.4021853043131323e-11,
                    'll': -2184.9229679095615,
                    'objective': 2221.6835914054113,
                    'w': array([[-0.04188935],
       [-0.2255769 ],
       [-0.40174565],
       [ 0.14551655],
       [ 0.21703125],
       [ 1.10828531]])},
  'weight': 280.0},
 {'gamma': 7.5,
  'test_measures': {'0_fnr': 0.34378901541048468,
                    '0_fpr': 0.4056237268846471,
                    '1_fnr': 0.32767373315827159,
                    '1_fpr': 0.30715280050160776,
                    'acc': 0.65614236509758905,
                    'fnr_diff': 0.034718382750242228,
                    'fpr_diff': 0.098470926383039364},
  'test_results': {'fnr_diff': 0.10904909002767707,
                   'fpr_diff': 0.033712436613707125,
                   'll': -1085.6641515497852,
                   'objective': 1128.4926095422004},
  'train_results': {'fnr_diff': 0.087720723912355372,
                    'fpr_diff': 1.0026015156983092e-10,
                    'll': -2185.7050402893883,
                    'objective': 2223.4671584192242,
                    'w': array([[-0.04205662],
       [-0.21517649],
       [-0.40130028],
       [ 0.14394591],
       [ 0.2208438 ],
       [ 1.11362513]])},
  'weight': 300.0},
 {'gamma': 7.5,
  'test_measures': {'0_fnr': 0.343820084176019,
                    '0_fpr': 0.40707031950771028,
                    '1_fnr': 0.32833639777737905,
                    '1_fpr': 0.30799401749154837,
                    'acc': 0.65533869115958665,
                    'fnr_diff': 0.034667480712657107,
                    'fpr_diff': 0.099076302016161952},
  'test_results': {'fnr_diff': 0.10632075822829194,
                   'fpr_diff': 0.03405724244200635,
                   'll': -1086.053736449556,
                   'objective': 1130.9746966640516},
  'train_results': {'fnr_diff': 0.084821001941656024,
                    'fpr_diff': 7.2694499725356465e-11,
                    'll': -2186.536686113308,
                    'objective': 2225.1925449424393,
                    'w': array([[-0.04222469],
       [-0.20479126],
       [-0.4008774 ],
       [ 0.14239297],
       [ 0.22465039],
       [ 1.11897333]])},
  'weight': 320.0},
 {'gamma': 7.5,
  'test_measures': {'0_fnr': 0.34381764795201308,
                    '0_fpr': 0.41089189009398674,
                    '1_fnr': 0.32729404257901495,
                    '1_fpr': 0.3112583145450542,
                    'acc': 0.65384615384615385,
                    'fnr_diff': 0.032242690073895762,
                    'fpr_diff': 0.099633575548932554},
  'test_results': {'fnr_diff': 0.10361195089168104,
                   'fpr_diff': 0.034402835025512432,
                   'll': -1086.4684481799961,
                   'objective': 1133.393475391842},
  'train_results': {'fnr_diff': 0.081939447192183421,
                    'fpr_diff': 1.4396506591018988e-10,
                    'll': -2187.4173346758134,
                    'objective': 2226.860119590342,
                    'w': array([[-0.04239356],
       [-0.19442026],
       [-0.40047669],
       [ 0.14085734],
       [ 0.22845139],
       [ 1.12433036]])},
  'weight': 340.0},
 {'gamma': 7.5,
  'test_measures': {'0_fnr': 0.34167882778295267,
                    '0_fpr': 0.41425668391014925,
                    '1_fnr': 0.32731572205722081,
                    '1_fpr': 0.31080528198517293,
                    'acc': 0.65350172215843849,
                    'fnr_diff': 0.030870184805268208,
                    'fpr_diff': 0.1034514019249763},
  'test_results': {'fnr_diff': 0.10092216193690842,
                   'fpr_diff': 0.034749233488637045,
                   'll': -1086.9080073537157,
                   'objective': 1135.7497097069122},
  'train_results': {'fnr_diff': 0.079075549289097963,
                    'fpr_diff': 1.1265293281548238e-10,
                    'll': -2188.3464431353177,
                    'objective': 2228.4702405091848,
                    'w': array([[-0.04256325],
       [-0.18406256],
       [-0.40009781],
       [ 0.13933864],
       [ 0.23224716],
       [ 1.12969662]])},
  'weight': 360.0},
 {'gamma': 7.5,
  'test_measures': {'0_fnr': 0.34167882778295267,
                    '0_fpr': 0.41621261479735561,
                    '1_fnr': 0.32664521460106283,
                    '1_fpr': 0.31253137817838172,
                    'acc': 0.65281285878300799,
                    'fnr_diff': 0.032223286118081527,
                    'fpr_diff': 0.10368123661897388},
  'test_results': {'fnr_diff': 0.098250905388472046,
                   'fpr_diff': 0.035096458824306134,
                   'll': -1087.3721472571008,
                   'objective': 1138.0441456579563},
  'train_results': {'fnr_diff': 0.076228813373530685,
                    'fpr_diff': 1.3383564742563969e-10,
                    'll': -2189.3234918873322,
                    'objective': 2230.0232559384544,
                    'w': array([[-0.04273377],
       [-0.17371727],
       [-0.39974046],
       [ 0.1378365 ],
       [ 0.23603807],
       [ 1.1350725 ]])},
  'weight': 380.0},
 {'gamma': 8.0,
  'test_measures': {'0_fnr': 0.34165024744622435,
                    '0_fpr': 0.41709357522694734,
                    '1_fnr': 0.32770347023680901,
                    '1_fpr': 0.31123712862855984,
                    'acc': 0.65258323765786452,
                    'fnr_diff': 0.031876204675718979,
                    'fpr_diff': 0.10585644659838755},
  'test_results': {'fnr_diff': 0.095912405900659498,
                   'fpr_diff': 0.03519479966472612,
                   'll': -1087.8332313586466,
                   'objective': 1140.2761135848009},
  'train_results': {'fnr_diff': 0.073664875312669076,
                    'fpr_diff': 1.2206637749201387e-10,
                    'll': -2190.5492769902276,
                    'objective': 2232.296965870878,
                    'w': array([[-0.04251949],
       [-0.1607771 ],
       [-0.39735579],
       [ 0.13621304],
       [ 0.24179377],
       [ 1.12374741]])},
  'weight': 400.0}]

The result for squared relaxation:

[{'gamma': 9.0,
  'test_measures': {'0_fnr': 0.57725237825368969,
                    '0_fpr': 0.1752370110960676,
                    '1_fnr': 0.22531368195871421,
                    '1_fpr': 0.43605989015613106,
                    'acc': 0.6721010332950631,
                    'fnr_diff': 0.35193869629497543,
                    'fpr_diff': 0.26082287906006352},
  'test_results': {'fnr_diff': 0.51060740723276454,
                   'fpr_diff': 0.3124605138071625,
                   'll': -1069.9612407912266,
                   'objective': 1069.9612407912266},
  'train_results': {'fnr_diff': 0.47785802297692809,
                    'fpr_diff': 0.31661332333199349,
                    'll': -2153.2544420878012,
                    'objective': 2160.2940564171722,
                    'w': array([[-0.04165802],
       [-0.34081682],
       [ 0.13935566],
       [ 0.17085801],
       [ 0.16529694],
       [ 0.76358484]])},
  'weight': 0.0},
 {'gamma': 5.0,
  'test_measures': {'0_fnr': 0.48640226090824645,
                    '0_fpr': 0.2510139103761701,
                    '1_fnr': 0.25316922047891988,
                    '1_fpr': 0.3969307899075078,
                    'acc': 0.67026406429391505,
                    'fnr_diff': 0.23323304042932672,
                    'fpr_diff': 0.14591687953133772},
  'test_results': {'fnr_diff': 0.27275563760171068,
                   'fpr_diff': 0.13677855352414309,
                   'll': -1071.2658432245546,
                   'objective': 1079.4565270470716},
  'train_results': {'fnr_diff': 0.24966237602129379,
                    'fpr_diff': 0.13940675443489237,
                    'll': -2154.4824550745811,
                    'objective': 2167.7762472031436,
                    'w': array([[-0.04304584],
       [-0.367651  ],
       [-0.0538669 ],
       [ 0.16846449],
       [ 0.15381282],
       [ 0.95108631]])},
  'weight': 20.0},
 {'gamma': 3.5,
  'test_measures': {'0_fnr': 0.43487734227518759,
                    '0_fpr': 0.29032284547136034,
                    '1_fnr': 0.26805590704403903,
                    '1_fpr': 0.37273908435950903,
                    'acc': 0.67083811710677388,
                    'fnr_diff': 0.16682143523114856,
                    'fpr_diff': 0.08241623888814871},
  'test_results': {'fnr_diff': 0.17435804295664145,
                   'fpr_diff': 0.07114474118776333,
                   'll': -1073.4396304091445,
                   'objective': 1083.2597417749207},
  'train_results': {'fnr_diff': 0.15597152752637808,
                    'fpr_diff': 0.072831259261892517,
                    'll': -2158.0810492086594,
                    'objective': 2171.9226918598542,
                    'w': array([[-0.04388029],
       [-0.37940758],
       [-0.16031818],
       [ 0.16754981],
       [ 0.1475741 ],
       [ 1.05457948]])},
  'weight': 40.0},
 {'gamma': 3.5,
  'test_measures': {'0_fnr': 0.40958495808860373,
                    '0_fpr': 0.31242900663692741,
                    '1_fnr': 0.28574458468805458,
                    '1_fpr': 0.35287840315463825,
                    'acc': 0.66923076923076918,
                    'fnr_diff': 0.12384037340054914,
                    'fpr_diff': 0.040449396517710824},
  'test_results': {'fnr_diff': 0.12673930316489659,
                   'fpr_diff': 0.042508962551935418,
                   'll': -1075.0926206421732,
                   'objective': 1085.2475165851831},
  'train_results': {'fnr_diff': 0.11084082103764004,
                    'fpr_diff': 0.043548870585756141,
                    'll': -2161.406212782676,
                    'objective': 2175.6784171623613,
                    'w': array([[-0.04376363],
       [-0.37756257],
       [-0.22017367],
       [ 0.16676915],
       [ 0.14902153],
       [ 1.08714424]])},
  'weight': 60.0},
 {'gamma': 3.0,
  'test_measures': {'0_fnr': 0.39205800835553489,
                    '0_fpr': 0.33124318702070593,
                    '1_fnr': 0.29303779215755082,
                    '1_fpr': 0.34642561068006983,
                    'acc': 0.66693455797933399,
                    'fnr_diff': 0.099020216197984082,
                    'fpr_diff': 0.026432542004467409},
  'test_results': {'fnr_diff': 0.097362613832192441,
                   'fpr_diff': 0.02664961435425952,
                   'll': -1076.5608836204065,
                   'objective': 1086.4818618753225},
  'train_results': {'fnr_diff': 0.083308484948808548,
                    'fpr_diff': 0.027252519679573494,
                    'll': -2164.0426841264257,
                    'objective': 2177.5443993872118,
                    'w': array([[-0.04413906],
       [-0.38119289],
       [-0.26521596],
       [ 0.16639156],
       [ 0.14688303],
       [ 1.13094924]])},
  'weight': 80.0},
 {'gamma': 3.5,
  'test_measures': {'0_fnr': 0.38200276959771778,
                    '0_fpr': 0.34141900227514677,
                    '1_fnr': 0.30270366492761636,
                    '1_fpr': 0.32909744342808328,
                    'acc': 0.6676234213547646,
                    'fnr_diff': 0.079299104670101456,
                    'fpr_diff': 0.028889175584480054},
  'test_results': {'fnr_diff': 0.080162324833346427,
                   'fpr_diff': 0.018273878432342759,
                   'll': -1077.5013781652965,
                   'objective': 1087.3449984918655},
  'train_results': {'fnr_diff': 0.067183137672377435,
                    'fpr_diff': 0.018553068118554495,
                    'll': -2166.2561163027381,
                    'objective': 2180.2664884638311,
                    'w': array([[-0.04366535],
       [-0.37445405],
       [-0.29126403],
       [ 0.16575003],
       [ 0.15124757],
       [ 1.12688625]])},
  'weight': 100.0},
 {'gamma': 3.5,
  'test_measures': {'0_fnr': 0.37850536145396602,
                    '0_fpr': 0.35103775956134725,
                    '1_fnr': 0.30620764236268522,
                    '1_fpr': 0.32314936150159801,
                    'acc': 0.66636050516647527,
                    'fnr_diff': 0.072297719091280785,
                    'fpr_diff': 0.041826138104220603},
  'test_results': {'fnr_diff': 0.067483569554193282,
                   'fpr_diff': 0.012734972993614188,
                   'll': -1078.3782643243856,
                   'objective': 1088.0044894301227},
  'train_results': {'fnr_diff': 0.055436138558397755,
                    'fpr_diff': 0.012770316510187368,
                    'll': -2168.0243522609062,
                    'objective': 2181.7948532251444,
                    'w': array([[-0.04364637],
       [-0.37301852],
       [-0.31406688],
       [ 0.16536561],
       [ 0.15216309],
       [ 1.13999277]])},
  'weight': 120.0},
 {'gamma': 3.5,
  'test_measures': {'0_fnr': 0.37361681719803097,
                    '0_fpr': 0.35680181010990564,
                    '1_fnr': 0.31038212725391212,
                    '1_fpr': 0.32227616087448985,
                    'acc': 0.66463834672789901,
                    'fnr_diff': 0.063234689944118821,
                    'fpr_diff': 0.046658254854983219},
  'test_results': {'fnr_diff': 0.058281194664887827,
                   'fpr_diff': 0.0091421531456664269,
                   'll': -1079.1039206087419,
                   'objective': 1088.5431893022196},
  'train_results': {'fnr_diff': 0.046965848957541044,
                    'fpr_diff': 0.0089852316475964068,
                    'll': -2169.4894059195844,
                    'objective': 2183.0295737407314,
                    'w': array([[-0.04363749],
       [-0.37162118],
       [-0.33198212],
       [ 0.16502492],
       [ 0.15299583],
       [ 1.15047261]])},
  'weight': 140.0},
 {'gamma': 3.5,
  'test_measures': {'0_fnr': 0.36873229294765958,
                    '0_fpr': 0.36306716773810549,
                    '1_fnr': 0.31621451108607962,
                    '1_fpr': 0.31799771755328909,
                    'acc': 0.6631458094144661,
                    'fnr_diff': 0.054078340961424429,
                    'fpr_diff': 0.052455744908891523},
  'test_results': {'fnr_diff': 0.051347255212615031,
                   'fpr_diff': 0.0067328746197216471,
                   'll': -1079.7129063400255,
                   'objective': 1089.0057271131993},
  'train_results': {'fnr_diff': 0.040622678486699045,
                    'fpr_diff': 0.0064201731946687641,
                    'll': -2170.7205739497076,
                    'objective': 2184.055040159923,
                    'w': array([[-0.04363526],
       [-0.37024971],
       [-0.34641605],
       [ 0.16471413],
       [ 0.1537667 ],
       [ 1.15906964]])},
  'weight': 160.0},
 {'gamma': 3.5,
  'test_measures': {'0_fnr': 0.36729769813071184,
                    '0_fpr': 0.36742178904380418,
                    '1_fnr': 0.31862703486174448,
                    '1_fpr': 0.3157904868059852,
                    'acc': 0.66211251435132035,
                    'fnr_diff': 0.050231222368811779,
                    'fpr_diff': 0.057368112425811732},
  'test_results': {'fnr_diff': 0.045963603834189716,
                   'fpr_diff': 0.0050766319364431703,
                   'll': -1080.2305804194466,
                   'objective': 1089.4178228581604},
  'train_results': {'fnr_diff': 0.035726103712958743,
                    'fpr_diff': 0.004634922419190321,
                    'll': -2171.7686937613289,
                    'objective': 2184.9260369356634,
                    'w': array([[-0.04363762],
       [-0.36889726],
       [-0.35828259],
       [ 0.1644248 ],
       [ 0.15448989],
       [ 1.1662707 ]])},
  'weight': 180.0},
 {'gamma': 3.5,
  'test_measures': {'0_fnr': 0.36233699969558864,
                    '0_fpr': 0.37667378922766226,
                    '1_fnr': 0.3200156522939191,
                    '1_fpr': 0.31491037010115763,
                    'acc': 0.66050516647531565,
                    'fnr_diff': 0.046708761625188847,
                    'fpr_diff': 0.063578660687046429},
  'test_results': {'fnr_diff': 0.041679899618521428,
                   'fpr_diff': 0.0039171416637098153,
                   'll': -1080.6757249299869,
                   'objective': 1089.7951331864331},
  'train_results': {'fnr_diff': 0.031851098565855079,
                    'fpr_diff': 0.0033666518780924894,
                    'll': -2172.6714115259642,
                    'objective': 2185.679684483609,
                    'w': array([[-0.04364324],
       [-0.36755995],
       [-0.36820141],
       [ 0.16415151],
       [ 0.15517541],
       [ 1.17240769]])},
  'weight': 200.0},
 {'gamma': 4.0,
  'test_measures': {'0_fnr': 0.36089499179702278,
                    '0_fpr': 0.3771688387326127,
                    '1_fnr': 0.32416347684294988,
                    '1_fpr': 0.31238614206866133,
                    'acc': 0.65993111366245705,
                    'fnr_diff': 0.045945326022706193,
                    'fpr_diff': 0.064948453688410707},
  'test_results': {'fnr_diff': 0.038604858674091198,
                   'fpr_diff': 0.0031687112164606921,
                   'll': -1080.955972951539,
                   'objective': 1090.1461583274606},
  'train_results': {'fnr_diff': 0.029041927669595995,
                    'fpr_diff': 0.0025417298741469514,
                    'll': -2173.5709538651117,
                    'objective': 2187.1892897293824,
                    'w': array([[-0.04319777],
       [-0.36109589],
       [-0.3733181 ],
       [ 0.16367405],
       [ 0.15915631],
       [ 1.15665625]])},
  'weight': 220.0},
 {'gamma': 4.0,
  'test_measures': {'0_fnr': 0.35734772092373701,
                    '0_fpr': 0.38008601959096999,
                    '1_fnr': 0.32698012543766891,
                    '1_fpr': 0.30654373960014747,
                    'acc': 0.66050516647531565,
                    'fnr_diff': 0.039581406554701347,
                    'fpr_diff': 0.073542279990822634},
  'test_results': {'fnr_diff': 0.035693198130859735,
                   'fpr_diff': 0.002561869871701635,
                   'll': -1081.2968775355532,
                   'objective': 1090.4780938561678},
  'train_results': {'fnr_diff': 0.026435133063697706,
                    'fpr_diff': 0.0018555254106311972,
                    'll': -2174.2660781208956,
                    'objective': 2187.7868670783623,
                    'w': array([[-0.04320548],
       [-0.35978318],
       [-0.38056925],
       [ 0.16342077],
       [ 0.15979728],
       [ 1.16125156]])},
  'weight': 240.0},
 {'gamma': 4.0,
  'test_measures': {'0_fnr': 0.35734772092373701,
                    '0_fpr': 0.3815523090770615,
                    '1_fnr': 0.33212825980342187,
                    '1_fpr': 0.30276991875153714,
                    'acc': 0.6594718714121699,
                    'fnr_diff': 0.037940239691097569,
                    'fpr_diff': 0.078782390325524393},
  'test_results': {'fnr_diff': 0.033251273769120564,
                   'fpr_diff': 0.0021255342036682898,
                   'll': -1081.5983327613772,
                   'objective': 1090.7963028343024},
  'train_results': {'fnr_diff': 0.024258975801029335,
                    'fpr_diff': 0.0013496107907362011,
                    'll': -2174.8818977495275,
                    'objective': 2188.3249763475219,
                    'w': array([[-0.04321482],
       [-0.35848177],
       [-0.38685122],
       [ 0.16317585],
       [ 0.16041561],
       [ 1.16532075]])},
  'weight': 260.0},
 {'gamma': 4.0,
  'test_measures': {'0_fnr': 0.35524240574421695,
                    '0_fpr': 0.38204250515549287,
                    '1_fnr': 0.33793894281728909,
                    '1_fpr': 0.29736194911206848,
                    'acc': 0.65912743972445464,
                    'fnr_diff': 0.031437669059547736,
                    'fpr_diff': 0.084680556043424463},
  'test_results': {'fnr_diff': 0.031177002637269819,
                   'fpr_diff': 0.0018124386424488328,
                   'll': -1081.8668560424958,
                   'objective': 1091.1038996008169},
  'train_results': {'fnr_diff': 0.02241857514400443,
                    'fpr_diff': 0.00097494517184562699,
                    'll': -2175.4315158775426,
                    'objective': 2188.8143161963553,
                    'w': array([[-0.04322543],
       [-0.35719083],
       [-0.39234078],
       [ 0.16293792],
       [ 0.16101476],
       [ 1.16895807]])},
  'weight': 280.0},
 {'gamma': 4.0,
  'test_measures': {'0_fnr': 0.35382897818237946,
                    '0_fpr': 0.38445632216744619,
                    '1_fnr': 0.33793894281728909,
                    '1_fpr': 0.29736194911206848,
                    'acc': 0.65878300803673939,
                    'fnr_diff': 0.03285109662138519,
                    'fpr_diff': 0.087094373055377761},
  'test_results': {'fnr_diff': 0.02939519075076117,
                   'fpr_diff': 0.00158967539323616,
                   'll': -1082.1076498511088,
                   'objective': 1091.4031096943081},
  'train_results': {'fnr_diff': 0.020844251866178699,
                    'fpr_diff': 0.00069721791865964833,
                    'll': -2175.925376546913,
                    'objective': 2189.2631320611486,
                    'w': array([[-0.04323705],
       [-0.35590964],
       [-0.39717454],
       [ 0.16270593],
       [ 0.16159736],
       [ 1.17223677]])},
  'weight': 300.0},
 {'gamma': 4.0,
  'test_measures': {'0_fnr': 0.35245171138138376,
                    '0_fpr': 0.38445632216744619,
                    '1_fnr': 0.33793894281728909,
                    '1_fpr': 0.29690111961898091,
                    'acc': 0.65912743972445464,
                    'fnr_diff': 0.031473829820389577,
                    'fpr_diff': 0.087555202548465313},
  'test_results': {'fnr_diff': 0.027849421119226947,
                   'fpr_diff': 0.0014338573444127773,
                   'll': -1082.324885567768,
                   'objective': 1091.6955346761326},
  'train_results': {'fnr_diff': 0.019483930544873934,
                    'fpr_diff': 0.00049198526809090431,
                    'll': -2176.3718652119878,
                    'objective': 2189.6778817831096,
                    'w': array([[-0.04324948],
       [-0.35463776],
       [-0.40145938],
       [ 0.16247908],
       [ 0.16216558],
       [ 1.17521415]])},
  'weight': 320.0},
 {'gamma': 4.0,
  'test_measures': {'0_fnr': 0.34894689015601399,
                    '0_fpr': 0.38495137167239674,
                    '1_fnr': 0.33828023974561666,
                    '1_fpr': 0.29606078348452713,
                    'acc': 0.65970149253731347,
                    'fnr_diff': 0.033964015770697208,
                    'fpr_diff': 0.088890588187869601},
  'test_results': {'fnr_diff': 0.026496706216973358,
                   'fpr_diff': 0.0013281560226866252,
                   'll': -1082.5219494412731,
                   'objective': 1091.9824026027575},
  'train_results': {'fnr_diff': 0.018298013624668475,
                    'fpr_diff': 0.00034154332507766344,
                    'll': -2176.7777788459994,
                    'objective': 2190.0636956316134,
                    'w': array([[-0.04326255],
       [-0.35337479],
       [-0.40528008],
       [ 0.16225673],
       [ 0.16272114],
       [ 1.17793578]])},
  'weight': 340.0},
 {'gamma': 4.5,
  'test_measures': {'0_fnr': 0.34826241561994936,
                    '0_fpr': 0.38492252263364668,
                    '1_fnr': 0.34468490502109084,
                    '1_fpr': 0.29015334588262065,
                    'acc': 0.65935706084959811,
                    'fnr_diff': 0.028800798139315974,
                    'fpr_diff': 0.094769176751026002},
  'test_results': {'fnr_diff': 0.025530976127969302,
                   'fpr_diff': 0.0012546492594426779,
                   'll': -1082.6202839328887,
                   'objective': 1092.2631090723571},
  'train_results': {'fnr_diff': 0.017426155485127624,
                    'fpr_diff': 0.00024942251330472529,
                    'll': -2177.3068578220177,
                    'objective': 2191.2838201919185,
                    'w': array([[-0.04282897],
       [-0.34717435],
       [-0.40574185],
       [ 0.16181987],
       [ 0.16645326],
       [ 1.1599321 ]])},
  'weight': 360.0},
 {'gamma': 4.5,
  'test_measures': {'0_fnr': 0.34317251746987659,
                    '0_fpr': 0.38688816037389129,
                    '1_fnr': 0.3457105460467319,
                    '1_fpr': 0.28932168753685999,
                    'acc': 0.65958668197474168,
                    'fnr_diff': 0.034916337315029765,
                    'fpr_diff': 0.097566472837031279},
  'test_results': {'fnr_diff': 0.024457764353482268,
                   'fpr_diff': 0.0012102300955555757,
                   'll': -1082.7859844529066,
                   'objective': 1092.5398223435409},
  'train_results': {'fnr_diff': 0.016492449472659487,
                    'fpr_diff': 0.00016831672242992421,
                    'll': -2177.6502029501512,
                    'objective': 2191.6269521714908,
                    'w': array([[-0.04284204],
       [-0.34593375],
       [-0.40884758],
       [ 0.16160415],
       [ 0.16699122],
       [ 1.16222444]])},
  'weight': 380.0},
 {'gamma': 4.5,
  'test_measures': {'0_fnr': 0.34317251746987659,
                    '0_fpr': 0.38886350496717415,
                    '1_fnr': 0.34672235043121757,
                    '1_fpr': 0.28711445678955611,
                    'acc': 0.65935706084959811,
                    'fnr_diff': 0.033904532930544094,
                    'fpr_diff': 0.10174904817761805},
  'test_results': {'fnr_diff': 0.023498506600778218,
                   'fpr_diff': 0.0011883555912850275,
                   'll': -1082.9384397340762,
                   'objective': 1092.8131846109015},
  'train_results': {'fnr_diff': 0.015660687441493015,
                    'fpr_diff': 0.00011266860824081865,
                    'll': -2177.9668251708636,
                    'objective': 2191.9511012458102,
                    'w': array([[-0.04285553],
       [-0.34470174],
       [-0.41165705],
       [ 0.16139181],
       [ 0.1675195 ],
       [ 1.16435446]])},
  'weight': 400.0}]

