compas dataset with protected value race

The result for squared relaxation:

[{'gamma': 1.0,
  'test_measures': {'0_fnr': 0.5301452829381964,
                    '0_fpr': 0.21002158199013179,
                    '1_fnr': 0.2182270535841635,
                    '1_fpr': 0.45244355299030764,
                    'acc': 0.66957520091848455,
                    'fnr_diff': 0.31191822935403296,
                    'fpr_diff': 0.24242197100017587},
  'test_results': {'fnr_diff': 0.47427806261491356,
                   'fpr_diff': 0.28582719937323731,
                   'll': -1070.7031544032438,
                   'objective': 1070.7031544032438},
  'train_results': {'fnr_diff': 0.445571767475817,
                    'fpr_diff': 0.29092325071409825,
                    'll': -2151.199339752694,
                    'objective': 2152.4484556491975,
                    'w': array([[-0.04657312],
       [-0.41220094],
       [ 0.09173601],
       [ 0.17183763],
       [ 0.1275444 ],
       [ 1.00758643]])},
  'weight': 0.0},
 {'gamma': 1.0,
  'test_measures': {'0_fnr': 0.46454095998628658,
                    '0_fpr': 0.27724358344043842,
                    '1_fnr': 0.24693218087125457,
                    '1_fpr': 0.40709985811333943,
                    'acc': 0.6669345579793341,
                    'fnr_diff': 0.21760877911503193,
                    'fpr_diff': 0.12985627467290101},
  'test_results': {'fnr_diff': 0.25342427421242408,
                   'fpr_diff': 0.12372322219682963,
                   'll': -1072.2120834305467,
                   'objective': 1079.7550333587319},
  'train_results': {'fnr_diff': 0.23226334974900675,
                    'fpr_diff': 0.12664939839066178,
                    'll': -2154.0761193708622,
                    'objective': 2162.7127527030875,
                    'w': array([[-0.04622399],
       [-0.40885197],
       [-0.08738818],
       [ 0.16952253],
       [ 0.12859944],
       [ 1.10853573]])},
  'weight': 20.0},
 {'gamma': 1.0,
  'test_measures': {'0_fnr': 0.4238704106790136,
                    '0_fpr': 0.30228717700470759,
                    '1_fnr': 0.26557757063461107,
                    '1_fpr': 0.37811201882576262,
                    'acc': 0.6692307692307693,
                    'fnr_diff': 0.15829284004440253,
                    'fpr_diff': 0.075824841821055033},
  'test_results': {'fnr_diff': 0.16465979824051574,
                   'fpr_diff': 0.06524784696471439,
                   'll': -1074.2465234874937,
                   'objective': 1083.4428292957027},
  'train_results': {'fnr_diff': 0.14733511140632061,
                    'fpr_diff': 0.067039770727624765,
                    'll': -2158.0704142365894,
                    'objective': 2168.2543287458902,
                    'w': array([[-0.04612159],
       [-0.40699685],
       [-0.18268618],
       [ 0.16843233],
       [ 0.12962421],
       [ 1.16420585]])},
  'weight': 40.0},
 {'gamma': 1.0,
  'test_measures': {'0_fnr': 0.39758168217545775,
                    '0_fpr': 0.33274234113779833,
                    '1_fnr': 0.28232489985863718,
                    '1_fpr': 0.35786497767471198,
                    'acc': 0.66613088404133181,
                    'fnr_diff': 0.11525678231682068,
                    'fpr_diff': 0.032559990080370381},
  'test_results': {'fnr_diff': 0.11923707119233581,
                   'fpr_diff': 0.038420616077995087,
                   'll': -1075.9430269855266,
                   'objective': 1085.4024882217461},
  'train_results': {'fnr_diff': 0.10425133892200114,
                    'fpr_diff': 0.03951005534705012,
                    'll': -2161.4196039437388,
                    'objective': 2171.7620857346774,
                    'w': array([[-0.0460911 ],
       [-0.40550948],
       [-0.24202217],
       [ 0.16775343],
       [ 0.13053629],
       [ 1.19970991]])},
  'weight': 60.0},
 {'gamma': 1.0,
  'test_measures': {'0_fnr': 0.38139164613260801,
                    '0_fpr': 0.3509968637458446,
                    '1_fnr': 0.28755073405387682,
                    '1_fpr': 0.34987759583728661,
                    'acc': 0.66486796785304247,
                    'fnr_diff': 0.093840912078731228,
                    'fpr_diff': 0.033512637627579542},
  'test_results': {'fnr_diff': 0.092504372361190246,
                   'fpr_diff': 0.024292417571406748,
                   'll': -1077.2910411951912,
                   'objective': 1086.6347843897988},
  'train_results': {'fnr_diff': 0.079097806858149086,
                    'fpr_diff': 0.024902275061338394,
                    'll': -2164.0886186053749,
                    'objective': 2174.2054788834153,
                    'w': array([[-0.04608795],
       [-0.40413437],
       [-0.28252659],
       [ 0.16725663],
       [ 0.13135751],
       [ 1.22442278]])},
  'weight': 80.0},
 {'gamma': 1.0,
  'test_measures': {'0_fnr': 0.37293143801471806,
                    '0_fpr': 0.3616257116985131,
                    '1_fnr': 0.29409815112571952,
                    '1_fpr': 0.34435512303630456,
                    'acc': 0.66303099885189432,
                    'fnr_diff': 0.078833286888998516,
                    'fpr_diff': 0.04326816294965543},
  'test_results': {'fnr_diff': 0.075251142116404407,
                   'fpr_diff': 0.016154540905887173,
                   'll': -1078.3667450957487,
                   'objective': 1087.5073133979779},
  'train_results': {'fnr_diff': 0.062983936402435131,
                    'fpr_diff': 0.016415275868995726,
                    'll': -2166.2232011233618,
                    'objective': 2176.021438815967,
                    'w': array([[-0.04609692],
       [-0.40279639],
       [-0.31191925],
       [ 0.16685495],
       [ 0.13211184],
       [ 1.24267602]])},
  'weight': 100.0},
 {'gamma': 1.0,
  'test_measures': {'0_fnr': 0.36793967081406037,
                    '0_fpr': 0.36746978026826599,
                    '1_fnr': 0.29621582922431727,
                    '1_fpr': 0.33756590907102313,
                    'acc': 0.66360505166475314,
                    'fnr_diff': 0.07172384158974314,
                    'fpr_diff': 0.049147857451538435},
  'test_results': {'fnr_diff': 0.063360734988354081,
                   'fpr_diff': 0.011166286859784932,
                   'll': -1079.2379358100093,
                   'objective': 1088.1811784317856},
  'train_results': {'fnr_diff': 0.051955114234637403,
                    'fpr_diff': 0.0111609479662487,
                    'll': -2167.9553918923243,
                    'objective': 2177.4361993653583,
                    'w': array([[-0.04611179],
       [-0.40147058],
       [-0.33420263],
       [ 0.16650888],
       [ 0.13281666],
       [ 1.25675327]])},
  'weight': 120.0},
 {'gamma': 1.0,
  'test_measures': {'0_fnr': 0.36236818359881828,
                    '0_fpr': 0.3738434386425068,
                    '1_fnr': 0.30273223517904835,
                    '1_fpr': 0.33168112928070592,
                    'acc': 0.66245694603903549,
                    'fnr_diff': 0.059635948419769956,
                    'fpr_diff': 0.056146542230206029},
  'test_results': {'fnr_diff': 0.05475371040792569,
                   'fpr_diff': 0.00796856689497096,
                   'll': -1079.954989049337,
                   'objective': 1088.7361078717424},
  'train_results': {'fnr_diff': 0.044022921031623488,
                    'fpr_diff': 0.0077533310266609864,
                    'll': -2169.3838663419051,
                    'objective': 2178.5787163206041,
                    'w': array([[-0.0461297 ],
       [-0.40014841],
       [-0.35166152],
       [ 0.16619813],
       [ 0.13348401],
       [ 1.26797387]])},
  'weight': 140.0},
 {'gamma': 1.0,
  'test_measures': {'0_fnr': 0.3588683392310606,
                    '0_fpr': 0.37910161184185648,
                    '1_fnr': 0.30650535001281271,
                    '1_fpr': 0.32653104530298444,
                    'acc': 0.66188289322617677,
                    'fnr_diff': 0.052362989218247891,
                    'fpr_diff': 0.055879642746674785},
  'test_results': {'fnr_diff': 0.048281166748883823,
                   'fpr_diff': 0.0058504002857376006,
                   'll': -1080.5542031316822,
                   'objective': 1089.2152538572216},
  'train_results': {'fnr_diff': 0.038093562519182764,
                    'fpr_diff': 0.0054650592727243002,
                    'll': -2170.5799191382393,
                    'objective': 2179.5279025962,
                    'w': array([[-0.04614924],
       [-0.39882736],
       [-0.36569607],
       [ 0.16591133],
       [ 0.13412223],
       [ 1.27715375]])},
  'weight': 160.0},
 {'gamma': 1.0,
  'test_measures': {'0_fnr': 0.35596315617881868,
                    '0_fpr': 0.38200562493224111,
                    '1_fnr': 0.30650535001281271,
                    '1_fpr': 0.32565784467587627,
                    'acc': 0.66188289322617677,
                    'fnr_diff': 0.049457806166006014,
                    'fpr_diff': 0.057851722039263628},
  'test_results': {'fnr_diff': 0.043263156225236507,
                   'fpr_diff': 0.0044135655158598838,
                   'll': -1081.0618225404498,
                   'objective': 1089.6436324538467},
  'train_results': {'fnr_diff': 0.033522448397210761,
                    'fpr_diff': 0.0038873492844370234,
                    'll': -2171.5951871124698,
                    'objective': 2180.334765547861,
                    'w': array([[-0.04616963],
       [-0.39750706],
       [-0.37721238],
       [ 0.16564162],
       [ 0.13473725],
       [ 1.28482472]])},
  'weight': 180.0},
 {'gamma': 1.0,
  'test_measures': {'0_fnr': 0.35386032942810464,
                    '0_fpr': 0.38591775822701857,
                    '1_fnr': 0.30965246761542897,
                    '1_fpr': 0.32184346757817978,
                    'acc': 0.66130884041331806,
                    'fnr_diff': 0.044596192593317027,
                    'fpr_diff': 0.064074290648838753},
  'test_results': {'fnr_diff': 0.039274774374996199,
                   'fpr_diff': 0.0034226574228826143,
                   'll': -1081.4970854403607,
                   'objective': 1090.0365717999364},
  'train_results': {'fnr_diff': 0.029908394492612633,
                    'fpr_diff': 0.0027776748315383438,
                    'll': -2172.467560245354,
                    'objective': 2181.0337445183986,
                    'w': array([[-0.04619046],
       [-0.39618807],
       [-0.38682278],
       [ 0.16538467],
       [ 0.13533332],
       [ 1.29134816]])},
  'weight': 200.0},
 {'gamma': 1.0,
  'test_measures': {'0_fnr': 0.35106963506527156,
                    '0_fpr': 0.38737919428659084,
                    '1_fnr': 0.31033622829918961,
                    '1_fpr': 0.32138263808509226,
                    'acc': 0.66130884041331794,
                    'fnr_diff': 0.04394859267039819,
                    'fpr_diff': 0.065996556201498649},
  'test_results': {'fnr_diff': 0.036038398886966722,
                   'fpr_diff': 0.0027322915567796597,
                   'll': -1081.8743303466654,
                   'objective': 1090.4038822442894},
  'train_results': {'fnr_diff': 0.026990307154818406,
                    'fpr_diff': 0.0019856757455729902,
                    'll': -2173.2253040269206,
                    'objective': 2181.6489349644603,
                    'w': array([[-0.04621148],
       [-0.39487112],
       [-0.39495612],
       [ 0.16513759],
       [ 0.13591363],
       [ 1.2969785 ]])},
  'weight': 220.0},
 {'gamma': 1.0,
  'test_measures': {'0_fnr': 0.34745773823211101,
                    '0_fpr': 0.3888017912974232,
                    '1_fnr': 0.31105318700660817,
                    '1_fpr': 0.32011738848625282,
                    'acc': 0.66165327210103331,
                    'fnr_diff': 0.041033164691656521,
                    'fpr_diff': 0.068684402811170359},
  'test_results': {'fnr_diff': 0.033365916123473817,
                   'fpr_diff': 0.0022494001469549633,
                   'll': -1082.2044213828726,
                   'objective': 1090.7520972877755},
  'train_results': {'fnr_diff': 0.024591909963489846,
                    'fpr_diff': 0.0014147003345312457,
                    'll': -2173.8898419144384,
                    'objective': 2182.1977022577221,
                    'w': array([[-0.04623255],
       [-0.39355698],
       [-0.40192162],
       [ 0.16489841],
       [ 0.13648055],
       [ 1.30189986]])},
  'weight': 240.0},
 {'gamma': 1.0,
  'test_measures': {'0_fnr': 0.34675843753281027,
                    '0_fpr': 0.38978703688080507,
                    '1_fnr': 0.31105318700660817,
                    '1_fpr': 0.31919572950007774,
                    'acc': 0.66176808266360498,
                    'fnr_diff': 0.040333863992355813,
                    'fpr_diff': 0.070591307380727344},
  'test_results': {'fnr_diff': 0.03112575167420658,
                   'fpr_diff': 0.0019125570429328297,
                   'll': -1082.4957204175366,
                   'objective': 1091.0856806839927},
  'train_results': {'fnr_diff': 0.022590393306900082,
                    'fpr_diff': 0.001000684288475938,
                    'll': -2174.4776765046663,
                    'objective': 2182.692879142438,
                    'w': array([[-0.04625359],
       [-0.3922464 ],
       [-0.40794798],
       [ 0.1646657 ],
       [ 0.13703591],
       [ 1.30624894]])},
  'weight': 260.0},
 {'gamma': 1.0,
  'test_measures': {'0_fnr': 0.34532384271586253,
                    '0_fpr': 0.39074828685195601,
                    '1_fnr': 0.31139045513477009,
                    '1_fpr': 0.31794454799962713,
                    'acc': 0.66199770378874856,
                    'fnr_diff': 0.03856200104724615,
                    'fpr_diff': 0.072803738852328923},
  'test_results': {'fnr_diff': 0.029223680275036447,
                   'fpr_diff': 0.0016802378507407994,
                   'll': -1082.7547398366187,
                   'objective': 1091.4078369118363},
  'train_results': {'fnr_diff': 0.020898027785496934,
                    'fpr_diff': 0.00070009335061548201,
                    'll': -2175.0016561028906,
                    'objective': 2183.1441548531284,
                    'w': array([[-0.04627453],
       [-0.3909399 ],
       [-0.41320749],
       [ 0.16443843],
       [ 0.13758116],
       [ 1.31012899]])},
  'weight': 280.0},
 {'gamma': 1.0,
  'test_measures': {'0_fnr': 0.34388924789891473,
                    '0_fpr': 0.39366546771031335,
                    '1_fnr': 0.31352023519237238,
                    '1_fpr': 0.31669963766435905,
                    'acc': 0.66119402985074627,
                    'fnr_diff': 0.035022764433128427,
                    'fpr_diff': 0.076965830045954392},
  'test_results': {'fnr_diff': 0.027590107617632663,
                   'fpr_diff': 0.0015236346836686675,
                   'll': -1082.9866656857391,
                   'objective': 1091.7207883761293},
  'train_results': {'fnr_diff': 0.019450356422281621,
                    'fpr_diff': 0.00048259333606489121,
                    'll': -2175.472029325153,
                    'objective': 2183.5589828021052,
                    'w': array([[-0.04629534],
       [-0.3896381 ],
       [-0.41783358],
       [ 0.16421584],
       [ 0.13811743],
       [ 1.31362018]])},
  'weight': 300.0},
 {'gamma': 1.0,
  'test_measures': {'0_fnr': 0.34042075477688227,
                    '0_fpr': 0.39845799512077901,
                    '1_fnr': 0.31529234168218118,
                    '1_fpr': 0.31500103275539082,
                    'acc': 0.66050516647531565,
                    'fnr_diff': 0.032619107596997286,
                    'fpr_diff': 0.083456962365388243},
  'test_results': {'fnr_diff': 0.026173120550398127,
                   'fpr_diff': 0.0014224867636144808,
                   'll': -1083.1956366829302,
                   'objective': 1092.0262310234143},
  'train_results': {'fnr_diff': 0.018199354484397235,
                    'fpr_diff': 0.00032672882249184853,
                    'll': -2175.8969634885434,
                    'objective': 2183.9431908859256,
                    'w': array([[-0.04631602],
       [-0.38834147],
       [-0.42193013],
       [ 0.16399735],
       [ 0.13864561],
       [ 1.31678513]])},
  'weight': 320.0},
 {'gamma': 1.0,
  'test_measures': {'0_fnr': 0.3397165294247696,
                    '0_fpr': 0.39845799512077901,
                    '1_fnr': 0.31597493553883643,
                    '1_fpr': 0.31500103275539082,
                    'acc': 0.66039035591274398,
                    'fnr_diff': 0.032597476101539902,
                    'fpr_diff': 0.083456962365388243},
  'test_results': {'fnr_diff': 0.024933266389075635,
                   'fpr_diff': 0.0013622814241810188,
                   'll': -1083.3849693391128,
                   'objective': 1092.3254555956203},
  'train_results': {'fnr_diff': 0.01710868283800129,
                    'fpr_diff': 0.00021703794584907598,
                    'll': -2176.2830148339276,
                    'objective': 2184.3014022016505,
                    'w': array([[-0.04633653],
       [-0.38705024],
       [-0.42557892],
       [ 0.16378249],
       [ 0.13916649],
       [ 1.31967319]])},
  'weight': 340.0},
 {'gamma': 1.0,
  'test_measures': {'0_fnr': 0.33830310186293211,
                    '0_fpr': 0.39895304462572956,
                    '1_fnr': 0.31767799035236893,
                    '1_fpr': 0.31361854427612817,
                    'acc': 0.66027554535017219,
                    'fnr_diff': 0.032307848849844847,
                    'fpr_diff': 0.085334500349601411},
  'test_results': {'fnr_diff': 0.023839682722879431,
                   'fpr_diff': 0.0013324467027721403,
                   'll': -1083.5574280543037,
                   'objective': 1092.6193946475382},
  'train_results': {'fnr_diff': 0.016149992246332935,
                    'fpr_diff': 0.00014218806625422058,
                    'll': -2176.6356437462046,
                    'objective': 2184.6373315100559,
                    'w': array([[-0.0463569 ],
       [-0.38576476],
       [-0.42884666],
       [ 0.16357089],
       [ 0.13968067],
       [ 1.32232472]])},
  'weight': 360.0},
 {'gamma': 1.0,
  'test_measures': {'0_fnr': 0.33689465115870676,
                    '0_fpr': 0.3999334367825923,
                    '1_fnr': 0.31767799035236893,
                    '1_fpr': 0.31361854427612817,
                    'acc': 0.6602755453501723,
                    'fnr_diff': 0.030899398145619494,
                    'fpr_diff': 0.086314892506464153},
  'test_results': {'fnr_diff': 0.022868300074734223,
                   'fpr_diff': 0.001325247124697513,
                   'll': -1083.7152657805636,
                   'objective': 1092.9088137163476},
  'train_results': {'fnr_diff': 0.015301237367906163,
                    'fpr_diff': 9.3795084722868402e-05,
                    'll': -2176.9593020989296,
                    'objective': 2184.9539982495144,
                    'w': array([[-0.04637709],
       [-0.38448533],
       [-0.43178702],
       [ 0.16336228],
       [ 0.14018866],
       [ 1.32477223]])},
  'weight': 380.0},
 {'gamma': 1.0,
  'test_measures': {'0_fnr': 0.33689465115870676,
                    '0_fpr': 0.3999334367825923,
                    '1_fnr': 0.31767799035236893,
                    '1_fpr': 0.31361854427612817,
                    'acc': 0.6602755453501723,
                    'fnr_diff': 0.030899398145619494,
                    'fpr_diff': 0.086314892506464153},
  'test_results': {'fnr_diff': 0.021999893363978822,
                   'fpr_diff': 0.0013348852592636783,
                   'll': -1083.8603837684009,
                   'objective': 1093.1942952176978},
  'train_results': {'fnr_diff': 0.014544792527051462,
                    'fpr_diff': 6.5586229196534193e-05,
                    'll': -2177.2577438655385,
                    'objective': 2185.2538822806969,
                    'w': array([[-0.04639713],
       [-0.38321204],
       [-0.4344445 ],
       [ 0.1631564 ],
       [ 0.1406909 ],
       [ 1.32704275]])},
  'weight': 400.0}]

The result for absolute value relaxation:

[{'gamma': 1.0,
  'test_measures': {'0_fnr': 0.5301452829381964,
                    '0_fpr': 0.21002158199013179,
                    '1_fnr': 0.2182270535841635,
                    '1_fpr': 0.45244355299030764,
                    'acc': 0.66957520091848455,
                    'fnr_diff': 0.31191822935403296,
                    'fpr_diff': 0.24242197100017587},
  'test_results': {'fnr_diff': 0.68508723989874232,
                   'fpr_diff': 0.5320311669909159,
                   'll': -1070.7031544032438,
                   'objective': 1070.7031544032438},
  'train_results': {'fnr_diff': 0.66700258353430364,
                    'fpr_diff': 0.53884761811754456,
                    'll': -2151.199339752694,
                    'objective': 2152.4484556491975,
                    'w': array([[-0.04657312],
       [-0.41220094],
       [ 0.09173601],
       [ 0.17183763],
       [ 0.1275444 ],
       [ 1.00758643]])},
  'weight': 0.0},
 {'gamma': 1.0,
  'test_measures': {'0_fnr': 0.44833609778020056,
                    '0_fpr': 0.28349269348395734,
                    '1_fnr': 0.25381711195155476,
                    '1_fpr': 0.39811766613824717,
                    'acc': 0.66819747416762343,
                    'fnr_diff': 0.19451898582864582,
                    'fpr_diff': 0.11462497265428988},
  'test_results': {'fnr_diff': 0.4639043246920288,
                   'fpr_diff': 0.31319733414104567,
                   'll': -1072.9278322473847,
                   'objective': 1088.4698654240462},
  'train_results': {'fnr_diff': 0.4461807799912646,
                    'fpr_diff': 0.31995541041283626,
                    'll': -2155.3220417196562,
                    'objective': 2172.1549143719349,
                    'w': array([[-0.04615119],
       [-0.41019513],
       [-0.12239582],
       [ 0.16943291],
       [ 0.12819998],
       [ 1.12786907]])},
  'weight': 20.0},
 {'gamma': 0.0,
  'test_measures': {'0_fnr': 0.35954658781294641,
                    '0_fpr': 0.37476295496388684,
                    '1_fnr': 0.29684794302954631,
                    '1_fpr': 0.3395542388226111,
                    'acc': 0.6624569460390356,
                    'fnr_diff': 0.062698644783400079,
                    'fpr_diff': 0.05579088715401067},
  'test_results': {'fnr_diff': 0.23344378182794653,
                   'fpr_diff': 0.084493904097963243,
                   'll': -1080.2772488540668,
                   'objective': 1092.9947562911034},
  'train_results': {'fnr_diff': 0.21638411457936274,
                    'fpr_diff': 0.091614821136586005,
                    'll': -2168.8218053042756,
                    'objective': 2181.1417627329129,
                    'w': array([[-0.04713467],
       [-0.42349174],
       [-0.35420943],
       [ 0.16837996],
       [ 0.12005641],
       [ 1.31366095]])},
  'weight': 40.0},
 {'gamma': 1.0,
  'test_measures': {'0_fnr': 0.33834639322520116,
                    '0_fpr': 0.39839544361675988,
                    '1_fnr': 0.32184689540754563,
                    '1_fpr': 0.31017265725745674,
                    'acc': 0.65993111366245694,
                    'fnr_diff': 0.030050071268854915,
                    'fpr_diff': 0.088222786359303099},
  'test_results': {'fnr_diff': 0.14014494804459904,
                   'fpr_diff': 0.03287110383914614,
                   'll': -1083.9088966332608,
                   'objective': 1094.2898597462856},
  'train_results': {'fnr_diff': 0.12264147449003944,
                    'fpr_diff': 2.2096603748134048e-10,
                    'll': -2177.1501368934942,
                    'objective': 2186.6630217144439,
                    'w': array([[-0.04609281],
       [-0.40484633],
       [-0.43929539],
       [ 0.16645022],
       [ 0.13255341],
       [ 1.31995464]])},
  'weight': 60.0},
 {'gamma': 1.0,
  'test_measures': {'0_fnr': 0.33763984678677794,
                    '0_fpr': 0.39792924315055939,
                    '1_fnr': 0.321470312681645,
                    '1_fpr': 0.31067414817640499,
                    'acc': 0.66016073478760051,
                    'fnr_diff': 0.029015578938687912,
                    'fpr_diff': 0.087255094974154415},
  'test_results': {'fnr_diff': 0.13704584442059076,
                   'fpr_diff': 0.033258669935754624,
                   'll': -1083.9870872968918,
                   'objective': 1097.6114484453997},
  'train_results': {'fnr_diff': 0.11932142057543431,
                    'fpr_diff': 6.0056186759749333e-11,
                    'll': -2177.3767298222592,
                    'objective': 2189.0826062059095,
                    'w': array([[-0.0462726 ],
       [-0.39301095],
       [-0.43869516],
       [ 0.16465217],
       [ 0.13659954],
       [ 1.32576534]])},
  'weight': 80.0},
 {'gamma': 1.0,
  'test_measures': {'0_fnr': 0.33406626445827425,
                    '0_fpr': 0.40417919102834654,
                    '1_fnr': 0.31872322308230072,
                    '1_fpr': 0.31149263638054558,
                    'acc': 0.65993111366245694,
                    'fnr_diff': 0.027025778715255178,
                    'fpr_diff': 0.092686554647800956},
  'test_results': {'fnr_diff': 0.13397407039390904,
                   'fpr_diff': 0.03364681437778759,
                   'll': -1084.0978865343957,
                   'objective': 1100.8599750115652},
  'train_results': {'fnr_diff': 0.11602764312066575,
                    'fpr_diff': 4.5778103530125236e-12,
                    'll': -2177.6667922942734,
                    'objective': 2191.4360536575164,
                    'w': array([[-0.04645346],
       [-0.38121126],
       [-0.43812436],
       [ 0.16287755],
       [ 0.14063317],
       [ 1.33159301]])},
  'weight': 100.0},
 {'gamma': 1.0,
  'test_measures': {'0_fnr': 0.33411385830629781,
                    '0_fpr': 0.40753651997391077,
                    '1_fnr': 0.31873682940166781,
                    '1_fpr': 0.31369986712784947,
                    'acc': 0.65855338691159582,
                    'fnr_diff': 0.027743526927672325,
                    'fpr_diff': 0.093836652846061297},
  'test_results': {'fnr_diff': 0.1309289077012834,
                   'fpr_diff': 0.03403557387716339,
                   'll': -1084.2407982366242,
                   'objective': 1104.0365360260378},
  'train_results': {'fnr_diff': 0.11275939698912971,
                    'fpr_diff': 3.3497757345735122e-11,
                    'll': -2178.0193587788162,
                    'objective': 2193.7238821263782,
                    'w': array([[-0.04663539],
       [-0.36944563],
       [-0.4375825 ],
       [ 0.16112584],
       [ 0.14465479],
       [ 1.33743806]])},
  'weight': 120.0},
 {'gamma': 1.0,
  'test_measures': {'0_fnr': 0.33414011755671552,
                    '0_fpr': 0.40992550353936491,
                    '1_fnr': 0.31837940171416979,
                    '1_fpr': 0.31539218377035333,
                    'acc': 0.65763490241102185,
                    'fnr_diff': 0.027445786836038211,
                    'fpr_diff': 0.094533319769011609},
  'test_results': {'fnr_diff': 0.12790964658485646,
                   'fpr_diff': 0.034424988764162417,
                   'll': -1084.4153485757538,
                   'objective': 1107.1421975246162},
  'train_results': {'fnr_diff': 0.10951594384479391,
                    'fpr_diff': 6.0253639924678917e-11,
                    'll': -2178.433506973724,
                    'objective': 2195.9465948071474,
                    'w': array([[-0.04681839],
       [-0.35771244],
       [-0.43706913],
       [ 0.15939649],
       [ 0.1486649 ],
       [ 1.34330099]])},
  'weight': 140.0},
 {'gamma': 1.0,
  'test_measures': {'0_fnr': 0.33481808365841043,
                    '0_fpr': 0.41186714566737859,
                    '1_fnr': 0.31805861743694269,
                    '1_fpr': 0.31741157048859103,
                    'acc': 0.65660160734787598,
                    'fnr_diff': 0.027077015847438868,
                    'fpr_diff': 0.094455575178787554},
  'test_results': {'fnr_diff': 0.12491560027310164,
                   'fpr_diff': 0.034815094481974861,
                   'll': -1084.6210845983937,
                   'objective': 1110.1779957592059},
  'train_results': {'fnr_diff': 0.10629657160557651,
                    'fpr_diff': 1.9933341782740753e-11,
                    'll': -2178.9083548394465,
                    'objective': 2198.1046804005882,
                    'w': array([[-0.04700249],
       [-0.34601011],
       [-0.4365838 ],
       [ 0.15768901],
       [ 0.15266396],
       [ 1.34918224]])},
  'weight': 160.0},
 {'gamma': 1.0,
  'test_measures': {'0_fnr': 0.33270291917326639,
                    '0_fpr': 0.41478917995225506,
                    '1_fnr': 0.31460997814731412,
                    '1_fpr': 0.32178369379750893,
                    'acc': 0.65625717566016073,
                    'fnr_diff': 0.029826251867971589,
                    'fpr_diff': 0.093005486154746145},
  'test_results': {'fnr_diff': 0.12194609085650721,
                   'fpr_diff': 0.035205928770708328,
                   'll': -1084.8575729598776,
                   'objective': 1113.1449364927767},
  'train_results': {'fnr_diff': 0.10310057903726336,
                    'fpr_diff': 4.1496333105794922e-11,
                    'll': -2179.4430608631933,
                    'objective': 2200.1986135059606,
                    'w': array([[-0.04718769],
       [-0.3343371 ],
       [-0.43612606],
       [ 0.15600288],
       [ 0.15665244],
       [ 1.35508226]])},
  'weight': 180.0},
 {'gamma': 1.0,
  'test_measures': {'0_fnr': 0.33058294517300568,
                    '0_fpr': 0.41432811606952547,
                    '1_fnr': 0.31428537983320221,
                    '1_fpr': 0.32181116798046772,
                    'acc': 0.65683122847301956,
                    'fnr_diff': 0.032963840376025642,
                    'fpr_diff': 0.092516948089057832},
  'test_results': {'fnr_diff': 0.11900046195921618,
                   'fpr_diff': 0.035597528797314822,
                   'll': -1085.1244010651158,
                   'objective': 1116.0439992164218},
  'train_results': {'fnr_diff': 0.099927283849234133,
                    'fpr_diff': 1.4257989441879282e-10,
                    'll': -2180.0368216245515,
                    'objective': 2202.2288548857136,
                    'w': array([[-0.047374  ],
       [-0.3226919 ],
       [-0.4356955 ],
       [ 0.15433763],
       [ 0.16063081],
       [ 1.36100158]])},
  'weight': 200.0},
 {'gamma': 1.0,
  'test_measures': {'0_fnr': 0.32781375275027386,
                    '0_fpr': 0.41865556400501075,
                    '1_fnr': 0.31466909921262459,
                    '1_fpr': 0.3247812936534577,
                    'acc': 0.65533869115958665,
                    'fnr_diff': 0.031964110665820854,
                    'fpr_diff': 0.093874270351552963},
  'test_results': {'fnr_diff': 0.11607807039570062,
                   'fpr_diff': 0.035989931167655351,
                   'll': -1085.421175166375,
                   'objective': 1118.8761355103131},
  'train_results': {'fnr_diff': 0.096776019108472694,
                    'fpr_diff': 4.1021897684290209e-11,
                    'll': -2180.6888711422844,
                    'objective': 2204.1958517052135,
                    'w': array([[-0.04756142],
       [-0.31107303],
       [-0.43529172],
       [ 0.15269278],
       [ 0.16459953],
       [ 1.36694067]])},
  'weight': 220.0},
 {'gamma': 1.0,
  'test_measures': {'0_fnr': 0.32989292381707158,
                    '0_fpr': 0.4176603284116388,
                    '1_fnr': 0.31291439752056044,
                    '1_fpr': 0.32808178849364644,
                    'acc': 0.65487944890929961,
                    'fnr_diff': 0.034487622730618027,
                    'fpr_diff': 0.089578539917992375},
  'test_results': {'fnr_diff': 0.11317828667683276,
                   'fpr_diff': 0.036383171792302979,
                   'll': -1085.7475203325039,
                   'objective': 1121.6422703650965},
  'train_results': {'fnr_diff': 0.093646131936532956,
                    'fpr_diff': 2.3806422007333073e-10,
                    'll': -2181.3984800193912,
                    'objective': 2206.1000381828417,
                    'w': array([[-0.04774998],
       [-0.29947906],
       [-0.43491433],
       [ 0.15106786],
       [ 0.16855904],
       [ 1.37290003]])},
  'weight': 240.0},
 {'gamma': 1.0,
  'test_measures': {'0_fnr': 0.33124885602046139,
                    '0_fpr': 0.42062091858830353,
                    '1_fnr': 0.31254855914096652,
                    '1_fpr': 0.32885961527192642,
                    'acc': 0.65384615384615385,
                    'fnr_diff': 0.035529133111157296,
                    'fpr_diff': 0.091761303316377177},
  'test_results': {'fnr_diff': 0.11030049467950316,
                   'fpr_diff': 0.036777286455765744,
                   'll': -1086.1030797798535,
                   'objective': 1124.3433028750235},
  'train_results': {'fnr_diff': 0.090536983508245392,
                    'fpr_diff': 1.5993439385353359e-10,
                    'll': -2182.1649540961466,
                    'objective': 2207.9418352602129,
                    'w': array([[-0.04793967],
       [-0.28790854],
       [-0.43456295],
       [ 0.14946244],
       [ 0.1725098 ],
       [ 1.37888018]])},
  'weight': 260.0},
 {'gamma': 1.0,
  'test_measures': {'0_fnr': 0.33053563380517298,
                    '0_fpr': 0.42588590403966065,
                    '1_fnr': 0.30973063650767324,
                    '1_fpr': 0.32914912127287815,
                    'acc': 0.6535017221584386,
                    'fnr_diff': 0.034852884599803235,
                    'fpr_diff': 0.096736782766782436},
  'test_results': {'fnr_diff': 0.10744409494078813,
                   'fpr_diff': 0.037172311912226405,
                   'll': -1086.4875140946413,
                   'objective': 1126.9801080134853},
  'train_results': {'fnr_diff': 0.087447951259104359,
                    'fpr_diff': 1.9935622007360986e-10,
                    'll': -2182.9876329417089,
                    'objective': 2209.7216516083718,
                    'w': array([[-0.04813052],
       [-0.27636012],
       [-0.43423722],
       [ 0.14787605],
       [ 0.17645225],
       [ 1.38488165]])},
  'weight': 280.0},
 {'gamma': 1.0,
  'test_measures': {'0_fnr': 0.3275944573345847,
                    '0_fpr': 0.42829486762509478,
                    '1_fnr': 0.30730116823749704,
                    '1_fpr': 0.33086781240118579,
                    'acc': 0.65373134328358207,
                    'fnr_diff': 0.037488486605524972,
                    'fpr_diff': 0.097427055223908932},
  'test_results': {'fnr_diff': 0.10460849670289489,
                   'fpr_diff': 0.037568283156706753,
                   'll': -1086.9005010259195,
                   'objective': 1129.5535349838001},
  'train_results': {'fnr_diff': 0.084378422618985802,
                    'fpr_diff': 8.4845093797913942e-11,
                    'll': -2183.8658903427254,
                    'objective': 2211.4398832785673,
                    'w': array([[-0.04832253],
       [-0.2648324 ],
       [-0.43393679],
       [ 0.14630829],
       [ 0.18038681],
       [ 1.39090495]])},
  'weight': 300.0},
 {'gamma': 1.0,
  'test_measures': {'0_fnr': 0.32483488394208615,
                    '0_fpr': 0.42878021027700697,
                    '1_fnr': 0.30624174577464547,
                    '1_fpr': 0.33044652753552217,
                    'acc': 0.65453501722158447,
                    'fnr_diff': 0.033632819929717797,
                    'fpr_diff': 0.098333682741484837},
  'test_results': {'fnr_diff': 0.10179312506269678,
                   'fpr_diff': 0.037965236095682905,
                   'll': -1087.3417356466775,
                   'objective': 1132.0644112173588},
  'train_results': {'fnr_diff': 0.08132780020795731,
                    'fpr_diff': 1.4985258450783688e-10,
                    'll': -2184.799131824595,
                    'objective': 2213.0969145159788,
                    'w': array([[-0.04851572],
       [-0.25332406],
       [-0.43366131],
       [ 0.14475872],
       [ 0.18431394],
       [ 1.39695063]])},
  'weight': 320.0},
 {'gamma': 1.0,
  'test_measures': {'0_fnr': 0.32202041875764137,
                    '0_fpr': 0.43258263867757163,
                    '1_fnr': 0.3042267935780657,
                    '1_fpr': 0.34009075330230715,
                    'acc': 0.65223880597014927,
                    'fnr_diff': 0.032881546790379634,
                    'fpr_diff': 0.092491885375264524},
  'test_results': {'fnr_diff': 0.098997415971788197,
                   'fpr_diff': 0.038363205681203577,
                   'll': -1087.8109283480112,
                   'objective': 1134.5135397100285},
  'train_results': {'fnr_diff': 0.078295498593588655,
                    'fpr_diff': 1.0042588913239392e-10,
                    'll': -2185.7867945074381,
                    'objective': 2214.693117413482,
                    'w': array([[-0.04871009],
       [-0.24183377],
       [-0.43341048],
       [ 0.14322695],
       [ 0.18823404],
       [ 1.40301924]])},
  'weight': 340.0},
 {'gamma': 1.0,
  'test_measures': {'0_fnr': 0.31919389831895745,
                    '0_fpr': 0.43699010463425142,
                    '1_fnr': 0.30315147067783205,
                    '1_fpr': 0.3417794584473709,
                    'acc': 0.65154994259471866,
                    'fnr_diff': 0.034755286406278271,
                    'fpr_diff': 0.095210646186880479},
  'test_results': {'fnr_diff': 0.096220816909280596,
                   'fpr_diff': 0.038762228264255072,
                   'll': -1088.3078058553979,
                   'objective': 1136.9017021178706},
  'train_results': {'fnr_diff': 0.075280943748990373,
                    'fpr_diff': 2.7276129133113611e-10,
                    'll': -2186.8283464727715,
                    'objective': 2216.2288528321928,
                    'w': array([[-0.04890567],
       [-0.23036024],
       [-0.43318397],
       [ 0.14171256],
       [ 0.19214755],
       [ 1.40911135]])},
  'weight': 360.0},
 {'gamma': 1.0,
  'test_measures': {'0_fnr': 0.32060234902318285,
                    '0_fpr': 0.43652390416805098,
                    '1_fnr': 0.30214925937105502,
                    '1_fpr': 0.34610547927215174,
                    'acc': 0.65063145809414469,
                    'fnr_diff': 0.034435572990659469,
                    'fpr_diff': 0.090418424895899199},
  'test_results': {'fnr_diff': 0.093462786397040143,
                   'fpr_diff': 0.03916233826770639,
                   'll': -1088.8321102446357,
                   'objective': 1139.2296576172396},
  'train_results': {'fnr_diff': 0.072283573140605198,
                    'fpr_diff': 1.6580008824207403e-10,
                    'll': -2187.9232855854507,
                    'objective': 2217.704469709452,
                    'w': array([[-0.04910246],
       [-0.2189022 ],
       [-0.43298149],
       [ 0.14021519],
       [ 0.19605488],
       [ 1.41522751]])},
  'weight': 380.0},
 {'gamma': 1.0,
  'test_measures': {'0_fnr': 0.31989071058945207,
                    '0_fpr': 0.43848552631604465,
                    '1_fnr': 0.3018079624427274,
                    '1_fpr': 0.34613898867734305,
                    'acc': 0.65040183696900111,
                    'fnr_diff': 0.034796065190438596,
                    'fpr_diff': 0.092346537638701584},
  'test_results': {'fnr_diff': 0.090722796117858689,
                   'fpr_diff': 0.039563571253726351,
                   'll': -1089.3835982517965,
                   'objective': 1141.4981452004304},
  'train_results': {'fnr_diff': 0.06930283715085328,
                    'fpr_diff': 1.1291403125002208e-10,
                    'll': -2189.0711384625802,
                    'objective': 2219.1203065579352,
                    'w': array([[-0.04930048],
       [-0.2074584 ],
       [-0.43280273],
       [ 0.13873443],
       [ 0.19995645],
       [ 1.42136829]])},
  'weight': 400.0}]
