{u'data_headers': u'age,sex,race,priors_count,c_charge_degree',
 u'data_set': u'compas-dataset',
 u'description': u'compas dataset with protected value race',
 u'file': u'compas-scores-two-years.csv',
 u'filters': [{u'header': u'c_charge_degree', u'values': [u'0']},
              {u'header': u'is_recid', u'values': [u'-1']},
              {u'header': u'score_text', u'values': [u'N/A']},
              {u'header': u'days_b_screening_arrest',
               u'range': {u'gt': 30, u'lt': -30, u'type': u'or'},
               u'values': [u'']}],
 u'fn': True,
 u'fp': False,
 u'gamma': {u'gt': 0, u'lt': 10},
 u'gamma_res': 21,
 u'headers_integer_values': [{u'Female': 1, u'Male': 0, u'header': u'sex'},
                             {u'African-American': 1,
                              u'Caucasian': 0,
                              u'header': u'race'},
                             {u'F': 1,
                              u'M': 0,
                              u'header': u'c_charge_degree'}],
 u'headers_operation': [],
 u'num_of_tries': 5,
 u'objective_weight': 1,
 u'protected': u'race',
 u'tag': u'is_recid',
 u'test_size': 0.5,
 u'weight': {u'gt': 0, u'lt': 400},
 u'weight_res': 21}

The result for absolute value relaxation:

[{'gamma': 4.5,
  'test_measures': {'0_fnr': 0.58046116212831833,
                    '0_fpr': 0.16804953529948433,
                    '1_fnr': 0.21106993392763776,
                    '1_fpr': 0.45264458668552698,
                    'acc': 0.67154225085259567,
                    'fnr_diff': 0.36939122820068065,
                    'fpr_diff': 0.28459505138604263,
                    'objective': 1.0409334790532765},
  'test_results': {'fnr_diff': 0.76732548817650614,
                   'fpr_diff': 0.61372012900860518,
                   'll': -1623.5785198543788,
                   'objective': 1623.5785198543788},
  'train_results': {'fnr_diff': 0.72094487726145595,
                    'fpr_diff': 0.6007981667874096,
                    'll': -1601.1840636332365,
                    'objective': 1605.3055759559761,
                    'w': array([[-0.04372616],
       [-0.36296397],
       [ 0.1764162 ],
       [ 0.17190902],
       [ 0.1409512 ],
       [ 0.83220191]])},
  'weight': 0.0},
 {'gamma': 3.5,
  'test_measures': {'0_fnr': 0.51983692119157998,
                    '0_fpr': 0.2210903635392561,
                    '1_fnr': 0.23114506428981318,
                    '1_fpr': 0.41998150300431664,
                    'acc': 0.67146646456991288,
                    'fnr_diff': 0.28869185690176685,
                    'fpr_diff': 0.19889113946506051,
                    'objective': 0.96015832147167968},
  'test_results': {'fnr_diff': 0.6199225568028004,
                   'fpr_diff': 0.4700756236844793,
                   'll': -1622.5770542715995,
                   'objective': 1634.9755054076556},
  'train_results': {'fnr_diff': 0.57414214316283985,
                    'fpr_diff': 0.45770254009898287,
                    'll': -1602.0162425094527,
                    'objective': 1617.2719569934739,
                    'w': array([[-0.04406361],
       [-0.36372413],
       [ 0.0347127 ],
       [ 0.16882833],
       [ 0.13957601],
       [ 0.94060886]])},
  'weight': 20.0},
 {'gamma': 3.0,
  'test_measures': {'0_fnr': 0.45951426223520214,
                    '0_fpr': 0.27208098602248343,
                    '1_fnr': 0.25879396678412464,
                    '1_fpr': 0.38677013532926052,
                    'acc': 0.66942023493747627,
                    'fnr_diff': 0.20072029545107747,
                    'fpr_diff': 0.11468914930677707,
                    'objective': 0.87014053038855388},
  'test_results': {'fnr_diff': 0.47367976931153732,
                   'fpr_diff': 0.32711391730044981,
                   'll': -1624.4271560583768,
                   'objective': 1643.374346830838},
  'train_results': {'fnr_diff': 0.42832456051107837,
                    'fpr_diff': 0.315293330020537,
                    'll': -1605.7479087769741,
                    'objective': 1626.712269788879,
                    'w': array([[-0.04422232],
       [-0.35990431],
       [-0.10606346],
       [ 0.16620663],
       [ 0.14069815],
       [ 1.03759794]])},
  'weight': 40.0},
 {'gamma': 2.5,
  'test_measures': {'0_fnr': 0.39971566302895961,
                    '0_fpr': 0.32287237788460688,
                    '1_fnr': 0.28751554757794856,
                    '1_fpr': 0.34978395390172873,
                    'acc': 0.66790450928381961,
                    'fnr_diff': 0.11220011545101105,
                    'fpr_diff': 0.063633674340786345,
                    'objective': 0.78010462473483078},
  'test_results': {'fnr_diff': 0.32642918829342893,
                   'fpr_diff': 0.18279415139159497,
                   'll': -1629.2353474029328,
                   'objective': 1648.8210987005386},
  'train_results': {'fnr_diff': 0.2813691458722305,
                    'fpr_diff': 0.17150754746803626,
                    'll': -1612.3336087640805,
                    'objective': 1633.106898227855,
                    'w': array([[-0.04459704],
       [-0.35735104],
       [-0.24984363],
       [ 0.16408532],
       [ 0.14138605],
       [ 1.14293481]])},
  'weight': 60.0},
 {'gamma': 1.5,
  'test_measures': {'0_fnr': 0.35334123622481223,
                    '0_fpr': 0.38420594560523202,
                    '1_fnr': 0.32009515160258489,
                    '1_fpr': 0.311967467048751,
                    'acc': 0.66070481242895041,
                    'fnr_diff': 0.050907006481890629,
                    'fpr_diff': 0.072238478556481023,
                    'objective': 0.71161181891084113},
  'test_results': {'fnr_diff': 0.17222319968747687,
                   'fpr_diff': 0.077778543339416722,
                   'll': -1637.5483713799542,
                   'objective': 1651.3262273549522},
  'train_results': {'fnr_diff': 0.12731036273700436,
                    'fpr_diff': 0.043055074965363323,
                    'll': -1622.1685373669709,
                    'objective': 1635.3950219891353,
                    'w': array([[-0.04591037],
       [-0.36401887],
       [-0.40616423],
       [ 0.16279047],
       [ 0.13622569],
       [ 1.29282669]])},
  'weight': 80.0},
 {'gamma': 2.0,
  'test_measures': {'0_fnr': 0.31507010597077134,
                    '0_fpr': 0.41787692880262306,
                    '1_fnr': 0.34351056269067753,
                    '1_fpr': 0.28074207684559732,
                    'acc': 0.66009852216748777,
                    'fnr_diff': 0.028440456719906172,
                    'fpr_diff': 0.13713485195702568,
                    'objective': 0.6885389788873939},
  'test_results': {'fnr_diff': 0.06581469331339343,
                   'fpr_diff': 0.073440157208878087,
                   'll': -1644.1618852606491,
                   'objective': 1650.743354591988},
  'train_results': {'fnr_diff': 0.020949193572189762,
                    'fpr_diff': 0.083812388828583606,
                    'll': -1631.4453604568521,
                    'objective': 1637.916587621266,
                    'w': array([[-0.04524413],
       [-0.35042006],
       [-0.50631344],
       [ 0.16117016],
       [ 0.14649344],
       [ 1.323598  ]])},
  'weight': 100.0},
 {'gamma': 4.0,
  'test_measures': {'0_fnr': 0.31635222575354149,
                    '0_fpr': 0.41404176291199501,
                    '1_fnr': 0.37100601435100439,
                    '1_fpr': 0.2595437672275584,
                    'acc': 0.6575217885562713,
                    'fnr_diff': 0.054653788597462852,
                    'fpr_diff': 0.15449799568443662,
                    'objective': 0.71217557715373414},
  'test_results': {'fnr_diff': 0.051179144566911625,
                   'fpr_diff': 0.094082560913928151,
                   'll': -1645.5285392292958,
                   'objective': 1651.6700365773254},
  'train_results': {'fnr_diff': 1.4266593618278424e-10,
                    'fpr_diff': 0.10422581389767886,
                    'll': -1634.473994359585,
                    'objective': 1642.1003514391766,
                    'w': array([[-0.04259921],
       [-0.31989876],
       [-0.51280961],
       [ 0.15935816],
       [ 0.1673098 ],
       [ 1.21661292]])},
  'weight': 120.0},
 {'gamma': 4.0,
  'test_measures': {'0_fnr': 0.31635222575354149,
                    '0_fpr': 0.41404176291199501,
                    '1_fnr': 0.37100601435100439,
                    '1_fpr': 0.2595437672275584,
                    'acc': 0.6575217885562713,
                    'fnr_diff': 0.054653788597462852,
                    'fpr_diff': 0.15449799568443662,
                    'objective': 0.71217557715373414},
  'test_results': {'fnr_diff': 0.051179144506689443,
                   'fpr_diff': 0.09408256105136921,
                   'll': -1645.5285390917791,
                   'objective': 1652.6936193227152},
  'train_results': {'fnr_diff': 6.5306183724689321e-11,
                    'fpr_diff': 0.10422581416470918,
                    'll': -1634.4739943550314,
                    'objective': 1642.1003514368181,
                    'w': array([[-0.04259921],
       [-0.31989875],
       [-0.51280961],
       [ 0.15935816],
       [ 0.1673098 ],
       [ 1.21661293]])},
  'weight': 140.0},
 {'gamma': 4.0,
  'test_measures': {'0_fnr': 0.31635222575354149,
                    '0_fpr': 0.41404176291199501,
                    '1_fnr': 0.37100601435100439,
                    '1_fpr': 0.2595437672275584,
                    'acc': 0.6575217885562713,
                    'fnr_diff': 0.054653788597462852,
                    'fpr_diff': 0.15449799568443662,
                    'objective': 0.71217557715373414},
  'test_results': {'fnr_diff': 0.051179144724907123,
                   'fpr_diff': 0.094082561272068113,
                   'll': -1645.5285391817463,
                   'objective': 1653.7172023377316},
  'train_results': {'fnr_diff': 1.9553026472246549e-10,
                    'fpr_diff': 0.10422581409912297,
                    'll': -1634.4739943750476,
                    'objective': 1642.1003514780764,
                    'w': array([[-0.04259921],
       [-0.31989875],
       [-0.51280961],
       [ 0.15935816],
       [ 0.16730981],
       [ 1.21661293]])},
  'weight': 160.0},
 {'gamma': 4.0,
  'test_measures': {'0_fnr': 0.31635222575354149,
                    '0_fpr': 0.41404176291199501,
                    '1_fnr': 0.37100601435100439,
                    '1_fpr': 0.2595437672275584,
                    'acc': 0.6575217885562713,
                    'fnr_diff': 0.054653788597462852,
                    'fpr_diff': 0.15449799568443662,
                    'objective': 0.71217557715373414},
  'test_results': {'fnr_diff': 0.051179144753893312,
                   'fpr_diff': 0.094082560950570465,
                   'll': -1645.5285393278623,
                   'objective': 1654.7407853835634},
  'train_results': {'fnr_diff': 6.5996123323197595e-11,
                    'fpr_diff': 0.10422581323112882,
                    'll': -1634.4739943297441,
                    'objective': 1642.1003514469667,
                    'w': array([[-0.04259921],
       [-0.31989875],
       [-0.51280961],
       [ 0.15935816],
       [ 0.16730981],
       [ 1.21661293]])},
  'weight': 180.0},
 {'gamma': 4.0,
  'test_measures': {'0_fnr': 0.31635222575354149,
                    '0_fpr': 0.41404176291199501,
                    '1_fnr': 0.37100601435100439,
                    '1_fpr': 0.2595437672275584,
                    'acc': 0.6575217885562713,
                    'fnr_diff': 0.054653788597462852,
                    'fpr_diff': 0.15449799568443662,
                    'objective': 0.71217557715373414},
  'test_results': {'fnr_diff': 0.051179144639848961,
                   'fpr_diff': 0.094082560965308357,
                   'll': -1645.5285389921701,
                   'objective': 1655.7643679201399},
  'train_results': {'fnr_diff': 1.2731300961382752e-10,
                    'fpr_diff': 0.10422581415762103,
                    'll': -1634.4739942787883,
                    'objective': 1642.1003514687643,
                    'w': array([[-0.04259921],
       [-0.31989876],
       [-0.51280961],
       [ 0.15935816],
       [ 0.1673098 ],
       [ 1.21661293]])},
  'weight': 200.0},
 {'gamma': 4.5,
  'test_measures': {'0_fnr': 0.31680065624681497,
                    '0_fpr': 0.41371172990869465,
                    '1_fnr': 0.38073456416701418,
                    '1_fpr': 0.25211138998356464,
                    'acc': 0.65630920803334591,
                    'fnr_diff': 0.063933907920199179,
                    'fpr_diff': 0.16160033992512995,
                    'objective': 0.72024311595354507},
  'test_results': {'fnr_diff': 0.050987178184420189,
                   'fpr_diff': 0.094092887411395543,
                   'll': -1645.5696755647434,
                   'objective': 1656.7868547653161},
  'train_results': {'fnr_diff': 1.0737329966120646e-10,
                    'fpr_diff': 0.10419496696526001,
                    'll': -1634.7699893281317,
                    'objective': 1643.0360239187787,
                    'w': array([[-0.04200954],
       [-0.31330717],
       [-0.50966727],
       [ 0.15900157],
       [ 0.17137699],
       [ 1.19029439]])},
  'weight': 220.0},
 {'gamma': 4.5,
  'test_measures': {'0_fnr': 0.31680065624681497,
                    '0_fpr': 0.41371172990869465,
                    '1_fnr': 0.38073456416701418,
                    '1_fpr': 0.25211138998356464,
                    'acc': 0.65630920803334591,
                    'fnr_diff': 0.063933907920199179,
                    'fpr_diff': 0.16160033992512995,
                    'objective': 0.72024311595354507},
  'test_results': {'fnr_diff': 0.050987177584280098,
                   'fpr_diff': 0.094092887367568226,
                   'll': -1645.5696749606432,
                   'objective': 1657.8065975808702},
  'train_results': {'fnr_diff': 1.4965572218972323e-10,
                    'fpr_diff': 0.10419496716075308,
                    'll': -1634.7699892292133,
                    'objective': 1643.0360239344457,
                    'w': array([[-0.04200954],
       [-0.31330717],
       [-0.50966727],
       [ 0.15900157],
       [ 0.17137699],
       [ 1.1902944 ]])},
  'weight': 240.0},
 {'gamma': 4.5,
  'test_measures': {'0_fnr': 0.31680065624681497,
                    '0_fpr': 0.41371172990869465,
                    '1_fnr': 0.38073456416701418,
                    '1_fpr': 0.25211138998356464,
                    'acc': 0.65630920803334591,
                    'fnr_diff': 0.063933907920199179,
                    'fpr_diff': 0.16160033992512995,
                    'objective': 0.72024311595354507},
  'test_results': {'fnr_diff': 0.05098717750765621,
                   'fpr_diff': 0.094092886244705701,
                   'll': -1645.5696751270891,
                   'objective': 1658.8263412790798},
  'train_results': {'fnr_diff': 3.7509719635897552e-11,
                    'fpr_diff': 0.10419496574582984,
                    'll': -1634.7699893636932,
                    'objective': 1643.0360238952362,
                    'w': array([[-0.04200954],
       [-0.31330717],
       [-0.50966727],
       [ 0.15900157],
       [ 0.17137699],
       [ 1.19029439]])},
  'weight': 260.0},
 {'gamma': 4.5,
  'test_measures': {'0_fnr': 0.31680065624681497,
                    '0_fpr': 0.41371172990869465,
                    '1_fnr': 0.38073456416701418,
                    '1_fpr': 0.25211138998356464,
                    'acc': 0.65630920803334591,
                    'fnr_diff': 0.063933907920199179,
                    'fpr_diff': 0.16160033992512995,
                    'objective': 0.72024311595354507},
  'test_results': {'fnr_diff': 0.05098717749847239,
                   'fpr_diff': 0.094092886230097789,
                   'll': -1645.5696752013821,
                   'objective': 1659.8460849009541},
  'train_results': {'fnr_diff': 4.4079156123755237e-11,
                    'fpr_diff': 0.10419496596043712,
                    'll': -1634.7699893266822,
                    'objective': 1643.0360239002778,
                    'w': array([[-0.04200954],
       [-0.31330717],
       [-0.50966727],
       [ 0.15900157],
       [ 0.17137699],
       [ 1.19029439]])},
  'weight': 280.0},
 {'gamma': 4.5,
  'test_measures': {'0_fnr': 0.31680065624681497,
                    '0_fpr': 0.41371172990869465,
                    '1_fnr': 0.38073456416701418,
                    '1_fpr': 0.25211138998356464,
                    'acc': 0.65630920803334591,
                    'fnr_diff': 0.063933907920199179,
                    'fpr_diff': 0.16160033992512995,
                    'objective': 0.72024311595354507},
  'test_results': {'fnr_diff': 0.050987177602555458,
                   'fpr_diff': 0.094092886733328968,
                   'll': -1645.5696750987063,
                   'objective': 1660.8658283794728},
  'train_results': {'fnr_diff': 1.4293758416467072e-10,
                    'fpr_diff': 0.10419496601821394,
                    'll': -1634.7699892802443,
                    'objective': 1643.0360239425718,
                    'w': array([[-0.04200954],
       [-0.31330717],
       [-0.50966727],
       [ 0.15900157],
       [ 0.17137699],
       [ 1.1902944 ]])},
  'weight': 300.0},
 {'gamma': 4.5,
  'test_measures': {'0_fnr': 0.31680065624681497,
                    '0_fpr': 0.41371172990869465,
                    '1_fnr': 0.38073456416701418,
                    '1_fpr': 0.25211138998356464,
                    'acc': 0.65630920803334591,
                    'fnr_diff': 0.063933907920199179,
                    'fpr_diff': 0.16160033992512995,
                    'objective': 0.72024311595354507},
  'test_results': {'fnr_diff': 0.050987177389563598,
                   'fpr_diff': 0.094092886264965619,
                   'll': -1645.5696750718514,
                   'objective': 1661.8855718365116},
  'train_results': {'fnr_diff': 9.5958548225472115e-11,
                    'fpr_diff': 0.10419496560027416,
                    'll': -1634.7699892155026,
                    'objective': 1643.036023924308,
                    'w': array([[-0.04200954],
       [-0.31330717],
       [-0.50966727],
       [ 0.15900157],
       [ 0.17137699],
       [ 1.1902944 ]])},
  'weight': 320.0},
 {'gamma': 4.5,
  'test_measures': {'0_fnr': 0.31680065624681497,
                    '0_fpr': 0.41371172990869465,
                    '1_fnr': 0.38073456416701418,
                    '1_fpr': 0.25211138998356464,
                    'acc': 0.65630920803334591,
                    'fnr_diff': 0.063933907920199179,
                    'fpr_diff': 0.16160033992512995,
                    'objective': 0.72024311595354507},
  'test_results': {'fnr_diff': 0.050987177503378944,
                   'fpr_diff': 0.09409288666203923,
                   'll': -1645.569675243883,
                   'objective': 1662.9053155950321},
  'train_results': {'fnr_diff': 1.1749921174919464e-10,
                    'fpr_diff': 0.10419496635408639,
                    'll': -1634.7699893786253,
                    'objective': 1643.036023936414,
                    'w': array([[-0.04200954],
       [-0.31330717],
       [-0.50966727],
       [ 0.15900157],
       [ 0.17137699],
       [ 1.19029439]])},
  'weight': 340.0},
 {'gamma': 4.5,
  'test_measures': {'0_fnr': 0.31680065624681497,
                    '0_fpr': 0.41371172990869465,
                    '1_fnr': 0.38073456416701418,
                    '1_fpr': 0.25211138998356464,
                    'acc': 0.65630920803334591,
                    'fnr_diff': 0.063933907920199179,
                    'fpr_diff': 0.16160033992512995,
                    'objective': 0.72024311595354507},
  'test_results': {'fnr_diff': 0.050987177636819245,
                   'fpr_diff': 0.094092886869559231,
                   'll': -1645.5696751650532,
                   'objective': 1663.9250591143082},
  'train_results': {'fnr_diff': 1.315470723670109e-10,
                    'fpr_diff': 0.10419496633415067,
                    'll': -1634.7699892467799,
                    'objective': 1643.0360239442041,
                    'w': array([[-0.04200954],
       [-0.31330717],
       [-0.50966727],
       [ 0.15900157],
       [ 0.17137699],
       [ 1.1902944 ]])},
  'weight': 360.0},
 {'gamma': 5.0,
  'test_measures': {'0_fnr': 0.31816326659087674,
                    '0_fpr': 0.41273133775183191,
                    '1_fnr': 0.38120239562738112,
                    '1_fpr': 0.25100345094668097,
                    'acc': 0.6564607805987116,
                    'fnr_diff': 0.06303912903650441,
                    'fpr_diff': 0.16172788680515099,
                    'objective': 0.71949990963521593},
  'test_results': {'fnr_diff': 0.050804740442421469,
                   'fpr_diff': 0.09410458002079311,
                   'll': -1645.6367811499288,
                   'objective': 1664.942582518049},
  'train_results': {'fnr_diff': 8.0700962752644495e-11,
                    'fpr_diff': 0.10416715890131605,
                    'll': -1635.0792201495074,
                    'objective': 1643.9380066004894,
                    'w': array([[-0.04144557],
       [-0.30699672],
       [-0.50665236],
       [ 0.15866001],
       [ 0.17515924],
       [ 1.16518097]])},
  'weight': 380.0},
 {'gamma': 5.0,
  'test_measures': {'0_fnr': 0.31816326659087674,
                    '0_fpr': 0.41273133775183191,
                    '1_fnr': 0.38120239562738112,
                    '1_fpr': 0.25100345094668097,
                    'acc': 0.6564607805987116,
                    'fnr_diff': 0.06303912903650441,
                    'fpr_diff': 0.16172788680515099,
                    'objective': 0.71949990963521593},
  'test_results': {'fnr_diff': 0.050804740272895096,
                   'fpr_diff': 0.094104580672657812,
                   'll': -1645.6367811568718,
                   'objective': 1665.9586772660296},
  'train_results': {'fnr_diff': 1.0559755084238454e-10,
                    'fpr_diff': 0.10416715931968294,
                    'll': -1635.0792202891168,
                    'objective': 1643.9380066205019,
                    'w': array([[-0.04144557],
       [-0.30699672],
       [-0.50665236],
       [ 0.15866001],
       [ 0.17515924],
       [ 1.16518096]])},
  'weight': 400.0}]

--------------Best Values for Objective absolute value relaxation---------------

{'gamma': 2.0,
 'test_measures': {'0_fnr': 0.31507010597077134,
                   '0_fpr': 0.41787692880262306,
                   '1_fnr': 0.34351056269067753,
                   '1_fpr': 0.28074207684559732,
                   'acc': 0.66009852216748777,
                   'fnr_diff': 0.028440456719906172,
                   'fpr_diff': 0.13713485195702568,
                   'objective': 0.6885389788873939},
 'test_results': {'fnr_diff': 0.06581469331339343,
                  'fpr_diff': 0.073440157208878087,
                  'll': -1644.1618852606491,
                  'objective': 1650.743354591988},
 'train_results': {'fnr_diff': 0.020949193572189762,
                   'fpr_diff': 0.083812388828583606,
                   'll': -1631.4453604568521,
                   'objective': 1637.916587621266,
                   'w': array([[-0.04524413],
       [-0.35042006],
       [-0.50631344],
       [ 0.16117016],
       [ 0.14649344],
       [ 1.323598  ]])},
 'weight': 100.0}



The result for squared relaxation:

[{'gamma': 4.5,
  'test_measures': {'0_fnr': 0.58046116212831833,
                    '0_fpr': 0.16804953529948433,
                    '1_fnr': 0.21106993392763776,
                    '1_fpr': 0.45264458668552698,
                    'acc': 0.67154225085259567,
                    'fnr_diff': 0.36939122820068065,
                    'fpr_diff': 0.28459505138604263,
                    'objective': 1.0409334790532765},
  'test_results': {'fnr_diff': 0.59468924378859467,
                   'fpr_diff': 0.38372625043206382,
                   'll': -1623.5785198543788,
                   'objective': 1623.5785198543788},
  'train_results': {'fnr_diff': 0.52472370872889396,
                    'fpr_diff': 0.36341992996756256,
                    'll': -1601.1840636332365,
                    'objective': 1605.3055759559761,
                    'w': array([[-0.04372616],
       [-0.36296397],
       [ 0.1764162 ],
       [ 0.17190902],
       [ 0.1409512 ],
       [ 0.83220191]])},
  'weight': 0.0},
 {'gamma': 3.5,
  'test_measures': {'0_fnr': 0.51347728179649577,
                    '0_fpr': 0.22305330668975792,
                    '1_fnr': 0.23324197125133289,
                    '1_fpr': 0.41778311580713012,
                    'acc': 0.67199696854869262,
                    'fnr_diff': 0.28023531054516293,
                    'fpr_diff': 0.19472980911737209,
                    'objective': 0.95223227909385566},
  'test_results': {'fnr_diff': 0.36809970530398134,
                   'fpr_diff': 0.21093591457432487,
                   'll': -1622.3705974025231,
                   'objective': 1629.7325915086028},
  'train_results': {'fnr_diff': 0.31394093096081715,
                    'fpr_diff': 0.19656497991515923,
                    'll': -1602.3438518035687,
                    'objective': 1612.4345503076208,
                    'w': array([[-0.04401075],
       [-0.36251817],
       [ 0.01919804],
       [ 0.16845632],
       [ 0.14037581],
       [ 0.94836101]])},
  'weight': 20.0},
 {'gamma': 3.0,
  'test_measures': {'0_fnr': 0.47157930006290982,
                    '0_fpr': 0.25985018362198414,
                    '1_fnr': 0.25405135754399027,
                    '1_fpr': 0.38824777454004178,
                    'acc': 0.67146646456991288,
                    'fnr_diff': 0.21752794251891952,
                    'fpr_diff': 0.12839759091805764,
                    'objective': 0.88899440708883248},
  'test_results': {'fnr_diff': 0.25280481425680623,
                   'fpr_diff': 0.12806123346406365,
                   'll': -1623.4811848793652,
                   'objective': 1633.5933774496375},
  'train_results': {'fnr_diff': 0.20831432432940938,
                    'fpr_diff': 0.11720429214808759,
                    'll': -1604.9132245739531,
                    'objective': 1616.9695290620839,
                    'w': array([[-0.04425701],
       [-0.36171909],
       [-0.08128695],
       [ 0.16663005],
       [ 0.14025864],
       [ 1.02326642]])},
  'weight': 40.0},
 {'gamma': 3.0,
  'test_measures': {'0_fnr': 0.4427935621568822,
                    '0_fpr': 0.2828306652501934,
                    '1_fnr': 0.26949723381584995,
                    '1_fpr': 0.37028647110452401,
                    'acc': 0.67070860174308455,
                    'fnr_diff': 0.17329632834103226,
                    'fpr_diff': 0.08745580585433059,
                    'objective': 0.8440049300841167},
  'test_results': {'fnr_diff': 0.18748110845767912,
                   'fpr_diff': 0.083886765416522596,
                   'll': -1625.0101844616006,
                   'objective': 1636.2590509690613},
  'train_results': {'fnr_diff': 0.14936911013434873,
                    'fpr_diff': 0.075348897833981909,
                    'll': -1607.5480417523427,
                    'objective': 1620.4970951968146,
                    'w': array([[-0.04413314],
       [-0.35702345],
       [-0.14765203],
       [ 0.16539379],
       [ 0.14273675],
       [ 1.05978521]])},
  'weight': 60.0},
 {'gamma': 3.0,
  'test_measures': {'0_fnr': 0.41900453394137466,
                    '0_fpr': 0.29603835590243582,
                    '1_fnr': 0.27757779292508344,
                    '1_fpr': 0.35982656468134044,
                    'acc': 0.67176960970064425,
                    'fnr_diff': 0.14142674101629121,
                    'fpr_diff': 0.06378820877890462,
                    'objective': 0.81319635071693541},
  'test_results': {'fnr_diff': 0.14587831008774593,
                   'fpr_diff': 0.057492562699831516,
                   'll': -1626.5529392977624,
                   'objective': 1638.2232041047821},
  'train_results': {'fnr_diff': 0.11239701340816813,
                    'fpr_diff': 0.050594422353276901,
                    'll': -1609.8915707701599,
                    'objective': 1623.0883853209741,
                    'w': array([[-0.04405706],
       [-0.35368905],
       [-0.19644945],
       [ 0.16454446],
       [ 0.14461128],
       [ 1.08694366]])},
  'weight': 80.0},
 {'gamma': 3.0,
  'test_measures': {'0_fnr': 0.40462530109307127,
                    '0_fpr': 0.31150775023138755,
                    '1_fnr': 0.28624617865367097,
                    '1_fpr': 0.35151109595594404,
                    'acc': 0.66987495263357333,
                    'fnr_diff': 0.11837912243940027,
                    'fpr_diff': 0.043525729931195314,
                    'objective': 0.78825407507297363},
  'test_results': {'fnr_diff': 0.11762151896969106,
                   'fpr_diff': 0.040714701270330722,
                   'll': -1627.9749686138534,
                   'objective': 1639.7371205108223},
  'train_results': {'fnr_diff': 0.087660975499863417,
                    'fpr_diff': 0.035038856537019616,
                    'll': -1611.9208696582355,
                    'objective': 1625.0735602033717,
                    'w': array([[-0.04400722],
       [-0.35119835],
       [-0.23387589],
       [ 0.16392659],
       [ 0.14607983],
       [ 1.10794915]])},
  'weight': 100.0},
 {'gamma': 3.0,
  'test_measures': {'0_fnr': 0.39694974092328794,
                    '0_fpr': 0.32053514414160672,
                    '1_fnr': 0.29648036888379614,
                    '1_fpr': 0.33560877345020901,
                    'acc': 0.6700265251989389,
                    'fnr_diff': 0.1004693720394918,
                    'fpr_diff': 0.023606136545313804,
                    'objective': 0.77049589723843082},
  'test_results': {'fnr_diff': 0.097480687080170672,
                   'fpr_diff': 0.029552269738502206,
                   'll': -1629.2470452515931,
                   'objective': 1640.9447277012139},
  'train_results': {'fnr_diff': 0.070289998389541947,
                    'fpr_diff': 0.02482337954758309,
                    'll': -1613.6695499781349,
                    'objective': 1626.6434634334041,
                    'w': array([[-0.04397297],
       [-0.34926699],
       [-0.26350624],
       [ 0.16345774],
       [ 0.1472618 ],
       [ 1.12468699]])},
  'weight': 120.0},
 {'gamma': 3.0,
  'test_measures': {'0_fnr': 0.38840955317088632,
                    '0_fpr': 0.33576279858167413,
                    '1_fnr': 0.30060399349204536,
                    '1_fpr': 0.3314997087857266,
                    'acc': 0.66760136415308835,
                    'fnr_diff': 0.087805559678840975,
                    'fpr_diff': 0.016863326529688673,
                    'objective': 0.7554069238319292},
  'test_results': {'fnr_diff': 0.08257430946906627,
                   'fpr_diff': 0.02186395382550162,
                   'll': -1630.3740742947164,
                   'objective': 1641.9344776203857},
  'train_results': {'fnr_diff': 0.057620930682547714,
                    'fpr_diff': 0.017890622283124966,
                    'll': -1615.1807083747399,
                    'objective': 1627.9162700172103,
                    'w': array([[-0.04394852],
       [-0.34772556],
       [-0.28755374],
       [ 0.16309027],
       [ 0.14823381],
       [ 1.13834114]])},
  'weight': 140.0},
 {'gamma': 3.0,
  'test_measures': {'0_fnr': 0.38345698362312303,
                    '0_fpr': 0.34481392041212333,
                    '1_fnr': 0.30269530710050241,
                    '1_fpr': 0.3295172314771414,
                    'acc': 0.66616142478211438,
                    'fnr_diff': 0.080761676522620673,
                    'fpr_diff': 0.018509821544776962,
                    'objective': 0.74692310130473505},
  'test_results': {'fnr_diff': 0.071203740488391912,
                   'fpr_diff': 0.016424327869880097,
                   'll': -1631.3711418717414,
                   'objective': 1642.7637403498841},
  'train_results': {'fnr_diff': 0.048095918249102809,
                    'fpr_diff': 0.013068021712740404,
                    'll': -1616.4940207574284,
                    'objective': 1628.9691317573015,
                    'w': array([[-0.04393054],
       [-0.34646682],
       [-0.30746384],
       [ 0.16279477],
       [ 0.14904731],
       [ 1.14969348]])},
  'weight': 160.0},
 {'gamma': 3.0,
  'test_measures': {'0_fnr': 0.37670079176385485,
                    '0_fpr': 0.34961801965401607,
                    '1_fnr': 0.30749842747039463,
                    '1_fpr': 0.32475571007239445,
                    'acc': 0.66585827965138311,
                    'fnr_diff': 0.069202364293460175,
                    'fpr_diff': 0.024862309581621601,
                    'objective': 0.73506064394484338},
  'test_results': {'fnr_diff': 0.062312517056397912,
                   'fpr_diff': 0.012493973704245683,
                   'll': -1632.255110671314,
                   'objective': 1643.4713637414657},
  'train_results': {'fnr_diff': 0.040753476077801935,
                    'fpr_diff': 0.0096511452950623876,
                    'll': -1617.6429121695951,
                    'objective': 1629.8545825000833,
                    'w': array([[-0.04391699],
       [-0.34541957],
       [-0.32422154],
       [ 0.16255215],
       [ 0.1497382 ],
       [ 1.15928163]])},
  'weight': 180.0},
 {'gamma': 3.0,
  'test_measures': {'0_fnr': 0.37173833039663562,
                    '0_fpr': 0.35831214658708344,
                    '1_fnr': 0.30845651130272994,
                    '1_fpr': 0.32309115294261603,
                    'acc': 0.66479727169382341,
                    'fnr_diff': 0.063281819093905664,
                    'fpr_diff': 0.035220993644467423,
                    'objective': 0.72807909078772914},
  'test_results': {'fnr_diff': 0.055214296784672913,
                   'fpr_diff': 0.0096071386088507089,
                   'll': -1633.0417260441734,
                   'objective': 1644.0845854011081},
  'train_results': {'fnr_diff': 0.034973742295404425,
                    'fpr_diff': 0.0071983445088113721,
                    'll': -1618.6547019369209,
                    'objective': 1630.6096431513859,
                    'w': array([[-0.04390657],
       [-0.34453466],
       [-0.33852174],
       [ 0.16234949],
       [ 0.15033228],
       [ 1.16748771]])},
  'weight': 200.0},
 {'gamma': 3.0,
  'test_measures': {'0_fnr': 0.36634972891361317,
                    '0_fpr': 0.36472179247284975,
                    '1_fnr': 0.3121415395764145,
                    '1_fpr': 0.31882680249251605,
                    'acc': 0.66411519514967787,
                    'fnr_diff': 0.054208189337198641,
                    'fpr_diff': 0.0458949899803337,
                    'objective': 0.71832338448687649},
  'test_results': {'fnr_diff': 0.049446888395038018,
                   'fpr_diff': 0.0074598908947389932,
                   'll': -1633.7447615246297,
                   'objective': 1644.623076971538},
  'train_results': {'fnr_diff': 0.030342476184619337,
                    'fpr_diff': 0.0054228253302540611,
                    'll': -1619.5514933025388,
                    'objective': 1631.2611595528938,
                    'w': array([[-0.04389841],
       [-0.34377707],
       [-0.35086869],
       [ 0.16217772],
       [ 0.15084856],
       [ 1.1745907 ]])},
  'weight': 220.0},
 {'gamma': 3.0,
  'test_measures': {'0_fnr': 0.3645355590237373,
                    '0_fpr': 0.36888186701533365,
                    '1_fnr': 0.31804223102491935,
                    '1_fpr': 0.31027881906848159,
                    'acc': 0.66373626373626371,
                    'fnr_diff': 0.046493327998818001,
                    'fpr_diff': 0.058603047946852095,
                    'objective': 0.71022959173508171},
  'test_results': {'fnr_diff': 0.044689338592565644,
                   'fpr_diff': 0.0058478328568569438,
                   'll': -1634.3759556786408,
                   'objective': 1645.1013969408566},
  'train_results': {'fnr_diff': 0.026574189304009444,
                    'fpr_diff': 0.0041327460401436268,
                    'll': -1620.3511789340907,
                    'objective': 1631.8290762052088,
                    'w': array([[-0.04389193],
       [-0.34312117],
       [-0.36163742],
       [ 0.16203033],
       [ 0.15130141],
       [ 1.18079919]])},
  'weight': 240.0},
 {'gamma': 3.0,
  'test_measures': {'0_fnr': 0.36140329801901655,
                    '0_fpr': 0.3721250396298087,
                    '1_fnr': 0.3219588315401784,
                    '1_fpr': 0.30339048165288951,
                    'acc': 0.66411519514967776,
                    'fnr_diff': 0.039444466478838071,
                    'fpr_diff': 0.068734557976919228,
                    'objective': 0.70355966162851602},
  'test_results': {'fnr_diff': 0.040712935438436813,
                   'fpr_diff': 0.0046300020754290305,
                   'll': -1634.9451925252943,
                   'objective': 1645.530555739288},
  'train_results': {'fnr_diff': 0.023466976132109629,
                    'fpr_diff': 0.0031964979007482212,
                    'll': -1621.0682842568717,
                    'objective': 1632.3285215005139,
                    'w': array([[-0.04388672],
       [-0.34254779],
       [-0.37111256],
       [ 0.16190251],
       [ 0.15170184],
       [ 1.18627225]])},
  'weight': 260.0},
 {'gamma': 3.0,
  'test_measures': {'0_fnr': 0.35375098021990975,
                    '0_fpr': 0.37630290924761545,
                    '1_fnr': 0.32243787345634611,
                    '1_fpr': 0.30142307236840704,
                    'acc': 0.66479727169382341,
                    'fnr_diff': 0.031313106763563622,
                    'fpr_diff': 0.074879836879208406,
                    'objective': 0.69611037845738699},
  'test_results': {'fnr_diff': 0.037350906916681019,
                   'fpr_diff': 0.0037069770163683327,
                   'll': -1635.4607745433916,
                   'objective': 1645.9190284800625},
  'train_results': {'fnr_diff': 0.020874714468758875,
                    'fpr_diff': 0.0025218287618511805,
                    'll': -1621.7146831182686,
                    'objective': 1632.7711794925513,
                    'w': array([[-0.04388248],
       [-0.34204229],
       [-0.37951416],
       [ 0.16179062],
       [ 0.15205846],
       [ 1.1911333 ]])},
  'weight': 280.0},
 {'gamma': 3.0,
  'test_measures': {'0_fnr': 0.35283981848870238,
                    '0_fpr': 0.37757680425743506,
                    '1_fnr': 0.32726973877434251,
                    '1_fpr': 0.29709406803940269,
                    'acc': 0.66419098143236077,
                    'fnr_diff': 0.025570079714359949,
                    'fpr_diff': 0.080482736218032341,
                    'objective': 0.68976106114672076},
  'test_results': {'fnr_diff': 0.0344792307815487,
                   'fpr_diff': 0.0030072966608390523,
                   'll': -1635.9296796489612,
                   'objective': 1646.2734488834255},
  'train_results': {'fnr_diff': 0.018689546509573041,
                    'fpr_diff': 0.0020428387292309885,
                    'll': -1622.300143260532,
                    'objective': 1633.1662178134525,
                    'w': array([[-0.04387899],
       [-0.34159328],
       [-0.38701501],
       [ 0.16169187],
       [ 0.15237808],
       [ 1.19547964]])},
  'weight': 300.0},
 {'gamma': 3.0,
  'test_measures': {'0_fnr': 0.35057526291213814,
                    '0_fpr': 0.37822055885383254,
                    '1_fnr': 0.32818508502773558,
                    '1_fpr': 0.29597547695362925,
                    'acc': 0.66441834028040936,
                    'fnr_diff': 0.022390177884402583,
                    'fpr_diff': 0.082245081900203271,
                    'objective': 0.68680851816481181},
  'test_results': {'fnr_diff': 0.032004075587868719,
                   'fpr_diff': 0.0024787343585504391,
                   'll': -1636.3577809730205,
                   'objective': 1646.5990851611386},
  'train_results': {'fnr_diff': 0.016830470213113284,
                    'fpr_diff': 0.001711683383636953,
                    'll': -1622.8327500022324,
                    'objective': 1633.5209308038879,
                    'w': array([[-0.04387611],
       [-0.34119181],
       [-0.39375263],
       [ 0.16160409],
       [ 0.15266619],
       [ 1.19938889]])},
  'weight': 320.0},
 {'gamma': 3.0,
  'test_measures': {'0_fnr': 0.35057526291213814,
                    '0_fpr': 0.3795296371300812,
                    '1_fnr': 0.32864170603230181,
                    '1_fpr': 0.29541288904926921,
                    'acc': 0.66411519514967787,
                    'fnr_diff': 0.021933556879836381,
                    'fpr_diff': 0.084116748080812001,
                    'objective': 0.68604875202951432},
  'test_results': {'fnr_diff': 0.0298532804198413,
                   'fpr_diff': 0.002082539004390135,
                   'll': -1636.7500515406996,
                   'objective': 1646.9001668834455},
  'train_results': {'fnr_diff': 0.015235651505702375,
                    'fpr_diff': 0.0014931124112309408,
                    'll': -1623.3192554325506,
                    'objective': 1633.8411949128786,
                    'w': array([[-0.0438737 ],
       [-0.3408307 ],
       [-0.399838  ],
       [ 0.16152555],
       [ 0.15292721],
       [ 1.20292391]])},
  'weight': 340.0},
 {'gamma': 3.0,
  'test_measures': {'0_fnr': 0.34787439872785964,
                    '0_fpr': 0.38210007301407722,
                    '1_fnr': 0.32887212077884559,
                    '1_fpr': 0.29459653520671847,
                    'acc': 0.66411519514967787,
                    'fnr_diff': 0.019002277949014091,
                    'fpr_diff': 0.087503537807358783,
                    'objective': 0.68311747309869197},
  'test_results': {'fnr_diff': 0.027970647488612943,
                   'fpr_diff': 0.0017895868460377831,
                   'll': -1637.1107070756007,
                   'objective': 1647.1801401715013},
  'train_results': {'fnr_diff': 0.013857283951804369,
                    'fpr_diff': 0.0013608376386519607,
                    'll': -1623.76531728093,
                    'objective': 1634.1317973590872,
                    'w': array([[-0.04387167],
       [-0.34050417],
       [-0.40536143],
       [ 0.16145487],
       [ 0.15316481],
       [ 1.20613595]])},
  'weight': 360.0},
 {'gamma': 3.0,
  'test_measures': {'0_fnr': 0.34742596823458605,
                    '0_fpr': 0.38273600949120146,
                    '1_fnr': 0.33002083926094344,
                    '1_fpr': 0.29403394730235838,
                    'acc': 0.66381205001894661,
                    'fnr_diff': 0.017405128973642658,
                    'fpr_diff': 0.088702062188843064,
                    'objective': 0.68121717899258916},
  'test_results': {'fnr_diff': 0.026311780005910539,
                   'fpr_diff': 0.0015777221437666984,
                   'll': -1637.4433522632062,
                   'objective': 1647.4418286654522},
  'train_results': {'fnr_diff': 0.012657878144011984,
                    'fpr_diff': 0.0012950228233211351,
                    'll': -1624.1757264229966,
                    'objective': 1634.3966773943393,
                    'w': array([[-0.04386996],
       [-0.34020747],
       [-0.41039739],
       [ 0.16139094],
       [ 0.15338199],
       [ 1.20906738]])},
  'weight': 380.0},
 {'gamma': 3.0,
  'test_measures': {'0_fnr': 0.34564218928795032,
                    '0_fpr': 0.3836929472902445,
                    '1_fnr': 0.33002083926094344,
                    '1_fpr': 0.29345793975467327,
                    'acc': 0.66403940886699497,
                    'fnr_diff': 0.015621350027006898,
                    'fpr_diff': 0.090235007535571246,
                    'objective': 0.6796607588940019},
  'test_results': {'fnr_diff': 0.024841271885016607,
                   'fpr_diff': 0.0014299250438048719,
                   'll': -1637.7510699413799,
                   'objective': 1647.6875786953867},
  'train_results': {'fnr_diff': 0.011607744865129482,
                    'fpr_diff': 0.0012805547402132379,
                    'll': -1624.5545484791455,
                    'objective': 1634.6391061416409,
                    'w': array([[-0.04386851],
       [-0.3399367 ],
       [-0.41500767],
       [ 0.16133284],
       [ 0.15358129],
       [ 1.2117534 ]])},
  'weight': 400.0}]

--------------Best Values for Objective squared relaxation---------------

{'gamma': 3.0,
 'test_measures': {'0_fnr': 0.34564218928795032,
                   '0_fpr': 0.3836929472902445,
                   '1_fnr': 0.33002083926094344,
                   '1_fpr': 0.29345793975467327,
                   'acc': 0.66403940886699497,
                   'fnr_diff': 0.015621350027006898,
                   'fpr_diff': 0.090235007535571246,
                   'objective': 0.6796607588940019},
 'test_results': {'fnr_diff': 0.024841271885016607,
                  'fpr_diff': 0.0014299250438048719,
                  'll': -1637.7510699413799,
                  'objective': 1647.6875786953867},
 'train_results': {'fnr_diff': 0.011607744865129482,
                   'fpr_diff': 0.0012805547402132379,
                   'll': -1624.5545484791455,
                   'objective': 1634.6391061416409,
                   'w': array([[-0.04386851],
       [-0.3399367 ],
       [-0.41500767],
       [ 0.16133284],
       [ 0.15358129],
       [ 1.2117534 ]])},
 'weight': 400.0}


