
The result for squared relaxation:

[{'gamma': 1.0,
  'test_measures': {'0_fnr': 0.69625840746204726,
                    '0_fpr': 0.10136225064006077,
                    '1_fnr': 0.24471329678950865,
                    '1_fpr': 0.41906384202644259,
                    'acc': 0.66831228473019522,
                    'fnr_diff': 0.45154511067253866,
                    'fpr_diff': 0.31770159138638193},
  'test_results': {'fnr_diff': 0.72297230236939514,
                   'fpr_diff': 0.46677211167456106,
                   'll': -1076.926175934555,
                   'objective': 1076.926175934555},
  'train_results': {'fnr_diff': 0.67951587927535617,
                    'fpr_diff': 0.46460356109785705,
                    'll': -2176.8815652465914,
                    'objective': 2177.2280864602208,
                    'w': array([[-0.02679661],
       [-0.30985945],
       [ 0.32545115],
       [ 0.16711789],
       [ 0.33413944]])},
  'weight': 0.0},
 {'gamma': 0.0,
  'test_measures': {'0_fnr': 0.58293092534675173,
                    '0_fpr': 0.18172356375909085,
                    '1_fnr': 0.3991824922254959,
                    '1_fpr': 0.26099874386096233,
                    'acc': 0.65912743972445464,
                    'fnr_diff': 0.18374843312125586,
                    'fpr_diff': 0.07927518010187154},
  'test_results': {'fnr_diff': 0.16378905718739004,
                   'fpr_diff': 0.05736723594338481,
                   'll': -1085.1205229265213,
                   'objective': 1101.7072449113293},
  'train_results': {'fnr_diff': 0.14168700011548496,
                    'fpr_diff': 0.055508617339447487,
                    'll': -2197.3408564194124,
                    'objective': 2212.1305277285323,
                    'w': array([[-0.02087625],
       [-0.27544585],
       [-0.08714644],
       [ 0.16000221],
       [ 0.39825355]])},
  'weight': 75.0},
 {'gamma': 0.0,
  'test_measures': {'0_fnr': 0.53139888111414124,
                    '0_fpr': 0.20865679263466103,
                    '1_fnr': 0.44090592274947032,
                    '1_fpr': 0.22757776910597544,
                    'acc': 0.65648679678530431,
                    'fnr_diff': 0.090492958364670945,
                    'fpr_diff': 0.018920976471314431},
  'test_results': {'fnr_diff': 0.085565169335891228,
                   'fpr_diff': 0.016382484731318654,
                   'll': -1090.3934176274852,
                   'objective': 1105.6855657375668},
  'train_results': {'fnr_diff': 0.068944959555641103,
                    'fpr_diff': 0.015166282847040486,
                    'll': -2209.098376197067,
                    'objective': 2221.7150625574695,
                    'w': array([[-0.019483  ],
       [-0.2614515 ],
       [-0.19203683],
       [ 0.15811992],
       [ 0.41745814]])},
  'weight': 150.0},
 {'gamma': 0.0,
  'test_measures': {'0_fnr': 0.50179541953466711,
                    '0_fpr': 0.22791262319509262,
                    '1_fnr': 0.45964072559080682,
                    '1_fpr': 0.21946146981196674,
                    'acc': 0.65269804822043631,
                    'fnr_diff': 0.042154693943860289,
                    'fpr_diff': 0.018363393636726462},
  'test_results': {'fnr_diff': 0.058146301421512746,
                   'fpr_diff': 0.0060657396331495594,
                   'll': -1093.2544339705998,
                   'objective': 1107.7021432078986},
  'train_results': {'fnr_diff': 0.044090057216121845,
                    'fpr_diff': 0.005206192801911395,
                    'll': -2215.4234422781919,
                    'objective': 2226.5150985322493,
                    'w': array([[-0.01887479],
       [-0.25176193],
       [-0.23961203],
       [ 0.15684201],
       [ 0.42785972]])},
  'weight': 225.0},
 {'gamma': 0.0,
  'test_measures': {'0_fnr': 0.4892336902697717,
                    '0_fpr': 0.23909823432246263,
                    '1_fnr': 0.46310804405709743,
                    '1_fpr': 0.21435789235441965,
                    'acc': 0.65235361653272106,
                    'fnr_diff': 0.032181453150834108,
                    'fpr_diff': 0.025047561630101377},
  'test_results': {'fnr_diff': 0.044765610102151479,
                   'fpr_diff': 0.0025319587055787213,
                   'll': -1095.0299180324989,
                   'objective': 1109.219188674818},
  'train_results': {'fnr_diff': 0.032205036818911292,
                    'fpr_diff': 0.0018872076065321961,
                    'll': -2219.3475882829284,
                    'objective': 2229.5752616105615,
                    'w': array([[-0.01854397],
       [-0.24365866],
       [-0.26644394],
       [ 0.15576028],
       [ 0.43492007]])},
  'weight': 300.0},
 {'gamma': 0.0,
  'test_measures': {'0_fnr': 0.48145847444540352,
                    '0_fpr': 0.2462988874840942,
                    '1_fnr': 0.46588513217378208,
                    '1_fpr': 0.21095419252963268,
                    'acc': 0.65189437428243413,
                    'fnr_diff': 0.0234132964605001,
                    'fpr_diff': 0.035344694954461547},
  'test_results': {'fnr_diff': 0.036982305605644375,
                   'fpr_diff': 0.0011580791862570369,
                   'll': -1096.2408038575963,
                   'objective': 1110.5434481545592},
  'train_results': {'fnr_diff': 0.025406890977659517,
                    'fpr_diff': 0.00065182792052954647,
                    'll': -2222.0306836092591,
                    'objective': 2231.8027031960801,
                    'w': array([[-0.01834282],
       [-0.23636695],
       [-0.28345145],
       [ 0.15477515],
       [ 0.44033712]])},
  'weight': 375.0},
 {'gamma': 0.0,
  'test_measures': {'0_fnr': 0.47713991603612432,
                    '0_fpr': 0.25068665657774569,
                    '1_fnr': 0.46930197058864653,
                    '1_fpr': 0.21007407582480506,
                    'acc': 0.6506314580941448,
                    'fnr_diff': 0.023179124432299171,
                    'fpr_diff': 0.040612580752940594},
  'test_results': {'fnr_diff': 0.031931656511120676,
                   'fpr_diff': 0.00061688277608915314,
                   'll': -1097.124095187592,
                   'objective': 1111.7709378668364},
  'train_results': {'fnr_diff': 0.021057749777574932,
                    'fpr_diff': 0.00020415397128806736,
                    'll': -2223.9954608543385,
                    'objective': 2233.5633175413268,
                    'w': array([[-0.01821253],
       [-0.22957926],
       [-0.29504174],
       [ 0.15385061],
       [ 0.44481211]])},
  'weight': 450.0},
 {'gamma': 0.0,
  'test_measures': {'0_fnr': 0.46611595232809916,
                    '0_fpr': 0.2603442529126862,
                    '1_fnr': 0.47036980374359399,
                    '1_fpr': 0.20797411634415747,
                    'acc': 0.65040183696900122,
                    'fnr_diff': 0.028214760769108015,
                    'fpr_diff': 0.052370136568528736},
  'test_results': {'fnr_diff': 0.028400071043867096,
                   'fpr_diff': 0.00043385361759806508,
                   'll': -1097.8018219664095,
                   'objective': 1112.9396324136785},
  'train_results': {'fnr_diff': 0.01805372392457965,
                    'fpr_diff': 8.6215133388373942e-05,
                    'll': -2225.5097774101255,
                    'objective': 2235.0332454155587,
                    'w': array([[-0.01812506],
       [-0.22314707],
       [-0.30333466],
       [ 0.15297021],
       [ 0.44868813]])},
  'weight': 525.0},
 {'gamma': 0.0,
  'test_measures': {'0_fnr': 0.46328275611254999,
                    '0_fpr': 0.26225732915890165,
                    '1_fnr': 0.47175380896205016,
                    '1_fpr': 0.20755394827693058,
                    'acc': 0.65005740528128597,
                    'fnr_diff': 0.028685436496515025,
                    'fpr_diff': 0.054703380881971075},
  'test_results': {'fnr_diff': 0.0257929069189064,
                   'fpr_diff': 0.00041405373513418188,
                   'll': -1098.3429237911078,
                   'objective': 1114.0671001835321},
  'train_results': {'fnr_diff': 0.015859737915115711,
                    'fpr_diff': 0.00011256320399373025,
                    'll': -2226.7245264833655,
                    'objective': 2236.3079071548309,
                    'w': array([[-0.01806534],
       [-0.2169891 ],
       [-0.3094768 ],
       [ 0.15212523],
       [ 0.45215322]])},
  'weight': 600.0},
 {'gamma': 0.0,
  'test_measures': {'0_fnr': 0.45978772125990891,
                    '0_fpr': 0.26859673039055687,
                    '1_fnr': 0.4731276532477523,
                    '1_fpr': 0.20633715703715816,
                    'acc': 0.64902411021813999,
                    'fnr_diff': 0.027212548216186939,
                    'fpr_diff': 0.062259573353398691},
  'test_results': {'fnr_diff': 0.023787503633634383,
                   'fpr_diff': 0.00046962683137864681,
                   'll': -1098.7890784081799,
                   'objective': 1115.1626414720638},
  'train_results': {'fnr_diff': 0.014188223817166123,
                    'fpr_diff': 0.00020112692337346237,
                    'll': -2227.7307797380154,
                    'objective': 2237.4435914878804,
                    'w': array([[-0.01802457],
       [-0.21105567],
       [-0.31414106],
       [ 0.15131033],
       [ 0.45531948]])},
  'weight': 675.0},
 {'gamma': 0.0,
  'test_measures': {'0_fnr': 0.45978772125990891,
                    '0_fpr': 0.27345582489729259,
                    '1_fnr': 0.47488085057945401,
                    '1_fpr': 0.20422684300798816,
                    'acc': 0.64787600459242245,
                    'fnr_diff': 0.026133887140808998,
                    'fpr_diff': 0.069228981889304458},
  'test_results': {'fnr_diff': 0.022194382921495972,
                   'fpr_diff': 0.00055840345090088939,
                   'll': -1099.1669460787798,
                   'objective': 1116.2315358580777},
  'train_results': {'fnr_diff': 0.012871816944889669,
                    'fpr_diff': 0.00031347709504484032,
                    'll': -2228.5867554462543,
                    'objective': 2238.475725976205,
                    'w': array([[-0.01799724],
       [-0.20531441],
       [-0.3177492 ],
       [ 0.15052201],
       [ 0.45825814]])},
  'weight': 750.0},
 {'gamma': 0.0,
  'test_measures': {'0_fnr': 0.45626173277942883,
                    '0_fpr': 0.27536460239430538,
                    '1_fnr': 0.47724575627675297,
                    '1_fpr': 0.20253450926420244,
                    'acc': 0.64764638346727899,
                    'fnr_diff': 0.032024781318588103,
                    'fpr_diff': 0.072830093130102941},
  'test_results': {'fnr_diff': 0.020895596418544306,
                   'fpr_diff': 0.00065938705841915633,
                   'll': -1099.4943155761121,
                   'objective': 1117.2771769446067},
  'train_results': {'fnr_diff': 0.011807087073954651,
                    'fpr_diff': 0.00043111061020889747,
                    'll': -2229.3312668488384,
                    'objective': 2239.4277799382735,
                    'w': array([[-0.01797976],
       [-0.19974239],
       [-0.32057838],
       [ 0.1497577 ],
       [ 0.46101693]])},
  'weight': 825.0},
 {'gamma': 0.0,
  'test_measures': {'0_fnr': 0.45558376667773387,
                    '0_fpr': 0.27536460239430538,
                    '1_fnr': 0.47794103550596556,
                    '1_fpr': 0.20169569889777242,
                    'acc': 0.64776119402985066,
                    'fnr_diff': 0.032690062047725697,
                    'fpr_diff': 0.073668903496532961},
  'test_results': {'fnr_diff': 0.019814055039678664,
                   'fpr_diff': 0.00076192032622609868,
                   'll': -1099.7834710648822,
                   'objective': 1118.3018488941966},
  'train_results': {'fnr_diff': 0.010926924312537079,
                    'fpr_diff': 0.00054511681707564348,
                    'll': -2229.9911256086552,
                    'objective': 2240.3159626253064,
                    'w': array([[-0.01796966],
       [-0.19432289],
       [-0.32281823],
       [ 0.14901548],
       [ 0.46362906]])},
  'weight': 900.0},
 {'gamma': 0.0,
  'test_measures': {'0_fnr': 0.45484847256008676,
                    '0_fpr': 0.27728224891008818,
                    '1_fnr': 0.47794103550596556,
                    '1_fpr': 0.20169569889777242,
                    'acc': 0.64741676234213552,
                    'fnr_diff': 0.033425356165372767,
                    'fpr_diff': 0.075586550012315762},
  'test_results': {'fnr_diff': 0.018897380173511676,
                   'fpr_diff': 0.0008606675972556261,
                   'll': -1100.0431425649954,
                   'objective': 1119.3072391414935},
  'train_results': {'fnr_diff': 0.010186020921586606,
                    'fpr_diff': 0.00065139162976175075,
                    'll': -2230.5853875444018,
                    'objective': 2241.1518647819662,
                    'w': array([[-0.01796522],
       [-0.18904327],
       [-0.32460268],
       [ 0.14829383],
       [ 0.46611838]])},
  'weight': 975.0},
 {'gamma': 0.0,
  'test_measures': {'0_fnr': 0.45273098698863218,
                    '0_fpr': 0.28206217486648472,
                    '1_fnr': 0.47794103550596556,
                    '1_fpr': 0.20170285091844176,
                    'acc': 0.64661308840413323,
                    'fnr_diff': 0.03413439103260206,
                    'fpr_diff': 0.080359323948042946},
  'test_results': {'fnr_diff': 0.018108621745755862,
                   'fpr_diff': 0.00095312753150974161,
                   'll': -1100.2797254857699,
                   'objective': 1120.2945622268985},
  'train_results': {'fnr_diff': 0.0095526254880749194,
                    'fpr_diff': 0.00074831031196506237,
                    'll': -2231.1280401659028,
                    'objective': 2241.9440227559444,
                    'w': array([[-0.01796517],
       [-0.18389264],
       [-0.32602938],
       [ 0.14759141],
       [ 0.46850311]])},
  'weight': 1050.0},
 {'gamma': 0.0,
  'test_measures': {'0_fnr': 0.45061333407468196,
                    '0_fpr': 0.28501305819011119,
                    '1_fnr': 0.47794103550596556,
                    '1_fpr': 0.20124202142535422,
                    'acc': 0.64638346727898965,
                    'fnr_diff': 0.034843593242326845,
                    'fpr_diff': 0.083771036764756987},
  'test_results': {'fnr_diff': 0.01742141858152178,
                   'fpr_diff': 0.0010381704560271682,
                   'll': -1100.4978733905043,
                   'objective': 1121.264911057747},
  'train_results': {'fnr_diff': 0.0090042070541418214,
                    'fpr_diff': 0.00083545714668073045,
                    'll': -2231.6292632107202,
                    'objective': 2242.6988854366455,
                    'w': array([[-0.01796859],
       [-0.17886337],
       [-0.32716976],
       [ 0.14690721],
       [ 0.47079639]])},
  'weight': 1125.0},
 {'gamma': 0.0,
  'test_measures': {'0_fnr': 0.45270472773821435,
                    '0_fpr': 0.28597944474473308,
                    '1_fnr': 0.47794103550596556,
                    '1_fpr': 0.20166822471481369,
                    'acc': 0.64569460390355915,
                    'fnr_diff': 0.032752199578794473,
                    'fpr_diff': 0.084311220029919379},
  'test_results': {'fnr_diff': 0.016815908509982148,
                   'fpr_diff': 0.0011156566175155938,
                   'll': -1100.7012475063666,
                   'objective': 1122.2191256593637},
  'train_results': {'fnr_diff': 0.0085237962347842859,
                    'fpr_diff': 0.0009131686671574827,
                    'll': -2232.097076380669,
                    'objective': 2243.4214342629994,
                    'w': array([[-0.01797478],
       [-0.17394778],
       [-0.32807958],
       [ 0.14624023],
       [ 0.47300923]])},
  'weight': 1200.0},
 {'gamma': 0.0,
  'test_measures': {'0_fnr': 0.45411815530005184,
                    '0_fpr': 0.28747374543530629,
                    '1_fnr': 0.47757805909943202,
                    '1_fpr': 0.20082876943584677,
                    'acc': 0.64546498277841569,
                    'fnr_diff': 0.030975795610423441,
                    'fpr_diff': 0.086644975999459556},
  'test_results': {'fnr_diff': 0.016277275130615533,
                   'fpr_diff': 0.0011857421330139009,
                   'll': -1100.8925744001372,
                   'objective': 1123.1579214112646},
  'train_results': {'fnr_diff': 0.0080988827338514917,
                    'fpr_diff': 0.0009820121491238335,
                    'll': -2232.5374524606941,
                    'objective': 2244.1155934364879,
                    'w': array([[-0.01798317],
       [-0.16914029],
       [-0.32880083],
       [ 0.14558966],
       [ 0.47514987]])},
  'weight': 1275.0},
 {'gamma': 0.0,
  'test_measures': {'0_fnr': 0.45204158779975545,
                    '0_fpr': 0.29128504285464102,
                    '1_fnr': 0.47724079097127009,
                    '1_fpr': 0.20082876943584677,
                    'acc': 0.64500574052812865,
                    'fnr_diff': 0.032715094982557869,
                    'fpr_diff': 0.090456273418794267},
  'test_results': {'fnr_diff': 0.015794149446063974,
                   'fpr_diff': 0.0012488399738427628,
                   'll': -1101.0740150536692,
                   'objective': 1124.0820507705434},
  'train_results': {'fnr_diff': 0.0077198154850337125,
                    'fpr_diff': 0.0010426880330552325,
                    'll': -2232.9551290935988,
                    'objective': 2244.7845088430186,
                    'w': array([[-0.01799338],
       [-0.16443449],
       [-0.32936626],
       [ 0.14495461],
       [ 0.47722561]])},
  'weight': 1350.0},
 {'gamma': 0.0,
  'test_measures': {'0_fnr': 0.4513636216980606,
                    '0_fpr': 0.29177523893307244,
                    '1_fnr': 0.47689891062938977,
                    '1_fpr': 0.20040233020343737,
                    'acc': 0.64523536165327211,
                    'fnr_diff': 0.033051180742372441,
                    'fpr_diff': 0.091372908729635022},
  'test_results': {'fnr_diff': 0.015357486227677894,
                   'fpr_diff': 0.0013054664488245202,
                   'll': -1101.2472305052931,
                   'objective': 1124.9919380693091},
  'train_results': {'fnr_diff': 0.0073790812457818922,
                    'fpr_diff': 0.0010959556770237043,
                    'll': -2233.3538146830842,
                    'objective': 2245.4307422980819,
                    'w': array([[-0.01800504],
       [-0.15982645],
       [-0.32980244],
       [ 0.1443345 ],
       [ 0.47924187]])},
  'weight': 1425.0},
 {'gamma': 0.0,
  'test_measures': {'0_fnr': 0.45065690791714186,
                    '0_fpr': 0.29276048451645426,
                    '1_fnr': 0.47726247044947601,
                    '1_fpr': 0.2008216174151774,
                    'acc': 0.64489092996555686,
                    'fnr_diff': 0.034121454343377447,
                    'fpr_diff': 0.091938867101276855},
  'test_results': {'fnr_diff': 0.014960331313745818,
                   'fpr_diff': 0.0013561313948699436,
                   'll': -1101.4135610251988,
                   'objective': 1125.8882550881222},
  'train_results': {'fnr_diff': 0.0070707942565817698,
                    'fpr_diff': 0.001142524433941593,
                    'll': -2233.7364316841622,
                    'objective': 2246.0564097199472,
                    'w': array([[-0.01801789],
       [-0.15531217],
       [-0.33013016],
       [ 0.14372874],
       [ 0.48120315]])},
  'weight': 1500.0}]

The result for absolute value relaxation:

[{'gamma': 1.0,
  'test_measures': {'0_fnr': 0.69625840746204726,
                    '0_fpr': 0.10136225064006077,
                    '1_fnr': 0.24471329678950865,
                    '1_fpr': 0.41906384202644259,
                    'acc': 0.66831228473019522,
                    'fnr_diff': 0.45154511067253866,
                    'fpr_diff': 0.31770159138638193},
  'test_results': {'fnr_diff': 0.84660619446629093,
                   'fpr_diff': 0.68178537665755068,
                   'll': -1076.926175934555,
                   'objective': 1076.926175934555},
  'train_results': {'fnr_diff': 0.82405995994970704,
                    'fpr_diff': 0.68079960846430132,
                    'll': -2176.8815652465914,
                    'objective': 2177.2280864602208,
                    'w': array([[-0.02679661],
       [-0.30985945],
       [ 0.32545115],
       [ 0.16711789],
       [ 0.33413944]])},
  'weight': 0.0},
 {'gamma': 0.25,
  'test_measures': {'0_fnr': 0.47384386178651028,
                    '0_fpr': 0.25300365330650709,
                    '1_fnr': 0.47038962576967303,
                    '1_fpr': 0.20724540993876328,
                    'acc': 0.65109070034443173,
                    'fnr_diff': 0.014893229537481279,
                    'fpr_diff': 0.045758243367743853},
  'test_results': {'fnr_diff': 0.16739647123752993,
                   'fpr_diff': 0.015572346028345055,
                   'll': -1097.4467546322105,
                   'objective': 1111.1694159271512},
  'train_results': {'fnr_diff': 0.14343065191701967,
                    'fpr_diff': 9.795988507865783e-09,
                    'll': -2224.6023615736526,
                    'objective': 2235.4541564021406,
                    'w': array([[-0.017914  ],
       [-0.26301219],
       [-0.30808921],
       [ 0.15890559],
       [ 0.43068236]])},
  'weight': 75.0},
 {'gamma': 0.0,
  'test_measures': {'0_fnr': 0.46732910298741831,
                    '0_fpr': 0.26083277332258115,
                    '1_fnr': 0.47073278015012754,
                    '1_fpr': 0.20801477777001814,
                    'acc': 0.64994259471871418,
                    'fnr_diff': 0.019392708697048032,
                    'fpr_diff': 0.052817995552562981},
  'test_results': {'fnr_diff': 0.15620271945174796,
                   'fpr_diff': 0.015992732070107714,
                   'll': -1097.847213615986,
                   'objective': 1123.6765313442643},
  'train_results': {'fnr_diff': 0.13187658780485506,
                    'fpr_diff': 3.0702329567589005e-12,
                    'll': -2225.9013043717578,
                    'objective': 2245.682792542947,
                    'w': array([[-0.01813833],
       [-0.21766804],
       [-0.30392754],
       [ 0.15223583],
       [ 0.451136  ]])},
  'weight': 150.0},
 {'gamma': 0.0,
  'test_measures': {'0_fnr': 0.46602076463205205,
                    '0_fpr': 0.2694945793868333,
                    '1_fnr': 0.47177246416102381,
                    '1_fpr': 0.20590983694926193,
                    'acc': 0.64833524684270949,
                    'fnr_diff': 0.02197461087162168,
                    'fpr_diff': 0.063584742437571395},
  'test_results': {'fnr_diff': 0.14535557378251027,
                   'fpr_diff': 0.017037960622861469,
                   'll': -1098.6607453788499,
                   'objective': 1135.1992906200585},
  'train_results': {'fnr_diff': 0.12063050106137815,
                    'fpr_diff': 3.8988168249431966e-11,
                    'll': -2228.0078550830772,
                    'objective': 2255.149717830659,
                    'w': array([[-0.01835761],
       [-0.1717696 ],
       [-0.2999204 ],
       [ 0.14586271],
       [ 0.47028511]])},
  'weight': 225.0},
 {'gamma': 0.0,
  'test_measures': {'0_fnr': 0.45843977210039438,
                    '0_fpr': 0.28213397648750005,
                    '1_fnr': 0.46970699237682201,
                    '1_fpr': 0.2071171544959988,
                    'acc': 0.64695752009184848,
                    'fnr_diff': 0.023015942699461368,
                    'fpr_diff': 0.075016821991501281},
  'test_results': {'fnr_diff': 0.13484371156177882,
                   'fpr_diff': 0.018086744260388206,
                   'll': -1099.8642241668163,
                   'objective': 1145.7433609134666},
  'train_results': {'fnr_diff': 0.10970296778922506,
                    'fpr_diff': 5.0481781255218297e-11,
                    'll': -2230.8744387060451,
                    'objective': 2263.7853290579565,
                    'w': array([[-0.01858488],
       [-0.12631532],
       [-0.29624332],
       [ 0.13976772],
       [ 0.4893418 ]])},
  'weight': 300.0},
 {'gamma': 0.0,
  'test_measures': {'0_fnr': 0.45691163630185255,
                    '0_fpr': 0.28944974264718004,
                    '1_fnr': 0.46895685120425296,
                    '1_fpr': 0.2100691115859783,
                    'acc': 0.64489092996555686,
                    'fnr_diff': 0.028727254039880169,
                    'fpr_diff': 0.079380631061201745},
  'test_results': {'fnr_diff': 0.124637491298594,
                   'fpr_diff': 0.019140246966593076,
                   'll': -1101.4381207374652,
                   'objective': 1155.3547725869107},
  'train_results': {'fnr_diff': 0.099063881399314699,
                    'fpr_diff': 1.9193858030730483e-10,
                    'll': -2234.4634165345387,
                    'objective': 2271.6123721312588,
                    'w': array([[-0.01882009],
       [-0.0812332 ],
       [-0.29287494],
       [ 0.1339288 ],
       [ 0.50833225]])},
  'weight': 375.0},
 {'gamma': 0.0,
  'test_measures': {'0_fnr': 0.44697603043355177,
                    '0_fpr': 0.30966047929938439,
                    '1_fnr': 0.46133788573286572,
                    '1_fpr': 0.21634658526056372,
                    'acc': 0.64247990815154998,
                    'fnr_diff': 0.027526506925887418,
                    'fpr_diff': 0.093313894038820663},
  'test_results': {'fnr_diff': 0.11470970858459199,
                   'fpr_diff': 0.020199566584917516,
                   'll': -1103.3658344911892,
                   'objective': 1164.0750083174685},
  'train_results': {'fnr_diff': 0.088685624640199467,
                    'fpr_diff': 1.3860834147116918e-10,
                    'll': -2238.7428990775197,
                    'objective': 2278.6514302279834,
                    'w': array([[-0.01906321],
       [-0.03645655],
       [-0.28979608],
       [ 0.12832583],
       [ 0.52728209]])},
  'weight': 450.0},
 {'gamma': 0.0,
  'test_measures': {'0_fnr': 0.43779734076257038,
                    '0_fpr': 0.32173535356121263,
                    '1_fnr': 0.44933138897604713,
                    '1_fpr': 0.21831460995114416,
                    'acc': 0.64454649827784161,
                    'fnr_diff': 0.015540031012928312,
                    'fpr_diff': 0.10342074361006848},
  'test_results': {'fnr_diff': 0.10503530361217317,
                   'fpr_diff': 0.021265751220664458,
                   'll': -1105.6333889981254,
                   'objective': 1171.9414427853651},
  'train_results': {'fnr_diff': 0.078542753647623753,
                    'fpr_diff': 2.1997862698075465e-10,
                    'll': -2243.6861531146328,
                    'objective': 2284.921098895124,
                    'w': array([[-0.01931425],
       [ 0.00807688],
       [-0.28698947],
       [ 0.12294041],
       [ 0.54621651]])},
  'weight': 525.0},
 {'gamma': 0.0,
  'test_measures': {'0_fnr': 0.43990016751328442,
                    '0_fpr': 0.32422460668820602,
                    '1_fnr': 0.44724175281003181,
                    '1_fpr': 0.22377539133512636,
                    'acc': 0.64282433983926524,
                    'fnr_diff': 0.01600988623283809,
                    'fpr_diff': 0.10044921535307964},
  'test_results': {'fnr_diff': 0.095591096579130008,
                   'fpr_diff': 0.02233981481090825,
                   'll': -1108.2291793461834,
                   'objective': 1178.9877261802062},
  'train_results': {'fnr_diff': 0.068611721800671682,
                    'fpr_diff': 2.9172395055176992e-10,
                    'll': -2249.2711045602091,
                    'objective': 2290.4381378156463,
                    'w': array([[-0.01957322],
       [ 0.05242554],
       [-0.28443954],
       [ 0.11775563],
       [ 0.56516039]])},
  'weight': 600.0},
 {'gamma': 0.0,
  'test_measures': {'0_fnr': 0.43559638306244119,
                    '0_fpr': 0.32763170046804296,
                    '1_fnr': 0.43907326862652535,
                    '1_fpr': 0.23958749783747418,
                    'acc': 0.64110218140068886,
                    'fnr_diff': 0.017187265235991057,
                    'fpr_diff': 0.088044202630568752},
  'test_results': {'fnr_diff': 0.086355558927977097,
                   'fpr_diff': 0.023422750940917607,
                   'll': -1111.14375997453,
                   'objective': 1185.244119136034},
  'train_results': {'fnr_diff': 0.058870637198118879,
                    'fpr_diff': 3.0968605735370857e-10,
                    'll': -2255.4799244928213,
                    'objective': 2295.2176048105894,
                    'w': array([[-0.01984016],
       [ 0.09664479],
       [-0.28213227],
       [ 0.11275591],
       [ 0.58413846]])},
  'weight': 675.0},
 {'gamma': 0.0,
  'test_measures': {'0_fnr': 0.43706713864023083,
                    '0_fpr': 0.3315241368997921,
                    '1_fnr': 0.43618172163943331,
                    '1_fpr': 0.25357770329336643,
                    'acc': 0.63708381171067741,
                    'fnr_diff': 0.025519027016658737,
                    'fpr_diff': 0.077946433606425725},
  'test_results': {'fnr_diff': 0.077308608175126053,
                   'fpr_diff': 0.024515543439027076,
                   'll': -1114.3696670337226,
                   'objective': 1190.7377807443377},
  'train_results': {'fnr_diff': 0.049299047437636682,
                    'fpr_diff': 1.0531564509363989e-10,
                    'll': -2262.2986840768885,
                    'objective': 2299.2729697341028,
                    'w': array([[-0.02011516],
       [ 0.14078739],
       [-0.28005504],
       [ 0.10792689],
       [ 0.60317544]])},
  'weight': 750.0},
 {'gamma': 0.25,
  'test_measures': {'0_fnr': 0.43487331154152881,
                    '0_fpr': 0.33821975054648323,
                    '1_fnr': 0.42386736201198427,
                    '1_fpr': 0.25976740992441083,
                    'acc': 0.63811710677382316,
                    'fnr_diff': 0.029634583021984517,
                    'fpr_diff': 0.078452340622072361},
  'test_results': {'fnr_diff': 0.068538623707458654,
                   'fpr_diff': 0.025575622841189926,
                   'll': -1117.8485908746384,
                   'objective': 1195.4928442772734},
  'train_results': {'fnr_diff': 0.040009580229379525,
                    'fpr_diff': 9.0539752084506378e-11,
                    'll': -2269.6086219599824,
                    'objective': 2302.7456850838616,
                    'w': array([[-0.02036991],
       [ 0.18416293],
       [-0.27788124],
       [ 0.10324122],
       [ 0.62072407]])},
  'weight': 825.0},
 {'gamma': 1.0,
  'test_measures': {'0_fnr': 0.43627186073533003,
                    '0_fpr': 0.3415708219173566,
                    '1_fnr': 0.42118794249852998,
                    '1_fpr': 0.27208186153519132,
                    'acc': 0.63467278989667053,
                    'fnr_diff': 0.035061624241887711,
                    'fpr_diff': 0.06948896038216526},
  'test_results': {'fnr_diff': 0.060179850730755768,
                   'fpr_diff': 0.026540889799269263,
                   'll': -1121.4791957430941,
                   'objective': 1199.5278622201167},
  'train_results': {'fnr_diff': 0.03117842239391631,
                    'fpr_diff': 8.5141713124237128e-11,
                    'll': -2277.2027538613247,
                    'objective': 2305.8138325547552,
                    'w': array([[-0.02057026],
       [ 0.2254138 ],
       [-0.275239  ],
       [ 0.09866726],
       [ 0.63509608]])},
  'weight': 900.0},
 {'gamma': 1.0,
  'test_measures': {'0_fnr': 0.43281281930103532,
                    '0_fpr': 0.34588258858206439,
                    '1_fnr': 0.41076190595162493,
                    '1_fpr': 0.29326245894683811,
                    'acc': 0.63191733639494829,
                    'fnr_diff': 0.042703155610821789,
                    'fpr_diff': 0.052620129635226318},
  'test_results': {'fnr_diff': 0.053172302937252426,
                   'fpr_diff': 0.027647615574064276,
                   'll': -1125.557946031297,
                   'objective': 1204.3573665798306},
  'train_results': {'fnr_diff': 0.022073034851973334,
                    'fpr_diff': 1.5070612952028383e-10,
                    'll': -2285.6922128287301,
                    'objective': 2307.810088326662,
                    'w': array([[-0.02086305],
       [ 0.26891576],
       [-0.27372943],
       [ 0.09426805],
       [ 0.65426011]])},
  'weight': 975.0},
 {'gamma': 1.0,
  'test_measures': {'0_fnr': 0.43487054063253189,
                    '0_fpr': 0.34687297074891715,
                    '1_fnr': 0.41086745692810156,
                    '1_fpr': 0.30012675880122208,
                    'acc': 0.62950631458094142,
                    'fnr_diff': 0.044641606584357174,
                    'fpr_diff': 0.047700422507343757},
  'test_results': {'fnr_diff': 0.049651091870373497,
                   'fpr_diff': 0.028194692864347098,
                   'll': -1129.1110822337646,
                   'objective': 1210.8491562052213},
  'train_results': {'fnr_diff': 0.014870088893403643,
                    'fpr_diff': 9.4488691870786565e-11,
                    'll': -2292.9280774254253,
                    'objective': 2309.1783725883279,
                    'w': array([[-0.02110227],
       [ 0.3045328 ],
       [-0.27234347],
       [ 0.09068463],
       [ 0.66978417]])},
  'weight': 1050.0},
 {'gamma': 1.0,
  'test_measures': {'0_fnr': 0.43204866236646911,
                    '0_fpr': 0.3483572814295004,
                    '1_fnr': 0.4094100417787841,
                    '1_fpr': 0.30632168271532512,
                    'acc': 0.62835820895522387,
                    'fnr_diff': 0.045975288492906941,
                    'fpr_diff': 0.046979760507753356},
  'test_results': {'fnr_diff': 0.046791530875105507,
                   'fpr_diff': 0.028571784906324199,
                   'll': -1132.5185632512639,
                   'objective': 1217.3022935053723},
  'train_results': {'fnr_diff': 0.0085068345435634542,
                    'fpr_diff': 6.0365627774228164e-11,
                    'll': -2299.8024095432752,
                    'objective': 2310.0483737460795,
                    'w': array([[-0.02132158],
       [ 0.33695243],
       [-0.27109632],
       [ 0.08750601],
       [ 0.68369157]])},
  'weight': 1125.0},
 {'gamma': 1.0,
  'test_measures': {'0_fnr': 0.43480812062127228,
                    '0_fpr': 0.35076624501493459,
                    '1_fnr': 0.40899564881550721,
                    '1_fpr': 0.30843979367770141,
                    'acc': 0.62686567164179097,
                    'fnr_diff': 0.047786347816854993,
                    'fpr_diff': 0.047270613130811226},
  'test_results': {'fnr_diff': 0.046727288670903165,
                   'fpr_diff': 0.029081162408195343,
                   'll': -1134.4054852598263,
                   'objective': 1225.3756265547443},
  'train_results': {'fnr_diff': 0.0053140001758933643,
                    'fpr_diff': 4.6935044739626618e-11,
                    'll': -2303.4890592320698,
                    'objective': 2310.5611145717162,
                    'w': array([[-0.02141928],
       [ 0.35485977],
       [-0.27019759],
       [ 0.08587453],
       [ 0.68909746]])},
  'weight': 1200.0},
 {'gamma': 1.0,
  'test_measures': {'0_fnr': 0.43337341066662916,
                    '0_fpr': 0.35460378002894016,
                    '1_fnr': 0.40891207795189183,
                    '1_fpr': 0.30907070250947488,
                    'acc': 0.625947187141217,
                    'fnr_diff': 0.04845195780405627,
                    'fpr_diff': 0.050477239313043334},
  'test_results': {'fnr_diff': 0.04684440424120296,
                   'fpr_diff': 0.02960470165338137,
                   'll': -1136.3111991661358,
                   'objective': 1233.7838091817312},
  'train_results': {'fnr_diff': 0.0023078651113644768,
                    'fpr_diff': 1.0107143871840308e-10,
                    'll': -2307.1890678112404,
                    'objective': 2310.8467735668223,
                    'w': array([[-0.02151189],
       [ 0.37190033],
       [-0.26936435],
       [ 0.08435287],
       [ 0.69411978]])},
  'weight': 1275.0},
 {'gamma': 1.0,
  'test_measures': {'0_fnr': 0.43196495996240386,
                    '0_fpr': 0.35461778563118107,
                    '1_fnr': 0.40747943457562891,
                    '1_fpr': 0.31154492931359862,
                    'acc': 0.625947187141217,
                    'fnr_diff': 0.049150686732417584,
                    'fpr_diff': 0.04801701811116052},
  'test_results': {'fnr_diff': 0.045631621311416369,
                   'fpr_diff': 0.029931221557402056,
                   'll': -1137.2864965644389,
                   'objective': 1239.2963344373441},
  'train_results': {'fnr_diff': 0.00066635479994047592,
                    'fpr_diff': 9.7267405241296958e-11,
                    'll': -2309.3211406951191,
                    'objective': 2310.9481885463742,
                    'w': array([[-0.02157365],
       [ 0.3817091 ],
       [-0.26895198],
       [ 0.08349304],
       [ 0.69780373]])},
  'weight': 1350.0},
 {'gamma': 1.0,
  'test_measures': {'0_fnr': 0.43196495996240386,
                    '0_fpr': 0.35608837386647518,
                    '1_fnr': 0.40783341687651387,
                    '1_fpr': 0.31195730044761921,
                    'acc': 0.62537313432835817,
                    'fnr_diff': 0.048796704431532625,
                    'fpr_diff': 0.049075235212434024},
  'test_results': {'fnr_diff': 0.044846297597825401,
                   'fpr_diff': 0.030073978800732058,
                   'll': -1137.6749337667675,
                   'objective': 1244.4363276347119},
  'train_results': {'fnr_diff': 1.3427845363400693e-10,
                    'fpr_diff': 1.3466558562713615e-10,
                    'll': -2310.2280486355548,
                    'objective': 2310.9609903781325,
                    'w': array([[-0.02160157],
       [ 0.3858205 ],
       [-0.26879823],
       [ 0.08313929],
       [ 0.69952608]])},
  'weight': 1425.0},
 {'gamma': 1.0,
  'test_measures': {'0_fnr': 0.43196495996240386,
                    '0_fpr': 0.35608837386647518,
                    '1_fnr': 0.40783341687651387,
                    '1_fpr': 0.31195730044761921,
                    'acc': 0.62537313432835817,
                    'fnr_diff': 0.048796704431532625,
                    'fpr_diff': 0.049075235212434024},
  'test_results': {'fnr_diff': 0.044846297318063624,
                   'fpr_diff': 0.030073978711770082,
                   'll': -1137.6749338416005,
                   'objective': 1250.0553478863508},
  'train_results': {'fnr_diff': 1.847676234234541e-10,
                    'fpr_diff': 1.8492023329264029e-10,
                    'll': -2310.2280487562557,
                    'objective': 2310.9609906701344,
                    'w': array([[-0.02160157],
       [ 0.3858205 ],
       [-0.26879823],
       [ 0.08313929],
       [ 0.69952608]])},
  'weight': 1500.0}]
