
The result for squared relaxation:

[{'gamma': 1.0,
  'test_measures': {'0_fnr': 0.69625840746204726,
                    '0_fpr': 0.10136225064006077,
                    '1_fnr': 0.24471329678950865,
                    '1_fpr': 0.41906384202644259,
                    'acc': 0.66831228473019522,
                    'fnr_diff': 0.45154511067253866,
                    'fpr_diff': 0.31770159138638193},
  'test_results': {'fnr_diff': 0.72297230236939514,
                   'fpr_diff': 0.46677211167456106,
                   'll': -1076.926175934555,
                   'objective': 1076.926175934555},
  'train_results': {'fnr_diff': 0.67951587927535617,
                    'fpr_diff': 0.46460356109785705,
                    'll': -2176.8815652465914,
                    'objective': 2177.2280864602208,
                    'w': array([[-0.02679661],
       [-0.30985945],
       [ 0.32545115],
       [ 0.16711789],
       [ 0.33413944]])},
  'weight': 0.0},
 {'gamma': 1.0,
  'test_measures': {'0_fnr': 0.6337187465333104,
                    '0_fpr': 0.13274385292440039,
                    '1_fnr': 0.3162119629395953,
                    '1_fpr': 0.33591489862350987,
                    'acc': 0.66969001148105634,
                    'fnr_diff': 0.31750678359371493,
                    'fpr_diff': 0.20317104569910946},
  'test_results': {'fnr_diff': 0.40649219521801871,
                   'fpr_diff': 0.22256349422450655,
                   'll': -1078.3415509528447,
                   'objective': 1090.9226647416954},
  'train_results': {'fnr_diff': 0.37316564820280124,
                    'fpr_diff': 0.2201233012969892,
                    'll': -2181.5423675926149,
                    'objective': 2193.6714891298011,
                    'w': array([[-0.02388855],
       [-0.29195411],
       [ 0.13009825],
       [ 0.16347611],
       [ 0.36082338]])},
  'weight': 20.0},
 {'gamma': 1.0,
  'test_measures': {'0_fnr': 0.60710879685279362,
                    '0_fpr': 0.15642143820070437,
                    '1_fnr': 0.36117175368982052,
                    '1_fpr': 0.2915411959578299,
                    'acc': 0.66567164179104488,
                    'fnr_diff': 0.2459370431629731,
                    'fpr_diff': 0.13511975775712551},
  'test_results': {'fnr_diff': 0.27081634398951626,
                   'fpr_diff': 0.12601088888568809,
                   'll': -1081.0549964120801,
                   'objective': 1096.9280857270883},
  'train_results': {'fnr_diff': 0.24307381828323896,
                    'fpr_diff': 0.1237566700086293,
                    'll': -2188.0674145434132,
                    'objective': 2202.9926677425146,
                    'w': array([[-0.02233613],
       [-0.28181694],
       [ 0.0214444 ],
       [ 0.16171373],
       [ 0.37694138]])},
  'weight': 40.0},
 {'gamma': 0.0,
  'test_measures': {'0_fnr': 0.59297382637013885,
                    '0_fpr': 0.17244673012873363,
                    '1_fnr': 0.38435781981576222,
                    '1_fpr': 0.27268940445807499,
                    'acc': 0.66153846153846152,
                    'fnr_diff': 0.20861600655437659,
                    'fpr_diff': 0.10024267432934139},
  'test_results': {'fnr_diff': 0.19830203449827974,
                   'fpr_diff': 0.078414171799990523,
                   'll': -1083.537585012019,
                   'objective': 1100.1405573899153},
  'train_results': {'fnr_diff': 0.17424554553385496,
                    'fpr_diff': 0.076375893293697178,
                    'll': -2193.7598265492957,
                    'objective': 2208.7971128789491,
                    'w': array([[-0.02139339],
       [-0.27955371],
       [-0.04918324],
       [ 0.16058784],
       [ 0.39191279]])},
  'weight': 60.0},
 {'gamma': 0.0,
  'test_measures': {'0_fnr': 0.57448011671179933,
                    '0_fpr': 0.18413654293677589,
                    '1_fnr': 0.40272231523434543,
                    '1_fpr': 0.25727960672157052,
                    'acc': 0.65981630309988515,
                    'fnr_diff': 0.17175780147745393,
                    'fpr_diff': 0.073143063784794626},
  'test_results': {'fnr_diff': 0.15463862119493216,
                   'fpr_diff': 0.052019643324378008,
                   'll': -1085.5987297845497,
                   'objective': 1102.1313909460946},
  'train_results': {'fnr_diff': 0.13309099908364413,
                    'fpr_diff': 0.050216982783129541,
                    'll': -2198.4164769140143,
                    'objective': 2213.0811154633566,
                    'w': array([[-0.02073124],
       [-0.27422765],
       [-0.0978752 ],
       [ 0.15983256],
       [ 0.40008942]])},
  'weight': 80.0},
 {'gamma': 0.0,
  'test_measures': {'0_fnr': 0.56458118936179758,
                    '0_fpr': 0.18992860468981609,
                    '1_fnr': 0.41627721131458539,
                    '1_fpr': 0.24274490521367159,
                    'acc': 0.65947187141217001,
                    'fnr_diff': 0.14830397804721224,
                    'fpr_diff': 0.052816300523855511},
  'test_results': {'fnr_diff': 0.12599510929627619,
                   'fpr_diff': 0.03607454749205731,
                   'll': -1087.2949957368119,
                   'objective': 1103.5019614156452},
  'train_results': {'fnr_diff': 0.10630727955220505,
                    'fpr_diff': 0.034475082666324749,
                    'll': -2202.2138580355481,
                    'objective': 2216.292094257401,
                    'w': array([[-0.02025088],
       [-0.26990178],
       [-0.13369925],
       [ 0.15924187],
       [ 0.40639179]])},
  'weight': 100.0},
 {'gamma': 0.0,
  'test_measures': {'0_fnr': 0.5503200775552568,
                    '0_fpr': 0.20052290070636025,
                    '1_fnr': 0.42990259541584769,
                    '1_fpr': 0.23803183385855003,
                    'acc': 0.65602755453501715,
                    'fnr_diff': 0.12041748213940903,
                    'fpr_diff': 0.037508933152189838},
  'test_results': {'fnr_diff': 0.10602386157292268,
                   'fpr_diff': 0.025843599580414534,
                   'll': -1088.6996671256511,
                   'objective': 1104.5237624640515},
  'train_results': {'fnr_diff': 0.087771870512001471,
                    'fpr_diff': 0.024416546899405402,
                    'll': -2205.3415875582236,
                    'objective': 2218.8041976475924,
                    'w': array([[-0.01988719],
       [-0.26621332],
       [-0.16114443],
       [ 0.15874883],
       [ 0.41144429]])},
  'weight': 120.0},
 {'gamma': 0.0,
  'test_measures': {'0_fnr': 0.53557901266990438,
                    '0_fpr': 0.20719535657508867,
                    '1_fnr': 0.43915607915142019,
                    '1_fpr': 0.23096179168100991,
                    'acc': 0.6557979334098738,
                    'fnr_diff': 0.09642293351848423,
                    'fpr_diff': 0.023766435105921253},
  'test_results': {'fnr_diff': 0.091443863134898148,
                   'fpr_diff': 0.01897625346357203,
                   'll': -1089.8755463282432,
                   'objective': 1105.3343626520291},
  'train_results': {'fnr_diff': 0.074334999258633516,
                    'fpr_diff': 0.017695366050245895,
                    'll': -2207.951103643537,
                    'objective': 2220.8353547867796,
                    'w': array([[-0.01960289],
       [-0.26295777],
       [-0.18282474],
       [ 0.15831834],
       [ 0.41562067]])},
  'weight': 140.0},
 {'gamma': 0.0,
  'test_measures': {'0_fnr': 0.52511417168361074,
                    '0_fpr': 0.21385698459955887,
                    '1_fnr': 0.44776541540938297,
                    '1_fpr': 0.22506896191325459,
                    'acc': 0.65464982778415615,
                    'fnr_diff': 0.077348756274227798,
                    'fpr_diff': 0.024191801780756646},
  'test_results': {'fnr_diff': 0.080409981451405196,
                   'fpr_diff': 0.014203298988944171,
                   'll': -1090.8713740368457,
                   'objective': 1106.0094989073018},
  'train_results': {'fnr_diff': 0.064233452012397496,
                    'fpr_diff': 0.013046879845493803,
                    'll': -2210.1563468911763,
                    'objective': 2222.5211999884391,
                    'w': array([[-0.01937508],
       [-0.26001088],
       [-0.20036761],
       [ 0.15793034],
       [ 0.4191586 ]])},
  'weight': 160.0},
 {'gamma': 0.0,
  'test_measures': {'0_fnr': 0.51665340933343418,
                    '0_fpr': 0.21776995572860453,
                    '1_fnr': 0.45200492317672031,
                    '1_fpr': 0.22288767958088568,
                    'acc': 0.65430539609644089,
                    'fnr_diff': 0.064648486156713841,
                    'fpr_diff': 0.02257757932545516},
  'test_results': {'fnr_diff': 0.071814938789671851,
                   'fpr_diff': 0.010793502996602153,
                   'll': -1091.7241205957473,
                   'objective': 1106.5936401172767},
  'train_results': {'fnr_diff': 0.056413806409936373,
                    'fpr_diff': 0.0097437448987178904,
                    'll': -2212.0422444011165,
                    'objective': 2223.9506036366743,
                    'w': array([[-0.0191889 ],
       [-0.25729286],
       [-0.21483993],
       [ 0.15757262],
       [ 0.42221644]])},
  'weight': 180.0},
 {'gamma': 0.0,
  'test_measures': {'0_fnr': 0.51030576213418677,
                    '0_fpr': 0.22214455705428332,
                    '1_fnr': 0.45302075636137173,
                    '1_fpr': 0.22203480111606694,
                    'acc': 0.65419058553386911,
                    'fnr_diff': 0.057285005772815104,
                    'fpr_diff': 0.019310883848683097},
  'test_results': {'fnr_diff': 0.06495893979866349,
                   'fpr_diff': 0.0083032624797781604,
                   'll': -1092.4618325994954,
                   'objective': 1107.1142730551837},
  'train_results': {'fnr_diff': 0.050213176314043165,
                    'fpr_diff': 0.0073455115379409148,
                    'll': -2213.6725049145398,
                    'objective': 2225.1842424849369,
                    'w': array([[-0.01903427],
       [-0.25475   ],
       [-0.22697062],
       [ 0.15723734],
       [ 0.42490391]])},
  'weight': 200.0},
 {'gamma': 0.0,
  'test_measures': {'0_fnr': 0.50535508034718302,
                    '0_fpr': 0.22594213202832888,
                    '1_fnr': 0.45927774918427328,
                    '1_fpr': 0.21992229930505433,
                    'acc': 0.65258323765786452,
                    'fnr_diff': 0.046077331162909775,
                    'fpr_diff': 0.020630049642479074},
  'test_results': {'fnr_diff': 0.059380500286338754,
                   'fpr_diff': 0.0064518357812728983,
                   'll': -1093.1059870696831,
                   'objective': 1107.5891010045577},
  'train_results': {'fnr_diff': 0.045196217604351184,
                    'fpr_diff': 0.0055739651107588979,
                    'll': -2215.0955257762989,
                    'objective': 2226.2649659736235,
                    'w': array([[-0.01890413],
       [-0.25234499],
       [-0.23727512],
       [ 0.15691929],
       [ 0.42729939]])},
  'weight': 220.0},
 {'gamma': 0.0,
  'test_measures': {'0_fnr': 0.4983004998197213,
                    '0_fpr': 0.23035015266232506,
                    '1_fnr': 0.46066636661644783,
                    '1_fpr': 0.2181620658953991,
                    'acc': 0.6526980482204362,
                    'fnr_diff': 0.038594414751790332,
                    'fpr_diff': 0.019273906129589513},
  'test_results': {'fnr_diff': 0.054764770838220664,
                   'fpr_diff': 0.0050553643022799282,
                   'll': -1093.6731600044179,
                   'objective': 1108.0299924381382},
  'train_results': {'fnr_diff': 0.041067119603136026,
                    'fpr_diff': 0.0042472624958359868,
                    'll': -2216.3484478894889,
                    'objective': 2227.2238995932421,
                    'w': array([[-0.01879337],
       [-0.25005087],
       [-0.24612743],
       [ 0.15661482],
       [ 0.42946035]])},
  'weight': 240.0},
 {'gamma': 0.0,
  'test_measures': {'0_fnr': 0.49762253371802645,
                    '0_fpr': 0.23182074089761917,
                    '1_fnr': 0.46204021090214997,
                    '1_fpr': 0.21603768376784033,
                    'acc': 0.65258323765786463,
                    'fnr_diff': 0.036542604364393293,
                    'fpr_diff': 0.019472990702143596},
  'test_results': {'fnr_diff': 0.05088997811360816,
                   'fpr_diff': 0.0039896479921759254,
                   'll': -1094.1763600819297,
                   'objective': 1108.4450628694335},
  'train_results': {'fnr_diff': 0.037618341454183662,
                    'fpr_diff': 0.0032428321797631234,
                    'll': -2217.4602952251398,
                    'objective': 2228.0842003699663,
                    'w': array([[-0.01869822],
       [-0.24784782],
       [-0.25380657],
       [ 0.15632135],
       [ 0.43143002]])},
  'weight': 260.0},
 {'gamma': 0.0,
  'test_measures': {'0_fnr': 0.49624034226421887,
                    '0_fpr': 0.23471392614374559,
                    '1_fnr': 0.46204021090214997,
                    '1_fpr': 0.21519822848887343,
                    'acc': 0.65235361653272106,
                    'fnr_diff': 0.035160412910585692,
                    'fpr_diff': 0.022680060174073417},
  'test_results': {'fnr_diff': 0.047596243344890765,
                   'fpr_diff': 0.0031687738782772887,
                   'll': -1094.6258681710472,
                   'objective': 1108.8400729935342},
  'train_results': {'fnr_diff': 0.034700836362335806,
                    'fpr_diff': 0.0024760585008318297,
                    'll': -2218.4539245897699,
                    'objective': 2228.8634551514574,
                    'w': array([[-0.01861582],
       [-0.24572093],
       [-0.26052418],
       [ 0.15603697],
       [ 0.43324136]])},
  'weight': 280.0},
 {'gamma': 0.0,
  'test_measures': {'0_fnr': 0.4892336902697717,
                    '0_fpr': 0.23909823432246263,
                    '1_fnr': 0.46310804405709743,
                    '1_fpr': 0.21435789235441965,
                    'acc': 0.65235361653272106,
                    'fnr_diff': 0.032181453150834108,
                    'fpr_diff': 0.025047561630101377},
  'test_results': {'fnr_diff': 0.044765610102151479,
                   'fpr_diff': 0.0025319587055787213,
                   'll': -1095.0299180324989,
                   'objective': 1109.219188674818},
  'train_results': {'fnr_diff': 0.032205036818911292,
                    'fpr_diff': 0.0018872076065321961,
                    'll': -2219.3475882829284,
                    'objective': 2229.5752616105615,
                    'w': array([[-0.01854397],
       [-0.24365866],
       [-0.26644394],
       [ 0.15576028],
       [ 0.43492007]])},
  'weight': 300.0},
 {'gamma': 0.0,
  'test_measures': {'0_fnr': 0.48359236996165195,
                    '0_fpr': 0.244842304851041,
                    '1_fnr': 0.4644692029702423,
                    '1_fpr': 0.21307857465719149,
                    'acc': 0.65177956371986234,
                    'fnr_diff': 0.025492532944994262,
                    'fpr_diff': 0.031763730193849531},
  'test_results': {'fnr_diff': 0.042309315115651489,
                   'fpr_diff': 0.0020353353698027979,
                   'll': -1095.3951825915415,
                   'objective': 1109.5854707468868},
  'train_results': {'fnr_diff': 0.030048756562002128,
                    'fpr_diff': 0.0014332978919126089,
                    'll': -2220.1560421051709,
                    'objective': 2230.230299530424,
                    'w': array([[-0.01848093],
       [-0.24165201],
       [-0.27169458],
       [ 0.15549019],
       [ 0.43648649]])},
  'weight': 320.0},
 {'gamma': 0.0,
  'test_measures': {'0_fnr': 0.48289306926235132,
                    '0_fpr': 0.244842304851041,
                    '1_fnr': 0.4644692029702423,
                    '1_fpr': 0.21307857465719149,
                    'acc': 0.65189437428243402,
                    'fnr_diff': 0.024793232245693565,
                    'fpr_diff': 0.031763730193849531},
  'test_results': {'fnr_diff': 0.040159483618351123,
                   'fpr_diff': 0.001646757481242252,
                   'll': -1095.7270986966585,
                   'objective': 1109.9412206705201},
  'train_results': {'fnr_diff': 0.028169409450598166,
                    'fpr_diff': 0.0010828934952910152,
                    'll': -2220.8912913648392,
                    'objective': 2230.8370743664418,
                    'w': array([[-0.01842535],
       [-0.23969382],
       [-0.27637842],
       [ 0.15522584],
       [ 0.43795684]])},
  'weight': 340.0},
 {'gamma': 0.0,
  'test_measures': {'0_fnr': 0.48145847444540352,
                    '0_fpr': 0.2462988874840942,
                    '1_fnr': 0.4648231852711272,
                    '1_fpr': 0.21219130593169452,
                    'acc': 0.65189437428243413,
                    'fnr_diff': 0.024475243363154965,
                    'fpr_diff': 0.034107581552399693},
  'test_results': {'fnr_diff': 0.038263278072466295,
                   'fpr_diff': 0.001342272105334883,
                   'll': -1096.0301705440547,
                   'objective': 1110.2881686080632},
  'train_results': {'fnr_diff': 0.026518423830983007,
                    'fpr_diff': 0.00081264012621320753,
                    'll': -2221.5632613769185,
                    'objective': 2231.4024444015095,
                    'w': array([[-0.01837612],
       [-0.2377784 ],
       [-0.28057831],
       [ 0.15496659],
       [ 0.43934432]])},
  'weight': 360.0},
 {'gamma': 0.0,
  'test_measures': {'0_fnr': 0.48145847444540352,
                    '0_fpr': 0.2462988874840942,
                    '1_fnr': 0.46588513217378208,
                    '1_fpr': 0.21095419252963268,
                    'acc': 0.65189437428243413,
                    'fnr_diff': 0.0234132964605001,
                    'fpr_diff': 0.035344694954461547},
  'test_results': {'fnr_diff': 0.036579244195218699,
                   'fpr_diff': 0.0011038506247815988,
                   'll': -1096.3081176736955,
                   'objective': 1110.6276937052958},
  'train_results': {'fnr_diff': 0.025057805401009936,
                    'fpr_diff': 0.00060499493558166268,
                    'll': -2222.1801374619426,
                    'objective': 2231.932001589847,
                    'w': array([[-0.01833234],
       [-0.23590095],
       [-0.28436138],
       [ 0.15471187],
       [ 0.44065973]])},
  'weight': 380.0},
 {'gamma': 0.0,
  'test_measures': {'0_fnr': 0.47857943550588411,
                    '0_fpr': 0.24776947571938832,
                    '1_fnr': 0.46860172605395106,
                    '1_fpr': 0.21007407582480506,
                    'acc': 0.6513203214695753,
                    'fnr_diff': 0.02349388284644268,
                    'fpr_diff': 0.037695399894583259},
  'test_results': {'fnr_diff': 0.035074206553555275,
                   'fpr_diff': 0.00091769022067243462,
                   'll': -1096.5640747065177,
                   'objective': 1110.9608334162087},
  'train_results': {'fnr_diff': 0.0237572520041202,
                    'fpr_diff': 0.00044659160460800237,
                    'll': -2222.7488139362454,
                    'objective': 2232.4303513797363,
                    'w': array([[-0.01829328],
       [-0.23405768],
       [-0.28778326],
       [ 0.15446127],
       [ 0.44191197]])},
  'weight': 400.0}]

The result for absolute value relaxation:

[{'gamma': 1.0,
  'test_measures': {'0_fnr': 0.69625840746204726,
                    '0_fpr': 0.10136225064006077,
                    '1_fnr': 0.24471329678950865,
                    '1_fpr': 0.41906384202644259,
                    'acc': 0.66831228473019522,
                    'fnr_diff': 0.45154511067253866,
                    'fpr_diff': 0.31770159138638193},
  'test_results': {'fnr_diff': 0.84660619446629093,
                   'fpr_diff': 0.68178537665755068,
                   'll': -1076.926175934555,
                   'objective': 1076.926175934555},
  'train_results': {'fnr_diff': 0.82405995994970704,
                    'fpr_diff': 0.68079960846430132,
                    'll': -2176.8815652465914,
                    'objective': 2177.2280864602208,
                    'w': array([[-0.02679661],
       [-0.30985945],
       [ 0.32545115],
       [ 0.16711789],
       [ 0.33413944]])},
  'weight': 0.0},
 {'gamma': 1.0,
  'test_measures': {'0_fnr': 0.6407650093319055,
                    '0_fpr': 0.12789931869722199,
                    '1_fnr': 0.31551668371038272,
                    '1_fpr': 0.33716608012396049,
                    'acc': 0.66957520091848455,
                    'fnr_diff': 0.32524832562152289,
                    'fpr_diff': 0.20926676142673845},
  'test_results': {'fnr_diff': 0.64914452225971053,
                   'fpr_diff': 0.48559999187154829,
                   'll': -1078.1679177657531,
                   'objective': 1100.8628080483784},
  'train_results': {'fnr_diff': 0.62643482584857946,
                    'fpr_diff': 0.48362365774621141,
                    'll': -2180.890158649825,
                    'objective': 2203.3589060061277,
                    'w': array([[-0.02408573],
       [-0.29487859],
       [ 0.14394319],
       [ 0.16397131],
       [ 0.3581441 ]])},
  'weight': 20.0},
 {'gamma': 0.0,
  'test_measures': {'0_fnr': 0.59437259511123575,
                    '0_fpr': 0.1695149889908189,
                    '1_fnr': 0.37942824400499076,
                    '1_fpr': 0.27692244095625634,
                    'acc': 0.66245694603903549,
                    'fnr_diff': 0.21494435110624494,
                    'fpr_diff': 0.10740745196543744},
  'test_results': {'fnr_diff': 0.45610102706323763,
                   'fpr_diff': 0.29309514493048094,
                   'll': -1083.1563492582038,
                   'objective': 1113.1241961379524},
  'train_results': {'fnr_diff': 0.43324441769225236,
                    'fpr_diff': 0.2900739715371769,
                    'll': -2192.4985238582535,
                    'objective': 2221.4312594274306,
                    'w': array([[-0.02155695],
       [-0.28599359],
       [-0.03626553],
       [ 0.16155344],
       [ 0.38766798]])},
  'weight': 40.0},
 {'gamma': 0.0,
  'test_measures': {'0_fnr': 0.5237765156867632,
                    '0_fpr': 0.21639759192467403,
                    '1_fnr': 0.45150016056990666,
                    '1_fpr': 0.22372109963762005,
                    'acc': 0.65338691159586682,
                    'fnr_diff': 0.072276355116856567,
                    'fpr_diff': 0.017879679867342339},
  'test_results': {'fnr_diff': 0.26549363696903355,
                   'fpr_diff': 0.10235575286806217,
                   'll': -1091.8262785532515,
                   'objective': 1113.8972419434776},
  'train_results': {'fnr_diff': 0.24225351319750227,
                    'fpr_diff': 0.098345477967330328,
                    'll': -2211.6266673225132,
                    'objective': 2232.0626067924031,
                    'w': array([[-0.019128  ],
       [-0.27330423],
       [-0.21585569],
       [ 0.1599373 ],
       [ 0.41560546]])},
  'weight': 60.0},
 {'gamma': 0.5,
  'test_measures': {'0_fnr': 0.47384386178651028,
                    '0_fpr': 0.25300365330650709,
                    '1_fnr': 0.47038962576967303,
                    '1_fpr': 0.20678458044567569,
                    'acc': 0.65120551090700352,
                    'fnr_diff': 0.014893229537481279,
                    'fpr_diff': 0.04621907286083142},
  'test_results': {'fnr_diff': 0.16661770599900955,
                   'fpr_diff': 0.015538690842479025,
                   'll': -1097.4607966279921,
                   'objective': 1112.0333083753112},
  'train_results': {'fnr_diff': 0.14260532103963541,
                    'fpr_diff': 8.4214647755320731e-11,
                    'll': -2224.6672845584008,
                    'objective': 2236.2634175177691,
                    'w': array([[-0.01791453],
       [-0.25885857],
       [-0.30758731],
       [ 0.15844484],
       [ 0.43078795]])},
  'weight': 80.0},
 {'gamma': 0.0,
  'test_measures': {'0_fnr': 0.47588211478214959,
                    '0_fpr': 0.25349384938493846,
                    '1_fnr': 0.47075201876265388,
                    '1_fpr': 0.20635814121326632,
                    'acc': 0.65074626865671648,
                    'fnr_diff': 0.018095671621785148,
                    'fpr_diff': 0.047135708171672168},
  'test_results': {'fnr_diff': 0.16363631277413962,
                   'fpr_diff': 0.015343741721845633,
                   'll': -1097.5326162671095,
                   'objective': 1115.4306217167077},
  'train_results': {'fnr_diff': 0.13956710559243324,
                    'fpr_diff': 9.0847362965718053e-11,
                    'll': -2224.9406618806192,
                    'objective': 2238.897372448947,
                    'w': array([[-0.01799664],
       [-0.24855213],
       [-0.30679395],
       [ 0.15665096],
       [ 0.43830531]])},
  'weight': 100.0},
 {'gamma': 0.0,
  'test_measures': {'0_fnr': 0.4744572541331305,
                    '0_fpr': 0.25201327113965438,
                    '1_fnr': 0.4696860430598333,
                    '1_fpr': 0.20755459318946751,
                    'acc': 0.65132032146957519,
                    'fnr_diff': 0.01637279687186528,
                    'fpr_diff': 0.044458677950186834},
  'test_results': {'fnr_diff': 0.16064262117119074,
                   'fpr_diff': 0.015575358844436903,
                   'll': -1097.6359773562274,
                   'objective': 1118.7821349581029},
  'train_results': {'fnr_diff': 0.1364714973760347,
                    'fpr_diff': 2.6042407119675203e-11,
                    'll': -2225.2811348942573,
                    'objective': 2241.6577145825058,
                    'w': array([[-0.01805288],
       [-0.23616909],
       [-0.30562804],
       [ 0.1548683 ],
       [ 0.44344447]])},
  'weight': 120.0},
 {'gamma': 0.0,
  'test_measures': {'0_fnr': 0.46871129444122595,
                    '0_fpr': 0.25937189194032528,
                    '1_fnr': 0.47073278015012754,
                    '1_fpr': 0.20714157714290998,
                    'acc': 0.65028702640642932,
                    'fnr_diff': 0.019418967947465792,
                    'fpr_diff': 0.052230314797415286},
  'test_results': {'fnr_diff': 0.1576760460054793,
                   'fpr_diff': 0.015853570737312632,
                   'll': -1097.7693900095019,
                   'objective': 1122.0635363534925},
  'train_results': {'fnr_diff': 0.13340187026333244,
                    'fpr_diff': 2.5712168505442891e-12,
                    'll': -2225.6801436639848,
                    'objective': 2244.3564055012112,
                    'w': array([[-0.01810971],
       [-0.22382552],
       [-0.30448801],
       [ 0.15310787],
       [ 0.44857436]])},
  'weight': 140.0},
 {'gamma': 0.0,
  'test_measures': {'0_fnr': 0.46537879194870346,
                    '0_fpr': 0.26130896379877161,
                    '1_fnr': 0.47210779126293512,
                    '1_fpr': 0.20676359626956753,
                    'acc': 0.65005740528128597,
                    'fnr_diff': 0.023418516951025849,
                    'fpr_diff': 0.054545367529204067},
  'test_results': {'fnr_diff': 0.15473592529505673,
                   'fpr_diff': 0.016131934453963676,
                   'll': -1097.9323698111468,
                   'objective': 1125.2712273709901},
  'train_results': {'fnr_diff': 0.13035755008443187,
                    'fpr_diff': 7.2563080544263411e-12,
                    'll': -2226.136750042012,
                    'objective': 2246.993958056682,
                    'w': array([[-0.0181671 ],
       [-0.21151984],
       [-0.30337335],
       [ 0.15136916],
       [ 0.45369551]])},
  'weight': 160.0},
 {'gamma': 0.0,
  'test_measures': {'0_fnr': 0.46396536438686597,
                    '0_fpr': 0.26370280079074487,
                    '1_fnr': 0.4724531169914285,
                    '1_fpr': 0.20676986743475001,
                    'acc': 0.64959816303099882,
                    'fnr_diff': 0.025177270241356707,
                    'fpr_diff': 0.05693293335599485},
  'test_results': {'fnr_diff': 0.15182161698789659,
                   'fpr_diff': 0.016410474783887952,
                   'll': -1098.124450704008,
                   'objective': 1128.4062272229294},
  'train_results': {'fnr_diff': 0.12733788476511726,
                    'fpr_diff': 1.4683534943493725e-11,
                    'll': -2226.6500525844795,
                    'objective': 2249.5708718448432,
                    'w': array([[-0.01822508],
       [-0.19925051],
       [-0.30228361],
       [ 0.14965171],
       [ 0.45880844]])},
  'weight': 180.0},
 {'gamma': 0.0,
  'test_measures': {'0_fnr': 0.46743402485139401,
                    '0_fpr': 0.26756778069532872,
                    '1_fnr': 0.4714184818601389,
                    '1_fpr': 0.20507817860350125,
                    'acc': 0.64890929965556832,
                    'fnr_diff': 0.020915332953164657,
                    'fpr_diff': 0.062489602091827481},
  'test_results': {'fnr_diff': 0.14893249565281308,
                   'fpr_diff': 0.016689215894820794,
                   'll': -1098.3451852822745,
                   'objective': 1131.4695275918016},
  'train_results': {'fnr_diff': 0.12434223723662181,
                    'fpr_diff': 1.0519227849892232e-10,
                    'll': -2227.2191860938278,
                    'objective': 2252.0876335621901,
                    'w': array([[-0.01828362],
       [-0.187016  ],
       [-0.30121832],
       [ 0.14795504],
       [ 0.46391366]])},
  'weight': 200.0},
 {'gamma': 0.0,
  'test_measures': {'0_fnr': 0.46602076463205205,
                    '0_fpr': 0.2694945793868333,
                    '1_fnr': 0.47177246416102381,
                    '1_fpr': 0.20590983694926193,
                    'acc': 0.64833524684270949,
                    'fnr_diff': 0.02197461087162168,
                    'fpr_diff': 0.063584742437571395},
  'test_results': {'fnr_diff': 0.14606794371369142,
                   'fpr_diff': 0.016968181879528466,
                   'll': -1098.5941439613321,
                   'objective': 1134.4620915918404},
  'train_results': {'fnr_diff': 0.12136998214334746,
                    'fpr_diff': 8.0201779939503834e-11,
                    'll': -2227.843321145529,
                    'objective': 2254.5447172347099,
                    'w': array([[-0.01834274],
       [-0.17481485],
       [-0.30017703],
       [ 0.14627868],
       [ 0.46901167]])},
  'weight': 220.0},
 {'gamma': 0.0,
  'test_measures': {'0_fnr': 0.46313691617741598,
                    '0_fpr': 0.27484845187815482,
                    '1_fnr': 0.47176785194730531,
                    '1_fpr': 0.20672744429791567,
                    'acc': 0.64730195177956373,
                    'fnr_diff': 0.024853847112539316,
                    'fpr_diff': 0.068121007580239201},
  'test_results': {'fnr_diff': 0.14322736611617976,
                   'fpr_diff': 0.017247394581856527,
                   'll': -1098.8709150621139,
                   'objective': 1137.384857629643},
  'train_results': {'fnr_diff': 0.11842051314971277,
                    'fpr_diff': 1.3950815919150373e-10,
                    'll': -2228.521661504823,
                    'objective': 2256.9425846942358,
                    'w': array([[-0.01840242],
       [-0.1626456 ],
       [-0.29915929],
       [ 0.1446222 ],
       [ 0.47410299]])},
  'weight': 240.0},
 {'gamma': 0.0,
  'test_measures': {'0_fnr': 0.46534528695916322,
                    '0_fpr': 0.27876086832988406,
                    '1_fnr': 0.47175885784165672,
                    '1_fpr': 0.20799662628828944,
                    'acc': 0.64569460390355915,
                    'fnr_diff': 0.021246019732215349,
                    'fpr_diff': 0.070764242041594608},
  'test_results': {'fnr_diff': 0.14041017916796542,
                   'fpr_diff': 0.017526877885564063,
                   'll': -1099.175102006287,
                   'objective': 1140.2387368402049},
  'train_results': {'fnr_diff': 0.11549323889314769,
                    'fpr_diff': 1.9815147161983405e-10,
                    'll': -2229.2534435349967,
                    'objective': 2259.2816856987347,
                    'w': array([[-0.01846267],
       [-0.15050684],
       [-0.2981647 ],
       [ 0.14298516],
       [ 0.47918812]])},
  'weight': 260.0},
 {'gamma': 0.0,
  'test_measures': {'0_fnr': 0.46189128531537571,
                    '0_fpr': 0.28066852483567684,
                    '1_fnr': 0.47208344059726126,
                    '1_fpr': 0.2071171544959988,
                    'acc': 0.64592422502870261,
                    'fnr_diff': 0.024057293010914603,
                    'fpr_diff': 0.073551370339678054},
  'test_results': {'fnr_diff': 0.13761581323175351,
                   'fpr_diff': 0.017806653666654258,
                   'll': -1099.5063262919343,
                   'objective': 1143.0246170234884},
  'train_results': {'fnr_diff': 0.11258757837621189,
                    'fpr_diff': 2.6289095900189352e-10,
                    'll': -2230.0379363014335,
                    'objective': 2261.5624583203817,
                    'w': array([[-0.01852349],
       [-0.1383972 ],
       [-0.29719284],
       [ 0.14136714],
       [ 0.48426756]])},
  'weight': 280.0},
 {'gamma': 0.0,
  'test_measures': {'0_fnr': 0.45843977210039438,
                    '0_fpr': 0.28213397648750005,
                    '1_fnr': 0.46970699237682201,
                    '1_fpr': 0.2071171544959988,
                    'acc': 0.64695752009184848,
                    'fnr_diff': 0.023015942699461368,
                    'fpr_diff': 0.075016821991501281},
  'test_results': {'fnr_diff': 0.13484371156177882,
                   'fpr_diff': 0.018086744260388206,
                   'll': -1099.8642241668163,
                   'objective': 1145.7433609134666},
  'train_results': {'fnr_diff': 0.10970296778922506,
                    'fpr_diff': 5.0481781255218297e-11,
                    'll': -2230.8744387060451,
                    'objective': 2263.7853290579565,
                    'w': array([[-0.01858488],
       [-0.12631532],
       [-0.29624332],
       [ 0.13976772],
       [ 0.4893418 ]])},
  'weight': 300.0},
 {'gamma': 0.0,
  'test_measures': {'0_fnr': 0.45699776420182864,
                    '0_fpr': 0.28602295200431482,
                    '1_fnr': 0.46899810682824228,
                    '1_fpr': 0.20755139066161443,
                    'acc': 0.64638346727898965,
                    'fnr_diff': 0.02374906504944747,
                    'fpr_diff': 0.078471561342700391},
  'test_results': {'fnr_diff': 0.13209333221630756,
                   'fpr_diff': 0.018367170532239425,
                   'll': -1100.2484462255497,
                   'objective': 1148.3958071050847},
  'train_results': {'fnr_diff': 0.10683885649392703,
                    'fpr_diff': 1.9585698202151392e-10,
                    'll': -2231.7622795211041,
                    'objective': 2265.9507136618349,
                    'w': array([[-0.01864683],
       [-0.11425987],
       [-0.29531572],
       [ 0.1381865 ],
       [ 0.49441133]])},
  'weight': 320.0},
 {'gamma': 0.0,
  'test_measures': {'0_fnr': 0.45551971068011643,
                    '0_fpr': 0.2865368605380253,
                    '1_fnr': 0.46861345094350282,
                    '1_fpr': 0.20885794659885143,
                    'acc': 0.64626865671641798,
                    'fnr_diff': 0.029067814799096304,
                    'fpr_diff': 0.077678913939173935},
  'test_results': {'fnr_diff': 0.12936414266495483,
                   'fpr_diff': 0.018647953779946685,
                   'll': -1100.6586594641763,
                   'objective': 1150.9827722554423},
  'train_results': {'fnr_diff': 0.10399470372093858,
                    'fpr_diff': 7.1550075586568338e-11,
                    'll': -2232.7008170671129,
                    'objective': 2268.0590163565589,
                    'w': array([[-0.01870934],
       [-0.10222957],
       [-0.2944097 ],
       [ 0.13662308],
       [ 0.49947664]])},
  'weight': 340.0},
 {'gamma': 0.0,
  'test_measures': {'0_fnr': 0.45693297089945839,
                    '0_fpr': 0.28896439999526774,
                    '1_fnr': 0.46929318282709775,
                    '1_fpr': 0.20927723381059143,
                    'acc': 0.64512055109070032,
                    'fnr_diff': 0.028334286463349255,
                    'fpr_diff': 0.079687166184676334},
  'test_results': {'fnr_diff': 0.12665562305755124,
                   'fpr_diff': 0.018929115223643076,
                   'll': -1101.0945444415001,
                   'objective': 1153.50505022273},
  'train_results': {'fnr_diff': 0.10116998225716631,
                    'fpr_diff': 9.867893030479635e-11,
                    'll': -2233.6894376313467,
                    'objective': 2270.1106312794514,
                    'w': array([[-0.01877241],
       [-0.09022313],
       [-0.29352487],
       [ 0.13507709],
       [ 0.50453822]])},
  'weight': 360.0},
 {'gamma': 0.0,
  'test_measures': {'0_fnr': 0.45758467775073547,
                    '0_fpr': 0.29377551491412879,
                    '1_fnr': 0.46895685120425296,
                    '1_fpr': 0.20964267235356893,
                    'acc': 0.64385763490241099,
                    'fnr_diff': 0.026645761886771879,
                    'fpr_diff': 0.084132842560559834},
  'test_results': {'fnr_diff': 0.12396726528673423,
                   'fpr_diff': 0.019210675556158484,
                   'll': -1101.5557954575356,
                   'objective': 1155.9634129778347},
  'train_results': {'fnr_diff': 0.098364175923814121,
                    'fpr_diff': 1.5737310898877865e-10,
                    'll': -2234.7275548811353,
                    'objective': 2272.1059417919869,
                    'w': array([[-0.01883605],
       [-0.0782393 ],
       [-0.29266088],
       [ 0.13354814],
       [ 0.50959656]])},
  'weight': 380.0},
 {'gamma': 0.0,
  'test_measures': {'0_fnr': 0.45116340772843755,
                    '0_fpr': 0.29812985306287582,
                    '1_fnr': 0.46410782163752112,
                    '1_fpr': 0.21478491358305313,
                    'acc': 0.64408725602755457,
                    'fnr_diff': 0.026809551638112661,
                    'fpr_diff': 0.083344939479822647},
  'test_results': {'fnr_diff': 0.12129857173788476,
                   'fpr_diff': 0.019492654591180603,
                   'll': -1102.0421206101917,
                   'objective': 1158.3586111418176},
  'train_results': {'fnr_diff': 0.095576779790730648,
                    'fpr_diff': 1.3419267780312438e-10,
                    'll': -2235.8146090864598,
                    'objective': 2274.0453210564283,
                    'w': array([[-0.01890025],
       [-0.06627687],
       [-0.29181738],
       [ 0.13203587],
       [ 0.51465213]])},
  'weight': 400.0}]
