default dataset with protected value gender

The result for squared relaxation:

[{'gamma': 10.894736842105264,
  'test_measures': {'0_fnr': 0.73854463223355249,
                    '0_fpr': 0.041494036677481083,
                    '1_fnr': 0.78531330019898482,
                    '1_fpr': 0.024471600653415828,
                    'acc': 0.80649122807017548,
                    'fnr_diff': 0.04676866796543229,
                    'fpr_diff': 0.017022436024065252},
  'test_results': {'fnr_diff': 0.049613471646909033,
                   'fpr_diff': 0.036043535948970938,
                   'll': -13760.292190298545,
                   'objective': 13760.292190298545},
  'train_results': {'fnr_diff': 0.06627984611745294,
                    'fpr_diff': 0.078476779551800852,
                    'll': -677.74297403926028,
                    'objective': 682.65149595636672,
                    'w': array([[ -1.23337546e-06],
       [ -1.33704918e-01],
       [ -1.20906877e-01],
       [ -3.02920176e-01],
       [ -1.44521084e-03],
       [  5.05773688e-01],
       [  8.12743431e-02],
       [  7.41344138e-02],
       [ -4.17513666e-02],
       [  7.60670739e-02],
       [  2.99507261e-02],
       [ -6.41430393e-06],
       [ -3.96871896e-06],
       [  8.70636326e-06],
       [  9.09596276e-07],
       [ -2.44386487e-06],
       [  3.57200639e-06],
       [ -3.28501825e-05],
       [ -2.30694360e-05],
       [ -1.44315579e-05],
       [  4.27319005e-06],
       [ -8.20620732e-06],
       [ -1.50090177e-05]])},
  'weight': 0.0},
 {'gamma': 10.526315789473685,
  'test_measures': {'0_fnr': 0.7436742169941063,
                    '0_fpr': 0.040467320518109501,
                    '1_fnr': 0.78218320743673364,
                    '1_fpr': 0.025073463611689085,
                    'acc': 0.80641403508771925,
                    'fnr_diff': 0.040534207514058875,
                    'fpr_diff': 0.015393856906420417},
  'test_results': {'fnr_diff': 0.03935039647062747,
                   'fpr_diff': 0.027596905044222485,
                   'll': -13757.75885657419,
                   'objective': 13757.926224827976},
  'train_results': {'fnr_diff': 0.054930991930070804,
                    'fpr_diff': 0.064486078300304506,
                    'll': -677.79235656926392,
                    'objective': 682.81428987867196,
                    'w': array([[ -1.23567006e-06],
       [ -1.09351650e-01],
       [ -1.21867411e-01],
       [ -3.07314696e-01],
       [ -1.62881240e-03],
       [  5.06970264e-01],
       [  8.15996701e-02],
       [  7.41903439e-02],
       [ -4.32642591e-02],
       [  7.62157742e-02],
       [  2.96502183e-02],
       [ -6.46780173e-06],
       [ -3.87104858e-06],
       [  8.63762305e-06],
       [  8.75355495e-07],
       [ -2.41677516e-06],
       [  3.58019741e-06],
       [ -3.25802498e-05],
       [ -2.25288529e-05],
       [ -1.44472599e-05],
       [  4.23901770e-06],
       [ -8.32554232e-06],
       [ -1.49843184e-05]])},
  'weight': 2.5},
 {'gamma': 10.526315789473685,
  'test_measures': {'0_fnr': 0.7468240473118829,
                    '0_fpr': 0.039580550355907781,
                    '1_fnr': 0.7792214502684045,
                    '1_fpr': 0.025411089109171316,
                    'acc': 0.80658947368421052,
                    'fnr_diff': 0.035778061616737709,
                    'fpr_diff': 0.014169461246736468},
  'test_results': {'fnr_diff': 0.031841571463697614,
                   'fpr_diff': 0.021554529518990725,
                   'll': -13756.012258678416,
                   'objective': 13756.279239183326},
  'train_results': {'fnr_diff': 0.046538289177589752,
                    'fpr_diff': 0.054249657408851813,
                    'll': -677.90065370570585,
                    'objective': 683.08827578834075,
                    'w': array([[ -1.23911667e-06],
       [ -8.95579492e-02],
       [ -1.22419888e-01],
       [ -3.09577008e-01],
       [ -1.82094727e-03],
       [  5.06274325e-01],
       [  8.23261567e-02],
       [  7.40116707e-02],
       [ -4.37792647e-02],
       [  7.58875093e-02],
       [  2.95220925e-02],
       [ -6.51833219e-06],
       [ -3.77442849e-06],
       [  8.57176510e-06],
       [  8.45910076e-07],
       [ -2.38919238e-06],
       [  3.58705243e-06],
       [ -3.23931002e-05],
       [ -2.20964670e-05],
       [ -1.44599025e-05],
       [  4.20008011e-06],
       [ -8.43080478e-06],
       [ -1.49708009e-05]])},
  'weight': 5.0},
 {'gamma': 10.526315789473685,
  'test_measures': {'0_fnr': 0.75019805200908829,
                    '0_fpr': 0.038903428877907043,
                    '1_fnr': 0.77659557666202128,
                    '1_fpr': 0.025778022861714194,
                    'acc': 0.8066245614035088,
                    'fnr_diff': 0.030439298610243571,
                    'fpr_diff': 0.013125406016192841},
  'test_results': {'fnr_diff': 0.026436939216726907,
                   'fpr_diff': 0.017317121742884023,
                   'll': -13754.679858141826,
                   'objective': 13755.008013599023},
  'train_results': {'fnr_diff': 0.040388873473615458,
                    'fpr_diff': 0.046733033470301832,
                    'll': -678.01097756564627,
                    'objective': 683.32233343261237,
                    'w': array([[ -1.24211699e-06],
       [ -7.36443287e-02],
       [ -1.22877488e-01],
       [ -3.11396636e-01],
       [ -1.97744492e-03],
       [  5.05663522e-01],
       [  8.30075302e-02],
       [  7.38467427e-02],
       [ -4.42296916e-02],
       [  7.56103705e-02],
       [  2.93940275e-02],
       [ -6.56368042e-06],
       [ -3.68334295e-06],
       [  8.50835701e-06],
       [  8.20215607e-07],
       [ -2.36432768e-06],
       [  3.59245038e-06],
       [ -3.22276303e-05],
       [ -2.17116032e-05],
       [ -1.44654330e-05],
       [  4.16645715e-06],
       [ -8.51903705e-06],
       [ -1.49602224e-05]])},
  'weight': 7.5},
 {'gamma': 10.526315789473685,
  'test_measures': {'0_fnr': 0.75283836777938185,
                    '0_fpr': 0.038389913269496638,
                    '1_fnr': 0.77491956717966826,
                    '1_fpr': 0.02610098455662966,
                    'acc': 0.80658245614035096,
                    'fnr_diff': 0.026705003186625876,
                    'fpr_diff': 0.012288928712866977},
  'test_results': {'fnr_diff': 0.022423056397764908,
                   'fpr_diff': 0.014253164692480811,
                   'll': -13753.572033538143,
                   'objective': 13753.938795749045},
  'train_results': {'fnr_diff': 0.035731513692428316,
                    'fpr_diff': 0.041030083006585324,
                    'll': -678.11816837048684,
                    'objective': 683.5266223731511,
                    'w': array([[ -1.24477810e-06],
       [ -6.05830958e-02],
       [ -1.23263879e-01],
       [ -3.12889110e-01],
       [ -2.10768557e-03],
       [  5.05113764e-01],
       [  8.36529736e-02],
       [  7.36915003e-02],
       [ -4.46318112e-02],
       [  7.53703278e-02],
       [  2.92667218e-02],
       [ -6.60501099e-06],
       [ -3.59698473e-06],
       [  8.44736787e-06],
       [  7.97240810e-07],
       [ -2.34151175e-06],
       [  3.59670400e-06],
       [ -3.20777242e-05],
       [ -2.13625836e-05],
       [ -1.44657243e-05],
       [  4.13676974e-06],
       [ -8.59437700e-06],
       [ -1.49516477e-05]])},
  'weight': 10.0},
 {'gamma': 10.526315789473685,
  'test_measures': {'0_fnr': 0.75613516131475245,
                    '0_fpr': 0.037759436151234352,
                    '1_fnr': 0.77380143270291313,
                    '1_fpr': 0.026409313676081299,
                    'acc': 0.80644912280701742,
                    'fnr_diff': 0.023645516763284614,
                    'fpr_diff': 0.011350122475153048},
  'test_results': {'fnr_diff': 0.019364308941560156,
                   'fpr_diff': 0.011981574537386875,
                   'll': -13752.591642152163,
                   'objective': 13752.983465695648},
  'train_results': {'fnr_diff': 0.032105814973759264,
                    'fpr_diff': 0.03658482316578749,
                    'll': -678.22014523953271,
                    'objective': 683.70803863234801,
                    'w': array([[ -1.24716745e-06],
       [ -4.96797778e-02],
       [ -1.23595311e-01],
       [ -3.14133153e-01],
       [ -2.21801167e-03],
       [  5.04609678e-01],
       [  8.42687072e-02],
       [  7.35436436e-02],
       [ -4.49966309e-02],
       [  7.51581644e-02],
       [  2.91407289e-02],
       [ -6.64312706e-06],
       [ -3.51476195e-06],
       [  8.38872953e-06],
       [  7.76308885e-07],
       [ -2.32028537e-06],
       [  3.60003674e-06],
       [ -3.19397818e-05],
       [ -2.10416437e-05],
       [ -1.44621619e-05],
       [  4.11009687e-06],
       [ -8.65969654e-06],
       [ -1.49446132e-05]])},
  'weight': 12.5},
 {'gamma': 10.526315789473685,
  'test_measures': {'0_fnr': 0.75863165298033497,
                    '0_fpr': 0.037269295798854921,
                    '1_fnr': 0.77273994867389362,
                    '1_fpr': 0.0266441599249456,
                    'acc': 0.80637894736842097,
                    'fnr_diff': 0.020233048525939833,
                    'fpr_diff': 0.010625135873909322},
  'test_results': {'fnr_diff': 0.016982598947474455,
                   'fpr_diff': 0.010261984584421104,
                   'll': -13751.684542805582,
                   'objective': 13752.09321155856},
  'train_results': {'fnr_diff': 0.02921677740444014,
                    'fpr_diff': 0.033040634540371594,
                    'll': -678.31626269033109,
                    'objective': 683.8714337935387,
                    'w': array([[ -1.24934339e-06],
       [ -4.04479003e-02],
       [ -1.23883369e-01],
       [ -3.15183961e-01],
       [ -2.31286843e-03],
       [  5.04140886e-01],
       [  8.48593819e-02],
       [  7.34014781e-02],
       [ -4.53317104e-02],
       [  7.49673751e-02],
       [  2.90163608e-02],
       [ -6.67861546e-06],
       [ -3.43624420e-06],
       [  8.33240405e-06],
       [  7.56931303e-07],
       [ -2.30033029e-06],
       [  3.60262253e-06],
       [ -3.18112215e-05],
       [ -2.07435620e-05],
       [ -1.44555596e-05],
       [  4.08578847e-06],
       [ -8.71705521e-06],
       [ -1.49386793e-05]])},
  'weight': 15.0},
 {'gamma': 10.526315789473685,
  'test_measures': {'0_fnr': 0.75965669827880755,
                    '0_fpr': 0.03684913454407647,
                    '1_fnr': 0.77145471862201942,
                    '1_fpr': 0.02690838446718205,
                    'acc': 0.80644210526315785,
                    'fnr_diff': 0.018471592010025861,
                    'fpr_diff': 0.0099407500768944144},
  'test_results': {'fnr_diff': 0.015093794072133782,
                   'fpr_diff': 0.00893720150927905,
                   'll': -13750.823292641982,
                   'objective': 13751.243835064655},
  'train_results': {'fnr_diff': 0.026868279322956722,
                    'fpr_diff': 0.03015987547435724,
                    'll': -678.40654159207213,
                    'objective': 684.02032474140753,
                    'w': array([[ -1.25133769e-06],
       [ -3.25367172e-02],
       [ -1.24136563e-01],
       [ -3.16081629e-01],
       [ -2.39546518e-03],
       [  5.03700136e-01],
       [  8.54283439e-02],
       [  7.32640826e-02],
       [ -4.56425791e-02],
       [  7.47935003e-02],
       [  2.88938774e-02],
       [ -6.71191320e-06],
       [ -3.36108099e-06],
       [  8.27833088e-06],
       [  7.38769822e-07],
       [ -2.28142039e-06],
       [  3.60459343e-06],
       [ -3.16904898e-05],
       [ -2.04645274e-05],
       [ -1.44466843e-05],
       [  4.06338764e-06],
       [ -8.76800435e-06],
       [ -1.49335819e-05]])},
  'weight': 17.5},
 {'gamma': 10.526315789473685,
  'test_measures': {'0_fnr': 0.76134280820868283,
                    '0_fpr': 0.036359495407448844,
                    '1_fnr': 0.77078446928114797,
                    '1_fpr': 0.027069872846913479,
                    'acc': 0.80643508771929828,
                    'fnr_diff': 0.01709687798247559,
                    'fpr_diff': 0.0092896225605353638},
  'test_results': {'fnr_diff': 0.013572087615246583,
                   'fpr_diff': 0.0079011774065510416,
                   'll': -13749.991615247272,
                   'objective': 13750.421080547709},
  'train_results': {'fnr_diff': 0.024925836535425256,
                    'fpr_diff': 0.027778876398417106,
                    'll': -678.49130479628536,
                    'objective': 684.15732641036038,
                    'w': array([[ -1.25318421e-06],
       [ -2.56869131e-02],
       [ -1.24361170e-01],
       [ -3.16855919e-01],
       [ -2.46817629e-03],
       [  5.03282353e-01],
       [  8.59782329e-02],
       [  7.31307200e-02],
       [ -4.59333941e-02],
       [  7.46331544e-02],
       [  2.87734205e-02],
       [ -6.74333983e-06],
       [ -3.28898260e-06],
       [  8.22641097e-06],
       [  7.21570331e-07],
       [ -2.26336602e-06],
       [  3.60604199e-06],
       [ -3.15763325e-05],
       [ -2.02016274e-05],
       [ -1.44359897e-05],
       [  4.04253741e-06],
       [ -8.81364295e-06],
       [ -1.49291727e-05]])},
  'weight': 20.0},
 {'gamma': 10.526315789473685,
  'test_measures': {'0_fnr': 0.76331957655135163,
                    '0_fpr': 0.035892910202527981,
                    '1_fnr': 0.77011374900356355,
                    '1_fpr': 0.027231362318157658,
                    'acc': 0.80639298245614044,
                    'fnr_diff': 0.017020379781287807,
                    'fpr_diff': 0.0086615478843703169},
  'test_results': {'fnr_diff': 0.012329215958587537,
                   'fpr_diff': 0.0070804572055312874,
                   'll': -13749.181421037789,
                   'objective': 13749.618138683983},
  'train_results': {'fnr_diff': 0.023294694815839713,
                    'fpr_diff': 0.025782288022617783,
                    'll': -678.57098969633523,
                    'objective': 684.28442607263821,
                    'w': array([[ -1.25490205e-06],
       [ -1.97026400e-02],
       [ -1.24562096e-01],
       [ -3.17529335e-01],
       [ -2.53279802e-03],
       [  5.02883646e-01],
       [  8.65111638e-02],
       [  7.30007926e-02],
       [ -4.62071643e-02],
       [  7.44838931e-02],
       [  2.86550549e-02],
       [ -6.77316854e-06],
       [ -3.21971536e-06],
       [  8.17659246e-06],
       [  7.05148373e-07],
       [ -2.24604955e-06],
       [  3.60705531e-06],
       [ -3.14678306e-05],
       [ -1.99528005e-05],
       [ -1.44238488e-05],
       [  4.02298823e-06],
       [ -8.85490948e-06],
       [ -1.49252668e-05]])},
  'weight': 22.5},
 {'gamma': 10.526315789473685,
  'test_measures': {'0_fnr': 0.7645663385193352,
                    '0_fpr': 0.035612917374083529,
                    '1_fnr': 0.76938734995982505,
                    '1_fpr': 0.027378169640788829,
                    'acc': 0.80637894736842097,
                    'fnr_diff': 0.016302503644268572,
                    'fpr_diff': 0.0082347477332947033},
  'test_results': {'fnr_diff': 0.011301789057271939,
                   'fpr_diff': 0.0064229922745480785,
                   'll': -13748.389910679611,
                   'objective': 13748.833030212907},
  'train_results': {'fnr_diff': 0.021906538897222855,
                    'fpr_diff': 0.024086520080426058,
                    'll': -678.64606446985567,
                    'objective': 684.40316302755207,
                    'w': array([[ -1.25650966e-06],
       [ -1.44332117e-02],
       [ -1.24743151e-01],
       [ -3.18119197e-01],
       [ -2.59070784e-03],
       [  5.02501105e-01],
       [  8.70287410e-02],
       [  7.28739752e-02],
       [ -4.64663728e-02],
       [  7.43438368e-02],
       [  2.85388377e-02],
       [ -6.80159307e-06],
       [ -3.15308299e-06],
       [  8.12879922e-06],
       [  6.89358100e-07],
       [ -2.22936688e-06],
       [  3.60769676e-06],
       [ -3.13643816e-05],
       [ -1.97163541e-05],
       [ -1.44105901e-05],
       [  4.00453775e-06],
       [ -8.89247578e-06],
       [ -1.49218323e-05]])},
  'weight': 25.0}]

The result for absolute value relaxation:

[{'gamma': 10.894736842105264,
  'test_measures': {'0_fnr': 0.73854463223355249,
                    '0_fpr': 0.041494036677481083,
                    '1_fnr': 0.78531330019898482,
                    '1_fpr': 0.024471600653415828,
                    'acc': 0.80649122807017548,
                    'fnr_diff': 0.04676866796543229,
                    'fpr_diff': 0.017022436024065252},
  'test_results': {'fnr_diff': 0.2022583310833789,
                   'fpr_diff': 0.16711280556462788,
                   'll': -13760.292190298545,
                   'objective': 13760.292190298545},
  'train_results': {'fnr_diff': 0.22921212854734141,
                    'fpr_diff': 0.22999712644613618,
                    'll': -677.74297403926028,
                    'objective': 682.65149595636672,
                    'w': array([[ -1.23337546e-06],
       [ -1.33704918e-01],
       [ -1.20906877e-01],
       [ -3.02920176e-01],
       [ -1.44521084e-03],
       [  5.05773688e-01],
       [  8.12743431e-02],
       [  7.41344138e-02],
       [ -4.17513666e-02],
       [  7.60670739e-02],
       [  2.99507261e-02],
       [ -6.41430393e-06],
       [ -3.96871896e-06],
       [  8.70636326e-06],
       [  9.09596276e-07],
       [ -2.44386487e-06],
       [  3.57200639e-06],
       [ -3.28501825e-05],
       [ -2.30694360e-05],
       [ -1.44315579e-05],
       [  4.27319005e-06],
       [ -8.20620732e-06],
       [ -1.50090177e-05]])},
  'weight': 0.0},
 {'gamma': 10.526315789473685,
  'test_measures': {'0_fnr': 0.74573816197160503,
                    '0_fpr': 0.039814485554474643,
                    '1_fnr': 0.77916845957335834,
                    '1_fpr': 0.025234915353108355,
                    'acc': 0.80671578947368427,
                    'fnr_diff': 0.033750520217542011,
                    'fpr_diff': 0.014579570201366285},
  'test_results': {'fnr_diff': 0.16475394790398679,
                   'fpr_diff': 0.1298676807058185,
                   'll': -13757.777723077987,
                   'objective': 13758.514277149516},
  'train_results': {'fnr_diff': 0.18776850431871112,
                    'fpr_diff': 0.18774628337645063,
                    'll': -677.90443149679527,
                    'objective': 683.53029194242822,
                    'w': array([[ -1.24137851e-06],
       [ -9.70001482e-02],
       [ -1.22223337e-01],
       [ -3.08270335e-01],
       [ -1.75099691e-03],
       [  5.06055255e-01],
       [  8.24497049e-02],
       [  7.39722178e-02],
       [ -4.37249769e-02],
       [  7.59175141e-02],
       [  2.91033255e-02],
       [ -6.51186616e-06],
       [ -3.76117274e-06],
       [  8.52581340e-06],
       [  8.74405297e-07],
       [ -2.37127995e-06],
       [  3.58945577e-06],
       [ -3.26785208e-05],
       [ -2.22286618e-05],
       [ -1.44700420e-05],
       [  4.22207093e-06],
       [ -8.33262978e-06],
       [ -1.50294812e-05]])},
  'weight': 2.5},
 {'gamma': 10.894736842105264,
  'test_measures': {'0_fnr': 0.75455019862180195,
                    '0_fpr': 0.038017831743814144,
                    '1_fnr': 0.77525879102223461,
                    '1_fpr': 0.026086235568905568,
                    'acc': 0.80649824561403505,
                    'fnr_diff': 0.02365355104002469,
                    'fpr_diff': 0.011931596174908573},
  'test_results': {'fnr_diff': 0.12975141969226364,
                   'fpr_diff': 0.10782434744148466,
                   'll': -13758.018746825212,
                   'objective': 13759.206625660881},
  'train_results': {'fnr_diff': 0.14693951757621582,
                    'fpr_diff': 0.1471801341859631,
                    'll': -678.29389449472342,
                    'objective': 684.52497521864575,
                    'w': array([[ -1.25216425e-06],
       [ -6.06063272e-02],
       [ -1.22904800e-01],
       [ -3.10412589e-01],
       [ -2.16293702e-03],
       [  5.02449950e-01],
       [  8.45890524e-02],
       [  7.32943889e-02],
       [ -4.38647478e-02],
       [  7.46560588e-02],
       [  2.86428011e-02],
       [ -6.62274740e-06],
       [ -3.54756296e-06],
       [  8.36364292e-06],
       [  8.31072401e-07],
       [ -2.28783750e-06],
       [  3.60504118e-06],
       [ -3.25715397e-05],
       [ -2.15126718e-05],
       [ -1.45190341e-05],
       [  4.14264370e-06],
       [ -8.48550812e-06],
       [ -1.50669024e-05]])},
  'weight': 5.0},
 {'gamma': 11.631578947368421,
  'test_measures': {'0_fnr': 0.76064692606869344,
                    '0_fpr': 0.036338777870539102,
                    '1_fnr': 0.77274548841537305,
                    '1_fpr': 0.026688150183535431,
                    'acc': 0.80644912280701764,
                    'fnr_diff': 0.0233659969418341,
                    'fpr_diff': 0.010071442134622556},
  'test_results': {'fnr_diff': 0.12778018354738535,
                   'fpr_diff': 0.10600391079925667,
                   'll': -13756.524776678238,
                   'objective': 13758.278157385841},
  'train_results': {'fnr_diff': 0.11720540836926767,
                    'fpr_diff': 0.11871077715954123,
                    'll': -678.74074261787359,
                    'objective': 685.50612515136527,
                    'w': array([[ -1.26221241e-06],
       [ -3.50208311e-02],
       [ -1.22974894e-01],
       [ -3.09859072e-01],
       [ -2.55340783e-03],
       [  4.97116286e-01],
       [  8.76635533e-02],
       [  7.20721028e-02],
       [ -4.31177343e-02],
       [  7.27698869e-02],
       [  2.83928106e-02],
       [ -6.75973728e-06],
       [ -3.32808170e-06],
       [  8.24698860e-06],
       [  7.65134609e-07],
       [ -2.19405683e-06],
       [  3.59983766e-06],
       [ -3.20408507e-05],
       [ -2.08587287e-05],
       [ -1.45434736e-05],
       [  4.03531908e-06],
       [ -8.66248732e-06],
       [ -1.51265511e-05]])},
  'weight': 7.5},
 {'gamma': 10.526315789473685,
  'test_measures': {'0_fnr': 0.76307799699098589,
                    '0_fpr': 0.035616576077693196,
                    '1_fnr': 0.7694494011100973,
                    '1_fpr': 0.027451593092783177,
                    'acc': 0.80648421052631569,
                    'fnr_diff': 0.020669045354759819,
                    'fpr_diff': 0.0092062060131576501},
  'test_results': {'fnr_diff': 0.11959190487252036,
                   'fpr_diff': 0.097958404156768999,
                   'll': -13754.151640449691,
                   'objective': 13756.327143539986},
  'train_results': {'fnr_diff': 0.095812583129996909,
                    'fpr_diff': 0.097782624359004353,
                    'll': -678.96884322923836,
                    'objective': 685.55329258998188,
                    'w': array([[ -1.26231910e-06],
       [ -1.59979585e-02],
       [ -1.24565620e-01],
       [ -3.16857719e-01],
       [ -2.61033870e-03],
       [  5.01790774e-01],
       [  8.86855897e-02],
       [  7.20070667e-02],
       [ -4.64998316e-02],
       [  7.33970955e-02],
       [  2.73719372e-02],
       [ -6.86724186e-06],
       [ -3.13021721e-06],
       [  8.11777207e-06],
       [  7.37072841e-07],
       [ -2.15881445e-06],
       [  3.59620057e-06],
       [ -3.15023705e-05],
       [ -2.00308253e-05],
       [ -1.44627135e-05],
       [  4.01367414e-06],
       [ -8.77003514e-06],
       [ -1.51688168e-05]])},
  'weight': 10.0},
 {'gamma': 10.526315789473685,
  'test_measures': {'0_fnr': 0.76491153616879048,
                    '0_fpr': 0.035243336926083772,
                    '1_fnr': 0.76956265507299404,
                    '1_fpr': 0.027569076009656478,
                    'acc': 0.8063508771929826,
                    'fnr_diff': 0.019275138542463301,
                    'fpr_diff': 0.0087568481719104713},
  'test_results': {'fnr_diff': 0.11425727222645669,
                   'fpr_diff': 0.092800604204131443,
                   'll': -13749.940234646114,
                   'objective': 13752.528458101495},
  'train_results': {'fnr_diff': 0.088847044260322902,
                    'fpr_diff': 0.09084233089505625,
                    'll': -679.12467481952513,
                    'objective': 686.01360316530895,
                    'w': array([[ -1.25824736e-06],
       [ -1.06848732e-02],
       [ -1.24476794e-01],
       [ -3.17727412e-01],
       [ -2.72407057e-03],
       [  5.00704546e-01],
       [  9.07770836e-02],
       [  7.08800442e-02],
       [ -4.70549250e-02],
       [  7.27291349e-02],
       [  2.71883777e-02],
       [ -6.94366098e-06],
       [ -2.97284544e-06],
       [  8.02233231e-06],
       [  7.10138680e-07],
       [ -2.11501434e-06],
       [  3.57307829e-06],
       [ -3.12168704e-05],
       [ -1.93322351e-05],
       [ -1.43600087e-05],
       [  3.96745368e-06],
       [ -8.87248822e-06],
       [ -1.52151172e-05]])},
  'weight': 12.5},
 {'gamma': 10.526315789473685,
  'test_measures': {'0_fnr': 0.76579209302059126,
                    '0_fpr': 0.035079815155555541,
                    '1_fnr': 0.7701213471467433,
                    '1_fpr': 0.02751041428734561,
                    'acc': 0.80627368421052625,
                    'fnr_diff': 0.018247439589568738,
                    'fpr_diff': 0.0087453806055983151},
  'test_results': {'fnr_diff': 0.11229231244499953,
                   'fpr_diff': 0.091020900175573627,
                   'll': -13745.898777790697,
                   'objective': 13748.948475980007},
  'train_results': {'fnr_diff': 0.085432043271411642,
                    'fpr_diff': 0.08736708396790778,
                    'll': -679.22567509188968,
                    'objective': 686.45417754902644,
                    'w': array([[ -1.25179551e-06],
       [ -8.71171498e-03],
       [ -1.24201636e-01],
       [ -3.18310852e-01],
       [ -2.81011174e-03],
       [  4.99607403e-01],
       [  9.28075259e-02],
       [  6.96352535e-02],
       [ -4.75693279e-02],
       [  7.22246124e-02],
       [  2.70988100e-02],
       [ -7.00339388e-06],
       [ -2.84424270e-06],
       [  7.94749088e-06],
       [  6.77639672e-07],
       [ -2.06779137e-06],
       [  3.54198718e-06],
       [ -3.09598439e-05],
       [ -1.86618938e-05],
       [ -1.42601336e-05],
       [  3.92119080e-06],
       [ -8.96522406e-06],
       [ -1.52528784e-05]])},
  'weight': 15.0},
 {'gamma': 10.526315789473685,
  'test_measures': {'0_fnr': 0.76681567737244927,
                    '0_fpr': 0.034846325051242466,
                    '1_fnr': 0.77062526986395619,
                    '1_fpr': 0.027451754704233767,
                    'acc': 0.80621052631578949,
                    'fnr_diff': 0.018227075303502049,
                    'fpr_diff': 0.0086759533041417865},
  'test_results': {'fnr_diff': 0.11037061563718971,
                   'fpr_diff': 0.089273871463219176,
                   'll': -13742.415745071654,
                   'objective': 13745.90952359591},
  'train_results': {'fnr_diff': 0.082039662336623825,
                    'fpr_diff': 0.084033831701290668,
                    'll': -679.34078468303869,
                    'objective': 686.87773477406176,
                    'w': array([[ -1.24526036e-06],
       [ -6.78181525e-03],
       [ -1.23915429e-01],
       [ -3.18875286e-01],
       [ -2.89511968e-03],
       [  4.98504967e-01],
       [  9.48175206e-02],
       [  6.83950284e-02],
       [ -4.80638221e-02],
       [  7.17216327e-02],
       [  2.70090978e-02],
       [ -7.06216242e-06],
       [ -2.72203123e-06],
       [  7.88003099e-06],
       [  6.44416777e-07],
       [ -2.02019218e-06],
       [  3.51097082e-06],
       [ -3.07268895e-05],
       [ -1.80221254e-05],
       [ -1.41592815e-05],
       [  3.87465686e-06],
       [ -9.05784831e-06],
       [ -1.52922476e-05]])},
  'weight': 17.5},
 {'gamma': 10.526315789473685,
  'test_measures': {'0_fnr': 0.76827535586290241,
                    '0_fpr': 0.034659572163855373,
                    '1_fnr': 0.77107277753638748,
                    '1_fpr': 0.027393027236562683,
                    'acc': 0.80609824561403498,
                    'fnr_diff': 0.01848947314505096,
                    'fpr_diff': 0.0085892921116613365},
  'test_results': {'fnr_diff': 0.10848919671300983,
                   'fpr_diff': 0.087557534561145595,
                   'll': -13739.464694265853,
                   'objective': 13743.385628891334},
  'train_results': {'fnr_diff': 0.07866790402660491,
                    'fpr_diff': 0.080831828164966146,
                    'll': -679.46942529555361,
                    'objective': 687.28467034182677,
                    'w': array([[ -1.23864483e-06],
       [ -4.89282384e-03],
       [ -1.23619108e-01],
       [ -3.19421675e-01],
       [ -2.97914230e-03],
       [  4.97397275e-01],
       [  9.68099937e-02],
       [  6.71567734e-02],
       [ -4.85390535e-02],
       [  7.12198882e-02],
       [  2.69190376e-02],
       [ -7.11994255e-06],
       [ -2.60639564e-06],
       [  7.82009442e-06],
       [  6.10379235e-07],
       [ -1.97212643e-06],
       [  3.47994019e-06],
       [ -3.05148798e-05],
       [ -1.74123930e-05],
       [ -1.40574478e-05],
       [  3.82775951e-06],
       [ -9.15040868e-06],
       [ -1.53332662e-05]])},
  'weight': 20.0},
 {'gamma': 10.526315789473685,
  'test_measures': {'0_fnr': 0.76966030965841459,
                    '0_fpr': 0.034496186703861079,
                    '1_fnr': 0.77140916481243538,
                    '1_fpr': 0.027290237207158362,
                    'acc': 0.80602105263157908,
                    'fnr_diff': 0.01933257566001827,
                    'fpr_diff': 0.0085286966810713613},
  'test_results': {'fnr_diff': 0.10664532608250996,
                   'fpr_diff': 0.085869969893382775,
                   'll': -13737.022053542669,
                   'objective': 13741.353647702126},
  'train_results': {'fnr_diff': 0.075314833855261082,
                    'fpr_diff': 0.077751406861976166,
                    'll': -679.61108223891006,
                    'objective': 687.67534932257672,
                    'w': array([[ -1.23195420e-06],
       [ -3.04249157e-03],
       [ -1.23313505e-01],
       [ -3.19951038e-01],
       [ -3.06222152e-03],
       [  4.96284855e-01],
       [  9.87875005e-02],
       [  6.59184729e-02],
       [ -4.89957159e-02],
       [  7.07191506e-02],
       [  2.68284165e-02],
       [ -7.17673689e-06],
       [ -2.49741789e-06],
       [  7.76773221e-06],
       [  5.75451249e-07],
       [ -1.92350878e-06],
       [  3.44882568e-06],
       [ -3.03212534e-05],
       [ -1.68320317e-05],
       [ -1.39546109e-05],
       [  3.78039248e-06],
       [ -9.24299641e-06],
       [ -1.53759981e-05]])},
  'weight': 22.5},
 {'gamma': 10.526315789473685,
  'test_measures': {'0_fnr': 0.77075816253327478,
                    '0_fpr': 0.034169241102285419,
                    '1_fnr': 0.77219166539002815,
                    '1_fpr': 0.027334315945201526,
                    'acc': 0.80589473684210522,
                    'fnr_diff': 0.019374660266456713,
                    'fpr_diff': 0.0081456616036130417},
  'test_results': {'fnr_diff': 0.10483657921133996,
                   'fpr_diff': 0.084209575733602465,
                   'll': -13735.067219186234,
                   'objective': 13739.793373059854},
  'train_results': {'fnr_diff': 0.071978686233060113,
                    'fpr_diff': 0.074783249479993527,
                    'll': -679.76531595256176,
                    'objective': 688.05010836304632,
                    'w': array([[ -1.22519569e-06],
       [ -1.22848453e-03],
       [ -1.22999427e-01],
       [ -3.20464332e-01],
       [ -3.14438425e-03],
       [  4.95168039e-01],
       [  1.00752016e-01],
       [  6.46788015e-02],
       [ -4.94348297e-02],
       [  7.02191893e-02],
       [  2.67372101e-02],
       [ -7.23253218e-06],
       [ -2.39509009e-06],
       [  7.72289313e-06],
       [  5.39552306e-07],
       [ -1.87426006e-06],
       [  3.41757541e-06],
       [ -3.01440083e-05],
       [ -1.62800647e-05],
       [ -1.38508908e-05],
       [  3.73243188e-06],
       [ -9.33561515e-06],
       [ -1.54205833e-05]])},
  'weight': 25.0}]

