default dataset with protected value gender

The result for squared relaxation:

[{'gamma': 0.10000000000000001,
  'test_measures': {'0_fnr': 0.00035034424563220375,
                    '0_fpr': 0.0,
                    '1_fnr': 0.00059693423074679897,
                    '1_fpr': 0.0,
                    'acc': 0.99989166666666662,
                    'fnr_diff': 0.00032967267792214045,
                    'fpr_diff': 0.0},
  'test_results': {'fnr_diff': 0.18779679965516785,
                   'fpr_diff': 0.18454937143981809,
                   'll': -37.001732344346237,
                   'objective': 37.001732344346237},
  'train_results': {'fnr_diff': 0.20796792903920056,
                    'fpr_diff': 0.21653492780455036,
                    'll': -6.7718659561058301,
                    'objective': 27.013894938906411,
                    'w': array([[ -2.96462517e-06],
       [ -5.96599638e-01],
       [ -5.12242260e-01],
       [ -1.55093758e+00],
       [ -8.69604515e-02],
       [  1.78514677e-01],
       [ -2.49459982e-03],
       [ -1.73533294e-02],
       [  3.92241792e-02],
       [  4.66637787e-02],
       [ -2.07355858e-02],
       [ -1.98766468e-06],
       [ -3.46152513e-06],
       [  4.37463497e-06],
       [ -1.92973172e-07],
       [  2.76464263e-06],
       [ -1.50415884e-06],
       [ -1.08895966e-05],
       [ -1.13882750e-05],
       [ -4.78099141e-06],
       [ -5.59001609e-06],
       [ -6.17699524e-06],
       [ -2.26972268e-07],
       [  1.41185882e+01]])},
  'weight': 0.0},
 {'gamma': 0.10000000000000001,
  'test_measures': {'0_fnr': 0.00043756622557114837,
                    '0_fpr': 0.0,
                    '1_fnr': 0.00033183496295621518,
                    '1_fpr': 0.0,
                    'acc': 0.99991666666666656,
                    'fnr_diff': 0.00015103957653059079,
                    'fpr_diff': 0.0},
  'test_results': {'fnr_diff': 0.0032773711340153755,
                   'fpr_diff': 0.0013160517856005819,
                   'll': -36.307387856763668,
                   'objective': 36.353322085959832},
  'train_results': {'fnr_diff': 0.0017593075210510297,
                    'fpr_diff': 0.0021180918381503073,
                    'll': -6.8520723094392455,
                    'objective': 27.233417567384855,
                    'w': array([[ -3.09858528e-06],
       [ -1.66848837e-01],
       [ -5.39889155e-01],
       [ -1.59228459e+00],
       [ -9.05577378e-02],
       [  1.76879337e-01],
       [  1.11117915e-03],
       [ -3.06661474e-02],
       [  4.82062674e-02],
       [  3.87441309e-02],
       [ -1.39579399e-02],
       [ -1.61685292e-06],
       [ -3.94502060e-06],
       [  4.82075487e-06],
       [ -5.41012359e-07],
       [  2.51681346e-06],
       [ -1.30765702e-06],
       [ -9.99700576e-06],
       [ -1.07790618e-05],
       [ -5.41785259e-06],
       [ -5.00274799e-06],
       [ -6.92233094e-06],
       [  8.01825843e-07],
       [  1.41601574e+01]])},
  'weight': 10.0},
 {'gamma': 0.10000000000000001,
  'test_measures': {'0_fnr': 0.00043756622557114837,
                    '0_fpr': 0.0,
                    '1_fnr': 0.00033183496295621518,
                    '1_fpr': 0.0,
                    'acc': 0.99991666666666656,
                    'fnr_diff': 0.00015103957653059079,
                    'fpr_diff': 0.0},
  'test_results': {'fnr_diff': 0.0035194280896819743,
                   'fpr_diff': 0.0015648072283546879,
                   'll': -35.991367188602453,
                   'objective': 36.093051894963189},
  'train_results': {'fnr_diff': 0.0012333866909093644,
                    'fpr_diff': 0.0013944370973161212,
                    'll': -6.8619730375579824,
                    'objective': 27.264760386667056,
                    'w': array([[ -3.08379318e-06],
       [ -1.57416515e-01],
       [ -5.38213970e-01],
       [ -1.59578030e+00],
       [ -9.07095179e-02],
       [  1.76556971e-01],
       [  2.88623035e-03],
       [ -3.57406348e-02],
       [  5.11686804e-02],
       [  3.67183537e-02],
       [ -9.31878939e-03],
       [ -1.57976448e-06],
       [ -3.95788804e-06],
       [  5.01692448e-06],
       [ -6.88534446e-07],
       [  2.32940173e-06],
       [ -1.24921631e-06],
       [ -9.99429969e-06],
       [ -1.04767596e-05],
       [ -5.61488721e-06],
       [ -4.67742181e-06],
       [ -7.03215255e-06],
       [  9.81761650e-07],
       [  1.41625436e+01]])},
  'weight': 20.0},
 {'gamma': 0.10000000000000001,
  'test_measures': {'0_fnr': 0.00043756622557114837,
                    '0_fpr': 0.0,
                    '1_fnr': 0.00033183496295621518,
                    '1_fpr': 0.0,
                    'acc': 0.99991666666666656,
                    'fnr_diff': 0.00015103957653059079,
                    'fpr_diff': 0.0},
  'test_results': {'fnr_diff': 0.0036331246103088245,
                   'fpr_diff': 0.0016825540076616501,
                   'll': -35.802021939055706,
                   'objective': 35.961492297594816},
  'train_results': {'fnr_diff': 0.00098259332184754116,
                    'fpr_diff': 0.0010783055126171097,
                    'll': -6.8693799875458357,
                    'objective': 27.287962764065675,
                    'w': array([[ -3.07210731e-06],
       [ -1.54275107e-01],
       [ -5.36580874e-01],
       [ -1.59841004e+00],
       [ -9.07889739e-02],
       [  1.76266693e-01],
       [  4.32198886e-03],
       [ -3.95903522e-02],
       [  5.31339025e-02],
       [  3.54239793e-02],
       [ -5.79662729e-03],
       [ -1.55890845e-06],
       [ -3.95471004e-06],
       [  5.16810959e-06],
       [ -8.10367829e-07],
       [  2.18715370e-06],
       [ -1.20274161e-06],
       [ -9.98697229e-06],
       [ -1.02320590e-05],
       [ -5.73875833e-06],
       [ -4.42004525e-06],
       [ -7.10955271e-06],
       [  1.12568659e-06],
       [  1.41645382e+01]])},
  'weight': 30.0},
 {'gamma': 0.10000000000000001,
  'test_measures': {'0_fnr': 0.00052478820551009298,
                    '0_fpr': 0.0,
                    '1_fnr': 0.00033183496295621518,
                    '1_fpr': 0.0,
                    'acc': 0.99990833333333329,
                    'fnr_diff': 0.00023826155646953541,
                    'fpr_diff': 0.0},
  'test_results': {'fnr_diff': 0.0036912139112960053,
                   'fpr_diff': 0.0017437480076599795,
                   'll': -35.68762706257985,
                   'objective': 35.905025539338091},
  'train_results': {'fnr_diff': 0.00081365660599122275,
                    'fpr_diff': 0.00087797509018172452,
                    'll': -6.8755625632649755,
                    'objective': 27.306615060502725,
                    'w': array([[ -3.06331852e-06],
       [ -1.52742558e-01],
       [ -5.35189528e-01],
       [ -1.60063666e+00],
       [ -9.08427830e-02],
       [  1.75997141e-01],
       [  5.53744960e-03],
       [ -4.26757695e-02],
       [  5.45245934e-02],
       [  3.45444710e-02],
       [ -3.03511628e-03],
       [ -1.54596302e-06],
       [ -3.94494350e-06],
       [  5.28866083e-06],
       [ -9.13348727e-07],
       [  2.07623313e-06],
       [ -1.16497404e-06],
       [ -9.97688696e-06],
       [ -1.00298727e-05],
       [ -5.81959795e-06],
       [ -4.21404486e-06],
       [ -7.16760847e-06],
       [  1.24820240e-06],
       [  1.41665868e+01]])},
  'weight': 40.0},
 {'gamma': 0.10000000000000001,
  'test_measures': {'0_fnr': 0.00052478820551009298,
                    '0_fpr': 0.0,
                    '1_fnr': 0.00039870223142829815,
                    '1_fpr': 0.0,
                    'acc': 0.9998999999999999,
                    'fnr_diff': 0.0001713942879974525,
                    'fpr_diff': 0.0},
  'test_results': {'fnr_diff': 0.0037241356511078906,
                   'fpr_diff': 0.001779219967931106,
                   'll': -35.619624116797056,
                   'objective': 35.894791897749009},
  'train_results': {'fnr_diff': 0.00068920080234438977,
                    'fpr_diff': 0.00073562821767491173,
                    'll': -6.88087651451242,
                    'objective': 27.322132077849083,
                    'w': array([[ -3.05662470e-06],
       [ -1.51853084e-01],
       [ -5.34012744e-01],
       [ -1.60258125e+00],
       [ -9.08828968e-02],
       [  1.75746189e-01],
       [  6.59356137e-03],
       [ -4.52326276e-02],
       [  5.55509391e-02],
       [  3.39253790e-02],
       [ -8.13271240e-04],
       [ -1.53759116e-06],
       [ -3.93206428e-06],
       [  5.38707823e-06],
       [ -1.00167311e-06],
       [  1.98783251e-06],
       [ -1.13401705e-06],
       [ -9.96621037e-06],
       [ -9.86042901e-06],
       [ -5.87346434e-06],
       [ -4.04790186e-06],
       [ -7.21194163e-06],
       [  1.35495137e-06],
       [  1.41686529e+01]])},
  'weight': 50.0},
 {'gamma': 0.10000000000000001,
  'test_measures': {'0_fnr': 0.00052409809753694973,
                    '0_fpr': 0.0,
                    '1_fnr': 0.00039870223142829815,
                    '1_fpr': 0.0,
                    'acc': 0.99990000000000001,
                    'fnr_diff': 0.00034652835584848504,
                    'fpr_diff': 0.0},
  'test_results': {'fnr_diff': 0.0037441006137846579,
                   'fpr_diff': 0.0018013721918173516,
                   'll': -35.58053641206061,
                   'objective': 35.91326478039673},
  'train_results': {'fnr_diff': 0.00059342073217462463,
                    'fpr_diff': 0.00062857386068457309,
                    'll': -6.8855298374244738,
                    'objective': 27.335323096351495,
                    'w': array([[ -3.05143125e-06],
       [ -1.51282410e-01],
       [ -5.33008268e-01],
       [ -1.60430426e+00],
       [ -9.09143397e-02],
       [  1.75512182e-01],
       [  7.52645473e-03],
       [ -4.74016027e-02],
       [  5.63318791e-02],
       [  3.34790607e-02],
       [  1.01318025e-03],
       [ -1.53205949e-06],
       [ -3.91776432e-06],
       [  5.46890672e-06],
       [ -1.07831970e-06],
       [  1.91608048e-06],
       [ -1.10842766e-06],
       [ -9.95562426e-06],
       [ -9.71655960e-06],
       [ -5.90978920e-06],
       [ -3.91281601e-06],
       [ -7.24585053e-06],
       [  1.44926508e-06],
       [  1.41706795e+01]])},
  'weight': 60.0},
 {'gamma': 0.10000000000000001,
  'test_measures': {'0_fnr': 0.00052409809753694973,
                    '0_fpr': 0.0,
                    '1_fnr': 0.00039870223142829815,
                    '1_fpr': 0.0,
                    'acc': 0.99990000000000001,
                    'fnr_diff': 0.00034652835584848504,
                    'fpr_diff': 0.0},
  'test_results': {'fnr_diff': 0.0037567642218317458,
                   'fpr_diff': 0.0018159670117682033,
                   'll': -35.559918010454567,
                   'objective': 35.950009196806562},
  'train_results': {'fnr_diff': 0.00051756314200070153,
                    'fpr_diff': 0.00054511855727705407,
                    'll': -6.8896566147330303,
                    'objective': 27.346716228944253,
                    'w': array([[ -3.04733804e-06],
       [ -1.50891383e-01],
       [ -5.32141477e-01],
       [ -1.60584513e+00],
       [ -9.09397572e-02],
       [  1.75294020e-01],
       [  8.36050450e-03],
       [ -4.92741206e-02],
       [  5.69401523e-02],
       [  3.31521677e-02],
       [  2.54138529e-03],
       [ -1.52835703e-06],
       [ -3.90301962e-06],
       [  5.53806764e-06],
       [ -1.14557115e-06],
       [  1.85695443e-06],
       [ -1.08708709e-06],
       [ -9.94532309e-06],
       [ -9.59305203e-06],
       [ -5.93435262e-06],
       [ -3.80205322e-06],
       [ -7.27190216e-06],
       [  1.53342903e-06],
       [  1.41726326e+01]])},
  'weight': 70.0},
 {'gamma': 0.10000000000000001,
  'test_measures': {'0_fnr': 0.00061132007747589424,
                    '0_fpr': 0.0,
                    '1_fnr': 0.00039870223142829815,
                    '1_fpr': 0.0,
                    'acc': 0.99989166666666662,
                    'fnr_diff': 0.00043375033578742965,
                    'fpr_diff': 0.0},
  'test_results': {'fnr_diff': 0.0037650248163836873,
                   'fpr_diff': 0.0018259564053988105,
                   'll': -35.551078087346106,
                   'objective': 35.9983565850887},
  'train_results': {'fnr_diff': 0.000456174517070559,
                    'fpr_diff': 0.00047835365992833327,
                    'll': -6.8933433735866858,
                    'objective': 27.356680157550585,
                    'w': array([[ -3.04406113e-06],
       [ -1.50611001e-01],
       [ -5.31385605e-01],
       [ -1.60723366e+00],
       [ -9.09608159e-02],
       [  1.75090271e-01],
       [  9.11296952e-03],
       [ -5.09128714e-02],
       [  5.74225886e-02],
       [  3.29104504e-02],
       [  3.83899772e-03],
       [ -1.52588952e-06],
       [ -3.88831240e-06],
       [  5.59726521e-06],
       [ -1.20510708e-06],
       [  1.80758357e-06],
       [ -1.06913479e-06],
       [ -9.93528964e-06],
       [ -9.48589344e-06],
       [ -5.95085624e-06],
       [ -3.71042332e-06],
       [ -7.29194518e-06],
       [  1.60911489e-06],
       [  1.41744985e+01]])},
  'weight': 80.0},
 {'gamma': 0.10000000000000001,
  'test_measures': {'0_fnr': 0.00061132007747589424,
                    '0_fpr': 0.0,
                    '1_fnr': 0.00039870223142829815,
                    '1_fpr': 0.0,
                    'acc': 0.99989166666666662,
                    'fnr_diff': 0.00043375033578742965,
                    'fpr_diff': 0.0},
  'test_results': {'fnr_diff': 0.0037704866307718076,
                   'fpr_diff': 0.001832993086250103,
                   'll': -35.549650536866103,
                   'objective': 36.053963711398076},
  'train_results': {'fnr_diff': 0.00040563281223615286,
                    'fpr_diff': 0.00042386338035095724,
                    'll': -6.8966721515389509,
                    'objective': 27.365483610789482,
                    'w': array([[ -3.04140437e-06],
       [ -1.50403033e-01],
       [ -5.30720229e-01],
       [ -1.60849215e+00],
       [ -9.09785453e-02],
       [  1.74899715e-01],
       [  9.79688179e-03],
       [ -5.23631670e-02],
       [  5.78111465e-02],
       [  3.27310618e-02],
       [  4.95442755e-03],
       [ -1.52425818e-06],
       [ -3.87393461e-06],
       [  5.64849929e-06],
       [ -1.25822525e-06],
       [  1.76588072e-06],
       [ -1.05391689e-06],
       [ -9.92544735e-06],
       [ -9.39204693e-06],
       [ -5.96172730e-06],
       [ -3.63391132e-06],
       [ -7.30721003e-06],
       [  1.67759340e-06],
       [  1.41762670e+01]])},
  'weight': 90.0},
 {'gamma': 0.10000000000000001,
  'test_measures': {'0_fnr': 0.00061132007747589424,
                    '0_fpr': 0.0,
                    '1_fnr': 0.00039870223142829815,
                    '1_fpr': 0.0,
                    'acc': 0.99989166666666662,
                    'fnr_diff': 0.00043375033578742965,
                    'fpr_diff': 0.0},
  'test_results': {'fnr_diff': 0.0037741052420911378,
                   'fpr_diff': 0.0018380605135959907,
                   'll': -35.553196402391769,
                   'objective': 36.114412977960477},
  'train_results': {'fnr_diff': 0.00036342525416792635,
                    'fpr_diff': 0.000378668121503388,
                    'll': -6.8996860153110902,
                    'objective': 27.37332868924176,
                    'w': array([[ -3.03923535e-06],
       [ -1.50244749e-01],
       [ -5.30129897e-01],
       [ -1.60963922e+00],
       [ -9.09936978e-02],
       [  1.74721659e-01],
       [  1.04218802e-02],
       [ -5.36579860e-02],
       [  5.81276278e-02],
       [  3.25983156e-02],
       [  5.92357423e-03],
       [ -1.52323444e-06],
       [ -3.86003783e-06],
       [  5.69331087e-06],
       [ -1.30600376e-06],
       [  1.73032643e-06],
       [ -1.04090296e-06],
       [ -9.91575646e-06],
       [ -9.30922419e-06],
       [ -5.96856428e-06],
       [ -3.56952826e-06],
       [ -7.31890285e-06],
       [  1.73989915e-06],
       [  1.41779419e+01]])},
  'weight': 100.0}]

The result for absolute value relaxation:

[{'gamma': 0.10000000000000001,
  'test_measures': {'0_fnr': 0.00035034424563220375,
                    '0_fpr': 0.0,
                    '1_fnr': 0.00059693423074679897,
                    '1_fpr': 0.0,
                    'acc': 0.99989166666666662,
                    'fnr_diff': 0.00032967267792214045,
                    'fpr_diff': 0.0},
  'test_results': {'fnr_diff': 0.42361176858536143,
                   'fpr_diff': 0.42403284957355503,
                   'll': -37.001732344346237,
                   'objective': 37.001732344346237},
  'train_results': {'fnr_diff': 0.45499729046791487,
                    'fpr_diff': 0.45849429610902093,
                    'll': -6.7718659561058301,
                    'objective': 27.013894938906411,
                    'w': array([[ -2.96462517e-06],
       [ -5.96599638e-01],
       [ -5.12242260e-01],
       [ -1.55093758e+00],
       [ -8.69604515e-02],
       [  1.78514677e-01],
       [ -2.49459982e-03],
       [ -1.73533294e-02],
       [  3.92241792e-02],
       [  4.66637787e-02],
       [ -2.07355858e-02],
       [ -1.98766468e-06],
       [ -3.46152513e-06],
       [  4.37463497e-06],
       [ -1.92973172e-07],
       [  2.76464263e-06],
       [ -1.50415884e-06],
       [ -1.08895966e-05],
       [ -1.13882750e-05],
       [ -4.78099141e-06],
       [ -5.59001609e-06],
       [ -6.17699524e-06],
       [ -2.26972268e-07],
       [  1.41185882e+01]])},
  'weight': 0.0},
 {'gamma': 0.10000000000000001,
  'test_measures': {'0_fnr': 0.00052406004257188039,
                    '0_fpr': 0.0,
                    '1_fnr': 0.00033325061137904466,
                    '1_fpr': 1.7395842393667912e-05,
                    'acc': 0.99990000000000001,
                    'fnr_diff': 0.00019080943119283573,
                    'fpr_diff': 1.7395842393667912e-05},
  'test_results': {'fnr_diff': 0.049977974500297805,
                   'fpr_diff': 0.032087691085480097,
                   'll': -36.270059464238877,
                   'objective': 37.090716120096658},
  'train_results': {'fnr_diff': 0.0011634147298743194,
                    'fpr_diff': 4.8417954062740522e-09,
                    'll': -6.9623310030416174,
                    'objective': 27.518634956032663,
                    'w': array([[ -3.02941662e-06],
       [ -1.50385946e-01],
       [ -5.19198117e-01],
       [ -1.63388382e+00],
       [ -9.12163173e-02],
       [  1.69370633e-01],
       [  2.27028711e-02],
       [ -7.53277098e-02],
       [  5.82000486e-02],
       [  3.41591542e-02],
       [  2.10868201e-02],
       [ -1.57291737e-06],
       [ -3.43642631e-06],
       [  6.31117098e-06],
       [ -2.21560750e-06],
       [  1.35310891e-06],
       [ -8.81609326e-07],
       [ -9.47813453e-06],
       [ -8.02633232e-06],
       [ -5.88168599e-06],
       [ -2.97435891e-06],
       [ -7.07176167e-06],
       [  2.97540507e-06],
       [  1.42245432e+01]])},
  'weight': 10.0},
 {'gamma': 0.10000000000000001,
  'test_measures': {'0_fnr': 0.00052406004257188039,
                    '0_fpr': 0.0,
                    '1_fnr': 0.00033325061137904466,
                    '1_fpr': 1.7395842393667912e-05,
                    'acc': 0.99990000000000001,
                    'fnr_diff': 0.00019080943119283573,
                    'fpr_diff': 1.7395842393667912e-05},
  'test_results': {'fnr_diff': 0.050241710689471752,
                   'fpr_diff': 0.03229304503185533,
                   'll': -36.289608786733879,
                   'objective': 37.940303901160419},
  'train_results': {'fnr_diff': 5.6295626937874486e-09,
                    'fpr_diff': 2.3762889100886752e-09,
                    'll': -6.965978113219899,
                    'objective': 27.519196855175476,
                    'w': array([[ -3.03289840e-06],
       [ -1.49841240e-01],
       [ -5.20117316e-01],
       [ -1.63578333e+00],
       [ -9.11711306e-02],
       [  1.70064898e-01],
       [  2.58151624e-02],
       [ -7.95510070e-02],
       [  5.95854383e-02],
       [  3.53697985e-02],
       [  1.86575693e-02],
       [ -1.55620151e-06],
       [ -3.41216463e-06],
       [  6.34767368e-06],
       [ -2.27010191e-06],
       [  1.37625373e-06],
       [ -9.10122811e-07],
       [ -9.41029478e-06],
       [ -7.97178532e-06],
       [ -5.74017161e-06],
       [ -3.03517306e-06],
       [ -7.15587124e-06],
       [  3.06241110e-06],
       [  1.42271421e+01]])},
  'weight': 20.0},
 {'gamma': 0.10000000000000001,
  'test_measures': {'0_fnr': 0.00052406004257188039,
                    '0_fpr': 0.0,
                    '1_fnr': 0.00033325061137904466,
                    '1_fpr': 1.7395842393667912e-05,
                    'acc': 0.99990000000000001,
                    'fnr_diff': 0.00019080943119283573,
                    'fpr_diff': 1.7395842393667912e-05},
  'test_results': {'fnr_diff': 0.050241664168389821,
                   'fpr_diff': 0.032292970183885571,
                   'll': -36.289605201299125,
                   'objective': 38.765644231867391},
  'train_results': {'fnr_diff': 4.7322527216286936e-09,
                    'fpr_diff': 2.1486313783736221e-09,
                    'll': -6.9659785329346047,
                    'objective': 27.519196908338934,
                    'w': array([[ -3.03289708e-06],
       [ -1.49841312e-01],
       [ -5.20117298e-01],
       [ -1.63578316e+00],
       [ -9.11711375e-02],
       [  1.70064790e-01],
       [  2.58151651e-02],
       [ -7.95509667e-02],
       [  5.95853414e-02],
       [  3.53698501e-02],
       [  1.86575220e-02],
       [ -1.55620161e-06],
       [ -3.41216017e-06],
       [  6.34766657e-06],
       [ -2.27010539e-06],
       [  1.37626031e-06],
       [ -9.10123275e-07],
       [ -9.41028397e-06],
       [ -7.97177413e-06],
       [ -5.74017847e-06],
       [ -3.03518344e-06],
       [ -7.15589145e-06],
       [  3.06241648e-06],
       [  1.42271420e+01]])},
  'weight': 30.0},
 {'gamma': 0.10000000000000001,
  'test_measures': {'0_fnr': 0.00052406004257188039,
                    '0_fpr': 0.0,
                    '1_fnr': 0.00033325061137904466,
                    '1_fpr': 1.7395842393667912e-05,
                    'acc': 0.99990000000000001,
                    'fnr_diff': 0.00019080943119283573,
                    'fpr_diff': 1.7395842393667912e-05},
  'test_results': {'fnr_diff': 0.050241716285229956,
                   'fpr_diff': 0.032293002137606011,
                   'll': -36.289646679213909,
                   'objective': 39.591035416127355},
  'train_results': {'fnr_diff': 5.8456560161901375e-09,
                    'fpr_diff': 2.4892050212721451e-09,
                    'll': -6.9659664795261049,
                    'objective': 27.519197025198537,
                    'w': array([[ -3.03290214e-06],
       [ -1.49841275e-01],
       [ -5.20117492e-01],
       [ -1.63578362e+00],
       [ -9.11711608e-02],
       [  1.70065099e-01],
       [  2.58151668e-02],
       [ -7.95508799e-02],
       [  5.95852608e-02],
       [  3.53698910e-02],
       [  1.86575263e-02],
       [ -1.55620833e-06],
       [ -3.41216039e-06],
       [  6.34767685e-06],
       [ -2.27011795e-06],
       [  1.37627361e-06],
       [ -9.10124611e-07],
       [ -9.41031470e-06],
       [ -7.97177982e-06],
       [ -5.74018152e-06],
       [ -3.03518227e-06],
       [ -7.15596093e-06],
       [  3.06242233e-06],
       [  1.42271462e+01]])},
  'weight': 40.0},
 {'gamma': 0.10000000000000001,
  'test_measures': {'0_fnr': 0.00052406004257188039,
                    '0_fpr': 0.0,
                    '1_fnr': 0.00033325061137904466,
                    '1_fpr': 1.7395842393667912e-05,
                    'acc': 0.99990000000000001,
                    'fnr_diff': 0.00019080943119283573,
                    'fpr_diff': 1.7395842393667912e-05},
  'test_results': {'fnr_diff': 0.050241630893129829,
                   'fpr_diff': 0.032292943892225569,
                   'll': -36.289614112777052,
                   'objective': 40.416342852044828},
  'train_results': {'fnr_diff': 2.6371198558194919e-09,
                    'fpr_diff': 1.2414767713853081e-09,
                    'll': -6.965992515175822,
                    'objective': 27.519196921248646,
                    'w': array([[ -3.03289538e-06],
       [ -1.49841251e-01],
       [ -5.20117203e-01],
       [ -1.63578258e+00],
       [ -9.11710955e-02],
       [  1.70064583e-01],
       [  2.58150760e-02],
       [ -7.95509128e-02],
       [  5.95853530e-02],
       [  3.53697847e-02],
       [  1.86575825e-02],
       [ -1.55619772e-06],
       [ -3.41214857e-06],
       [  6.34765197e-06],
       [ -2.27010044e-06],
       [  1.37625136e-06],
       [ -9.10121213e-07],
       [ -9.41026370e-06],
       [ -7.97173674e-06],
       [ -5.74016686e-06],
       [ -3.03517054e-06],
       [ -7.15587907e-06],
       [  3.06241080e-06],
       [  1.42271372e+01]])},
  'weight': 50.0},
 {'gamma': 0.10000000000000001,
  'test_measures': {'0_fnr': 0.00052406004257188039,
                    '0_fpr': 0.0,
                    '1_fnr': 0.00033325061137904466,
                    '1_fpr': 1.7395842393667912e-05,
                    'acc': 0.99990000000000001,
                    'fnr_diff': 0.00019080943119283573,
                    'fpr_diff': 1.7395842393667912e-05},
  'test_results': {'fnr_diff': 0.050241708906259411,
                   'fpr_diff': 0.032292993407268926,
                   'll': -36.289608908798257,
                   'objective': 41.241691047609955},
  'train_results': {'fnr_diff': 4.3178559595846714e-09,
                    'fpr_diff': 1.786520917312906e-09,
                    'll': -6.9659745645916704,
                    'objective': 27.519197072895526,
                    'w': array([[ -3.03289845e-06],
       [ -1.49841281e-01],
       [ -5.20117334e-01],
       [ -1.63578336e+00],
       [ -9.11711437e-02],
       [  1.70064847e-01],
       [  2.58152170e-02],
       [ -7.95510124e-02],
       [  5.95853829e-02],
       [  3.53698703e-02],
       [  1.86575095e-02],
       [ -1.55620370e-06],
       [ -3.41215543e-06],
       [  6.34766966e-06],
       [ -2.27011127e-06],
       [  1.37626016e-06],
       [ -9.10122985e-07],
       [ -9.41028341e-06],
       [ -7.97178188e-06],
       [ -5.74017492e-06],
       [ -3.03517447e-06],
       [ -7.15594295e-06],
       [  3.06241827e-06],
       [  1.42271434e+01]])},
  'weight': 60.0},
 {'gamma': 0.10000000000000001,
  'test_measures': {'0_fnr': 0.00052406004257188039,
                    '0_fpr': 0.0,
                    '1_fnr': 0.00033325061137904466,
                    '1_fpr': 1.7395842393667912e-05,
                    'acc': 0.99990000000000001,
                    'fnr_diff': 0.00019080943119283573,
                    'fpr_diff': 1.7395842393667912e-05},
  'test_results': {'fnr_diff': 0.05024171318308087,
                   'fpr_diff': 0.032293017096594975,
                   'll': -36.28961901192524,
                   'objective': 42.06705013150254},
  'train_results': {'fnr_diff': 4.4417605413182845e-09,
                    'fpr_diff': 1.7314056369177599e-09,
                    'll': -6.9659813619469784,
                    'objective': 27.519197140126003,
                    'w': array([[ -3.03289739e-06],
       [ -1.49841248e-01],
       [ -5.20117245e-01],
       [ -1.63578318e+00],
       [ -9.11711228e-02],
       [  1.70064820e-01],
       [  2.58151586e-02],
       [ -7.95509687e-02],
       [  5.95853845e-02],
       [  3.53698055e-02],
       [  1.86575633e-02],
       [ -1.55620169e-06],
       [ -3.41215934e-06],
       [  6.34766855e-06],
       [ -2.27010274e-06],
       [  1.37625347e-06],
       [ -9.10122365e-07],
       [ -9.41028727e-06],
       [ -7.97176658e-06],
       [ -5.74017257e-06],
       [ -3.03517286e-06],
       [ -7.15588607e-06],
       [  3.06241100e-06],
       [  1.42271410e+01]])},
  'weight': 70.0},
 {'gamma': 0.10000000000000001,
  'test_measures': {'0_fnr': 0.00052406004257188039,
                    '0_fpr': 0.0,
                    '1_fnr': 0.00033325061137904466,
                    '1_fpr': 1.7395842393667912e-05,
                    'acc': 0.99990000000000001,
                    'fnr_diff': 0.00019080943119283573,
                    'fpr_diff': 1.7395842393667912e-05},
  'test_results': {'fnr_diff': 0.05024167314397112,
                   'fpr_diff': 0.032292993319126259,
                   'll': -36.289605727874729,
                   'objective': 42.892379044922521},
  'train_results': {'fnr_diff': 5.7453473395474573e-09,
                    'fpr_diff': 2.5427237371200563e-09,
                    'll': -6.9659745886663584,
                    'objective': 27.519197355285314,
                    'w': array([[ -3.03289881e-06],
       [ -1.49841279e-01],
       [ -5.20117403e-01],
       [ -1.63578334e+00],
       [ -9.11711434e-02],
       [  1.70064930e-01],
       [  2.58151752e-02],
       [ -7.95509690e-02],
       [  5.95853471e-02],
       [  3.53698497e-02],
       [  1.86575471e-02],
       [ -1.55620362e-06],
       [ -3.41215704e-06],
       [  6.34766597e-06],
       [ -2.27010726e-06],
       [  1.37626140e-06],
       [ -9.10122085e-07],
       [ -9.41029380e-06],
       [ -7.97177545e-06],
       [ -5.74018220e-06],
       [ -3.03518067e-06],
       [ -7.15590444e-06],
       [  3.06241508e-06],
       [  1.42271434e+01]])},
  'weight': 80.0},
 {'gamma': 0.10000000000000001,
  'test_measures': {'0_fnr': 0.00052406004257188039,
                    '0_fpr': 0.0,
                    '1_fnr': 0.00033325061137904466,
                    '1_fpr': 1.7395842393667912e-05,
                    'acc': 0.99990000000000001,
                    'fnr_diff': 0.00019080943119283573,
                    'fpr_diff': 1.7395842393667912e-05},
  'test_results': {'fnr_diff': 0.050241663961299018,
                   'fpr_diff': 0.032292957113353851,
                   'll': -36.289588894606275,
                   'objective': 43.717704791325033},
  'train_results': {'fnr_diff': 3.4793551983991478e-09,
                    'fpr_diff': 1.5765662234046297e-09,
                    'll': -6.9659834398858944,
                    'objective': 27.519197170087836,
                    'w': array([[ -3.03289709e-06],
       [ -1.49841276e-01],
       [ -5.20117241e-01],
       [ -1.63578302e+00],
       [ -9.11711207e-02],
       [  1.70064751e-01],
       [  2.58151324e-02],
       [ -7.95509429e-02],
       [  5.95853373e-02],
       [  3.53698543e-02],
       [  1.86575420e-02],
       [ -1.55619844e-06],
       [ -3.41215204e-06],
       [  6.34765886e-06],
       [ -2.27010484e-06],
       [  1.37625335e-06],
       [ -9.10121554e-07],
       [ -9.41027095e-06],
       [ -7.97174941e-06],
       [ -5.74017169e-06],
       [ -3.03517272e-06],
       [ -7.15589370e-06],
       [  3.06241435e-06],
       [  1.42271403e+01]])},
  'weight': 90.0},
 {'gamma': 0.10000000000000001,
  'test_measures': {'0_fnr': 0.00052406004257188039,
                    '0_fpr': 0.0,
                    '1_fnr': 0.00033325061137904466,
                    '1_fpr': 1.7395842393667912e-05,
                    'acc': 0.99990000000000001,
                    'fnr_diff': 0.00019080943119283573,
                    'fpr_diff': 1.7395842393667912e-05},
  'test_results': {'fnr_diff': 0.050241631272700746,
                   'fpr_diff': 0.032292977598623832,
                   'll': -36.289578695483215,
                   'objective': 44.543039582615663},
  'train_results': {'fnr_diff': 5.462077515283603e-09,
                    'fpr_diff': 2.5836463440898073e-09,
                    'll': -6.9659826675033401,
                    'objective': 27.519197499857192,
                    'w': array([[ -3.03289742e-06],
       [ -1.49841267e-01],
       [ -5.20117328e-01],
       [ -1.63578308e+00],
       [ -9.11711231e-02],
       [  1.70064911e-01],
       [  2.58150889e-02],
       [ -7.95509439e-02],
       [  5.95854054e-02],
       [  3.53697889e-02],
       [  1.86575387e-02],
       [ -1.55619945e-06],
       [ -3.41215747e-06],
       [  6.34765744e-06],
       [ -2.27008706e-06],
       [  1.37624598e-06],
       [ -9.10124034e-07],
       [ -9.41029540e-06],
       [ -7.97174235e-06],
       [ -5.74017259e-06],
       [ -3.03516429e-06],
       [ -7.15584495e-06],
       [  3.06240957e-06],
       [  1.42271406e+01]])},
  'weight': 100.0}]

