default dataset with protected value gender

The result for squared relaxation:

[{'gamma': 6.0,
  'test_measures': {'0_fnr': 0.7294793469378259,
                    '0_fpr': 0.039650048727019438,
                    '1_fnr': 0.79030701797006808,
                    '1_fpr': 0.020731445055352571,
                    'acc': 0.80920833333333331,
                    'fnr_diff': 0.06082767103224216,
                    'fpr_diff': 0.01891860367166686},
  'test_results': {'fnr_diff': 0.070496996255008909,
                   'fpr_diff': 0.050485043307149556,
                   'll': -11296.224572813042,
                   'objective': 11296.224572813042},
  'train_results': {'fnr_diff': 0.066388808658898818,
                    'fpr_diff': 0.06359026148306024,
                    'll': -2772.2246295403688,
                    'objective': 2775.1574994339289,
                    'w': array([[ -1.20034599e-06],
       [ -1.77393746e-01],
       [ -1.30286960e-01],
       [ -3.50816890e-01],
       [ -2.65378722e-04],
       [  5.41435184e-01],
       [  7.76414200e-02],
       [  3.53390886e-02],
       [  1.42245419e-02],
       [  7.04760138e-02],
       [ -2.90136277e-03],
       [ -6.42394149e-06],
       [  1.59963852e-07],
       [  3.52064064e-06],
       [ -7.09048620e-07],
       [  1.24110250e-06],
       [  2.31519786e-06],
       [ -1.77638564e-05],
       [ -1.75058358e-05],
       [ -7.03868297e-06],
       [ -3.02554050e-06],
       [ -9.18450082e-06],
       [ -1.08047893e-06]])},
  'weight': 0.0},
 {'gamma': 4.0,
  'test_measures': {'0_fnr': 0.73585904621002718,
                    '0_fpr': 0.038322119068525624,
                    '1_fnr': 0.78380971457350535,
                    '1_fpr': 0.021760191471996326,
                    'acc': 0.80932500000000007,
                    'fnr_diff': 0.047950668363478235,
                    'fpr_diff': 0.016561927596529299},
  'test_results': {'fnr_diff': 0.053350173011167956,
                   'fpr_diff': 0.036196408519169734,
                   'll': -11296.616269559279,
                   'objective': 11297.511735374585},
  'train_results': {'fnr_diff': 0.049580289257775308,
                    'fpr_diff': 0.047205975827894299,
                    'll': -2772.3934268569365,
                    'objective': 2775.3053999734489,
                    'w': array([[ -1.20394277e-06],
       [ -1.42969260e-01],
       [ -1.31815716e-01],
       [ -3.58044315e-01],
       [ -4.38481080e-04],
       [  5.44055637e-01],
       [  7.70072822e-02],
       [  3.50129956e-02],
       [  1.36282868e-02],
       [  7.14199223e-02],
       [ -3.84160387e-03],
       [ -6.43481978e-06],
       [  1.43657971e-07],
       [  3.54674484e-06],
       [ -7.21606979e-07],
       [  1.25893894e-06],
       [  2.30316753e-06],
       [ -1.76731963e-05],
       [ -1.74616143e-05],
       [ -7.10459557e-06],
       [ -3.01597420e-06],
       [ -9.18519894e-06],
       [ -1.08550593e-06]])},
  'weight': 10.0},
 {'gamma': 3.0,
  'test_measures': {'0_fnr': 0.74066699831928684,
                    '0_fpr': 0.037187453135857369,
                    '1_fnr': 0.77943787477148274,
                    '1_fpr': 0.022614728713417402,
                    'acc': 0.80935000000000001,
                    'fnr_diff': 0.038770876452195992,
                    'fpr_diff': 0.014572724422439964},
  'test_results': {'fnr_diff': 0.041648731767930117,
                   'fpr_diff': 0.026726332671455744,
                   'll': -11297.719229222977,
                   'objective': 11299.086730511766},
  'train_results': {'fnr_diff': 0.038185791115388737,
                    'fpr_diff': 0.036131905049962568,
                    'll': -2772.730208477512,
                    'objective': 2775.6687115361633,
                    'w': array([[ -1.20772788e-06],
       [ -1.16122636e-01],
       [ -1.32981961e-01],
       [ -3.62938503e-01],
       [ -5.93189911e-04],
       [  5.45231825e-01],
       [  7.67692878e-02],
       [  3.47689789e-02],
       [  1.33293351e-02],
       [  7.19545184e-02],
       [ -4.39972448e-03],
       [ -6.44573900e-06],
       [  1.34020223e-07],
       [  3.56782770e-06],
       [ -7.31385131e-07],
       [  1.27303319e-06],
       [  2.29370912e-06],
       [ -1.76212558e-05],
       [ -1.74397324e-05],
       [ -7.15808920e-06],
       [ -3.01072133e-06],
       [ -9.18923862e-06],
       [ -1.09015632e-06]])},
  'weight': 20.0},
 {'gamma': 4.0,
  'test_measures': {'0_fnr': 0.74643357367451191,
                    '0_fpr': 0.036274130435088245,
                    '1_fnr': 0.77652350138512749,
                    '1_fpr': 0.0229111471785211,
                    'acc': 0.80930000000000002,
                    'fnr_diff': 0.030089927710615406,
                    'fpr_diff': 0.013362983256567141},
  'test_results': {'fnr_diff': 0.033272534007682583,
                   'fpr_diff': 0.020160299661136249,
                   'll': -11299.073261415422,
                   'objective': 11300.676246425486},
  'train_results': {'fnr_diff': 0.030126061064790027,
                    'fpr_diff': 0.028313086681660476,
                    'll': -2773.1430396488895,
                    'objective': 2776.8084010539001,
                    'w': array([[ -1.21321544e-06],
       [ -9.47176824e-02],
       [ -1.33669247e-01],
       [ -3.64136057e-01],
       [ -7.95702833e-04],
       [  5.43203610e-01],
       [  7.73951355e-02],
       [  3.45584764e-02],
       [  1.36441388e-02],
       [  7.16008077e-02],
       [ -4.21837334e-03],
       [ -6.46283204e-06],
       [  1.33727468e-07],
       [  3.58598696e-06],
       [ -7.37224850e-07],
       [  1.28905614e-06],
       [  2.28458632e-06],
       [ -1.76299992e-05],
       [ -1.74597134e-05],
       [ -7.21078147e-06],
       [ -3.02073775e-06],
       [ -9.20383723e-06],
       [ -1.09757612e-06]])},
  'weight': 30.0},
 {'gamma': 4.0,
  'test_measures': {'0_fnr': 0.7493188411261883,
                    '0_fpr': 0.035527152067601771,
                    '1_fnr': 0.77300988828263639,
                    '1_fpr': 0.023295038881312187,
                    'acc': 0.80950833333333327,
                    'fnr_diff': 0.023691047156448052,
                    'fpr_diff': 0.01223211318628958},
  'test_results': {'fnr_diff': 0.027462498013569325,
                   'fpr_diff': 0.015747041620371154,
                   'll': -11300.445871970402,
                   'objective': 11302.174253555759},
  'train_results': {'fnr_diff': 0.024532136000085435,
                    'fpr_diff': 0.022912858914850471,
                    'll': -2773.5312941232883,
                    'objective': 2777.3348595968478,
                    'w': array([[ -1.21643074e-06],
       [ -7.79823003e-02],
       [ -1.34315415e-01],
       [ -3.66267261e-01],
       [ -9.20265465e-04],
       [  5.42926584e-01],
       [  7.75474696e-02],
       [  3.43936143e-02],
       [  1.36494709e-02],
       [  7.16686045e-02],
       [ -4.35268822e-03],
       [ -6.47309670e-06],
       [  1.30314432e-07],
       [  3.60095668e-06],
       [ -7.43534424e-07],
       [  1.29922958e-06],
       [  2.27827499e-06],
       [ -1.76169712e-05],
       [ -1.74598045e-05],
       [ -7.24823371e-06],
       [ -3.02128110e-06],
       [ -9.20955402e-06],
       [ -1.10170389e-06]])},
  'weight': 40.0},
 {'gamma': 4.0,
  'test_measures': {'0_fnr': 0.7535117329154829,
                    '0_fpr': 0.034889608279396661,
                    '1_fnr': 0.7701578170463661,
                    '1_fpr': 0.023591526033639863,
                    'acc': 0.80951666666666677,
                    'fnr_diff': 0.01664608413088333,
                    'fpr_diff': 0.011298082245756798},
  'test_results': {'fnr_diff': 0.023168554703621429,
                   'fpr_diff': 0.012589141129031931,
                   'll': -11301.760000035347,
                   'objective': 11303.547884826979},
  'train_results': {'fnr_diff': 0.020414084907573727,
                    'fpr_diff': 0.018952192140582681,
                    'll': -2773.8963461125995,
                    'objective': 2777.7669504816477,
                    'w': array([[ -1.21904289e-06],
       [ -6.43505132e-02],
       [ -1.34842086e-01],
       [ -3.68009603e-01],
       [ -1.02207729e-03],
       [  5.42705435e-01],
       [  7.76810250e-02],
       [  3.42544146e-02],
       [  1.36535512e-02],
       [  7.17258891e-02],
       [ -4.46426832e-03],
       [ -6.48170962e-06],
       [  1.27559872e-07],
       [  3.61392370e-06],
       [ -7.49190339e-07],
       [  1.30733210e-06],
       [  2.27318349e-06],
       [ -1.76073382e-05],
       [ -1.74601184e-05],
       [ -7.27899992e-06],
       [ -3.02101287e-06],
       [ -9.21363185e-06],
       [ -1.10502996e-06]])},
  'weight': 50.0},
 {'gamma': 4.0,
  'test_measures': {'0_fnr': 0.7558712555360354,
                    '0_fpr': 0.034390845539194782,
                    '1_fnr': 0.76816719542591694,
                    '1_fpr': 0.023800714874290335,
                    'acc': 0.80959166666666671,
                    'fnr_diff': 0.014119592601562102,
                    'fpr_diff': 0.010590130664904444},
  'test_results': {'fnr_diff': 0.01990274171654708,
                   'fpr_diff': 0.010265385531479265,
                   'll': -11302.983787196576,
                   'objective': 11304.793874831457},
  'train_results': {'fnr_diff': 0.017294132333367615,
                    'fpr_diff': 0.015962613955999398,
                    'll': -2774.2327112770813,
                    'objective': 2778.1287108328265,
                    'w': array([[ -1.22120046e-06],
       [ -5.30334757e-02],
       [ -1.35279025e-01],
       [ -3.69460162e-01],
       [ -1.10689681e-03],
       [  5.42523515e-01],
       [  7.78000269e-02],
       [  3.41342034e-02],
       [  1.36566107e-02],
       [  7.17749988e-02],
       [ -4.55890469e-03],
       [ -6.48905901e-06],
       [  1.25291981e-07],
       [  3.62537941e-06],
       [ -7.54343865e-07],
       [  1.31388559e-06],
       [  2.26898922e-06],
       [ -1.76002078e-05],
       [ -1.74605376e-05],
       [ -7.30476590e-06],
       [ -3.02011471e-06],
       [ -9.21645411e-06],
       [ -1.10775890e-06]])},
  'weight': 60.0},
 {'gamma': 4.0,
  'test_measures': {'0_fnr': 0.75753062851321329,
                    '0_fpr': 0.033975119779755467,
                    '1_fnr': 0.76650674011104081,
                    '1_fpr': 0.024149587037564112,
                    'acc': 0.80959999999999999,
                    'fnr_diff': 0.013930542560686533,
                    'fpr_diff': 0.0098255327421913549},
  'test_results': {'fnr_diff': 0.017359109034901576,
                   'fpr_diff': 0.0085155674547378289,
                   'll': -11304.109019232288,
                   'objective': 11305.920246586564},
  'train_results': {'fnr_diff': 0.01487330577549632,
                    'fpr_diff': 0.013651581117327002,
                    'll': -2774.5399173650903,
                    'objective': 2778.4366551572921,
                    'w': array([[ -1.22300797e-06],
       [ -4.34885903e-02],
       [ -1.35646850e-01],
       [ -3.70686134e-01],
       [ -1.17869324e-03],
       [  5.42369948e-01],
       [  7.79075800e-02],
       [  3.40283745e-02],
       [  1.36588752e-02],
       [  7.18175953e-02],
       [ -4.64056589e-03],
       [ -6.49542438e-06],
       [  1.23405791e-07],
       [  3.63566273e-06],
       [ -7.59112438e-07],
       [  1.31925614e-06],
       [  2.26547156e-06],
       [ -1.75949326e-05],
       [ -1.74609887e-05],
       [ -7.32666226e-06],
       [ -3.01873733e-06],
       [ -9.21832030e-06],
       [ -1.11003102e-06]])},
  'weight': 70.0},
 {'gamma': 4.0,
  'test_measures': {'0_fnr': 0.75918953881887408,
                    '0_fpr': 0.033587213122800517,
                    '1_fnr': 0.76597622340234128,
                    '1_fpr': 0.024393757442277501,
                    'acc': 0.80950833333333327,
                    'fnr_diff': 0.013844010222174607,
                    'fpr_diff': 0.0091934556805230144},
  'test_results': {'fnr_diff': 0.015337852791411,
                   'fpr_diff': 0.0071723101420581355,
                   'll': -11305.137504238461,
                   'objective': 11306.938317273136},
  'train_results': {'fnr_diff': 0.012956795775578489,
                    'fpr_diff': 0.011828777534299307,
                    'll': -2774.8195771345027,
                    'objective': 2778.7025031797152,
                    'w': array([[ -1.22453963e-06],
       [ -3.53304660e-02],
       [ -1.35960312e-01],
       [ -3.71735608e-01],
       [ -1.24029094e-03],
       [  5.42237474e-01],
       [  7.80059255e-02],
       [  3.39337618e-02],
       [  1.36604530e-02],
       [  7.18549499e-02],
       [ -4.71206888e-03],
       [ -6.50100139e-06],
       [  1.21815591e-07],
       [  3.64501543e-06],
       [ -7.63571272e-07],
       [  1.32369718e-06],
       [  2.26247778e-06],
       [ -1.75910828e-05],
       [ -1.74614141e-05],
       [ -7.34552412e-06],
       [ -3.01697396e-06],
       [ -9.21940533e-06],
       [ -1.11194534e-06]])},
  'weight': 80.0},
 {'gamma': 5.0,
  'test_measures': {'0_fnr': 0.76076011337984772,
                    '0_fpr': 0.033227200197485034,
                    '1_fnr': 0.76537992515615105,
                    '1_fpr': 0.024463509226769153,
                    'acc': 0.80950833333333327,
                    'fnr_diff': 0.014220111659631062,
                    'fpr_diff': 0.0087636909707158837},
  'test_results': {'fnr_diff': 0.013695982573409943,
                   'fpr_diff': 0.0061206144653614385,
                   'll': -11306.075792526375,
                   'objective': 11307.859286259863},
  'train_results': {'fnr_diff': 0.011423796064011085,
                    'fpr_diff': 0.01037177643102607,
                    'll': -2775.0865702938709,
                    'objective': 2779.4083935450058,
                    'w': array([[ -1.22700714e-06],
       [ -2.84427878e-02],
       [ -1.36041806e-01],
       [ -3.71082336e-01],
       [ -1.34038126e-03],
       [  5.40477569e-01],
       [  7.85267624e-02],
       [  3.38405422e-02],
       [  1.39535734e-02],
       [  7.14511659e-02],
       [ -4.42696382e-03],
       [ -6.51072852e-06],
       [  1.23792486e-07],
       [  3.65418733e-06],
       [ -7.66310728e-07],
       [  1.33108274e-06],
       [  2.25887044e-06],
       [ -1.76138512e-05],
       [ -1.74817359e-05],
       [ -7.36850142e-06],
       [ -3.02451987e-06],
       [ -9.22619975e-06],
       [ -1.11586617e-06]])},
  'weight': 90.0},
 {'gamma': 5.0,
  'test_measures': {'0_fnr': 0.76198474874178701,
                    '0_fpr': 0.03297760407765455,
                    '1_fnr': 0.76438624088614271,
                    '1_fpr': 0.024637947518296635,
                    'acc': 0.80950833333333327,
                    'fnr_diff': 0.014463729368546585,
                    'fpr_diff': 0.008339656559357915},
  'test_results': {'fnr_diff': 0.012359483002443872,
                   'fpr_diff': 0.0052937096886737393,
                   'll': -11306.929821504187,
                   'objective': 11308.695140773299},
  'train_results': {'fnr_diff': 0.01016448427159663,
                    'fpr_diff': 0.0091831308587105396,
                    'll': -2775.3177953580689,
                    'objective': 2779.6137102475063,
                    'w': array([[ -1.22812524e-06],
       [ -2.23028486e-02],
       [ -1.36272744e-01],
       [ -3.71870831e-01],
       [ -1.38741781e-03],
       [  5.40374345e-01],
       [  7.86105853e-02],
       [  3.37618420e-02],
       [  1.39534897e-02],
       [  7.14798123e-02],
       [ -4.48327115e-03],
       [ -6.51517740e-06],
       [  1.22578051e-07],
       [  3.66220461e-06],
       [ -7.70306456e-07],
       [  1.33424332e-06],
       [  2.25662270e-06],
       [ -1.76119120e-05],
       [ -1.74820704e-05],
       [ -7.38303343e-06],
       [ -3.02230242e-06],
       [ -9.22611896e-06],
       [ -1.11727495e-06]])},
  'weight': 100.0},
 {'gamma': 5.0,
  'test_measures': {'0_fnr': 0.76285740112243983,
                    '0_fpr': 0.032672300807461113,
                    '1_fnr': 0.76352557665337029,
                    '1_fpr': 0.024864662831476682,
                    'acc': 0.80951666666666655,
                    'fnr_diff': 0.014226251768291088,
                    'fpr_diff': 0.0078076379759844296},
  'test_results': {'fnr_diff': 0.011248151265760255,
                   'fpr_diff': 0.004631138256764279,
                   'll': -11307.709789736642,
                   'objective': 11309.456511584118},
  'train_results': {'fnr_diff': 0.0091209473428251683,
                    'fpr_diff': 0.0082017865133451259,
                    'll': -2775.5289697637368,
                    'objective': 2779.7967520471875,
                    'w': array([[ -1.22909569e-06],
       [ -1.68939486e-02],
       [ -1.36475045e-01],
       [ -3.72565677e-01],
       [ -1.42903343e-03],
       [  5.40280751e-01],
       [  7.86892920e-02],
       [  3.36890574e-02],
       [  1.39530633e-02],
       [  7.15055681e-02],
       [ -4.53418608e-03],
       [ -6.51918823e-06],
       [  1.21528157e-07],
       [  3.66971249e-06],
       [ -7.74130969e-07],
       [  1.33689849e-06],
       [  2.25464611e-06],
       [ -1.76106818e-05],
       [ -1.74823396e-05],
       [ -7.39592010e-06],
       [ -3.01986388e-06],
       [ -9.22559908e-06],
       [ -1.11848878e-06]])},
  'weight': 110.0},
 {'gamma': 5.0,
  'test_measures': {'0_fnr': 0.76373054739074697,
                    '0_fpr': 0.032505879148254348,
                    '1_fnr': 0.7627324461994498,
                    '1_fpr': 0.024969347738136565,
                    'acc': 0.80953333333333322,
                    'fnr_diff': 0.013965154119481271,
                    'fpr_diff': 0.0075365314101177834},
  'test_results': {'fnr_diff': 0.010313568104734728,
                   'fpr_diff': 0.0040947458074458622,
                   'll': -11308.423790996225,
                   'objective': 11310.152788665688},
  'train_results': {'fnr_diff': 0.0082463243908367685,
                    'fpr_diff': 0.0073823331729045098,
                    'll': -2775.7223045477876,
                    'objective': 2779.9612647435783,
                    'w': array([[ -1.22994569e-06],
       [ -1.20930460e-02],
       [ -1.36653509e-01],
       [ -3.73182510e-01],
       [ -1.46613204e-03],
       [  5.40195185e-01],
       [  7.87636961e-02],
       [  3.36211903e-02],
       [  1.39523438e-02],
       [  7.15289242e-02],
       [ -4.58067060e-03],
       [ -6.52283644e-06],
       [  1.20617588e-07],
       [  3.67679462e-06],
       [ -7.77815242e-07],
       [  1.33914321e-06],
       [  2.25289255e-06],
       [ -1.76100466e-05],
       [ -1.74825608e-05],
       [ -7.40744267e-06],
       [ -3.01725001e-06],
       [ -9.22474327e-06],
       [ -1.11954382e-06]])},
  'weight': 120.0},
 {'gamma': 5.0,
  'test_measures': {'0_fnr': 0.76425438006330526,
                    '0_fpr': 0.032395150466169344,
                    '1_fnr': 0.76206827346895767,
                    '1_fpr': 0.025056551644624937,
                    'acc': 0.80955833333333338,
                    'fnr_diff': 0.014275972436830408,
                    'fpr_diff': 0.0073385988215444063},
  'test_results': {'fnr_diff': 0.0095197023842182593,
                   'fpr_diff': 0.0036565968295031682,
                   'll': -11309.078684462478,
                   'objective': 11310.791603360261},
  'train_results': {'fnr_diff': 0.0075058400591622538,
                    'fpr_diff': 0.0066911075589660184,
                    'll': -2775.8997791897827,
                    'objective': 2780.1101976763848,
                    'w': array([[ -1.23069546e-06],
       [ -7.80321757e-03],
       [ -1.36811920e-01],
       [ -3.73733643e-01],
       [ -1.49942670e-03],
       [  5.40116258e-01],
       [  7.88344010e-02],
       [  3.35574465e-02],
       [  1.39513778e-02],
       [  7.15502315e-02],
       [ -4.62340447e-03],
       [ -6.52617585e-06],
       [  1.19819623e-07],
       [  3.68351690e-06],
       [ -7.81373655e-07],
       [  1.34103542e-06],
       [  2.25132945e-06],
       [ -1.76099155e-05],
       [ -1.74827658e-05],
       [ -7.41782446e-06],
       [ -3.01448244e-06],
       [ -9.22357298e-06],
       [ -1.12046522e-06]])},
  'weight': 130.0},
 {'gamma': 5.0,
  'test_measures': {'0_fnr': 0.765649371695452,
                    '0_fpr': 0.032201645398356939,
                    '1_fnr': 0.76147113582524972,
                    '1_fpr': 0.025230895681094968,
                    'acc': 0.80947500000000017,
                    'fnr_diff': 0.014652755454270871,
                    'fpr_diff': 0.0069707497172619721},
  'test_results': {'fnr_diff': 0.0088393129976692582,
                   'fpr_diff': 0.0032958895015266268,
                   'll': -11309.680576881943,
                   'objective': 11311.379505231831},
  'train_results': {'fnr_diff': 0.0068732339644187916,
                    'fpr_diff': 0.0061027524902874681,
                    'll': -2776.0631433522371,
                    'objective': 2780.2459046593272,
                    'w': array([[ -1.23135705e-06],
       [ -3.94722157e-03],
       [ -1.36953190e-01],
       [ -3.74228860e-01],
       [ -1.52950045e-03],
       [  5.40042549e-01],
       [  7.89019169e-02],
       [  3.34972601e-02],
       [  1.39501457e-02],
       [  7.15697482e-02],
       [ -4.66293370e-03],
       [ -6.52924759e-06],
       [  1.19123937e-07],
       [  3.68992306e-06],
       [ -7.84829524e-07],
       [  1.34263345e-06],
       [  2.24992376e-06],
       [ -1.76101894e-05],
       [ -1.74828721e-05],
       [ -7.42722068e-06],
       [ -3.01159031e-06],
       [ -9.22216570e-06],
       [ -1.12127136e-06]])},
  'weight': 140.0},
 {'gamma': 5.0,
  'test_measures': {'0_fnr': 0.76634749703458382,
                    '0_fpr': 0.031980316339699,
                    '1_fnr': 0.76100827272438532,
                    '1_fpr': 0.025283175862957481,
                    'acc': 0.80950833333333327,
                    'fnr_diff': 0.01463032487656608,
                    'fpr_diff': 0.0066971404767415255},
  'test_results': {'fnr_diff': 0.0082514623596892205,
                   'fpr_diff': 0.0029969071635781988,
                   'll': -11310.235228360669,
                   'objective': 11311.922483789158},
  'train_results': {'fnr_diff': 0.0063283859695262177,
                    'fpr_diff': 0.0055978672255053551,
                    'll': -2776.2139266790705,
                    'objective': 2780.3702870261427,
                    'w': array([[ -1.23194544e-06],
       [ -4.62448447e-04],
       [ -1.37079876e-01],
       [ -3.74676249e-01],
       [ -1.55680662e-03],
       [  5.39973576e-01],
       [  7.89666612e-02],
       [  3.34400849e-02],
       [  1.39487295e-02],
       [  7.15877654e-02],
       [ -4.69972438e-03],
       [ -6.53209720e-06],
       [  1.18508667e-07],
       [  3.69607114e-06],
       [ -7.88190711e-07],
       [  1.34397396e-06],
       [  2.24865700e-06],
       [ -1.76108360e-05],
       [ -1.74829921e-05],
       [ -7.43578916e-06],
       [ -3.00858732e-06],
       [ -9.22051508e-06],
       [ -1.12197948e-06]])},
  'weight': 150.0},
 {'gamma': 5.0,
  'test_measures': {'0_fnr': 0.76722090876109061,
                    '0_fpr': 0.031731268248117325,
                    '1_fnr': 0.76080882342077916,
                    '1_fpr': 0.025335440710207963,
                    'acc': 0.80950000000000011,
                    'fnr_diff': 0.015003711468074332,
                    'fpr_diff': 0.0063958275379093652},
  'test_results': {'fnr_diff': 0.0077398697689601672,
                   'fpr_diff': 0.0027476055376618332,
                   'll': -11310.747534636594,
                   'objective': 11312.425530685654},
  'train_results': {'fnr_diff': 0.0058556558508109213,
                    'fpr_diff': 0.0051614141582565489,
                    'll': -2776.3534720469579,
                    'objective': 2780.4848973430912,
                    'w': array([[ -1.23246886e-06],
       [  2.70207441e-03],
       [ -1.37193883e-01],
       [ -3.75082260e-01],
       [ -1.58172988e-03],
       [  5.39908355e-01],
       [  7.90290030e-02],
       [  3.33855324e-02],
       [  1.39471140e-02],
       [  7.16044554e-02],
       [ -4.73416021e-03],
       [ -6.53474616e-06],
       [  1.17968444e-07],
       [  3.70197994e-06],
       [ -7.91473779e-07],
       [  1.34510225e-06],
       [  2.24750361e-06],
       [ -1.76117813e-05],
       [ -1.74830427e-05],
       [ -7.44363504e-06],
       [ -3.00549551e-06],
       [ -9.21869538e-06],
       [ -1.12260392e-06]])},
  'weight': 160.0},
 {'gamma': 5.0,
  'test_measures': {'0_fnr': 0.7675712530067228,
                    '0_fpr': 0.031565321687754111,
                    '1_fnr': 0.76047802113064944,
                    '1_fpr': 0.025387736036009183,
                    'acc': 0.80953333333333322,
                    'fnr_diff': 0.014937165830467048,
                    'fpr_diff': 0.0061775856517449317},
  'test_results': {'fnr_diff': 0.0072916875434013264,
                   'fpr_diff': 0.0025386534688371988,
                   'll': -11311.221735331428,
                   'objective': 11312.892893303509},
  'train_results': {'fnr_diff': 0.0054427505254082548,
                    'fpr_diff': 0.0047815784809096037,
                    'll': -2776.4829515791835,
                    'objective': 2780.5910158561792,
                    'w': array([[ -1.23293767e-06],
       [  5.58850585e-03],
       [ -1.37296905e-01],
       [ -3.75452284e-01],
       [ -1.60457969e-03],
       [  5.39846428e-01],
       [  7.90891986e-02],
       [  3.33332460e-02],
       [  1.39453453e-02],
       [  7.16199821e-02],
       [ -4.76652515e-03],
       [ -6.53722450e-06],
       [  1.17489714e-07],
       [  3.70769033e-06],
       [ -7.94684074e-07],
       [  1.34603577e-06],
       [  2.24645386e-06],
       [ -1.76129844e-05],
       [ -1.74830923e-05],
       [ -7.45084864e-06],
       [ -3.00232223e-06],
       [ -9.21668932e-06],
       [ -1.12315324e-06]])},
  'weight': 170.0},
 {'gamma': 5.0,
  'test_measures': {'0_fnr': 0.76800889540866657,
                    '0_fpr': 0.031482393950901244,
                    '1_fnr': 0.76001407229880369,
                    '1_fpr': 0.025457480323597171,
                    'acc': 0.80954166666666671,
                    'fnr_diff': 0.0149596588462094,
                    'fpr_diff': 0.0060249136273040748},
  'test_results': {'fnr_diff': 0.0068966941452341338,
                   'fpr_diff': 0.0023627311869332253,
                   'll': -11311.661713043748,
                   'objective': 11313.328409603539},
  'train_results': {'fnr_diff': 0.0050798892783729451,
                    'fpr_diff': 0.0044489958073546136,
                    'll': -2776.6033900429748,
                    'objective': 2780.6897076781684,
                    'w': array([[ -1.23335656e-06],
       [  8.23184730e-03],
       [ -1.37390307e-01],
       [ -3.75790845e-01],
       [ -1.62561755e-03],
       [  5.39787301e-01],
       [  7.91475189e-02],
       [  3.32829804e-02],
       [  1.39434066e-02],
       [  7.16344916e-02],
       [ -4.79707797e-03],
       [ -6.53955411e-06],
       [  1.17070772e-07],
       [  3.71321861e-06],
       [ -7.97834780e-07],
       [  1.34680845e-06],
       [  2.24549152e-06],
       [ -1.76144144e-05],
       [ -1.74830823e-05],
       [ -7.45751087e-06],
       [ -2.99908733e-06],
       [ -9.21456483e-06],
       [ -1.12363883e-06]])},
  'weight': 180.0},
 {'gamma': 5.0,
  'test_measures': {'0_fnr': 0.76870939465132515,
                    '0_fpr': 0.031427267159280521,
                    '1_fnr': 0.7596823158509991,
                    '1_fpr': 0.025509807537651745,
                    'acc': 0.80950833333333327,
                    'fnr_diff': 0.014718660968176756,
                    'fpr_diff': 0.0059174596216287727},
  'test_results': {'fnr_diff': 0.0065466543772452939,
                   'fpr_diff': 0.0022140511403714079,
                   'll': -11312.07080009351,
                   'objective': 11313.735334141858},
  'train_results': {'fnr_diff': 0.0047592210646161311,
                    'fpr_diff': 0.0041561439381508185,
                    'll': -2776.7156864447265,
                    'objective': 2780.7818661503611,
                    'w': array([[ -1.23373261e-06],
       [  1.06614867e-02],
       [ -1.37475225e-01],
       [ -3.76101719e-01],
       [ -1.64506169e-03],
       [  5.39730604e-01],
       [  7.92041599e-02],
       [  3.32344841e-02],
       [  1.39413243e-02],
       [  7.16481099e-02],
       [ -4.82605443e-03],
       [ -6.54174587e-06],
       [  1.16698313e-07],
       [  3.71858376e-06],
       [ -8.00927116e-07],
       [  1.34743670e-06],
       [  2.24460583e-06],
       [ -1.76160428e-05],
       [ -1.74830441e-05],
       [ -7.46369642e-06],
       [ -2.99579045e-06],
       [ -9.21231019e-06],
       [ -1.12406746e-06]])},
  'weight': 190.0},
 {'gamma': 5.0,
  'test_measures': {'0_fnr': 0.76905816936596272,
                    '0_fpr': 0.031344462537601668,
                    '1_fnr': 0.75954933712759498,
                    '1_fpr': 0.025527256499438523,
                    'acc': 0.80950833333333327,
                    'fnr_diff': 0.015026501362740263,
                    'fpr_diff': 0.005817206038163149},
  'test_results': {'fnr_diff': 0.0062348743518915121,
                   'fpr_diff': 0.0020879851672252784,
                   'll': -11312.451866103414,
                   'objective': 11314.116438007237},
  'train_results': {'fnr_diff': 0.0044743726447538639,
                    'fpr_diff': 0.0038969433742335113,
                    'll': -2776.8206311111571,
                    'objective': 2780.8682461237076,
                    'w': array([[ -1.23407231e-06],
       [  1.29022962e-02],
       [ -1.37552646e-01],
       [ -3.76388016e-01],
       [ -1.66309517e-03],
       [  5.39675947e-01],
       [  7.92592851e-02],
       [  3.31875423e-02],
       [  1.39391194e-02],
       [  7.16609087e-02],
       [ -4.85360867e-03],
       [ -6.54381947e-06],
       [  1.16370181e-07],
       [  3.72380786e-06],
       [ -8.03970181e-07],
       [  1.34793677e-06],
       [  2.24378771e-06],
       [ -1.76178263e-05],
       [ -1.74829801e-05],
       [ -7.46944064e-06],
       [ -2.99244623e-06],
       [ -9.20994058e-06],
       [ -1.12444529e-06]])},
  'weight': 200.0}]

The result for absolute value relaxation:

[{'gamma': 6.0,
  'test_measures': {'0_fnr': 0.7294793469378259,
                    '0_fpr': 0.039650048727019438,
                    '1_fnr': 0.79030701797006808,
                    '1_fpr': 0.020731445055352571,
                    'acc': 0.80920833333333331,
                    'fnr_diff': 0.06082767103224216,
                    'fpr_diff': 0.01891860367166686},
  'test_results': {'fnr_diff': 0.25672125544808388,
                   'fpr_diff': 0.21785615295915495,
                   'll': -11296.224572813042,
                   'objective': 11296.224572813042},
  'train_results': {'fnr_diff': 0.25746402586803063,
                    'fpr_diff': 0.24539998924420492,
                    'll': -2772.2246295403688,
                    'objective': 2775.1574994339289,
                    'w': array([[ -1.20034599e-06],
       [ -1.77393746e-01],
       [ -1.30286960e-01],
       [ -3.50816890e-01],
       [ -2.65378722e-04],
       [  5.41435184e-01],
       [  7.76414200e-02],
       [  3.53390886e-02],
       [  1.42245419e-02],
       [  7.04760138e-02],
       [ -2.90136277e-03],
       [ -6.42394149e-06],
       [  1.59963852e-07],
       [  3.52064064e-06],
       [ -7.09048620e-07],
       [  1.24110250e-06],
       [  2.31519786e-06],
       [ -1.77638564e-05],
       [ -1.75058358e-05],
       [ -7.03868297e-06],
       [ -3.02554050e-06],
       [ -9.18450082e-06],
       [ -1.08047893e-06]])},
  'weight': 0.0},
 {'gamma': 4.0,
  'test_measures': {'0_fnr': 0.74546595686613215,
                    '0_fpr': 0.036245815681716018,
                    '1_fnr': 0.77644708406464558,
                    '1_fpr': 0.022928428944420192,
                    'acc': 0.80940000000000012,
                    'fnr_diff': 0.030981127198513314,
                    'fpr_diff': 0.013317386737295819},
  'test_results': {'fnr_diff': 0.17280834390769673,
                   'fpr_diff': 0.1341111513167994,
                   'll': -11299.567849546136,
                   'objective': 11302.637044498382},
  'train_results': {'fnr_diff': 0.17336986581885513,
                    'fpr_diff': 0.16130334214639003,
                    'll': -2773.122422669368,
                    'objective': 2778.3851029431362,
                    'w': array([[ -1.21347220e-06],
       [ -9.49597070e-02],
       [ -1.33722038e-01],
       [ -3.64121598e-01],
       [ -7.90635770e-04],
       [  5.43306051e-01],
       [  7.73063761e-02],
       [  3.46495185e-02],
       [  1.36465007e-02],
       [  7.15460586e-02],
       [ -4.15170536e-03],
       [ -6.46139313e-06],
       [  1.29002253e-07],
       [  3.57959307e-06],
       [ -7.27676420e-07],
       [  1.28750793e-06],
       [  2.28696165e-06],
       [ -1.76110984e-05],
       [ -1.74647905e-05],
       [ -7.20968139e-06],
       [ -3.03293544e-06],
       [ -9.20760838e-06],
       [ -1.09692771e-06]])},
  'weight': 10.0},
 {'gamma': 5.0,
  'test_measures': {'0_fnr': 0.76416013692646723,
                    '0_fpr': 0.03250543717372343,
                    '1_fnr': 0.76218838896458796,
                    '1_fpr': 0.024951209895597563,
                    'acc': 0.80956666666666666,
                    'fnr_diff': 0.018413536823709407,
                    'fpr_diff': 0.0075542272781258593},
  'test_results': {'fnr_diff': 0.088082733138742916,
                   'fpr_diff': 0.058516602585238296,
                   'll': -11309.561963746151,
                   'objective': 11312.493950460632},
  'train_results': {'fnr_diff': 0.087402606312472736,
                    'fpr_diff': 0.075433730862995568,
                    'll': -2775.7115321915926,
                    'objective': 2781.3408990109101,
                    'w': array([[ -1.23142635e-06],
       [ -1.09492941e-02],
       [ -1.36892814e-01],
       [ -3.73402580e-01],
       [ -1.46012982e-03],
       [  5.40575354e-01],
       [  7.83631700e-02],
       [  3.39651236e-02],
       [  1.39888858e-02],
       [  7.14105687e-02],
       [ -4.39096373e-03],
       [ -6.51653399e-06],
       [  1.09503632e-07],
       [  3.64312880e-06],
       [ -7.43654799e-07],
       [  1.34393103e-06],
       [  2.25643975e-06],
       [ -1.75504030e-05],
       [ -1.74980160e-05],
       [ -7.40683666e-06],
       [ -3.06679427e-06],
       [ -9.25563588e-06],
       [ -1.12000253e-06]])},
  'weight': 20.0},
 {'gamma': 3.0,
  'test_measures': {'0_fnr': 0.77420218505354366,
                    '0_fpr': 0.030456062255028817,
                    '1_fnr': 0.75259895240379704,
                    '1_fpr': 0.026591038013328794,
                    'acc': 0.80964999999999987,
                    'fnr_diff': 0.021603232649746597,
                    'fpr_diff': 0.003865024241700024},
  'test_results': {'fnr_diff': 0.049677503383364831,
                   'fpr_diff': 0.034617235098661617,
                   'll': -11319.029913112736,
                   'objective': 11321.558755267197},
  'train_results': {'fnr_diff': 0.030659262409263303,
                    'fpr_diff': 0.019242838782315481,
                    'll': -2778.3899466706671,
                    'objective': 2781.3474346843263,
                    'w': array([[ -1.23796186e-06],
       [  4.45046733e-02],
       [ -1.39446693e-01],
       [ -3.83632439e-01],
       [ -1.78869895e-03],
       [  5.43184746e-01],
       [  7.82757037e-02],
       [  3.31349405e-02],
       [  1.37549629e-02],
       [  7.24831795e-02],
       [ -5.76050269e-03],
       [ -6.54173283e-06],
       [  9.90273032e-08],
       [  3.70567253e-06],
       [ -7.74110212e-07],
       [  1.37400869e-06],
       [  2.21967363e-06],
       [ -1.75600869e-05],
       [ -1.74546185e-05],
       [ -7.52126349e-06],
       [ -3.04594372e-06],
       [ -9.26302609e-06],
       [ -1.14685876e-06]])},
  'weight': 30.0},
 {'gamma': 4.0,
  'test_measures': {'0_fnr': 0.77481449878537867,
                    '0_fpr': 0.030290238809839616,
                    '1_fnr': 0.75319715896533723,
                    '1_fpr': 0.026486432367919033,
                    'acc': 0.80961666666666665,
                    'fnr_diff': 0.021617339820041704,
                    'fpr_diff': 0.0038038064419205855},
  'test_results': {'fnr_diff': 0.049746615839079668,
                   'fpr_diff': 0.034702011006208337,
                   'll': -11319.216977992895,
                   'objective': 11322.594923066707},
  'train_results': {'fnr_diff': 0.029553161283126295,
                    'fpr_diff': 0.019034330712804852,
                    'll': -2778.448381369074,
                    'objective': 2782.324347365,
                    'w': array([[ -1.23734095e-06],
       [  4.49229962e-02],
       [ -1.39187803e-01],
       [ -3.81921229e-01],
       [ -1.86168805e-03],
       [  5.41108554e-01],
       [  7.95280374e-02],
       [  3.22968934e-02],
       [  1.41360814e-02],
       [  7.21566585e-02],
       [ -6.02802950e-03],
       [ -6.55799289e-06],
       [  1.04303763e-07],
       [  3.76515487e-06],
       [ -7.96372927e-07],
       [  1.37766463e-06],
       [  2.19304883e-06],
       [ -1.76698872e-05],
       [ -1.75562240e-05],
       [ -7.50596373e-06],
       [ -3.01033564e-06],
       [ -9.21500111e-06],
       [ -1.15024587e-06]])},
  'weight': 40.0},
 {'gamma': 4.0,
  'test_measures': {'0_fnr': 0.77498997445458118,
                    '0_fpr': 0.030179491970502393,
                    '1_fnr': 0.75332922645156875,
                    '1_fpr': 0.026469114036268164,
                    'acc': 0.80962499999999993,
                    'fnr_diff': 0.021746013713154121,
                    'fpr_diff': 0.0037103779342342312},
  'test_results': {'fnr_diff': 0.049678895145526904,
                   'fpr_diff': 0.034591014776278503,
                   'll': -11318.950569551253,
                   'objective': 11323.164065047342},
  'train_results': {'fnr_diff': 0.028743809535727721,
                    'fpr_diff': 0.018843157701688602,
                    'll': -2778.4951005035564,
                    'objective': 2782.805225373731,
                    'w': array([[ -1.23594962e-06],
       [  4.53037261e-02],
       [ -1.39113346e-01],
       [ -3.81915399e-01],
       [ -1.88272080e-03],
       [  5.40718468e-01],
       [  8.04367184e-02],
       [  3.15145111e-02],
       [  1.42338926e-02],
       [  7.22284812e-02],
       [ -6.51280980e-03],
       [ -6.56665662e-06],
       [  1.09815146e-07],
       [  3.81785801e-06],
       [ -8.39056183e-07],
       [  1.37639660e-06],
       [  2.18285948e-06],
       [ -1.77296497e-05],
       [ -1.75304840e-05],
       [ -7.48067327e-06],
       [ -2.97141302e-06],
       [ -9.16975363e-06],
       [ -1.14492279e-06]])},
  'weight': 50.0},
 {'gamma': 4.0,
  'test_measures': {'0_fnr': 0.77516545012378324,
                    '0_fpr': 0.03020729291573453,
                    '1_fnr': 0.75359644412316718,
                    '1_fpr': 0.026434165579487905,
                    'acc': 0.80958333333333332,
                    'fnr_diff': 0.021743085311976284,
                    'fpr_diff': 0.0037731273362466254},
  'test_results': {'fnr_diff': 0.049611712804727072,
                   'fpr_diff': 0.034480252491251376,
                   'll': -11318.731979165177,
                   'objective': 11323.777497082936},
  'train_results': {'fnr_diff': 0.027932827901671408,
                    'fpr_diff': 0.0186529393633432,
                    'll': -2778.5517767953256,
                    'objective': 2783.2760832330432,
                    'w': array([[ -1.23454580e-06],
       [  4.56856067e-02],
       [ -1.39039181e-01],
       [ -3.81908298e-01],
       [ -1.90364377e-03],
       [  5.40329030e-01],
       [  8.13426409e-02],
       [  3.07338039e-02],
       [  1.43315344e-02],
       [  7.23013849e-02],
       [ -6.99726265e-03],
       [ -6.57536044e-06],
       [  1.15532086e-07],
       [  3.87022676e-06],
       [ -8.81531310e-07],
       [  1.37518039e-06],
       [  2.17270735e-06],
       [ -1.77922165e-05],
       [ -1.75049323e-05],
       [ -7.45642040e-06],
       [ -2.93306476e-06],
       [ -9.12480597e-06],
       [ -1.14004897e-06]])},
  'weight': 60.0},
 {'gamma': 4.0,
  'test_measures': {'0_fnr': 0.77551414872849078,
                    '0_fpr': 0.030179633242928626,
                    '1_fnr': 0.75399475473515165,
                    '1_fpr': 0.026468902394374817,
                    'acc': 0.80949166666666661,
                    'fnr_diff': 0.021693473304699153,
                    'fpr_diff': 0.0037107308485538142},
  'test_results': {'fnr_diff': 0.049544872018778011,
                   'fpr_diff': 0.034369445742979558,
                   'll': -11318.559922483235,
                   'objective': 11324.433924726556},
  'train_results': {'fnr_diff': 0.027120548489381446,
                    'fpr_diff': 0.018463934726197503,
                    'll': -2778.6184178296667,
                    'objective': 2783.7369486854436,
                    'w': array([[ -1.23312914e-06],
       [  4.60686403e-02],
       [ -1.38965191e-01],
       [ -3.81900145e-01],
       [ -1.92446230e-03],
       [  5.39940072e-01],
       [  8.22460812e-02],
       [  2.99548417e-02],
       [  1.44290893e-02],
       [  7.23751917e-02],
       [ -7.48093708e-03],
       [ -6.58410075e-06],
       [  1.21469562e-07],
       [  3.92225134e-06],
       [ -9.23860551e-07],
       [  1.37400997e-06],
       [  2.16263779e-06],
       [ -1.78575077e-05],
       [ -1.74792952e-05],
       [ -7.43317014e-06],
       [ -2.89530979e-06],
       [ -9.08018084e-06],
       [ -1.13560170e-06]])},
  'weight': 70.0},
 {'gamma': 4.0,
  'test_measures': {'0_fnr': 0.77595136648066121,
                    '0_fpr': 0.030096687348823543,
                    '1_fnr': 0.75419554981587678,
                    '1_fpr': 0.026416482334965415,
                    'acc': 0.80947499999999994,
                    'fnr_diff': 0.022151028465884438,
                    'fpr_diff': 0.0036802050138581297},
  'test_results': {'fnr_diff': 0.049478534742343164,
                   'fpr_diff': 0.034258791980988745,
                   'll': -11318.43584632529,
                   'objective': 11325.134832463158},
  'train_results': {'fnr_diff': 0.026306476519239487,
                    'fpr_diff': 0.018275911578800173,
                    'll': -2778.6950445366665,
                    'objective': 2784.1877822819515,
                    'w': array([[ -1.23169949e-06],
       [  4.64529234e-02],
       [ -1.38891491e-01],
       [ -3.81890699e-01],
       [ -1.94517191e-03],
       [  5.39551724e-01],
       [  8.31467802e-02],
       [  2.91775764e-02],
       [  1.45264868e-02],
       [  7.24500863e-02],
       [ -7.96430501e-03],
       [ -6.59287943e-06],
       [  1.27616804e-07],
       [  3.97393900e-06],
       [ -9.65984385e-07],
       [  1.37289529e-06],
       [  2.15260222e-06],
       [ -1.79256636e-05],
       [ -1.74538354e-05],
       [ -7.41096246e-06],
       [ -2.85812377e-06],
       [ -9.03587520e-06],
       [ -1.13160317e-06]])},
  'weight': 80.0},
 {'gamma': 4.0,
  'test_measures': {'0_fnr': 0.77630014122852009,
                    '0_fpr': 0.030096783625819079,
                    '1_fnr': 0.75459333413463558,
                    '1_fpr': 0.026311798988139533,
                    'acc': 0.80944166666666661,
                    'fnr_diff': 0.02263129444906984,
                    'fpr_diff': 0.0037849846376795497},
  'test_results': {'fnr_diff': 0.049412583835442538,
                   'fpr_diff': 0.034148158558063468,
                   'll': -11318.359136570965,
                   'objective': 11325.87960338638},
  'train_results': {'fnr_diff': 0.025490668770014869,
                    'fpr_diff': 0.018088924514090977,
                    'll': -2778.7816772351412,
                    'objective': 2784.6285882685443,
                    'w': array([[ -1.23025692e-06],
       [  4.68384863e-02],
       [ -1.38818017e-01],
       [ -3.81879948e-01],
       [ -1.96577624e-03],
       [  5.39163713e-01],
       [  8.40448200e-02],
       [  2.84020230e-02],
       [  1.46237542e-02],
       [  7.25259813e-02],
       [ -8.44720598e-03],
       [ -6.60168731e-06],
       [  1.33973703e-07],
       [  4.02528336e-06],
       [ -1.00791961e-06],
       [  1.37183227e-06],
       [  2.14261267e-06],
       [ -1.79966559e-05],
       [ -1.74284443e-05],
       [ -7.38978592e-06],
       [ -2.82150369e-06],
       [ -8.99187497e-06],
       [ -1.12804419e-06]])},
  'weight': 90.0},
 {'gamma': 4.0,
  'test_measures': {'0_fnr': 0.77647404736672754,
                    '0_fpr': 0.030096994337062376,
                    '1_fnr': 0.75472532817454163,
                    '1_fpr': 0.026311852107532639,
                    'acc': 0.8094083333333334,
                    'fnr_diff': 0.02284903072319544,
                    'fpr_diff': 0.0037851422295297433},
  'test_results': {'fnr_diff': 0.049346976098743327,
                   'fpr_diff': 0.034037493133181482,
                   'll': -11318.329653890978,
                   'objective': 11326.668100814171},
  'train_results': {'fnr_diff': 0.024673137852453106,
                    'fpr_diff': 0.017903003418704246,
                    'll': -2778.8783373213505,
                    'objective': 2785.0593728205104,
                    'w': array([[ -1.22880092e-06],
       [  4.72254280e-02],
       [ -1.38744811e-01],
       [ -3.81868080e-01],
       [ -1.98627344e-03],
       [  5.38776295e-01],
       [  8.49402419e-02],
       [  2.76282498e-02],
       [  1.47209069e-02],
       [  7.26028733e-02],
       [ -8.92955150e-03],
       [ -6.61052794e-06],
       [  1.40539607e-07],
       [  4.07628953e-06],
       [ -1.04967607e-06],
       [  1.37081831e-06],
       [  2.13268082e-06],
       [ -1.80705358e-05],
       [ -1.74030911e-05],
       [ -7.36965809e-06],
       [ -2.78544705e-06],
       [ -8.94817291e-06],
       [ -1.12492049e-06]])},
  'weight': 100.0},
 {'gamma': 4.0,
  'test_measures': {'0_fnr': 0.77656230105599078,
                    '0_fpr': 0.030014382269374612,
                    '1_fnr': 0.75472391252611892,
                    '1_fpr': 0.026329270590768672,
                    'acc': 0.80941666666666667,
                    'fnr_diff': 0.023027513662100031,
                    'fpr_diff': 0.0036851116786059354},
  'test_results': {'fnr_diff': 0.049281757564706333,
                   'fpr_diff': 0.033926823265394986,
                   'll': -11318.348123316893,
                   'objective': 11327.501067208206},
  'train_results': {'fnr_diff': 0.023853581316405637,
                    'fpr_diff': 0.017718048355815801,
                    'll': -2778.9850531459942,
                    'objective': 2785.4800993021468,
                    'w': array([[ -1.22733165e-06],
       [  4.76138053e-02],
       [ -1.38671890e-01],
       [ -3.81854888e-01],
       [ -2.00666423e-03],
       [  5.38389373e-01],
       [  8.58329123e-02],
       [  2.68562359e-02],
       [  1.48179166e-02],
       [  7.26808182e-02],
       [ -9.41155276e-03],
       [ -6.61940229e-06],
       [  1.47316228e-07],
       [  4.12695869e-06],
       [ -1.09122858e-06],
       [  1.36985661e-06],
       [  2.12278365e-06],
       [ -1.81473739e-05],
       [ -1.73778924e-05],
       [ -7.35057981e-06],
       [ -2.74994481e-06],
       [ -8.90477377e-06],
       [ -1.12224242e-06]])},
  'weight': 110.0},
 {'gamma': 4.0,
  'test_measures': {'0_fnr': 0.77708578522192739,
                    '0_fpr': 0.029959474869923435,
                    '1_fnr': 0.75525601937704978,
                    '1_fpr': 0.026381570443936929,
                    'acc': 0.80929166666666652,
                    'fnr_diff': 0.023548166531190871,
                    'fpr_diff': 0.0035779044259865037},
  'test_results': {'fnr_diff': 0.049216829245885461,
                   'fpr_diff': 0.033816016762585277,
                   'll': -11318.414048926736,
                   'objective': 11328.377990447752},
  'train_results': {'fnr_diff': 0.02303209753686877,
                    'fpr_diff': 0.017534165295018049,
                    'll': -2779.1018510094391,
                    'objective': 2785.8907860866566,
                    'w': array([[ -1.22584887e-06],
       [  4.80036536e-02],
       [ -1.38599209e-01],
       [ -3.81840470e-01],
       [ -2.02694971e-03],
       [  5.38002840e-01],
       [  8.67229487e-02],
       [  2.60860211e-02],
       [  1.49148132e-02],
       [  7.27597415e-02],
       [ -9.89302840e-03],
       [ -6.62830322e-06],
       [  1.54304394e-07],
       [  4.17728385e-06],
       [ -1.13260050e-06],
       [  1.36894807e-06],
       [  2.11293678e-06],
       [ -1.82271560e-05],
       [ -1.73527195e-05],
       [ -7.33255090e-06],
       [ -2.71499877e-06],
       [ -8.86168603e-06],
       [ -1.12000023e-06]])},
  'weight': 120.0},
 {'gamma': 4.0,
  'test_measures': {'0_fnr': 0.77726064692630781,
                    '0_fpr': 0.029904206805876476,
                    '1_fnr': 0.75545534885167276,
                    '1_fpr': 0.026398960199129563,
                    'acc': 0.80925833333333341,
                    'fnr_diff': 0.023656017649469785,
                    'fpr_diff': 0.0035052466067469158},
  'test_results': {'fnr_diff': 0.049152168961589929,
                   'fpr_diff': 0.033705096253413537,
                   'll': -11318.527603368284,
                   'objective': 11329.299047846234},
  'train_results': {'fnr_diff': 0.022208517677003881,
                    'fpr_diff': 0.017351252199715714,
                    'll': -2779.228770108778,
                    'objective': 2786.2914111624646,
                    'w': array([[ -1.22435206e-06],
       [  4.83950741e-02],
       [ -1.38526795e-01],
       [ -3.81824771e-01],
       [ -2.04713080e-03],
       [  5.37616669e-01],
       [  8.76102847e-02],
       [  2.53176006e-02],
       [  1.50115945e-02],
       [  7.28396871e-02],
       [ -1.03740639e-02],
       [ -6.63722757e-06],
       [  1.61496434e-07],
       [  4.22727058e-06],
       [ -1.17377635e-06],
       [  1.36808945e-06],
       [  2.10312985e-06],
       [ -1.83099456e-05],
       [ -1.73276380e-05],
       [ -7.31558867e-06],
       [ -2.68059343e-06],
       [ -8.81886178e-06],
       [ -1.11819802e-06]])},
  'weight': 130.0},
 {'gamma': 4.0,
  'test_measures': {'0_fnr': 0.77769856169172225,
                    '0_fpr': 0.029821119639345157,
                    '1_fnr': 0.75592142783164962,
                    '1_fpr': 0.026416356041523224,
                    'acc': 0.80917499999999998,
                    'fnr_diff': 0.023365018684477469,
                    'fpr_diff': 0.003404763597821929},
  'test_results': {'fnr_diff': 0.04908773706358753,
                   'fpr_diff': 0.03359390427256341,
                   'll': -11318.688777051382,
                   'objective': 11330.264206838441},
  'train_results': {'fnr_diff': 0.021382894753604977,
                    'fpr_diff': 0.017169454955035648,
                    'll': -2779.3658354795552,
                    'objective': 2786.681994546193,
                    'w': array([[ -1.22284235e-06],
       [  4.87880889e-02],
       [ -1.38454640e-01],
       [ -3.81807930e-01],
       [ -2.06720557e-03],
       [  5.37231043e-01],
       [  8.84949987e-02],
       [  2.45510668e-02],
       [  1.51082594e-02],
       [  7.29206010e-02],
       [ -1.08545379e-02],
       [ -6.64618034e-06],
       [  1.68905211e-07],
       [  4.27691367e-06],
       [ -1.21477956e-06],
       [  1.36728459e-06],
       [  2.09337902e-06],
       [ -1.83957646e-05],
       [ -1.73025487e-05],
       [ -7.29968510e-06],
       [ -2.64674248e-06],
       [ -8.77635925e-06],
       [ -1.11683095e-06]])},
  'weight': 140.0},
 {'gamma': 4.0,
  'test_measures': {'0_fnr': 0.77769978271609497,
                    '0_fpr': 0.029710962333099243,
                    '1_fnr': 0.75585397256794951,
                    '1_fpr': 0.026503559948011603,
                    'acc': 0.80917499999999998,
                    'fnr_diff': 0.023257870796726234,
                    'fpr_diff': 0.0032074023850876417},
  'test_results': {'fnr_diff': 0.049023543510619931,
                   'fpr_diff': 0.033482542467822604,
                   'll': -11318.898183100746,
                   'objective': 11331.274095997513},
  'train_results': {'fnr_diff': 0.020554864439849437,
                    'fpr_diff': 0.016988549615081047,
                    'll': -2779.5131002273574,
                    'objective': 2787.0624714746896,
                    'w': array([[ -1.22131836e-06],
       [  4.91828219e-02],
       [ -1.38382778e-01],
       [ -3.81789689e-01],
       [ -2.08717614e-03],
       [  5.36845703e-01],
       [  8.93769089e-02],
       [  2.37863605e-02],
       [  1.52047961e-02],
       [  7.30025590e-02],
       [ -1.13346874e-02],
       [ -6.65515435e-06],
       [  1.76516640e-07],
       [  4.32621992e-06],
       [ -1.25556926e-06],
       [  1.36653039e-06],
       [  2.08365363e-06],
       [ -1.84847005e-05],
       [ -1.72776189e-05],
       [ -7.28486038e-06],
       [ -2.61341766e-06],
       [ -8.73411970e-06],
       [ -1.11590973e-06]])},
  'weight': 150.0},
 {'gamma': 4.0,
  'test_measures': {'0_fnr': 0.7778765693633628,
                    '0_fpr': 0.029766660500559056,
                    '1_fnr': 0.75598887135102666,
                    '1_fpr': 0.026556008735464414,
                    'acc': 0.80909999999999993,
                    'fnr_diff': 0.022596461957620127,
                    'fpr_diff': 0.0032106517650946449},
  'test_results': {'fnr_diff': 0.0489595553256452,
                   'fpr_diff': 0.033427053488349526,
                   'll': -11319.155842422304,
                   'objective': 11332.337699832544},
  'train_results': {'fnr_diff': 0.019724438703082655,
                    'fpr_diff': 0.016808634227727472,
                    'll': -2779.6706001625735,
                    'objective': 2787.4328501604259,
                    'w': array([[ -1.21978045e-06],
       [  4.95793018e-02],
       [ -1.38311197e-01],
       [ -3.81770126e-01],
       [ -2.10704172e-03],
       [  5.36460719e-01],
       [  9.02560718e-02],
       [  2.30235481e-02],
       [  1.53011880e-02],
       [  7.30855442e-02],
       [ -1.18144425e-02],
       [ -6.66414990e-06],
       [  1.84336246e-07],
       [  4.37518652e-06],
       [ -1.29616118e-06],
       [  1.36582970e-06],
       [  2.07396306e-06],
       [ -1.85767791e-05],
       [ -1.72527733e-05],
       [ -7.27111773e-06],
       [ -2.58062459e-06],
       [ -8.69217449e-06],
       [ -1.11543072e-06]])},
  'weight': 160.0},
 {'gamma': 4.0,
  'test_measures': {'0_fnr': 0.77796467076632325,
                    '0_fpr': 0.029683829040701732,
                    '1_fnr': 0.75612339890283065,
                    '1_fpr': 0.026608302501431629,
                    'acc': 0.80907499999999999,
                    'fnr_diff': 0.022771168298516352,
                    'fpr_diff': 0.003075526539270105},
  'test_results': {'fnr_diff': 0.04889565864145072,
                   'fpr_diff': 0.03366248138983078,
                   'll': -11319.461372098831,
                   'objective': 11333.496255904149},
  'train_results': {'fnr_diff': 0.018891646740921864,
                    'fpr_diff': 0.016629740493270463,
                    'll': -2779.8383899345213,
                    'objective': 2787.7931535500634,
                    'w': array([[ -1.21822833e-06],
       [  4.99776453e-02],
       [ -1.38239894e-01],
       [ -3.81749375e-01],
       [ -2.12680267e-03],
       [  5.36076105e-01],
       [  9.11325506e-02],
       [  2.22626814e-02],
       [  1.53974846e-02],
       [  7.31694916e-02],
       [ -1.22936331e-02],
       [ -6.67316367e-06],
       [  1.92360884e-07],
       [  4.42381519e-06],
       [ -1.33657013e-06],
       [  1.36517788e-06],
       [  2.06432175e-06],
       [ -1.86720347e-05],
       [ -1.72279383e-05],
       [ -7.25846708e-06],
       [ -2.54835960e-06],
       [ -8.65048955e-06],
       [ -1.11538712e-06]])},
  'weight': 170.0},
 {'gamma': 3.0,
  'test_measures': {'0_fnr': 0.77796665807504195,
                    '0_fpr': 0.029822207316893407,
                    '1_fnr': 0.75605672294131676,
                    '1_fpr': 0.026643215568943883,
                    'acc': 0.80902500000000011,
                    'fnr_diff': 0.0224881832171006,
                    'fpr_diff': 0.0031789917479495256},
  'test_results': {'fnr_diff': 0.048852148690081885,
                   'fpr_diff': 0.033885521130898558,
                   'll': -11319.81525164927,
                   'objective': 11334.708032217048},
  'train_results': {'fnr_diff': 0.018063441351281843,
                    'fpr_diff': 0.016462632144433293,
                    'll': -2780.0021763133254,
                    'objective': 2787.6628729178274,
                    'w': array([[ -1.21557696e-06],
       [  5.04795313e-02],
       [ -1.38390156e-01],
       [ -3.83316198e-01],
       [ -2.09561488e-03],
       [  5.37308442e-01],
       [  9.16703148e-02],
       [  2.14130243e-02],
       [  1.52474774e-02],
       [  7.37390116e-02],
       [ -1.31871589e-02],
       [ -6.67757126e-06],
       [  1.98147093e-07],
       [  4.47177422e-06],
       [ -1.37749083e-06],
       [  1.35991583e-06],
       [  2.05512147e-06],
       [ -1.87458113e-05],
       [ -1.71910080e-05],
       [ -7.23824051e-06],
       [ -2.50475896e-06],
       [ -8.60281005e-06],
       [ -1.11374064e-06]])},
  'weight': 180.0},
 {'gamma': 4.0,
  'test_measures': {'0_fnr': 0.77857733406422114,
                    '0_fpr': 0.029711656824112344,
                    '1_fnr': 0.75678637078050426,
                    '1_fpr': 0.026608353870317413,
                    'acc': 0.80892500000000001,
                    'fnr_diff': 0.022722662745353506,
                    'fpr_diff': 0.0031033029537949333},
  'test_results': {'fnr_diff': 0.04876828334494019,
                   'fpr_diff': 0.03414591666162009,
                   'll': -11320.219203800934,
                   'objective': 11335.972901802183},
  'train_results': {'fnr_diff': 0.017217816294935784,
                    'fpr_diff': 0.016274606894418391,
                    'll': -2780.2050332185631,
                    'objective': 2788.4832671908889,
                    'w': array([[ -1.21508142e-06],
       [  5.07801089e-02],
       [ -1.38098186e-01],
       [ -3.81703487e-01],
       [ -2.16601450e-03],
       [  5.35307561e-01],
       [  9.28769284e-02],
       [  2.07467298e-02],
       [  1.55896182e-02],
       [  7.33405513e-02],
       [ -1.32512147e-02],
       [ -6.69124144e-06],
       [  2.09026443e-07],
       [  4.52006057e-06],
       [ -1.41673912e-06],
       [  1.36403431e-06],
       [  2.04509430e-06],
       [ -1.88723591e-05],
       [ -1.71787446e-05],
       [ -7.23644554e-06],
       [ -2.48537123e-06],
       [ -8.56793475e-06],
       [ -1.11664796e-06]])},
  'weight': 190.0},
 {'gamma': 4.0,
  'test_measures': {'0_fnr': 0.77884037331471356,
                    '0_fpr': 0.029711656824112344,
                    '1_fnr': 0.75692089833230836,
                    '1_fpr': 0.026643074131562992,
                    'acc': 0.80886666666666662,
                    'fnr_diff': 0.02307230693378166,
                    'fpr_diff': 0.0030685826925493541},
  'test_results': {'fnr_diff': 0.048704614553772639,
                   'fpr_diff': 0.03439397660855055,
                   'll': -11320.671006405222,
                   'objective': 11337.290724637689},
  'train_results': {'fnr_diff': 0.016376820961463787,
                    'fpr_diff': 0.016098508396667266,
                    'll': -2780.4040078598018,
                    'objective': 2788.8131234675488,
                    'w': array([[ -1.21348604e-06],
       [  5.11844084e-02],
       [ -1.38027756e-01],
       [ -3.81678572e-01],
       [ -2.18546554e-03],
       [  5.34923616e-01],
       [  9.37449538e-02],
       [  1.99917870e-02],
       [  1.56854842e-02],
       [  7.34275479e-02],
       [ -1.37292896e-02],
       [ -6.70030113e-06],
       [  2.17667036e-07],
       [  4.56767767e-06],
       [ -1.45653389e-06],
       [  1.36353859e-06],
       [  2.03553612e-06],
       [ -1.89774907e-05],
       [ -1.71541984e-05],
       [ -7.22709265e-06],
       [ -2.45464971e-06],
       [ -8.52704577e-06],
       [ -1.11793957e-06]])},
  'weight': 200.0}]
