epsilon: 0.1

Start

Squared -	success: 5		weight: 0.0		gamma: 0.0
ABS -		success: 5		weight: 0.0		gamma: 0.0
Squared best gamma: 0.0
ABS best gamma: 0.0
Squared -	success: 5		weight: 50.0		gamma: 0.0
ABS -		success: 5		weight: 50.0		gamma: 0.0
Squared best gamma: 0.0
ABS best gamma: 0.0
Squared -	success: 5		weight: 100.0		gamma: 0.0
ABS -		success: 5		weight: 100.0		gamma: 0.0
Squared best gamma: 0.0
ABS best gamma: 0.0
Squared -	success: 5		weight: 150.0		gamma: 0.0
ABS -		success: 5		weight: 150.0		gamma: 0.0
Squared best gamma: 0.0
ABS best gamma: 0.0
synthetic data with epsilon: 0.1

The result for squared relaxation:

[{'gamma': 0.0,
  'test_measures': {'0_fnr': 1.0,
                    '0_fpr': 0.0,
                    '1_fnr': 0.0,
                    '1_fpr': 1.0,
                    'acc': 0.89830303030303038,
                    'fnr_diff': 1.0,
                    'fpr_diff': 1.0},
  'test_results': {'fnr_diff': 19.159450455178401,
                   'fpr_diff': 19.131757279690081,
                   'll': -428.99532663340142,
                   'objective': 428.99532663340142},
  'train_results': {'fnr_diff': 18.938204708745218,
                    'fpr_diff': 19.24705689625128,
                    'll': -872.07417310572202,
                    'objective': 872.07417310572202,
                    'w': array([[-3.4888587 ],
       [ 4.36502389],
       [ 2.63612998]])},
  'weight': 0.0},
 {'gamma': 0.0,
  'test_measures': {'0_fnr': 0.21477887358923603,
                    '0_fpr': 0.20000614604728906,
                    '1_fnr': 0.21275385020041063,
                    '1_fpr': 0.20168010695360547,
                    'acc': 0.79333333333333322,
                    'fnr_diff': 0.032010779733292929,
                    'fpr_diff': 0.024202534648335883},
  'test_results': {'fnr_diff': 1.9277323064929817,
                   'fpr_diff': 1.9195269900722565,
                   'll': -599.63535531225034,
                   'objective': 791.99832014051231},
  'train_results': {'fnr_diff': 1.869953723448031,
                    'fpr_diff': 1.9510629285058028,
                    'll': -1225.7016674166832,
                    'objective': 1416.7525000143748,
                    'w': array([[-1.7967405 ],
       [ 1.37850096],
       [ 2.21205986]])},
  'weight': 50.0},
 {'gamma': 0.0,
  'test_measures': {'0_fnr': 0.21477887358923603,
                    '0_fpr': 0.20000614604728906,
                    '1_fnr': 0.21275385020041063,
                    '1_fpr': 0.20168010695360547,
                    'acc': 0.79333333333333322,
                    'fnr_diff': 0.032010779733292929,
                    'fpr_diff': 0.024202534648335883},
  'test_results': {'fnr_diff': 0.74983471884075237,
                   'fpr_diff': 0.74286326992483265,
                   'll': -678.60401673093293,
                   'objective': 827.87381560749145},
  'train_results': {'fnr_diff': 0.70831340176387969,
                    'fpr_diff': 0.7610367056838454,
                    'll': -1388.2748266929216,
                    'objective': 1535.2098374376942,
                    'w': array([[-1.5917928 ],
       [ 0.85309064],
       [ 2.32445918]])},
  'weight': 100.0},
 {'gamma': 0.0,
  'test_measures': {'0_fnr': 0.21477887358923603,
                    '0_fpr': 0.20000614604728906,
                    '1_fnr': 0.21275385020041063,
                    '1_fpr': 0.20168010695360547,
                    'acc': 0.79333333333333322,
                    'fnr_diff': 0.032010779733292929,
                    'fpr_diff': 0.024202534648335883},
  'test_results': {'fnr_diff': 0.40005488273125367,
                   'fpr_diff': 0.39351673225877237,
                   'll': -719.64082618484133,
                   'objective': 838.67656843334532},
  'train_results': {'fnr_diff': 0.36587890502558967,
                    'fpr_diff': 0.40514508801198756,
                    'll': -1472.7815753361945,
                    'objective': 1588.4351742918309,
                    'w': array([[-1.50896869],
       [ 0.61657599],
       [ 2.39399661]])},
  'weight': 150.0}]

The result for absolute value relaxation:

[{'gamma': 0.0,
  'test_measures': {'0_fnr': 1.0,
                    '0_fpr': 0.0,
                    '1_fnr': 0.0,
                    '1_fpr': 1.0,
                    'acc': 0.89830303030303038,
                    'fnr_diff': 1.0,
                    'fpr_diff': 1.0},
  'test_results': {'fnr_diff': 4.3734230689249269,
                   'fpr_diff': 4.3709932688658171,
                   'll': -428.99532663340142,
                   'objective': 428.99532663340142},
  'train_results': {'fnr_diff': 4.3510983552068261,
                    'fpr_diff': 4.3863570143813799,
                    'll': -872.07417310572202,
                    'objective': 872.07417310572202,
                    'w': array([[-3.4888587 ],
       [ 4.36502389],
       [ 2.63612998]])},
  'weight': 0.0},
 {'gamma': 0.0,
  'test_measures': {'0_fnr': 1.0,
                    '0_fpr': 0.0,
                    '1_fnr': 0.0,
                    '1_fpr': 1.0,
                    'acc': 0.89830303030303038,
                    'fnr_diff': 1.0,
                    'fpr_diff': 1.0},
  'test_results': {'fnr_diff': 2.9644518142801468,
                   'fpr_diff': 2.9625614199124906,
                   'll': -459.04610623826176,
                   'objective': 755.39676794789352},
  'train_results': {'fnr_diff': 2.9465669894114703,
                    'fpr_diff': 2.97601858340076,
                    'll': -935.55244146064524,
                    'objective': 1231.6817201012568,
                    'w': array([[-2.57854538],
       [ 2.95798795],
       [ 2.20776119]])},
  'weight': 50.0},
 {'gamma': 0.0,
  'test_measures': {'0_fnr': 0.21477887358923603,
                    '0_fpr': 0.20000614604728906,
                    '1_fnr': 0.21275385020041063,
                    '1_fpr': 0.20168010695360547,
                    'acc': 0.79333333333333322,
                    'fnr_diff': 0.032010779733292929,
                    'fpr_diff': 0.024202534648335883},
  'test_results': {'fnr_diff': 2.0123368702378075,
                   'fpr_diff': 2.0104740177522458,
                   'll': -527.366855986112,
                   'objective': 929.64794478511726},
  'train_results': {'fnr_diff': 1.9949626172827006,
                    'fpr_diff': 2.0236654132499692,
                    'll': -1076.4884174400354,
                    'objective': 1478.3512204933027,
                    'w': array([[-2.07828779],
       [ 2.00607374],
       [ 2.15161768]])},
  'weight': 100.0},
 {'gamma': 0.0,
  'test_measures': {'0_fnr': 0.21477887358923603,
                    '0_fpr': 0.20000614604728906,
                    '1_fnr': 0.21275385020041063,
                    '1_fpr': 0.20168010695360547,
                    'acc': 0.79333333333333322,
                    'fnr_diff': 0.032010779733292929,
                    'fpr_diff': 0.024202534648335883},
  'test_results': {'fnr_diff': 1.1966536405722243,
                   'fpr_diff': 1.1946186397412131,
                   'll': -626.34723696259584,
                   'objective': 985.03807900961147},
  'train_results': {'fnr_diff': 1.178357751443676,
                    'fpr_diff': 1.2083560935595534,
                    'll': -1279.9360558777703,
                    'objective': 1637.9431326282549,
                    'w': array([[-1.72047288],
       [ 1.19000043],
       [ 2.24669393]])},
  'weight': 150.0}]