synthetic data with epsilon: 0.1

The result for squared relaxation:

[{'gamma': 0.0,
  'test_measures': {'0_fnr': 0.11083266593736915,
                    '0_fpr': 0.091035494687948554,
                    '1_fnr': 0.0,
                    '1_fpr': 1.0,
                    'acc': 0.85248484848484851,
                    'fnr_diff': 0.11083266593736915,
                    'fpr_diff': 0.90896450531205153},
  'test_results': {'fnr_diff': 0.011857814944975644,
                   'fpr_diff': 0.011857814944975644,
                   'll': -835.20571155420589,
                   'objective': 835.20571155420589},
  'train_results': {'fnr_diff': 0.011857814944975644,
                    'fpr_diff': 0.011857814944975644,
                    'll': -1685.7819210211426,
                    'objective': 1685.7819210211426,
                    'w': array([[ 2.17613885],
       [ 0.10113335]])},
  'weight': 0.0},
 {'gamma': 0.0,
  'test_measures': {'0_fnr': 0.11083266593736915,
                    '0_fpr': 0.091035494687948554,
                    '1_fnr': 0.0,
                    '1_fpr': 1.0,
                    'acc': 0.85248484848484851,
                    'fnr_diff': 0.11083266593736915,
                    'fpr_diff': 0.90896450531205153},
  'test_results': {'fnr_diff': 0.0070996630697680559,
                   'fpr_diff': 0.0070996630697680559,
                   'll': -835.02797439840992,
                   'objective': 835.16996765980548},
  'train_results': {'fnr_diff': 0.0070996630697680559,
                    'fpr_diff': 0.0070996630697680559,
                    'll': -1685.8234283448742,
                    'objective': 1685.9654216062695,
                    'w': array([[ 2.19267815],
       [ 0.07823101]])},
  'weight': 10.0},
 {'gamma': 0.0,
  'test_measures': {'0_fnr': 0.11083266593736915,
                    '0_fpr': 0.091035494687948554,
                    '1_fnr': 0.0,
                    '1_fpr': 1.0,
                    'acc': 0.85248484848484851,
                    'fnr_diff': 0.11083266593736915,
                    'fpr_diff': 0.90896450531205153},
  'test_results': {'fnr_diff': 0.0047200986371805781,
                   'fpr_diff': 0.0047200986371805781,
                   'll': -834.93693183075607,
                   'objective': 835.12573577624312},
  'train_results': {'fnr_diff': 0.0047200986371805781,
                    'fpr_diff': 0.0047200986371805781,
                    'll': -1685.8923876004483,
                    'objective': 1686.0811915459358,
                    'w': array([[ 2.20316874],
       [ 0.06377442]])},
  'weight': 20.0},
 {'gamma': 0.0,
  'test_measures': {'0_fnr': 0.11083266593736915,
                    '0_fpr': 0.091035494687948554,
                    '1_fnr': 0.0,
                    '1_fpr': 1.0,
                    'acc': 0.85248484848484851,
                    'fnr_diff': 0.11083266593736915,
                    'fpr_diff': 0.90896450531205153},
  'test_results': {'fnr_diff': 0.0033634519748419688,
                   'fpr_diff': 0.0033634519748419688,
                   'll': -834.88377158371679,
                   'objective': 835.08557870220739},
  'train_results': {'fnr_diff': 0.0033634519748419688,
                    'fpr_diff': 0.0033634519748419688,
                    'll': -1685.9590679752073,
                    'objective': 1686.1608750936975,
                    'w': array([[ 2.21040811],
       [ 0.05382835]])},
  'weight': 30.0},
 {'gamma': 0.0,
  'test_measures': {'0_fnr': 0.11083266593736915,
                    '0_fpr': 0.091035494687948554,
                    '1_fnr': 0.0,
                    '1_fpr': 1.0,
                    'acc': 0.85248484848484851,
                    'fnr_diff': 0.11083266593736915,
                    'fpr_diff': 0.90896450531205153},
  'test_results': {'fnr_diff': 0.0025173885665994377,
                   'fpr_diff': 0.0025173885665994377,
                   'll': -834.84982506627932,
                   'objective': 835.05121615160715},
  'train_results': {'fnr_diff': 0.0025173885665994377,
                    'fpr_diff': 0.0025173885665994377,
                    'll': -1686.0176732685802,
                    'objective': 1686.2190643539082,
                    'w': array([[ 2.21570576],
       [ 0.04656581]])},
  'weight': 40.0},
 {'gamma': 0.0,
  'test_measures': {'0_fnr': 0.11083266593736915,
                    '0_fpr': 0.091035494687948554,
                    '1_fnr': 0.0,
                    '1_fpr': 1.0,
                    'acc': 0.85248484848484851,
                    'fnr_diff': 0.11083266593736915,
                    'fpr_diff': 0.90896450531205153},
  'test_results': {'fnr_diff': 0.001954422906249855,
                   'fpr_diff': 0.001954422906249855,
                   'll': -834.82673550730181,
                   'objective': 835.02217779792682},
  'train_results': {'fnr_diff': 0.001954422906249855,
                    'fpr_diff': 0.001954422906249855,
                    'll': -1686.0679779377999,
                    'objective': 1686.263420228425,
                    'w': array([[ 2.21975175],
       [ 0.04102746]])},
  'weight': 50.0},
 {'gamma': 0.0,
  'test_measures': {'0_fnr': 0.11083266593736915,
                    '0_fpr': 0.091035494687948554,
                    '1_fnr': 0.0,
                    '1_fpr': 1.0,
                    'acc': 0.85248484848484851,
                    'fnr_diff': 0.11083266593736915,
                    'fpr_diff': 0.90896450531205153},
  'test_results': {'fnr_diff': 0.0015610412420295828,
                   'fpr_diff': 0.0015610412420295828,
                   'll': -834.8102730775679,
                   'objective': 834.99759802661151},
  'train_results': {'fnr_diff': 0.0015610412420295828,
                    'fpr_diff': 0.0015610412420295828,
                    'll': -1686.1110253946463,
                    'objective': 1686.2983503436903,
                    'w': array([[ 2.22294482],
       [ 0.03666375]])},
  'weight': 60.0},
 {'gamma': 0.0,
  'test_measures': {'0_fnr': 0.11083266593736915,
                    '0_fpr': 0.091035494687948554,
                    '1_fnr': 0.0,
                    '1_fpr': 1.0,
                    'acc': 0.85248484848484851,
                    'fnr_diff': 0.11083266593736915,
                    'fpr_diff': 0.90896450531205153},
  'test_results': {'fnr_diff': 0.001275540990962733,
                   'fpr_diff': 0.001275540990962733,
                   'll': -834.79802526088656,
                   'objective': 834.97660099962138},
  'train_results': {'fnr_diff': 0.001275540990962733,
                    'fpr_diff': 0.001275540990962733,
                    'll': -1686.1479942419596,
                    'objective': 1686.3265699806943,
                    'w': array([[ 2.22552337],
       [ 0.03314094]])},
  'weight': 70.0},
 {'gamma': 0.0,
  'test_measures': {'0_fnr': 0.11083266593736915,
                    '0_fpr': 0.091035494687948554,
                    '1_fnr': 0.0,
                    '1_fpr': 1.0,
                    'acc': 0.85248484848484851,
                    'fnr_diff': 0.11083266593736915,
                    'fpr_diff': 0.90896450531205153},
  'test_results': {'fnr_diff': 0.0010617192386221199,
                   'fpr_diff': 0.0010617192386221199,
                   'll': -834.788684285709,
                   'objective': 834.9585593638883},
  'train_results': {'fnr_diff': 0.0010617192386221199,
                    'fpr_diff': 0.0010617192386221199,
                    'll': -1686.1799679538733,
                    'objective': 1686.3498430320528,
                    'w': array([[ 2.22765268],
       [ 0.03023421]])},
  'weight': 80.0},
 {'gamma': 0.0,
  'test_measures': {'0_fnr': 0.11083266593736915,
                    '0_fpr': 0.091035494687948554,
                    '1_fnr': 0.0,
                    '1_fpr': 1.0,
                    'acc': 0.85248484848484851,
                    'fnr_diff': 0.11083266593736915,
                    'fpr_diff': 0.90896450531205153},
  'test_results': {'fnr_diff': 0.00089749582551966001,
                   'fpr_diff': 0.00089749582551966001,
                   'll': -834.78133843474166,
                   'objective': 834.94288768333513},
  'train_results': {'fnr_diff': 0.00089749582551966001,
                    'fpr_diff': 0.00089749582551966001,
                    'll': -1686.2078158463985,
                    'objective': 1686.3693650949922,
                    'w': array([[ 2.22944061],
       [ 0.02779698]])},
  'weight': 90.0},
 {'gamma': 0.0,
  'test_measures': {'0_fnr': 0.11083266593736915,
                    '0_fpr': 0.091035494687948554,
                    '1_fnr': 0.0,
                    '1_fpr': 1.0,
                    'acc': 0.85248484848484851,
                    'fnr_diff': 0.11083266593736915,
                    'fpr_diff': 0.90896450531205153},
  'test_results': {'fnr_diff': 0.00076863598530776261,
                   'fpr_diff': 0.00076863598530776261,
                   'll': -834.77546463957026,
                   'objective': 834.92919183663184},
  'train_results': {'fnr_diff': 0.00076863598530776261,
                    'fpr_diff': 0.00076863598530776261,
                    'll': -1686.2322480438488,
                    'objective': 1686.3859752409103,
                    'w': array([[ 2.23096161],
       [ 0.02572366]])},
  'weight': 100.0}]

The result for absolute value relaxation:

[{'gamma': 0.0,
  'test_measures': {'0_fnr': 0.11083266593736915,
                    '0_fpr': 0.091035494687948554,
                    '1_fnr': 0.0,
                    '1_fpr': 1.0,
                    'acc': 0.85248484848484851,
                    'fnr_diff': 0.11083266593736915,
                    'fpr_diff': 0.90896450531205153},
  'test_results': {'fnr_diff': 0.10113335286328992,
                   'fpr_diff': 0.10113335286328992,
                   'll': -835.20571155420589,
                   'objective': 835.20571155420589},
  'train_results': {'fnr_diff': 0.10113335286328992,
                    'fpr_diff': 0.10113335286328992,
                    'll': -1685.7819210211426,
                    'objective': 1685.7819210211426,
                    'w': array([[ 2.17613885],
       [ 0.10113335]])},
  'weight': 0.0},
 {'gamma': 0.0,
  'test_measures': {'0_fnr': 0.11083266593736915,
                    '0_fpr': 0.091035494687948554,
                    '1_fnr': 0.0,
                    '1_fpr': 1.0,
                    'acc': 0.85248484848484851,
                    'fnr_diff': 0.11083266593736915,
                    'fpr_diff': 0.90896450531205153},
  'test_results': {'fnr_diff': 1.7899851049209218e-07,
                   'fpr_diff': 1.7899851049209218e-07,
                   'll': -834.73059590766445,
                   'objective': 834.73059948763455},
  'train_results': {'fnr_diff': 1.7899851049209218e-07,
                    'fpr_diff': 1.7899851049209218e-07,
                    'll': -1686.5920310261295,
                    'objective': 1686.5920346060998,
                    'w': array([[  2.24989944e+00],
       [  1.78998510e-07]])},
  'weight': 10.0},
 {'gamma': 0.0,
  'test_measures': {'0_fnr': 0.11083266593736915,
                    '0_fpr': 0.091035494687948554,
                    '1_fnr': 0.10811462532906786,
                    '1_fpr': 0.077512070610296441,
                    'acc': 0.90157575757575759,
                    'fnr_diff': 0.0064266625342721149,
                    'fpr_diff': 0.021060863840889447},
  'test_results': {'fnr_diff': 8.490682211006683e-09,
                   'fpr_diff': 8.490682211006683e-09,
                   'll': -834.73059363498214,
                   'objective': 834.73059397460952},
  'train_results': {'fnr_diff': 8.490682211006683e-09,
                    'fpr_diff': 8.490682211006683e-09,
                    'll': -1686.5920346797429,
                    'objective': 1686.5920350193701,
                    'w': array([[  2.24989977e+00],
       [ -8.49068221e-09]])},
  'weight': 20.0},
 {'gamma': 0.0,
  'test_measures': {'0_fnr': 0.11083266593736915,
                    '0_fpr': 0.091035494687948554,
                    '1_fnr': 0.10811462532906786,
                    '1_fpr': 0.077512070610296441,
                    'acc': 0.90157575757575759,
                    'fnr_diff': 0.0064266625342721149,
                    'fpr_diff': 0.021060863840889447},
  'test_results': {'fnr_diff': 4.24515289753637e-09,
                   'fpr_diff': 4.24515289753637e-09,
                   'll': -834.73059888540104,
                   'objective': 834.73059914011026},
  'train_results': {'fnr_diff': 4.24515289753637e-09,
                    'fpr_diff': 4.24515289753637e-09,
                    'll': -1686.5920346021921,
                    'objective': 1686.5920348569011,
                    'w': array([[  2.24989997e+00],
       [ -4.24515290e-09]])},
  'weight': 30.0},
 {'gamma': 0.0,
  'test_measures': {'0_fnr': 0.11083266593736915,
                    '0_fpr': 0.091035494687948554,
                    '1_fnr': 0.10811462532906786,
                    '1_fpr': 0.077512070610296441,
                    'acc': 0.90157575757575759,
                    'fnr_diff': 0.0064266625342721149,
                    'fpr_diff': 0.021060863840889447},
  'test_results': {'fnr_diff': 1.2917315861186163e-10,
                   'fpr_diff': 1.2917315861186163e-10,
                   'll': -834.73059386722684,
                   'objective': 834.73059387756075},
  'train_results': {'fnr_diff': 1.2917315861186163e-10,
                    'fpr_diff': 1.2917315861186163e-10,
                    'll': -1686.5920345329105,
                    'objective': 1686.5920345432446,
                    'w': array([[  2.24989954e+00],
       [ -1.29173159e-10]])},
  'weight': 40.0},
 {'gamma': 0.0,
  'test_measures': {'0_fnr': 0.11083266593736915,
                    '0_fpr': 0.091035494687948554,
                    '1_fnr': 0.0,
                    '1_fpr': 1.0,
                    'acc': 0.85248484848484851,
                    'fnr_diff': 0.11083266593736915,
                    'fpr_diff': 0.90896450531205153},
  'test_results': {'fnr_diff': 2.9986125512399545e-10,
                   'fpr_diff': 2.9986125512399545e-10,
                   'll': -834.73059414951604,
                   'objective': 834.7305941795023},
  'train_results': {'fnr_diff': 2.9986125512399545e-10,
                    'fpr_diff': 2.9986125512399545e-10,
                    'll': -1686.5920345261034,
                    'objective': 1686.5920345560899,
                    'w': array([[  2.24989948e+00],
       [  2.99861255e-10]])},
  'weight': 50.0},
 {'gamma': 0.0,
  'test_measures': {'0_fnr': 0.11083266593736915,
                    '0_fpr': 0.091035494687948554,
                    '1_fnr': 0.02100456621004566,
                    '1_fpr': 0.81976744186046524,
                    'acc': 0.86290909090909085,
                    'fnr_diff': 0.089828099727323488,
                    'fpr_diff': 0.72873194717251644},
  'test_results': {'fnr_diff': 4.4088883086499556e-10,
                   'fpr_diff': 4.4088883086499556e-10,
                   'll': -834.73059352330222,
                   'objective': 834.730593576209},
  'train_results': {'fnr_diff': 4.4088883086499556e-10,
                    'fpr_diff': 4.4088883086499556e-10,
                    'll': -1686.5920345248069,
                    'objective': 1686.592034577714,
                    'w': array([[  2.24989963e+00],
       [  3.78158414e-10]])},
  'weight': 60.0},
 {'gamma': 0.0,
  'test_measures': {'0_fnr': 0.11083266593736915,
                    '0_fpr': 0.091035494687948554,
                    '1_fnr': 0.0,
                    '1_fpr': 1.0,
                    'acc': 0.85248484848484851,
                    'fnr_diff': 0.11083266593736915,
                    'fpr_diff': 0.90896450531205153},
  'test_results': {'fnr_diff': 4.5610959595262219e-10,
                   'fpr_diff': 4.5610959595262219e-10,
                   'll': -834.73059397156248,
                   'objective': 834.73059403541754},
  'train_results': {'fnr_diff': 4.5610959595262219e-10,
                    'fpr_diff': 4.5610959595262219e-10,
                    'll': -1686.5920345232294,
                    'objective': 1686.5920345870848,
                    'w': array([[  2.24989955e+00],
       [  4.56109596e-10]])},
  'weight': 70.0},
 {'gamma': 0.0,
  'test_measures': {'0_fnr': 0.11083266593736915,
                    '0_fpr': 0.091035494687948554,
                    '1_fnr': 0.0,
                    '1_fpr': 1.0,
                    'acc': 0.85248484848484851,
                    'fnr_diff': 0.11083266593736915,
                    'fpr_diff': 0.90896450531205153},
  'test_results': {'fnr_diff': 1.6012545697820896e-10,
                   'fpr_diff': 1.6012545697820896e-10,
                   'll': -834.73059370879309,
                   'objective': 834.73059373441322},
  'train_results': {'fnr_diff': 1.6012545697820896e-10,
                    'fpr_diff': 1.6012545697820896e-10,
                    'll': -1686.5920345286081,
                    'objective': 1686.5920345542283,
                    'w': array([[  2.24989957e+00],
       [  1.60125457e-10]])},
  'weight': 80.0},
 {'gamma': 0.0,
  'test_measures': {'0_fnr': 0.11083266593736915,
                    '0_fpr': 0.091035494687948554,
                    '1_fnr': 0.0,
                    '1_fpr': 1.0,
                    'acc': 0.85248484848484851,
                    'fnr_diff': 0.11083266593736915,
                    'fpr_diff': 0.90896450531205153},
  'test_results': {'fnr_diff': 7.1960384383592658e-11,
                   'fpr_diff': 7.1960384383592658e-11,
                   'll': -834.730593880691,
                   'objective': 834.73059389364403},
  'train_results': {'fnr_diff': 7.1960384383592658e-11,
                    'fpr_diff': 7.1960384383592658e-11,
                    'll': -1686.5920345297206,
                    'objective': 1686.5920345426734,
                    'w': array([[  2.24989954e+00],
       [  7.19603844e-11]])},
  'weight': 90.0},
 {'gamma': 0.0,
  'test_measures': {'0_fnr': 0.11083266593736915,
                    '0_fpr': 0.091035494687948554,
                    '1_fnr': 0.024640000000000002,
                    '1_fpr': 0.81084337349397584,
                    'acc': 0.86218181818181816,
                    'fnr_diff': 0.08669217813249111,
                    'fpr_diff': 0.7395599807389388},
  'test_results': {'fnr_diff': 1.5253929181451369e-10,
                   'fpr_diff': 1.5253929181451369e-10,
                   'll': -834.73059388104559,
                   'objective': 834.73059391155346},
  'train_results': {'fnr_diff': 1.5253929181451369e-10,
                    'fpr_diff': 1.5253929181451369e-10,
                    'll': -1686.5920345281593,
                    'objective': 1686.5920345586674,
                    'w': array([[  2.24989955e+00],
       [  1.46700606e-10]])},
  'weight': 100.0}]