{u'data_headers': u'age,workclass,fnlwgt,education-num,marital-status,occupation,relationship,race,sex,capital-gain,capital-loss,hours-per-week,native-country',
 u'data_set': u'adult-dataset',
 u'description': u'adult dataset with protected value gender',
 u'file': u'adult.csv',
 u'filters': [{u'header': u'workclass', u'values': [u'?']},
              {u'header': u'occupation', u'values': [u'?']},
              {u'header': u'native-country', u'values': [u'?']}],
 u'fn': True,
 u'fp': True,
 u'gamma': {u'gt': 0, u'lt': 1},
 u'gamma_res': 1,
 u'headers_integer_values': [{u'<=50K': 0, u'>50K': 1, u'header': u'class'},
                             {u'Federal-gov': 0,
                              u'Local-gov': 1,
                              u'Never-worked': 2,
                              u'Private': 3,
                              u'Self-emp-inc': 4,
                              u'Self-emp-not-inc': 5,
                              u'State-gov': 6,
                              u'Without-pay': 7,
                              u'header': u'workclass'},
                             {u'Divorced': 0,
                              u'Married-AF-spouse': 1,
                              u'Married-civ-spouse': 2,
                              u'Married-spouse-absent': 3,
                              u'Never-married': 4,
                              u'Separated': 5,
                              u'Widowed': 6,
                              u'header': u'marital-status'},
                             {u'Adm-clerical': 0,
                              u'Armed-Forces': 1,
                              u'Craft-repair': 2,
                              u'Exec-managerial': 3,
                              u'Farming-fishing': 4,
                              u'Handlers-cleaners': 5,
                              u'Machine-op-inspct': 6,
                              u'Other-service': 7,
                              u'Priv-house-serv': 8,
                              u'Prof-specialty': 9,
                              u'Protective-serv': 10,
                              u'Sales': 11,
                              u'Tech-support': 12,
                              u'Transport-moving': 13,
                              u'header': u'occupation'},
                             {u'Husband': 0,
                              u'Not-in-family': 1,
                              u'Other-relative': 2,
                              u'Own-child': 3,
                              u'Unmarried': 4,
                              u'Wife': 5,
                              u'header': u'relationship'},
                             {u'Amer-Indian-Eskimo': 0,
                              u'Asian-Pac-Islander': 1,
                              u'Black': 2,
                              u'Other': 3,
                              u'White': 4,
                              u'header': u'race'},
                             {u'Female': 0, u'Male': 1, u'header': u'sex'},
                             {u'Cambodia': 0,
                              u'Canada': 1,
                              u'China': 2,
                              u'Columbia': 3,
                              u'Cuba': 4,
                              u'Dominican-Republic': 5,
                              u'Ecuador': 6,
                              u'El-Salvador': 7,
                              u'England': 8,
                              u'France': 9,
                              u'Germany': 10,
                              u'Greece': 11,
                              u'Guatemala': 12,
                              u'Haiti': 13,
                              u'Holand-Netherlands': 14,
                              u'Honduras': 15,
                              u'Hong': 16,
                              u'Hungary': 17,
                              u'India': 18,
                              u'Iran': 19,
                              u'Ireland': 20,
                              u'Italy': 21,
                              u'Jamaica': 22,
                              u'Japan': 23,
                              u'Laos': 24,
                              u'Mexico': 25,
                              u'Nicaragua': 26,
                              u'Outlying-US(Guam-USVI-etc)': 27,
                              u'Peru': 28,
                              u'Philippines': 29,
                              u'Poland': 30,
                              u'Portugal': 31,
                              u'Puerto-Rico': 32,
                              u'Scotland': 33,
                              u'South': 34,
                              u'Taiwan': 35,
                              u'Thailand': 36,
                              u'Trinadad&Tobago': 37,
                              u'United-States': 38,
                              u'Vietnam': 39,
                              u'Yugoslavia': 40,
                              u'header': u'native-country'}],
 u'headers_operation': [{u'divide': 10000, u'header': u'fnlwgt'},
                        {u'divide': 10000, u'header': u'capital-gain'},
                        {u'divide': 10000, u'header': u'capital-loss'}],
 u'num_of_tries': 20,
 u'protected': u'sex',
 u'tag': u'class',
 u'test_size': 0.9,
 u'weight': {u'gt': 0, u'lt': 800},
 u'weight_res': 21}

The result for absolute value relaxation:

[{'gamma': 0.0,
  'test_measures': {'0_fnr': 0.7787801421662508,
                    '0_fpr': 0.013710149916622189,
                    '1_fnr': 0.49206745086065584,
                    '1_fpr': 0.091541903716747419,
                    'acc': 0.82044131732115244,
                    'fnr_diff': 0.2867126913055949,
                    'fpr_diff': 0.077831753800125247},
  'test_results': {'fnr_diff': 1.6155566764968121,
                   'fpr_diff': 1.3157180356423024,
                   'll': -10704.89490247962,
                   'objective': 10704.89490247962},
  'train_results': {'fnr_diff': 1.3990635930709971,
                    'fpr_diff': 1.3171590542036902,
                    'll': -1169.5153449582567,
                    'objective': 1169.5153449582567,
                    'w': array([[  3.67827484e-02],
       [ -1.03460454e-01],
       [  3.95519301e-03],
       [  3.42416412e-01],
       [ -2.23528667e-01],
       [  2.29251617e-03],
       [ -1.17777638e-01],
       [  1.48282554e-01],
       [  1.02281306e+00],
       [  3.16667417e+00],
       [  6.57077292e+00],
       [  2.71446629e-02],
       [  5.60116675e-04],
       [ -8.13242432e+00]])},
  'weight': 0.0},
 {'gamma': 0.0,
  'test_measures': {'0_fnr': 0.65727462634040346,
                    '0_fpr': 0.044108207425439305,
                    '1_fnr': 0.56757766709617952,
                    '1_fpr': 0.065117677129468407,
                    'acc': 0.81243645472629478,
                    'fnr_diff': 0.089696959244223981,
                    'fpr_diff': 0.021215403128768063},
  'test_results': {'fnr_diff': 0.51223704787299229,
                   'fpr_diff': 0.30178861677864355,
                   'll': -11008.66624002103,
                   'objective': 11041.227266607097},
  'train_results': {'fnr_diff': 0.25694772421407497,
                    'fpr_diff': 0.30479484054198136,
                    'll': -1206.6500857891833,
                    'objective': 1229.1197883794252,
                    'w': array([[  3.66552150e-02],
       [ -9.26454009e-02],
       [  3.48641429e-03],
       [  3.40672550e-01],
       [ -2.03898504e-01],
       [  4.55962943e-03],
       [ -7.18021961e-02],
       [  1.45625184e-01],
       [  8.90332453e-02],
       [  3.18917062e+00],
       [  6.58428374e+00],
       [  2.62524827e-02],
       [  6.47804157e-05],
       [ -7.45513565e+00]])},
  'weight': 40.0},
 {'gamma': 0.0,
  'test_measures': {'0_fnr': 0.62786559117074314,
                    '0_fpr': 0.055310613443550198,
                    '1_fnr': 0.58068915520520403,
                    '1_fpr': 0.061309340945141899,
                    'acc': 0.80952534443380242,
                    'fnr_diff': 0.061230714351571056,
                    'fpr_diff': 0.0078642199417223359},
  'test_results': {'fnr_diff': 0.37629633535448281,
                   'fpr_diff': 0.091169105019432053,
                   'll': -11207.347157260416,
                   'objective': 11244.744392490329},
  'train_results': {'fnr_diff': 0.11570352665425179,
                    'fpr_diff': 0.085145855723861283,
                    'll': -1243.4748342314774,
                    'objective': 1259.5427848217264,
                    'w': array([[  3.80434826e-02],
       [ -9.58368053e-02],
       [  3.02154944e-03],
       [  3.44474359e-01],
       [ -1.82254984e-01],
       [  9.14224869e-03],
       [ -7.01525219e-02],
       [  1.45025432e-01],
       [ -1.13673553e-01],
       [  2.63973728e+00],
       [  6.39215562e+00],
       [  2.53257123e-02],
       [ -3.06968833e-03],
       [ -7.27093067e+00]])},
  'weight': 80.0},
 {'gamma': 0.0,
  'test_measures': {'0_fnr': 0.60059325488795301,
                    '0_fpr': 0.060861914916097444,
                    '1_fnr': 0.59882429248202307,
                    '1_fpr': 0.058343295486749706,
                    'acc': 0.80643293934386551,
                    'fnr_diff': 0.053494048311504824,
                    'fpr_diff': 0.0053457832103290708},
  'test_results': {'fnr_diff': 0.32096503262424764,
                   'fpr_diff': 0.061805938674097283,
                   'll': -11370.742841402844,
                   'objective': 11416.675357958648},
  'train_results': {'fnr_diff': 0.041191880181562598,
                    'fpr_diff': 2.0825218673162028e-11,
                    'll': -1261.4863682463335,
                    'objective': 1266.4293938706201,
                    'w': array([[  3.81412197e-02],
       [ -9.90290290e-02],
       [  3.83307833e-03],
       [  3.45946850e-01],
       [ -1.74463985e-01],
       [  1.17068838e-02],
       [ -1.43501188e-02],
       [  1.45971771e-01],
       [ -1.10797572e-01],
       [  2.52561251e+00],
       [  6.24758258e+00],
       [  2.64171458e-02],
       [ -2.46451538e-03],
       [ -7.46774482e+00]])},
  'weight': 120.0},
 {'gamma': 0.0,
  'test_measures': {'0_fnr': 0.60487724136779342,
                    '0_fpr': 0.062468673442019104,
                    '1_fnr': 0.59777086680081581,
                    '1_fpr': 0.059753641811499114,
                    'acc': 0.80533657506323819,
                    'fnr_diff': 0.072391878224555145,
                    'fpr_diff': 0.0047749375653408687},
  'test_results': {'fnr_diff': 0.40289280086292606,
                   'fpr_diff': 0.059497154975120092,
                   'll': -11408.201635975671,
                   'objective': 11482.184028909758},
  'train_results': {'fnr_diff': 4.9575733926041088e-11,
                    'fpr_diff': 1.8524941153787319e-11,
                    'll': -1262.0641202087595,
                    'objective': 1262.0641202196557,
                    'w': array([[  3.90559163e-02],
       [ -1.01541777e-01],
       [  2.84040582e-03],
       [  3.45514952e-01],
       [ -1.81266639e-01],
       [  7.01900759e-03],
       [ -2.44077594e-02],
       [  1.47421039e-01],
       [ -1.14897478e-01],
       [  2.46674468e+00],
       [  6.54187440e+00],
       [  2.57631984e-02],
       [ -3.90643585e-03],
       [ -7.34783064e+00]])},
  'weight': 160.0},
 {'gamma': 0.0,
  'test_measures': {'0_fnr': 0.60052223368574953,
                    '0_fpr': 0.060847742617423518,
                    '1_fnr': 0.59843153067644994,
                    '1_fpr': 0.058879987411376795,
                    'acc': 0.80613779807952068,
                    'fnr_diff': 0.055774631534466546,
                    'fpr_diff': 0.0039135547562008663},
  'test_results': {'fnr_diff': 0.29598997030413743,
                   'fpr_diff': 0.054064005685586135,
                   'll': -11367.375818939654,
                   'objective': 11437.386614137598},
  'train_results': {'fnr_diff': 4.9434893881878349e-11,
                    'fpr_diff': 4.0219528974644695e-11,
                    'll': -1248.8256785760902,
                    'objective': 1248.8256785940209,
                    'w': array([[  3.78301246e-02],
       [ -9.37969277e-02],
       [  2.59837611e-03],
       [  3.54448332e-01],
       [ -1.95205654e-01],
       [  3.88481734e-03],
       [ -2.12441961e-03],
       [  1.40853719e-01],
       [ -7.51335867e-02],
       [  2.80690574e+00],
       [  6.53688537e+00],
       [  2.58778424e-02],
       [ -7.18936418e-04],
       [ -7.53710343e+00]])},
  'weight': 200.0},
 {'gamma': 0.0,
  'test_measures': {'0_fnr': 0.6157881504965762,
                    '0_fpr': 0.061429154899087193,
                    '1_fnr': 0.59017075574390943,
                    '1_fpr': 0.058511291502856881,
                    'acc': 0.80730356221911137,
                    'fnr_diff': 0.063364762129386118,
                    'fpr_diff': 0.0052988983436324261},
  'test_results': {'fnr_diff': 0.37648872548594592,
                   'fpr_diff': 0.055233043176490727,
                   'll': -11311.193331129174,
                   'objective': 11414.806555608158},
  'train_results': {'fnr_diff': 9.5049029295846393e-11,
                    'fpr_diff': 2.4118661461189263e-11,
                    'll': -1241.5615418404072,
                    'objective': 1241.5615418690077,
                    'w': array([[  3.79674884e-02],
       [ -9.47351702e-02],
       [  3.46017588e-03],
       [  3.44384358e-01],
       [ -1.95990888e-01],
       [  5.83264914e-03],
       [ -7.46512423e-02],
       [  1.30199638e-01],
       [ -2.09197041e-01],
       [  2.90341935e+00],
       [  6.48872740e+00],
       [  2.59647146e-02],
       [  7.62286132e-04],
       [ -7.29720783e+00]])},
  'weight': 240.0},
 {'gamma': 0.0,
  'test_measures': {'0_fnr': 0.61250114578172588,
                    '0_fpr': 0.061055284989193631,
                    '1_fnr': 0.59401897415042326,
                    '1_fpr': 0.057849340488443778,
                    'acc': 0.80702906914871841,
                    'fnr_diff': 0.060634103077017887,
                    'fpr_diff': 0.0053224200095517435},
  'test_results': {'fnr_diff': 0.35700602527592945,
                   'fpr_diff': 0.059472123555228934,
                   'll': -11322.82427448536,
                   'objective': 11439.438156158085},
  'train_results': {'fnr_diff': 5.2738876736270091e-11,
                    'fpr_diff': 1.8874825816580456e-11,
                    'll': -1245.3884970480542,
                    'objective': 1245.3884970681061,
                    'w': array([[  3.71383789e-02],
       [ -9.30287273e-02],
       [  3.48750567e-03],
       [  3.44983377e-01],
       [ -1.97149442e-01],
       [  5.85763668e-03],
       [ -5.93716952e-02],
       [  1.39806869e-01],
       [ -1.83162301e-01],
       [  2.84605894e+00],
       [  6.56347529e+00],
       [  2.55941047e-02],
       [  1.44993007e-03],
       [ -7.35355097e+00]])},
  'weight': 280.0},
 {'gamma': 0.0,
  'test_measures': {'0_fnr': 0.61015568752506566,
                    '0_fpr': 0.061111938072343941,
                    '1_fnr': 0.59577980801855968,
                    '1_fpr': 0.057553767729992655,
                    'acc': 0.8068417562730964,
                    'fnr_diff': 0.060576380743481935,
                    'fpr_diff': 0.0055632524033214946},
  'test_results': {'fnr_diff': 0.34567778160888646,
                   'fpr_diff': 0.059962670790667819,
                   'll': -11328.0055738709,
                   'objective': 11457.810518638755},
  'train_results': {'fnr_diff': 5.8167798017953671e-11,
                    'fpr_diff': 3.5462510637836283e-11,
                    'll': -1243.1342050831454,
                    'objective': 1243.1342051131071,
                    'w': array([[  3.76084515e-02],
       [ -9.22786636e-02],
       [  3.33547939e-03],
       [  3.44097202e-01],
       [ -1.97390095e-01],
       [  5.13519068e-03],
       [ -5.28217343e-02],
       [  1.44454585e-01],
       [ -1.80213354e-01],
       [  2.85562415e+00],
       [  6.56123979e+00],
       [  2.62275087e-02],
       [  1.30687016e-03],
       [ -7.41078125e+00]])},
  'weight': 320.0},
 {'gamma': 0.0,
  'test_measures': {'0_fnr': 0.61695325778381749,
                    '0_fpr': 0.061058260745957021,
                    '1_fnr': 0.59186899550983352,
                    '1_fpr': 0.057915864699189419,
                    'acc': 0.80727993268369469,
                    'fnr_diff': 0.065017671012029973,
                    'fpr_diff': 0.00514747810773782},
  'test_results': {'fnr_diff': 0.38595209752153964,
                   'fpr_diff': 0.056352070849465377,
                   'll': -11315.539579366145,
                   'objective': 11474.769079979706},
  'train_results': {'fnr_diff': 5.8421059034598497e-11,
                    'fpr_diff': 3.5955969752551994e-11,
                    'll': -1244.2765783410634,
                    'objective': 1244.2765783750394,
                    'w': array([[  3.65715517e-02],
       [ -9.16509304e-02],
       [  3.57222720e-03],
       [  3.44320070e-01],
       [ -1.99492833e-01],
       [  6.60590871e-03],
       [ -7.64835669e-02],
       [  1.38886842e-01],
       [ -2.12432101e-01],
       [  2.84949117e+00],
       [  6.56165398e+00],
       [  2.57596629e-02],
       [  1.08740141e-03],
       [ -7.27932147e+00]])},
  'weight': 360.0},
 {'gamma': 0.0,
  'test_measures': {'0_fnr': 0.61450246683988563,
                    '0_fpr': 0.061111932387111656,
                    '1_fnr': 0.59364928661659255,
                    '1_fpr': 0.057631744368123558,
                    'acc': 0.80708944227510493,
                    'fnr_diff': 0.06474365639842021,
                    'fpr_diff': 0.0053850159769097796},
  'test_results': {'fnr_diff': 0.37374296479366509,
                   'fpr_diff': 0.056974093384607905,
                   'll': -11320.826046483326,
                   'objective': 11493.112869754634},
  'train_results': {'fnr_diff': 6.7076847705795436e-11,
                    'fpr_diff': 3.2905620695997429e-11,
                    'll': -1242.1905969041868,
                    'objective': 1242.1905969441798,
                    'w': array([[  3.70464622e-02],
       [ -9.10072597e-02],
       [  3.42356618e-03],
       [  3.43511370e-01],
       [ -1.99604285e-01],
       [  5.88217134e-03],
       [ -6.94055105e-02],
       [  1.43348173e-01],
       [ -2.08167112e-01],
       [  2.85840652e+00],
       [  6.55962133e+00],
       [  2.63531189e-02],
       [  9.69620960e-04],
       [ -7.33740172e+00]])},
  'weight': 400.0},
 {'gamma': 0.0,
  'test_measures': {'0_fnr': 0.61695325778381749,
                    '0_fpr': 0.061058260745957021,
                    '1_fnr': 0.59186899550983352,
                    '1_fpr': 0.057915864699189419,
                    'acc': 0.80727993268369469,
                    'fnr_diff': 0.065017671012029973,
                    'fpr_diff': 0.00514747810773782},
  'test_results': {'fnr_diff': 0.38595209810258618,
                   'fpr_diff': 0.056352070950363264,
                   'll': -11315.539579092052,
                   'objective': 11510.153413475349},
  'train_results': {'fnr_diff': 1.6262720702261833e-10,
                    'fpr_diff': 6.1842978962888643e-11,
                    'll': -1244.2765783483424,
                    'objective': 1244.2765784471094,
                    'w': array([[  3.65715518e-02],
       [ -9.16509306e-02],
       [  3.57222723e-03],
       [  3.44320071e-01],
       [ -1.99492834e-01],
       [  6.60590869e-03],
       [ -7.64835669e-02],
       [  1.38886842e-01],
       [ -2.12432101e-01],
       [  2.84949118e+00],
       [  6.56165399e+00],
       [  2.57596630e-02],
       [  1.08740140e-03],
       [ -7.27932148e+00]])},
  'weight': 440.0},
 {'gamma': 0.0,
  'test_measures': {'0_fnr': 0.61015568752506566,
                    '0_fpr': 0.061111938072343941,
                    '1_fnr': 0.59577980801855968,
                    '1_fpr': 0.057553767729992655,
                    'acc': 0.8068417562730964,
                    'fnr_diff': 0.060576380743481935,
                    'fpr_diff': 0.0055632524033214946},
  'test_results': {'fnr_diff': 0.34567778539576982,
                   'fpr_diff': 0.059962670921426556,
                   'll': -11328.005572633972,
                   'objective': 11522.712991666227},
  'train_results': {'fnr_diff': 4.6050749522394043e-11,
                    'fpr_diff': 2.2642674436458966e-11,
                    'll': -1243.1342050795345,
                    'objective': 1243.1342051125073,
                    'w': array([[  3.76084516e-02],
       [ -9.22786635e-02],
       [  3.33547939e-03],
       [  3.44097202e-01],
       [ -1.97390095e-01],
       [  5.13519068e-03],
       [ -5.28217333e-02],
       [  1.44454585e-01],
       [ -1.80213353e-01],
       [  2.85562417e+00],
       [  6.56123980e+00],
       [  2.62275088e-02],
       [  1.30687017e-03],
       [ -7.41078126e+00]])},
  'weight': 480.0},
 {'gamma': 0.0,
  'test_measures': {'0_fnr': 0.61695325778381749,
                    '0_fpr': 0.061058260745957021,
                    '1_fnr': 0.59186899550983352,
                    '1_fpr': 0.057915864699189419,
                    'acc': 0.80727993268369469,
                    'fnr_diff': 0.065017671012029973,
                    'fpr_diff': 0.00514747810773782},
  'test_results': {'fnr_diff': 0.38595209673625747,
                   'fpr_diff': 0.056352070817832632,
                   'll': -11315.53957944343,
                   'objective': 11545.537746571557},
  'train_results': {'fnr_diff': 6.278719644897679e-11,
                    'fpr_diff': 2.0971750988539741e-11,
                    'll': -1244.2765783401328,
                    'objective': 1244.2765783836874,
                    'w': array([[  3.65715517e-02],
       [ -9.16509304e-02],
       [  3.57222721e-03],
       [  3.44320070e-01],
       [ -1.99492833e-01],
       [  6.60590869e-03],
       [ -7.64835668e-02],
       [  1.38886842e-01],
       [ -2.12432100e-01],
       [  2.84949117e+00],
       [  6.56165397e+00],
       [  2.57596629e-02],
       [  1.08740139e-03],
       [ -7.27932146e+00]])},
  'weight': 520.0},
 {'gamma': 0.0,
  'test_measures': {'0_fnr': 0.61695325778381749,
                    '0_fpr': 0.061058260745957021,
                    '1_fnr': 0.59186899550983352,
                    '1_fpr': 0.057915864699189419,
                    'acc': 0.80727993268369469,
                    'fnr_diff': 0.065017671012029973,
                    'fpr_diff': 0.00514747810773782},
  'test_results': {'fnr_diff': 0.38595209737257141,
                   'fpr_diff': 0.056352070748459625,
                   'll': -11315.539579956476,
                   'objective': 11563.229914104251},
  'train_results': {'fnr_diff': 1.6089277183029287e-11,
                    'fpr_diff': 1.3419807356687698e-11,
                    'll': -1244.2765783351845,
                    'objective': 1244.2765783517095,
                    'w': array([[  3.65715517e-02],
       [ -9.16509305e-02],
       [  3.57222722e-03],
       [  3.44320070e-01],
       [ -1.99492833e-01],
       [  6.60590870e-03],
       [ -7.64835674e-02],
       [  1.38886842e-01],
       [ -2.12432101e-01],
       [  2.84949119e+00],
       [  6.56165398e+00],
       [  2.57596629e-02],
       [  1.08740141e-03],
       [ -7.27932146e+00]])},
  'weight': 560.0},
 {'gamma': 0.0,
  'test_measures': {'0_fnr': 0.61695325778381749,
                    '0_fpr': 0.061058260745957021,
                    '1_fnr': 0.59186899550983352,
                    '1_fpr': 0.057915864699189419,
                    'acc': 0.80727993268369469,
                    'fnr_diff': 0.065017671012029973,
                    'fpr_diff': 0.00514747810773782},
  'test_results': {'fnr_diff': 0.38595209899522903,
                   'fpr_diff': 0.056352071136479574,
                   'll': -11315.539579002152,
                   'objective': 11580.922081081178},
  'train_results': {'fnr_diff': 4.8513235152867238e-11,
                    'fpr_diff': 1.5654572461979317e-11,
                    'll': -1244.2765783374266,
                    'objective': 1244.2765783759276,
                    'w': array([[  3.65715518e-02],
       [ -9.16509306e-02],
       [  3.57222722e-03],
       [  3.44320071e-01],
       [ -1.99492834e-01],
       [  6.60590866e-03],
       [ -7.64835670e-02],
       [  1.38886843e-01],
       [ -2.12432101e-01],
       [  2.84949118e+00],
       [  6.56165400e+00],
       [  2.57596630e-02],
       [  1.08740136e-03],
       [ -7.27932149e+00]])},
  'weight': 600.0},
 {'gamma': 0.0,
  'test_measures': {'0_fnr': 0.61695325778381749,
                    '0_fpr': 0.061058260745957021,
                    '1_fnr': 0.59186899550983352,
                    '1_fpr': 0.057915864699189419,
                    'acc': 0.80727993268369469,
                    'fnr_diff': 0.065017671012029973,
                    'fpr_diff': 0.00514747810773782},
  'test_results': {'fnr_diff': 0.38595209905622258,
                   'fpr_diff': 0.05635207103845559,
                   'll': -11315.539579467057,
                   'objective': 11598.614248327654},
  'train_results': {'fnr_diff': 3.780264786782424e-11,
                    'fpr_diff': 1.153787196049747e-11,
                    'll': -1244.2765783350903,
                    'objective': 1244.276578366668,
                    'w': array([[  3.65715518e-02],
       [ -9.16509305e-02],
       [  3.57222722e-03],
       [  3.44320070e-01],
       [ -1.99492833e-01],
       [  6.60590871e-03],
       [ -7.64835660e-02],
       [  1.38886842e-01],
       [ -2.12432099e-01],
       [  2.84949118e+00],
       [  6.56165399e+00],
       [  2.57596630e-02],
       [  1.08740135e-03],
       [ -7.27932147e+00]])},
  'weight': 640.0},
 {'gamma': 0.0,
  'test_measures': {'0_fnr': 0.61250114578172588,
                    '0_fpr': 0.061055284989193631,
                    '1_fnr': 0.59401897415042326,
                    '1_fpr': 0.057849340488443778,
                    'acc': 0.80702906914871841,
                    'fnr_diff': 0.060634103077017887,
                    'fpr_diff': 0.0053224200095517435},
  'test_results': {'fnr_diff': 0.35700602676902893,
                   'fpr_diff': 0.059472123637757036,
                   'll': -11322.824274291675,
                   'objective': 11606.02941656829},
  'train_results': {'fnr_diff': 2.2631052630853188e-11,
                    'fpr_diff': 2.0804974978530819e-11,
                    'll': -1245.3884970519771,
                    'objective': 1245.3884970815134,
                    'w': array([[  3.71383790e-02],
       [ -9.30287274e-02],
       [  3.48750569e-03],
       [  3.44983377e-01],
       [ -1.97149442e-01],
       [  5.85763675e-03],
       [ -5.93716953e-02],
       [  1.39806869e-01],
       [ -1.83162301e-01],
       [  2.84605895e+00],
       [  6.56347530e+00],
       [  2.55941048e-02],
       [  1.44993008e-03],
       [ -7.35355098e+00]])},
  'weight': 680.0},
 {'gamma': 0.0,
  'test_measures': {'0_fnr': 0.61450246683988563,
                    '0_fpr': 0.061111932387111656,
                    '1_fnr': 0.59364928661659255,
                    '1_fpr': 0.057631744368123558,
                    'acc': 0.80708944227510493,
                    'fnr_diff': 0.06474365639842021,
                    'fpr_diff': 0.0053850159769097796},
  'test_results': {'fnr_diff': 0.37374296332613977,
                   'fpr_diff': 0.056974093445616623,
                   'll': -11320.826045815122,
                   'objective': 11630.942326690787},
  'train_results': {'fnr_diff': 3.5688976955466043e-11,
                    'fpr_diff': 8.7805858004486839e-12,
                    'll': -1242.190596899751,
                    'objective': 1242.1905969317691,
                    'w': array([[  3.70464622e-02],
       [ -9.10072597e-02],
       [  3.42356616e-03],
       [  3.43511369e-01],
       [ -1.99604284e-01],
       [  5.88217139e-03],
       [ -6.94055101e-02],
       [  1.43348173e-01],
       [ -2.08167111e-01],
       [  2.85840650e+00],
       [  6.55962132e+00],
       [  2.63531189e-02],
       [  9.69620894e-04],
       [ -7.33740171e+00]])},
  'weight': 720.0},
 {'gamma': 0.0,
  'test_measures': {'0_fnr': 0.61450246683988563,
                    '0_fpr': 0.061111932387111656,
                    '1_fnr': 0.59364928661659255,
                    '1_fpr': 0.057631744368123558,
                    'acc': 0.80708944227510493,
                    'fnr_diff': 0.06474365639842021,
                    'fpr_diff': 0.0053850159769097796},
  'test_results': {'fnr_diff': 0.37374296707654292,
                   'fpr_diff': 0.056974093436401016,
                   'll': -11320.826046861341,
                   'objective': 11648.17101285118},
  'train_results': {'fnr_diff': 2.0652342997643653e-11,
                    'fpr_diff': 1.3285864194825109e-11,
                    'll': -1242.1905968979661,
                    'objective': 1242.1905969237591,
                    'w': array([[  3.70464622e-02],
       [ -9.10072598e-02],
       [  3.42356617e-03],
       [  3.43511370e-01],
       [ -1.99604285e-01],
       [  5.88217138e-03],
       [ -6.94055110e-02],
       [  1.43348173e-01],
       [ -2.08167112e-01],
       [  2.85840654e+00],
       [  6.55962132e+00],
       [  2.63531189e-02],
       [  9.69620998e-04],
       [ -7.33740172e+00]])},
  'weight': 760.0},
 {'gamma': 0.0,
  'test_measures': {'0_fnr': 0.61015568752506566,
                    '0_fpr': 0.061111938072343941,
                    '1_fnr': 0.59577980801855968,
                    '1_fpr': 0.057553767729992655,
                    'acc': 0.8068417562730964,
                    'fnr_diff': 0.060576380743481935,
                    'fpr_diff': 0.0055632524033214946},
  'test_results': {'fnr_diff': 0.34567778142381722,
                   'fpr_diff': 0.059962670725711403,
                   'll': -11328.005571995625,
                   'objective': 11652.517933715246},
  'train_results': {'fnr_diff': 4.8937228236063082e-11,
                    'fpr_diff': 1.248961921105803e-11,
                    'll': -1243.1342050835249,
                    'objective': 1243.1342051326665,
                    'w': array([[  3.76084515e-02],
       [ -9.22786635e-02],
       [  3.33547938e-03],
       [  3.44097202e-01],
       [ -1.97390095e-01],
       [  5.13519071e-03],
       [ -5.28217340e-02],
       [  1.44454584e-01],
       [ -1.80213353e-01],
       [  2.85562415e+00],
       [  6.56123979e+00],
       [  2.62275087e-02],
       [  1.30687013e-03],
       [ -7.41078124e+00]])},
  'weight': 800.0}]

The result for squared relaxation:

[{'gamma': 0.0,
  'test_measures': {'0_fnr': 0.7787801421662508,
                    '0_fpr': 0.013710149916622189,
                    '1_fnr': 0.49206745086065584,
                    '1_fpr': 0.091541903716747419,
                    'acc': 0.82044131732115244,
                    'fnr_diff': 0.2867126913055949,
                    'fpr_diff': 0.077831753800125247},
  'test_results': {'fnr_diff': 2.6598014140682698,
                   'fpr_diff': 1.7521674258722566,
                   'll': -10704.89490247962,
                   'objective': 10704.89490247962},
  'train_results': {'fnr_diff': 2.2159100452254874,
                    'fpr_diff': 1.7508792985409987,
                    'll': -1169.5153449582567,
                    'objective': 1169.5153449582567,
                    'w': array([[  3.67827484e-02],
       [ -1.03460454e-01],
       [  3.95519301e-03],
       [  3.42416412e-01],
       [ -2.23528667e-01],
       [  2.29251617e-03],
       [ -1.17777638e-01],
       [  1.48282554e-01],
       [  1.02281306e+00],
       [  3.16667417e+00],
       [  6.57077292e+00],
       [  2.71446629e-02],
       [  5.60116675e-04],
       [ -8.13242432e+00]])},
  'weight': 0.0},
 {'gamma': 0.0,
  'test_measures': {'0_fnr': 0.6812781645588244,
                    '0_fpr': 0.038346428297742326,
                    '1_fnr': 0.56130016040522945,
                    '1_fpr': 0.067550449549204111,
                    'acc': 0.81351580343328656,
                    'fnr_diff': 0.11997800415359498,
                    'fpr_diff': 0.029204021251461765},
  'test_results': {'fnr_diff': 0.57062966398136072,
                   'fpr_diff': 0.18220953654260197,
                   'll': -10945.380918791248,
                   'objective': 10975.494486812207},
  'train_results': {'fnr_diff': 0.18973730080358342,
                    'fpr_diff': 0.20237648671746689,
                    'll': -1199.3325736010627,
                    'objective': 1215.0171251019049,
                    'w': array([[  3.69514004e-02],
       [ -8.87631072e-02],
       [  2.91221986e-03],
       [  3.34824849e-01],
       [ -1.97935642e-01],
       [  1.02641691e-02],
       [ -8.86880165e-02],
       [  1.58399322e-01],
       [  1.65747510e-01],
       [  2.99670218e+00],
       [  6.34590511e+00],
       [  2.62745438e-02],
       [  2.87570273e-03],
       [ -7.63278774e+00]])},
  'weight': 40.0},
 {'gamma': 0.0,
  'test_measures': {'0_fnr': 0.64816491595383574,
                    '0_fpr': 0.046444780233772118,
                    '1_fnr': 0.58016750024617558,
                    '1_fpr': 0.062439349435309148,
                    'acc': 0.81076736569258478,
                    'fnr_diff': 0.0679974157076602,
                    'fpr_diff': 0.015994569201537034},
  'test_results': {'fnr_diff': 0.28307337381854208,
                   'fpr_diff': 0.061474960510396311,
                   'll': -11091.988653751432,
                   'objective': 11119.552520497746},
  'train_results': {'fnr_diff': 0.094094626854301741,
                    'fpr_diff': 0.06663324636112089,
                    'll': -1217.4218980939763,
                    'objective': 1230.28012795121,
                    'w': array([[  3.58471703e-02],
       [ -9.85253105e-02],
       [  1.81206881e-03],
       [  3.41051212e-01],
       [ -2.00618395e-01],
       [  8.21030540e-03],
       [ -5.19765644e-02],
       [  1.51747167e-01],
       [  6.05655959e-02],
       [  2.92289767e+00],
       [  6.59883026e+00],
       [  2.48314628e-02],
       [  7.87329563e-05],
       [ -7.36277629e+00]])},
  'weight': 80.0},
 {'gamma': 0.0,
  'test_measures': {'0_fnr': 0.63870803671598797,
                    '0_fpr': 0.04957186555258241,
                    '1_fnr': 0.57905640724029495,
                    '1_fpr': 0.061912351055396532,
                    'acc': 0.8106453170919391,
                    'fnr_diff': 0.063242265489197258,
                    'fpr_diff': 0.012340485502814132},
  'test_results': {'fnr_diff': 0.26448095257973336,
                   'fpr_diff': 0.040513882147624997,
                   'll': -11113.445318765407,
                   'objective': 11150.04469893269},
  'train_results': {'fnr_diff': 0.041307452579561643,
                    'fpr_diff': 0.040662138592421147,
                    'll': -1222.0770006785792,
                    'objective': 1231.9133516192173,
                    'w': array([[  3.68519187e-02],
       [ -9.38492947e-02],
       [  3.51244049e-03],
       [  3.42078615e-01],
       [ -1.99572166e-01],
       [  5.01239075e-03],
       [ -5.96259713e-02],
       [  1.39664666e-01],
       [ -4.28792375e-03],
       [  2.98886606e+00],
       [  6.53720677e+00],
       [  2.54704829e-02],
       [  9.80839744e-04],
       [ -7.40038893e+00]])},
  'weight': 120.0},
 {'gamma': 0.0,
  'test_measures': {'0_fnr': 0.63181752445810757,
                    '0_fpr': 0.052474466586346372,
                    '1_fnr': 0.5794643546124888,
                    '1_fpr': 0.061652531404115557,
                    'acc': 0.81014800625424654,
                    'fnr_diff': 0.061488086112321899,
                    'fpr_diff': 0.0093600708954041552},
  'test_results': {'fnr_diff': 0.25215709579655443,
                   'fpr_diff': 0.025979985128956704,
                   'll': -11149.874601052481,
                   'objective': 11194.376534000563},
  'train_results': {'fnr_diff': 0.026157875109138442,
                    'fpr_diff': 0.025094112119020764,
                    'll': -1225.6816350239346,
                    'objective': 1233.8819529804402,
                    'w': array([[  3.65664411e-02],
       [ -9.09171656e-02],
       [  3.27419243e-03],
       [  3.43856395e-01],
       [ -2.00798992e-01],
       [  6.11165195e-03],
       [ -6.20041346e-02],
       [  1.47020202e-01],
       [ -5.31162911e-02],
       [  2.97200961e+00],
       [  6.61360138e+00],
       [  2.61864075e-02],
       [  1.19839188e-04],
       [ -7.40368539e+00]])},
  'weight': 160.0},
 {'gamma': 0.0,
  'test_measures': {'0_fnr': 0.62831928200339648,
                    '0_fpr': 0.053856546463769493,
                    '1_fnr': 0.58155018677208226,
                    '1_fpr': 0.061158457044391538,
                    'acc': 0.80966706778981146,
                    'fnr_diff': 0.060627787295236671,
                    'fpr_diff': 0.0076872231473219333},
  'test_results': {'fnr_diff': 0.24145139732901835,
                   'fpr_diff': 0.018876869866208363,
                   'll': -11174.852625685764,
                   'objective': 11226.918279124809},
  'train_results': {'fnr_diff': 0.018153784732359509,
                    'fpr_diff': 0.017566051704828587,
                    'll': -1228.4487176887285,
                    'objective': 1235.5926849761661,
                    'w': array([[  3.65972367e-02],
       [ -9.07910728e-02],
       [  3.26992363e-03],
       [  3.44177860e-01],
       [ -2.00476639e-01],
       [  6.20878461e-03],
       [ -6.19737603e-02],
       [  1.46974629e-01],
       [ -7.76166420e-02],
       [  2.95568278e+00],
       [  6.61617399e+00],
       [  2.61919168e-02],
       [  1.71686061e-04],
       [ -7.39462003e+00]])},
  'weight': 200.0},
 {'gamma': 0.0,
  'test_measures': {'0_fnr': 0.62121996732826323,
                    '0_fpr': 0.055165058956298557,
                    '1_fnr': 0.58501754558494479,
                    '1_fpr': 0.060578091267422751,
                    'acc': 0.80909981321048274,
                    'fnr_diff': 0.054422539558260243,
                    'fpr_diff': 0.0064416546147025742},
  'test_results': {'fnr_diff': 0.19793750563047685,
                   'fpr_diff': 0.013696452959634014,
                   'll': -11203.480148088976,
                   'objective': 11254.272298150601},
  'train_results': {'fnr_diff': 0.014123745263846733,
                    'fpr_diff': 0.011855218184293893,
                    'll': -1231.9584271379845,
                    'objective': 1238.1933783655384,
                    'w': array([[  3.72292379e-02],
       [ -9.22028034e-02],
       [  3.14844140e-03],
       [  3.45106584e-01],
       [ -1.97867537e-01],
       [  5.45836100e-03],
       [ -4.73931027e-02],
       [  1.47372450e-01],
       [ -7.39689580e-02],
       [  2.92887450e+00],
       [  6.61004616e+00],
       [  2.60259483e-02],
       [  5.97244909e-04],
       [ -7.45307254e+00]])},
  'weight': 240.0},
 {'gamma': 0.0,
  'test_measures': {'0_fnr': 0.62567733580231644,
                    '0_fpr': 0.055300899567850399,
                    '1_fnr': 0.58774788108169507,
                    '1_fpr': 0.059576802813810024,
                    'acc': 0.80870636031617382,
                    'fnr_diff': 0.062535735562272404,
                    'fpr_diff': 0.0067828875574027893},
  'test_results': {'fnr_diff': 0.23770134467698986,
                   'fpr_diff': 0.011181785575495515,
                   'll': -11224.881343438976,
                   'objective': 11294.568619909671},
  'train_results': {'fnr_diff': 0.011487420363441279,
                    'fpr_diff': 0.0099786229595559602,
                    'll': -1229.3977007909893,
                    'objective': 1235.4081929214287,
                    'w': array([[  3.73401927e-02],
       [ -8.17937670e-02],
       [  3.88939561e-03],
       [  3.45926917e-01],
       [ -1.99833864e-01],
       [  6.24663000e-03],
       [ -5.82764909e-02],
       [  1.58468979e-01],
       [ -1.14512177e-01],
       [  2.81666820e+00],
       [  6.40516782e+00],
       [  2.72563348e-02],
       [  3.34832069e-03],
       [ -7.67364976e+00]])},
  'weight': 280.0},
 {'gamma': 0.0,
  'test_measures': {'0_fnr': 0.62429651474249803,
                    '0_fpr': 0.054993992594554821,
                    '1_fnr': 0.5871719119643215,
                    '1_fpr': 0.059330061235874018,
                    'acc': 0.80910631400574662,
                    'fnr_diff': 0.060597845885266864,
                    'fpr_diff': 0.0060474984885580171},
  'test_results': {'fnr_diff': 0.22876130227672697,
                   'fpr_diff': 0.010847361232191646,
                   'll': -11210.85433607358,
                   'objective': 11287.529108396435},
  'train_results': {'fnr_diff': 0.0085570627862856293,
                    'fpr_diff': 0.0084668767082928045,
                    'll': -1239.0195781817376,
                    'objective': 1244.4672388200031,
                    'w': array([[  3.72187123e-02],
       [ -9.67849201e-02],
       [  3.32273026e-03],
       [  3.41095641e-01],
       [ -1.93933443e-01],
       [  4.92314307e-03],
       [ -5.87159511e-02],
       [  1.32211880e-01],
       [ -9.94445695e-02],
       [  2.86128429e+00],
       [  6.50254493e+00],
       [  2.55318853e-02],
       [ -3.41422550e-04],
       [ -7.25754404e+00]])},
  'weight': 320.0},
 {'gamma': 0.0,
  'test_measures': {'0_fnr': 0.62783408137938912,
                    '0_fpr': 0.055986289641935416,
                    '1_fnr': 0.58840568743368071,
                    '1_fpr': 0.058724408042980909,
                    'acc': 0.80872943456749558,
                    'fnr_diff': 0.065923781087053532,
                    'fpr_diff': 0.0054698926715028278},
  'test_results': {'fnr_diff': 0.24388323804467729,
                   'fpr_diff': 0.0083561251341107163,
                   'll': -11228.312164052033,
                   'objective': 11319.118334796396},
  'train_results': {'fnr_diff': 0.0068059665478781856,
                    'fpr_diff': 0.0071816128111450352,
                    'll': -1234.4543455330131,
                    'objective': 1239.4898741022614,
                    'w': array([[  3.69759425e-02],
       [ -9.30334210e-02],
       [  2.98759973e-03],
       [  3.42991371e-01],
       [ -1.96395336e-01],
       [  7.41212657e-03],
       [ -7.45062052e-02],
       [  1.42102743e-01],
       [ -1.51187826e-01],
       [  2.79257337e+00],
       [  6.29254294e+00],
       [  2.69085739e-02],
       [ -3.68637562e-04],
       [ -7.32705940e+00]])},
  'weight': 360.0},
 {'gamma': 0.0,
  'test_measures': {'0_fnr': 0.62359274027221234,
                    '0_fpr': 0.056832929264473253,
                    '1_fnr': 0.58468856210605913,
                    '1_fpr': 0.060147258592120979,
                    'acc': 0.80877247108229566,
                    'fnr_diff': 0.063912166740266813,
                    'fpr_diff': 0.0058218491313373911},
  'test_results': {'fnr_diff': 0.2490754583420198,
                   'fpr_diff': 0.0090735538980225693,
                   'll': -11239.285048197868,
                   'objective': 11342.544653093886},
  'train_results': {'fnr_diff': 0.0056125061513368768,
                    'fpr_diff': 0.0056996606923174677,
                    'll': -1231.8826438096989,
                    'objective': 1236.4075105471607,
                    'w': array([[  3.64955196e-02],
       [ -8.91324522e-02],
       [  3.40283489e-03],
       [  3.46792593e-01],
       [ -2.02223430e-01],
       [  5.87246435e-03],
       [ -7.06431773e-02],
       [  1.50569507e-01],
       [ -1.36241429e-01],
       [  2.91601609e+00],
       [  6.60382508e+00],
       [  2.57178255e-02],
       [ -2.42589646e-06],
       [ -7.35860495e+00]])},
  'weight': 400.0},
 {'gamma': 0.0,
  'test_measures': {'0_fnr': 0.61169356272097308,
                    '0_fpr': 0.058451588273442205,
                    '1_fnr': 0.59024998919382532,
                    '1_fpr': 0.059587106695432768,
                    'acc': 0.80786172127437883,
                    'fnr_diff': 0.055340532756673208,
                    'fpr_diff': 0.0045232576043032196},
  'test_results': {'fnr_diff': 0.16953165927693495,
                   'fpr_diff': 0.0053181623581485052,
                   'll': -11271.776364354539,
                   'objective': 11348.71028587398},
  'train_results': {'fnr_diff': 0.0053861334072945284,
                    'fpr_diff': 0.0040515683411050333,
                    'll': -1238.7357989226784,
                    'objective': 1242.8883876919742,
                    'w': array([[  3.77064690e-02],
       [ -9.69835034e-02],
       [  3.40852211e-03],
       [  3.47028470e-01],
       [ -1.97427432e-01],
       [  6.07309123e-03],
       [ -3.63924556e-02],
       [  1.44955176e-01],
       [ -1.05664964e-01],
       [  2.80980208e+00],
       [  6.57219068e+00],
       [  2.68602764e-02],
       [ -5.78532954e-04],
       [ -7.46092980e+00]])},
  'weight': 440.0},
 {'gamma': 0.0,
  'test_measures': {'0_fnr': 0.61504495077102239,
                    '0_fpr': 0.05775704470755904,
                    '1_fnr': 0.59089187150568623,
                    '1_fpr': 0.059521454884635949,
                    'acc': 0.8078538274515582,
                    'fnr_diff': 0.064705830765959732,
                    'fpr_diff': 0.0059371406407914178},
  'test_results': {'fnr_diff': 0.24420914873714095,
                   'fpr_diff': 0.0067543831814275467,
                   'll': -11280.024293393677,
                   'objective': 11400.48678871459},
  'train_results': {'fnr_diff': 0.0052711867664805324,
                    'fpr_diff': 0.0039595716655362713,
                    'll': -1248.4607006454626,
                    'objective': 1252.8914646928304,
                    'w': array([[  3.85637354e-02],
       [ -9.42851536e-02],
       [  3.27296103e-03],
       [  3.39639261e-01],
       [ -1.83990145e-01],
       [  6.95745457e-03],
       [ -4.67437294e-02],
       [  1.51296591e-01],
       [ -1.13382896e-01],
       [  2.63041593e+00],
       [  6.58352292e+00],
       [  2.59122853e-02],
       [  3.21734563e-04],
       [ -7.44301355e+00]])},
  'weight': 480.0},
 {'gamma': 0.0,
  'test_measures': {'0_fnr': 0.61130682184277407,
                    '0_fpr': 0.057328305291779659,
                    '1_fnr': 0.58812044331727154,
                    '1_fpr': 0.060697434368181466,
                    'acc': 0.80819876358813947,
                    'fnr_diff': 0.061697243961766408,
                    'fpr_diff': 0.0058413828409363553},
  'test_results': {'fnr_diff': 0.20816902252919434,
                   'fpr_diff': 0.0075663710464127128,
                   'll': -11271.949189202203,
                   'objective': 11384.131593861519},
  'train_results': {'fnr_diff': 0.0045596822108628149,
                    'fpr_diff': 0.0031254038656893025,
                    'll': -1248.0842535964352,
                    'objective': 1252.0804983562425,
                    'w': array([[  3.87525066e-02],
       [ -9.51967600e-02],
       [  2.96927462e-03],
       [  3.48001872e-01],
       [ -1.87730106e-01],
       [  3.12252408e-03],
       [ -2.85072190e-02],
       [  1.55297113e-01],
       [ -6.51263921e-02],
       [  2.68377981e+00],
       [  6.40563965e+00],
       [  2.55559376e-02],
       [ -1.97227464e-03],
       [ -7.46846420e+00]])},
  'weight': 520.0},
 {'gamma': 0.0,
  'test_measures': {'0_fnr': 0.61392368300245181,
                    '0_fpr': 0.058402342979606399,
                    '1_fnr': 0.586886505497206,
                    '1_fpr': 0.060498965687179891,
                    'acc': 0.80804722611066104,
                    'fnr_diff': 0.06104904419377382,
                    'fpr_diff': 0.0056254360391814195},
  'test_results': {'fnr_diff': 0.1975474309155297,
                   'fpr_diff': 0.0059183234146928387,
                   'll': -11266.920339931841,
                   'objective': 11380.861162356765},
  'train_results': {'fnr_diff': 0.0031606089812083855,
                    'fpr_diff': 0.0027882263221516187,
                    'll': -1233.5369641930629,
                    'objective': 1236.8683119629445,
                    'w': array([[  3.92418726e-02],
       [ -9.20324111e-02],
       [  3.84686862e-03],
       [  3.49187305e-01],
       [ -1.97902891e-01],
       [  4.00580028e-03],
       [ -4.09204815e-02],
       [  1.44547282e-01],
       [ -1.06926059e-01],
       [  2.86615782e+00],
       [  6.35451313e+00],
       [  2.71215298e-02],
       [  1.40401748e-03],
       [ -7.63668981e+00]])},
  'weight': 560.0},
 {'gamma': 0.0,
  'test_measures': {'0_fnr': 0.6138125100658699,
                    '0_fpr': 0.057893300259034525,
                    '1_fnr': 0.59176558145914337,
                    '1_fpr': 0.058694887699886816,
                    'acc': 0.80800854637884045,
                    'fnr_diff': 0.059292800581589741,
                    'fpr_diff': 0.0051308767037802992},
  'test_results': {'fnr_diff': 0.20376042287903665,
                   'fpr_diff': 0.0058460840473261982,
                   'll': -11273.284631685188,
                   'objective': 11399.048535841006},
  'train_results': {'fnr_diff': 0.0030795220775033431,
                    'fpr_diff': 0.0024203570186771091,
                    'll': -1246.2175227758721,
                    'objective': 1249.5174502335806,
                    'w': array([[  3.77216606e-02],
       [ -9.40178848e-02],
       [  2.88247463e-03],
       [  3.42288775e-01],
       [ -1.89332944e-01],
       [  5.49723414e-03],
       [ -4.37571820e-02],
       [  1.38385261e-01],
       [ -1.16763865e-01],
       [  2.77579657e+00],
       [  6.61402708e+00],
       [  2.60285469e-02],
       [ -1.91516941e-04],
       [ -7.35867732e+00]])},
  'weight': 600.0},
 {'gamma': 0.0,
  'test_measures': {'0_fnr': 0.60434503619218893,
                    '0_fpr': 0.0573867864374044,
                    '1_fnr': 0.60278090906416115,
                    '1_fpr': 0.056621475113274089,
                    'acc': 0.80715390849480584,
                    'fnr_diff': 0.050221903322434626,
                    'fpr_diff': 0.0047929910001154926},
  'test_results': {'fnr_diff': 0.12020923769824603,
                   'fpr_diff': 0.0060363888811550675,
                   'll': -11300.895710724752,
                   'objective': 11381.692911735568},
  'train_results': {'fnr_diff': 0.0033155750456001928,
                    'fpr_diff': 0.0015491045417186061,
                    'll': -1252.6347582356607,
                    'objective': 1255.7481531715446,
                    'w': array([[  3.59207011e-02],
       [ -1.06312780e-01],
       [  2.32795493e-03],
       [  3.39365481e-01],
       [ -1.97886899e-01],
       [  8.63824734e-03],
       [ -6.63028290e-03],
       [  1.36430194e-01],
       [ -5.91210539e-02],
       [  2.78083375e+00],
       [  6.63320863e+00],
       [  2.53930009e-02],
       [  2.16393426e-04],
       [ -7.27095412e+00]])},
  'weight': 640.0},
 {'gamma': 0.0,
  'test_measures': {'0_fnr': 0.62197442305493855,
                    '0_fpr': 0.057740955183442702,
                    '1_fnr': 0.58818598858393067,
                    '1_fpr': 0.058794668808534414,
                    'acc': 0.80843095360888051,
                    'fnr_diff': 0.063699039244433431,
                    'fpr_diff': 0.0055108227383857226},
  'test_results': {'fnr_diff': 0.24258398261526778,
                   'fpr_diff': 0.0056983495137221075,
                   'll': -11253.809164507204,
                   'objective': 11422.641150354919},
  'train_results': {'fnr_diff': 0.0020077948162315539,
                    'fpr_diff': 0.0023728287948631809,
                    'll': -1239.9728469662639,
                    'objective': 1242.9516710218084,
                    'w': array([[  3.77098415e-02],
       [ -9.65934104e-02],
       [  3.61033549e-03],
       [  3.40812352e-01],
       [ -1.95688000e-01],
       [  5.88191819e-03],
       [ -7.16690174e-02],
       [  1.30513773e-01],
       [ -1.58714729e-01],
       [  2.87768851e+00],
       [  6.46951779e+00],
       [  2.56309843e-02],
       [  9.55182092e-04],
       [ -7.27466188e+00]])},
  'weight': 680.0},
 {'gamma': 0.0,
  'test_measures': {'0_fnr': 0.6150013093166109,
                    '0_fpr': 0.059436952272485168,
                    '1_fnr': 0.58683359069154661,
                    '1_fpr': 0.060169058106652094,
                    'acc': 0.80789592783993436,
                    'fnr_diff': 0.060313812499709477,
                    'fpr_diff': 0.0055867135981991179},
  'test_results': {'fnr_diff': 0.21477946938628562,
                   'fpr_diff': 0.0057099985688871743,
                   'll': -11277.955137130222,
                   'objective': 11436.707554057944},
  'train_results': {'fnr_diff': 0.0018818062427375919,
                    'fpr_diff': 0.0018524343236221183,
                    'll': -1234.572881488773,
                    'objective': 1237.261534696552,
                    'w': array([[  3.83672216e-02],
       [ -9.25134114e-02],
       [  3.45925643e-03],
       [  3.46113197e-01],
       [ -1.98759530e-01],
       [  6.11309888e-03],
       [ -5.59010508e-02],
       [  1.42026795e-01],
       [ -1.43020985e-01],
       [  2.93358065e+00],
       [  6.51189768e+00],
       [  2.64150345e-02],
       [  7.86779174e-04],
       [ -7.46500394e+00]])},
  'weight': 720.0},
 {'gamma': 0.0,
  'test_measures': {'0_fnr': 0.61179467790977848,
                    '0_fpr': 0.05811690073602245,
                    '1_fnr': 0.59222019104876411,
                    '1_fpr': 0.058904720657986541,
                    'acc': 0.80778015177189999,
                    'fnr_diff': 0.057989831904694901,
                    'fpr_diff': 0.0044648375386279306},
  'test_results': {'fnr_diff': 0.18715423071804979,
                   'fpr_diff': 0.0053832428995144897,
                   'll': -11288.650514237199,
                   'objective': 11434.978994186549},
  'train_results': {'fnr_diff': 0.001938083341279139,
                    'fpr_diff': 0.0016860307720753538,
                    'll': -1241.4723939573801,
                    'objective': 1244.226720683529,
                    'w': array([[  3.78522067e-02],
       [ -9.09569350e-02],
       [  4.03322175e-03],
       [  3.48535683e-01],
       [ -2.00809590e-01],
       [  2.82959897e-03],
       [ -3.07303907e-02],
       [  1.40066837e-01],
       [ -9.01122854e-02],
       [  2.87096892e+00],
       [  6.38212977e+00],
       [  2.52840818e-02],
       [  1.00422175e-03],
       [ -7.47865578e+00]])},
  'weight': 760.0},
 {'gamma': 0.0,
  'test_measures': {'0_fnr': 0.61540945158056271,
                    '0_fpr': 0.058767151674050909,
                    '1_fnr': 0.59108187931819245,
                    '1_fpr': 0.05874950367789928,
                    'acc': 0.8077801517719001,
                    'fnr_diff': 0.061080772919037823,
                    'fpr_diff': 0.0047840383869915083},
  'test_results': {'fnr_diff': 0.21591856232973156,
                   'fpr_diff': 0.0055531004084563886,
                   'll': -11289.836928419631,
                   'objective': 11467.014258610181},
  'train_results': {'fnr_diff': 0.0016639908225127926,
                    'fpr_diff': 0.0016766103099765401,
                    'll': -1240.4310350392209,
                    'objective': 1243.1035159452126,
                    'w': array([[  3.75581017e-02],
       [ -9.16172997e-02],
       [  4.05017586e-03],
       [  3.45292819e-01],
       [ -1.99804956e-01],
       [  4.42169323e-03],
       [ -5.21096307e-02],
       [  1.40833072e-01],
       [ -1.35664156e-01],
       [  2.86193341e+00],
       [  6.48851552e+00],
       [  2.53139758e-02],
       [  6.11743115e-04],
       [ -7.37474662e+00]])},
  'weight': 800.0}]
