
The result for squared relaxation:

[{'gamma': 1.0,
  'test_measures': {'0_fnr': 0.69625840746204726,
                    '0_fpr': 0.10136225064006077,
                    '1_fnr': 0.24471329678950865,
                    '1_fpr': 0.41906384202644259,
                    'acc': 0.66831228473019522,
                    'fnr_diff': 0.45154511067253866,
                    'fpr_diff': 0.31770159138638193},
  'test_results': {'fnr_diff': 0.72297230236939514,
                   'fpr_diff': 0.46677211167456106,
                   'll': -1076.926175934555,
                   'objective': 1076.926175934555},
  'train_results': {'fnr_diff': 0.67951587927535617,
                    'fpr_diff': 0.46460356109785705,
                    'll': -2176.8815652465914,
                    'objective': 2177.2280864602208,
                    'w': array([[-0.02679661],
       [-0.30985945],
       [ 0.32545115],
       [ 0.16711789],
       [ 0.33413944]])},
  'weight': 0.0},
 {'gamma': 1.0,
  'test_measures': {'0_fnr': 0.6645413601771113,
                    '0_fpr': 0.11582985253922935,
                    '1_fnr': 0.27813363755181042,
                    '1_fpr': 0.37824293364945555,
                    'acc': 0.66980482204362812,
                    'fnr_diff': 0.38640772262530082,
                    'fpr_diff': 0.26241308111022621},
  'test_results': {'fnr_diff': 0.54548375382085879,
                   'fpr_diff': 0.3253583721234472,
                   'll': -1077.1556624034142,
                   'objective': 1083.6628298458832},
  'train_results': {'fnr_diff': 0.50754835783294172,
                    'fpr_diff': 0.32280973119461742,
                    'll': -2178.2195103931908,
                    'objective': 2184.970379627262,
                    'w': array([[-0.02519477],
       [-0.30825602],
       [ 0.22051777],
       [ 0.16634867],
       [ 0.34463026]])},
  'weight': 20.0},
 {'gamma': 1.0,
  'test_measures': {'0_fnr': 0.63926148606932853,
                    '0_fpr': 0.12793218332822293,
                    '1_fnr': 0.31351452409782904,
                    '1_fpr': 0.33720047038463863,
                    'acc': 0.67049368541905852,
                    'fnr_diff': 0.32574696197149949,
                    'fpr_diff': 0.2092682870564157},
  'test_results': {'fnr_diff': 0.43503553922786431,
                   'fpr_diff': 0.24055988442460899,
                   'll': -1078.0791564872561,
                   'objective': 1087.7015518642402},
  'train_results': {'fnr_diff': 0.40099268789670506,
                    'fpr_diff': 0.23790522079175794,
                    'll': -2180.7238746989615,
                    'objective': 2190.5119130588473,
                    'w': array([[-0.02408032],
       [-0.30734034],
       [ 0.14584806],
       [ 0.1659418 ],
       [ 0.35248875]])},
  'weight': 40.0},
 {'gamma': 1.0,
  'test_measures': {'0_fnr': 0.62255143131895707,
                    '0_fpr': 0.14096289945736654,
                    '1_fnr': 0.34100282708954699,
                    '1_fpr': 0.30805619434116061,
                    'acc': 0.66900114810562572,
                    'fnr_diff': 0.28154860422941008,
                    'fpr_diff': 0.16709329488379407},
  'test_results': {'fnr_diff': 0.3606400750971227,
                   'fpr_diff': 0.1854516196259621,
                   'll': -1079.1874083818166,
                   'objective': 1090.3145055593743},
  'train_results': {'fnr_diff': 0.32951137379238354,
                    'fpr_diff': 0.18280648344625766,
                    'll': -2183.4516822947348,
                    'objective': 2194.6824364038926,
                    'w': array([[-0.02325717],
       [-0.30677855],
       [ 0.08978616],
       [ 0.16571189],
       [ 0.35860406]])},
  'weight': 60.0},
 {'gamma': 1.0,
  'test_measures': {'0_fnr': 0.61204306869500358,
                    '0_fpr': 0.15020117719593551,
                    '1_fnr': 0.35381500372688773,
                    '1_fpr': 0.2957306754194583,
                    'acc': 0.6676234213547646,
                    'fnr_diff': 0.25822806496811584,
                    'fpr_diff': 0.14552949822352276},
  'test_results': {'fnr_diff': 0.30764176111476221,
                   'fpr_diff': 0.14752963363850177,
                   'll': -1080.2982233980963,
                   'objective': 1092.1005940891766},
  'train_results': {'fnr_diff': 0.27878550924918299,
                    'fpr_diff': 0.14494461192131747,
                    'll': -2186.0827183740817,
                    'objective': 2197.9378524961489,
                    'w': array([[-0.02262318],
       [-0.30641643],
       [ 0.04606604],
       [ 0.16557702],
       [ 0.36350126]])},
  'weight': 80.0},
 {'gamma': 1.0,
  'test_measures': {'0_fnr': 0.60419620071893365,
                    '0_fpr': 0.1578780208337576,
                    '1_fnr': 0.36669227125595533,
                    '1_fpr': 0.28711715871776022,
                    'acc': 0.66509758897818594,
                    'fnr_diff': 0.23750392946297838,
                    'fpr_diff': 0.12923913788400268},
  'test_results': {'fnr_diff': 0.26826497392859033,
                   'fpr_diff': 0.12028212627014565,
                   'll': -1081.3456218906849,
                   'objective': 1093.3738345176996},
  'train_results': {'fnr_diff': 0.24123450398635904,
                    'fpr_diff': 0.11777855610108279,
                    'll': -2188.5128495000322,
                    'objective': 2200.550929364957,
                    'w': array([[-0.02211938],
       [-0.30617457],
       [ 0.01098121],
       [ 0.16549669],
       [ 0.36751248]])},
  'weight': 100.0},
 {'gamma': 0.75,
  'test_measures': {'0_fnr': 0.59926176153422828,
                    '0_fpr': 0.1612182643603727,
                    '1_fnr': 0.37233156190915484,
                    '1_fpr': 0.28377645723632883,
                    'acc': 0.66417910447761197,
                    'fnr_diff': 0.22693019962507338,
                    'fpr_diff': 0.12255819287595612},
  'test_results': {'fnr_diff': 0.23800042282865003,
                   'fpr_diff': 0.09999937478179094,
                   'll': -1082.3121627148555,
                   'objective': 1094.3120876886703},
  'train_results': {'fnr_diff': 0.21249835231044711,
                    'fpr_diff': 0.097575445970363536,
                    'll': -2190.7222764181488,
                    'objective': 2202.6294902396648,
                    'w': array([[-0.02171525],
       [-0.3072863 ],
       [-0.01799547],
       [ 0.16543599],
       [ 0.37180542]])},
  'weight': 120.0},
 {'gamma': 0.0,
  'test_measures': {'0_fnr': 0.59160380530826573,
                    '0_fpr': 0.16900565072667578,
                    '1_fnr': 0.38091769035086076,
                    '1_fpr': 0.27313296332492071,
                    'acc': 0.66360505166475325,
                    'fnr_diff': 0.21068611495740502,
                    'fpr_diff': 0.10412731259824495},
  'test_results': {'fnr_diff': 0.21400979207663898,
                   'fpr_diff': 0.084400402628047461,
                   'll': -1083.2033486551056,
                   'objective': 1095.0194050230325},
  'train_results': {'fnr_diff': 0.18984465162645564,
                    'fpr_diff': 0.082041475659692276,
                    'll': -2192.7321376186883,
                    'objective': 2204.2179442110455,
                    'w': array([[-0.02139352],
       [-0.31105489],
       [-0.04270845],
       [ 0.16537538],
       [ 0.37758157]])},
  'weight': 140.0},
 {'gamma': 0.0,
  'test_measures': {'0_fnr': 0.58590798009799094,
                    '0_fpr': 0.17779173360128514,
                    '1_fnr': 0.38552361991134465,
                    '1_fpr': 0.27060568375637684,
                    'acc': 0.66165327210103331,
                    'fnr_diff': 0.20038436018664624,
                    'fpr_diff': 0.092813950155091723},
  'test_results': {'fnr_diff': 0.19477275778413078,
                   'fpr_diff': 0.072288997602748234,
                   'll': -1084.0006474420395,
                   'objective': 1095.5668870584791},
  'train_results': {'fnr_diff': 0.17167267677486714,
                    'fpr_diff': 0.070019673539116256,
                    'll': -2194.5306360762579,
                    'objective': 2205.7337838425169,
                    'w': array([[-0.02110679],
       [-0.31096148],
       [-0.06319267],
       [ 0.16536705],
       [ 0.38007083]])},
  'weight': 160.0},
 {'gamma': 0.0,
  'test_measures': {'0_fnr': 0.58239172578543941,
                    '0_fpr': 0.179767078194568,
                    '1_fnr': 0.39784332668646899,
                    '1_fpr': 0.26323475571758076,
                    'acc': 0.65958668197474168,
                    'fnr_diff': 0.18454839909897042,
                    'fpr_diff': 0.083467677523012734},
  'test_results': {'fnr_diff': 0.17899929705400233,
                   'fpr_diff': 0.06264733006051533,
                   'll': -1084.7228440384063,
                   'objective': 1095.9993634492989},
  'train_results': {'fnr_diff': 0.15681579763025247,
                    'fpr_diff': 0.060462858061117675,
                    'll': -2196.1517825817727,
                    'objective': 2207.0350970327736,
                    'w': array([[-0.02086172],
       [-0.31089387],
       [-0.08078382],
       [ 0.16536646],
       [ 0.38222851]])},
  'weight': 180.0},
 {'gamma': 0.0,
  'test_measures': {'0_fnr': 0.57957477217218856,
                    '0_fpr': 0.18120451864190945,
                    '1_fnr': 0.40276139951029588,
                    '1_fpr': 0.25602230504774298,
                    'acc': 0.66004592422502872,
                    'fnr_diff': 0.1768133726618927,
                    'fpr_diff': 0.074817786405833503},
  'test_results': {'fnr_diff': 0.16586271641939876,
                   'fpr_diff': 0.054844231249199148,
                   'll': -1085.3779104226758,
                   'objective': 1096.3467566725158},
  'train_results': {'fnr_diff': 0.14447659085705658,
                    'fpr_diff': 0.052739341189165054,
                    'll': -2197.6166078251272,
                    'objective': 2208.1644760629601,
                    'w': array([[-0.02064982],
       [-0.31084465],
       [-0.09605609],
       [ 0.16537085],
       [ 0.38411675]])},
  'weight': 200.0},
 {'gamma': 0.0,
  'test_measures': {'0_fnr': 0.57887054682007588,
                    '0_fpr': 0.18410255731455499,
                    '1_fnr': 0.40926602548077212,
                    '1_fpr': 0.25181442106015411,
                    'acc': 0.65843857634902414,
                    'fnr_diff': 0.16960452133930379,
                    'fpr_diff': 0.067711863745599121},
  'test_results': {'fnr_diff': 0.15477493469854847,
                   'fpr_diff': 0.048438639263612859,
                   'll': -1085.973430550727,
                   'objective': 1096.6299311887219},
  'train_results': {'fnr_diff': 0.13408893589241186,
                    'fpr_diff': 0.046407998325567801,
                    'll': -2198.9441624709602,
                    'objective': 2209.1539221025855,
                    'w': array([[-0.02046477],
       [-0.31080879],
       [-0.10944047],
       [ 0.16537843],
       [ 0.38578303]])},
  'weight': 220.0},
 {'gamma': 0.0,
  'test_measures': {'0_fnr': 0.57100494781290168,
                    '0_fpr': 0.18602534041380867,
                    '1_fnr': 0.41709435558536789,
                    '1_fpr': 0.24626384626495823,
                    'acc': 0.65820895522388057,
                    'fnr_diff': 0.15391059222753373,
                    'fpr_diff': 0.060238505851149558},
  'test_results': {'fnr_diff': 0.1453067802123304,
                   'fpr_diff': 0.043114361812631986,
                   'll': -1086.5163020954774,
                   'objective': 1096.8637489305088},
  'train_results': {'fnr_diff': 0.12524054711394855,
                    'fpr_diff': 0.041152830675624988,
                    'll': -2200.1512699241975,
                    'objective': 2210.0279492863474,
                    'w': array([[-0.02030177],
       [-0.31078278],
       [-0.12126749],
       [ 0.16538801],
       [ 0.38726433]])},
  'weight': 240.0},
 {'gamma': 0.0,
  'test_measures': {'0_fnr': 0.56600095801550931,
                    '0_fpr': 0.18845316302800286,
                    '1_fnr': 0.41883083874434651,
                    '1_fpr': 0.24585147513093761,
                    'acc': 0.6579793340987371,
                    'fnr_diff': 0.14717011927116277,
                    'fpr_diff': 0.057398312102934758},
  'test_results': {'fnr_diff': 0.13713900869539083,
                   'fpr_diff': 0.038640189669873828,
                   'll': -1087.0126140612581,
                   'objective': 1097.0590633754255},
  'train_results': {'fnr_diff': 0.11762531556143345,
                    'fpr_diff': 0.03674292556011944,
                    'll': -2201.2524953229931,
                    'objective': 2210.8056559686243,
                    'w': array([[-0.02015709],
       [-0.31076412],
       [-0.13179425],
       [ 0.16539882],
       [ 0.38858982]])},
  'weight': 260.0},
 {'gamma': 0.0,
  'test_measures': {'0_fnr': 0.55974250783539659,
                    '0_fpr': 0.18894335910643423,
                    '1_fnr': 0.42195855542826449,
                    '1_fpr': 0.24458558061956132,
                    'acc': 0.65820895522388057,
                    'fnr_diff': 0.13778395240713209,
                    'fpr_diff': 0.055642221513127074},
  'test_results': {'fnr_diff': 0.13002929573005434,
                   'fpr_diff': 0.034843621221082866,
                   'll': -1087.467704920391,
                   'objective': 1097.2239188622941},
  'train_results': {'fnr_diff': 0.11101133967013814,
                    'fpr_diff': 0.033006130236912942,
                    'll': -2202.2604271183468,
                    'objective': 2211.5021435846825,
                    'w': array([[-0.0200278 ],
       [-0.31075101],
       [-0.14122428],
       [ 0.16541032],
       [ 0.38978284]])},
  'weight': 280.0},
 {'gamma': 0.0,
  'test_measures': {'0_fnr': 0.55762994691675394,
                    '0_fpr': 0.18992375126329697,
                    '1_fnr': 0.43356336251945737,
                    '1_fpr': 0.23777538247817159,
                    'acc': 0.65637198622273252,
                    'fnr_diff': 0.12406658439729656,
                    'fpr_diff': 0.047851631214874638},
  'test_results': {'fnr_diff': 0.12379077802039169,
                   'fpr_diff': 0.031593862211816391,
                   'll': -1087.8862227598056,
                   'objective': 1097.3643814233506},
  'train_results': {'fnr_diff': 0.10522011638382929,
                    'fpr_diff': 0.029812005287921856,
                    'll': -2203.1859096011108,
                    'objective': 2212.1295111874874,
                    'w': array([[-0.01991156],
       [-0.31074211],
       [-0.14972072],
       [ 0.16542215],
       [ 0.39086231]])},
  'weight': 300.0},
 {'gamma': 0.0,
  'test_measures': {'0_fnr': 0.55478441296677472,
                    '0_fpr': 0.19422608259533131,
                    '1_fnr': 0.43391734482034233,
                    '1_fpr': 0.23647597856160402,
                    'acc': 0.65602755453501727,
                    'fnr_diff': 0.12086706814643247,
                    'fpr_diff': 0.042249895966272696},
  'test_results': {'fnr_diff': 0.11827727661149608,
                   'fpr_diff': 0.028790276268609211,
                   'll': -1088.2722037557819,
                   'objective': 1097.4850921617367},
  'train_results': {'fnr_diff': 0.1001122621154406,
                    'fpr_diff': 0.027060262979887624,
                    'll': -2204.0382826805826,
                    'objective': 2212.6975668341465,
                    'w': array([[-0.01980651],
       [-0.31073646],
       [-0.15741585],
       [ 0.16543406],
       [ 0.3918437 ]])},
  'weight': 320.0},
 {'gamma': 0.0,
  'test_measures': {'0_fnr': 0.55337839848655535,
                    '0_fpr': 0.19662477301382369,
                    '1_fnr': 0.43425922516222271,
                    '1_fpr': 0.23559586185677633,
                    'acc': 0.6557979334098738,
                    'fnr_diff': 0.11911917332433267,
                    'fpr_diff': 0.038971088842952695},
  'test_results': {'fnr_diff': 0.11337308593033557,
                   'fpr_diff': 0.026354473296583088,
                   'll': -1088.6291436291392,
                   'objective': 1097.5896645499774},
  'train_results': {'fnr_diff': 0.095577636455942444,
                    'fpr_diff': 0.024672831627845331,
                    'll': -2204.825582943783,
                    'objective': 2213.2143456972508,
                    'w': array([[-0.01971108],
       [-0.31073329],
       [-0.16441789],
       [ 0.16544588],
       [ 0.39273977]])},
  'weight': 340.0},
 {'gamma': 0.0,
  'test_measures': {'0_fnr': 0.55196513826721338,
                    '0_fpr': 0.19761001859720556,
                    '1_fnr': 0.43531748079796878,
                    '1_fpr': 0.23477111958873512,
                    'acc': 0.65568312284730201,
                    'fnr_diff': 0.11664765746924451,
                    'fpr_diff': 0.037161100991529597},
  'test_results': {'fnr_diff': 0.1089851736674468,
                   'fpr_diff': 0.024224473491178601,
                   'll': -1088.9600984872118,
                   'objective': 1097.680908944036},
  'train_results': {'fnr_diff': 0.091527857072068869,
                    'fpr_diff': 0.022588035255385837,
                    'll': -2205.5548008661558,
                    'objective': 2213.6864935580948,
                    'w': array([[-0.01962402],
       [-0.31073206],
       [-0.1708167 ],
       [ 0.16545751],
       [ 0.39356122]])},
  'weight': 360.0},
 {'gamma': 0.0,
  'test_measures': {'0_fnr': 0.54841294274111552,
                    '0_fpr': 0.19807621906340606,
                    '1_fnr': 0.43847115164055406,
                    '1_fpr': 0.23181353624611006,
                    'acc': 0.65591274397244548,
                    'fnr_diff': 0.10994179110056146,
                    'fpr_diff': 0.033737317182704049},
  'test_results': {'fnr_diff': 0.10503843648617026,
                   'fpr_diff': 0.022350966173233969,
                   'll': -1089.2677156933566,
                   'objective': 1097.7610828391857},
  'train_results': {'fnr_diff': 0.087891644812271297,
                    'fpr_diff': 0.020756834313481971,
                    'll': -2206.2319577843004,
                    'objective': 2214.1195548234236,
                    'w': array([[-0.01954428],
       [-0.31073232],
       [-0.17668691],
       [ 0.16546886],
       [ 0.39431696]])},
  'weight': 380.0},
 {'gamma': 0.0,
  'test_measures': {'0_fnr': 0.54770871738900295,
                    '0_fpr': 0.19807621906340606,
                    '1_fnr': 0.44544743682508497,
                    '1_fpr': 0.22846439291893547,
                    'acc': 0.65464982778415615,
                    'fnr_diff': 0.10226128056391795,
                    'fpr_diff': 0.030388173855529436},
  'test_results': {'fnr_diff': 0.10147126061047188,
                   'fpr_diff': 0.020694154429976335,
                   'll': -1089.5543149760247,
                   'objective': 1097.8319767480152},
  'train_results': {'fnr_diff': 0.08461065668871251,
                    'fpr_diff': 0.019139684818073627,
                    'll': -2206.862317782528,
                    'objective': 2214.518191709758,
                    'w': array([[-0.01947096],
       [-0.31073373],
       [-0.18209148],
       [ 0.1654799 ],
       [ 0.39501459]])},
  'weight': 400.0}]

The result for absolute value relaxation:

[{'gamma': 1.0,
  'test_measures': {'0_fnr': 0.69625840746204726,
                    '0_fpr': 0.10136225064006077,
                    '1_fnr': 0.24471329678950865,
                    '1_fpr': 0.41906384202644259,
                    'acc': 0.66831228473019522,
                    'fnr_diff': 0.45154511067253866,
                    'fpr_diff': 0.31770159138638193},
  'test_results': {'fnr_diff': 0.84660619446629093,
                   'fpr_diff': 0.68178537665755068,
                   'll': -1076.926175934555,
                   'objective': 1076.926175934555},
  'train_results': {'fnr_diff': 0.82405995994970704,
                    'fpr_diff': 0.68079960846430132,
                    'll': -2176.8815652465914,
                    'objective': 2177.2280864602208,
                    'w': array([[-0.02679661],
       [-0.30985945],
       [ 0.32545115],
       [ 0.16711789],
       [ 0.33413944]])},
  'weight': 0.0},
 {'gamma': 1.0,
  'test_measures': {'0_fnr': 0.66660400616141968,
                    '0_fpr': 0.11292667728311293,
                    '1_fnr': 0.27194552117809989,
                    '1_fpr': 0.38290625682043633,
                    'acc': 0.67095292766934567,
                    'fnr_diff': 0.39465848498331979,
                    'fpr_diff': 0.26997957953732332},
  'test_results': {'fnr_diff': 0.74804314820335982,
                   'fpr_diff': 0.58244093201601721,
                   'll': -1077.1124306731908,
                   'objective': 1088.7612493135109},
  'train_results': {'fnr_diff': 0.72547512940333658,
                    'fpr_diff': 0.58084024236173559,
                    'll': -2177.9256064404326,
                    'objective': 2189.8423585868754,
                    'w': array([[-0.02538261],
       [-0.30846212],
       [ 0.23293044],
       [ 0.16643353],
       [ 0.34337211]])},
  'weight': 20.0},
 {'gamma': 1.0,
  'test_measures': {'0_fnr': 0.6372489223618496,
                    '0_fpr': 0.12937476035903525,
                    '1_fnr': 0.3152141179662411,
                    '1_fpr': 0.33669897946569038,
                    'acc': 0.67003444316877148,
                    'fnr_diff': 0.32203480439560839,
                    'fpr_diff': 0.20732421910665519},
  'test_results': {'fnr_diff': 0.6508006881520485,
                   'fpr_diff': 0.48425956849583873,
                   'll': -1078.2554656297107,
                   'objective': 1097.6258483695442},
  'train_results': {'fnr_diff': 0.62818513729834091,
                    'fpr_diff': 0.48204820123116165,
                    'll': -2180.9161174948399,
                    'objective': 2200.4694749210394,
                    'w': array([[-0.02401138],
       [-0.30735882],
       [ 0.14111153],
       [ 0.16593092],
       [ 0.35303274]])},
  'weight': 40.0},
 {'gamma': 1.0,
  'test_measures': {'0_fnr': 0.61202840987426299,
                    '0_fpr': 0.15021116720592551,
                    '1_fnr': 0.35233578632938822,
                    '1_fpr': 0.29738883774423386,
                    'acc': 0.6676234213547646,
                    'fnr_diff': 0.25969262354487477,
                    'fpr_diff': 0.14717767053830833},
  'test_results': {'fnr_diff': 0.55466810073290485,
                   'fpr_diff': 0.38703449701451909,
                   'll': -1080.337219585082,
                   'objective': 1103.5592894059532},
  'train_results': {'fnr_diff': 0.53198059389809749,
                    'fpr_diff': 0.38421512805872393,
                    'll': -2185.817180708405,
                    'objective': 2209.1306770465917,
                    'w': array([[-0.0226788 ],
       [-0.30654903],
       [ 0.04981543],
       [ 0.16560238],
       [ 0.36313091]])},
  'weight': 60.0},
 {'gamma': 0.0,
  'test_measures': {'0_fnr': 0.5915171596508324,
                    '0_fpr': 0.16998202729128764,
                    '1_fnr': 0.37946833280187475,
                    '1_fpr': 0.27560719012904439,
                    'acc': 0.66314580941446621,
                    'fnr_diff': 0.21204882684895776,
                    'fpr_diff': 0.10562516283775678},
  'test_results': {'fnr_diff': 0.45878720160670189,
                   'fpr_diff': 0.28986184335909304,
                   'll': -1083.3829773010743,
                   'objective': 1106.5719247698021},
  'train_results': {'fnr_diff': 0.43613703755932498,
                    'fpr_diff': 0.28636546919805728,
                    'll': -2192.6635745659237,
                    'objective': 2215.5728121017682,
                    'w': array([[-0.0214002 ],
       [-0.31119734],
       [-0.04237907],
       [ 0.16539473],
       [ 0.37762045]])},
  'weight': 80.0},
 {'gamma': 0.0,
  'test_measures': {'0_fnr': 0.56388765979211386,
                    '0_fpr': 0.18990573006880521,
                    '1_fnr': 0.41573349528063519,
                    '1_fpr': 0.24518562261260399,
                    'acc': 0.65901262916188297,
                    'fnr_diff': 0.1481541645114787,
                    'fpr_diff': 0.055279892543798816},
  'test_results': {'fnr_diff': 0.36344647703115307,
                   'fpr_diff': 0.19310303558895395,
                   'll': -1087.3582098602683,
                   'objective': 1106.6685134191634},
  'train_results': {'fnr_diff': 0.34067229936293697,
                    'fpr_diff': 0.18899342299719196,
                    'll': -2201.4262561396531,
                    'objective': 2220.3255984393727,
                    'w': array([[-0.0201287 ],
       [-0.31093597],
       [-0.13404533],
       [ 0.16542345],
       [ 0.38897698]])},
  'weight': 100.0},
 {'gamma': 0.0,
  'test_measures': {'0_fnr': 0.52443331453334785,
                    '0_fpr': 0.21588853681748263,
                    '1_fnr': 0.45430631877745242,
                    '1_fpr': 0.22244113702785495,
                    'acc': 0.65281285878300799,
                    'fnr_diff': 0.070126995755895538,
                    'fpr_diff': 0.019350845250570736},
  'test_results': {'fnr_diff': 0.26864767065934625,
                   'fpr_diff': 0.096735156968242503,
                   'll': -1092.2682677047446,
                   'objective': 1103.8764865409335},
  'train_results': {'fnr_diff': 0.24572790054187502,
                    'fpr_diff': 0.092010286758589105,
                    'll': -2212.0939062542861,
                    'objective': 2223.1351406653166,
                    'w': array([[-0.01888591],
       [-0.31099671],
       [-0.22569829],
       [ 0.16561348],
       [ 0.40083635]])},
  'weight': 120.0},
 {'gamma': 0.0,
  'test_measures': {'0_fnr': 0.48585172766747708,
                    '0_fpr': 0.24226818027633407,
                    '1_fnr': 0.46965595288953149,
                    '1_fpr': 0.21145415768055714,
                    'acc': 0.65074626865671648,
                    'fnr_diff': 0.022285209303673316,
                    'fpr_diff': 0.030814022595776903},
  'test_results': {'fnr_diff': 0.19339995702878957,
                   'fpr_diff': 0.019836862090102408,
                   'll': -1096.6666899204163,
                   'objective': 1099.4438506130307},
  'train_results': {'fnr_diff': 0.17000935585097454,
                    'fpr_diff': 0.014760666135524403,
                    'll': -2222.0278716838206,
                    'objective': 2224.0943649427936,
                    'w': array([[-0.01791049],
       [-0.31112234],
       [-0.29897799],
       [ 0.16586799],
       [ 0.41055257]])},
  'weight': 140.0},
 {'gamma': 0.0,
  'test_measures': {'0_fnr': 0.48163622486042501,
                    '0_fpr': 0.24800655954412507,
                    '1_fnr': 0.47215181720702343,
                    '1_fpr': 0.20979687621126838,
                    'acc': 0.64971297359357061,
                    'fnr_diff': 0.015573842179129271,
                    'fpr_diff': 0.038209683332856674},
  'test_results': {'fnr_diff': 0.17903582078478805,
                   'fpr_diff': 0.016241918337044324,
                   'll': -1097.4849757816523,
                   'objective': 1100.0836827155792},
  'train_results': {'fnr_diff': 0.15545960110086016,
                    'fpr_diff': 1.5169884792776145e-10,
                    'll': -2224.1519711499036,
                    'objective': 2224.1519711741757,
                    'w': array([[-0.01772416],
       [-0.31111792],
       [-0.3130297 ],
       [ 0.1659159 ],
       [ 0.41245175]])},
  'weight': 160.0},
 {'gamma': 0.0,
  'test_measures': {'0_fnr': 0.48163622486042501,
                    '0_fpr': 0.24800655954412507,
                    '1_fnr': 0.47215181720702343,
                    '1_fpr': 0.20979687621126838,
                    'acc': 0.64971297359357061,
                    'fnr_diff': 0.015573842179129271,
                    'fpr_diff': 0.038209683332856674},
  'test_results': {'fnr_diff': 0.17903582072761143,
                   'fpr_diff': 0.016241918362717246,
                   'll': -1097.4849758147175,
                   'objective': 1100.4085211200068},
  'train_results': {'fnr_diff': 0.15545960104766449,
                    'fpr_diff': 7.1587945293938299e-11,
                    'll': -2224.151971147061,
                    'objective': 2224.1519711599472,
                    'w': array([[-0.01772416],
       [-0.31111792],
       [-0.3130297 ],
       [ 0.1659159 ],
       [ 0.41245175]])},
  'weight': 180.0},
 {'gamma': 0.0,
  'test_measures': {'0_fnr': 0.48163622486042501,
                    '0_fpr': 0.24800655954412507,
                    '1_fnr': 0.47215181720702343,
                    '1_fpr': 0.20979687621126838,
                    'acc': 0.64971297359357061,
                    'fnr_diff': 0.015573842179129271,
                    'fpr_diff': 0.038209683332856674},
  'test_results': {'fnr_diff': 0.17903582118257416,
                   'fpr_diff': 0.016241918398199683,
                   'll': -1097.4849757995821,
                   'objective': 1100.7333594792221},
  'train_results': {'fnr_diff': 0.15545960119302055,
                    'fpr_diff': 2.052390452034203e-10,
                    'll': -2224.1519711662468,
                    'objective': 2224.151971207295,
                    'w': array([[-0.01772416],
       [-0.31111792],
       [-0.31302971],
       [ 0.1659159 ],
       [ 0.41245175]])},
  'weight': 200.0},
 {'gamma': 0.0,
  'test_measures': {'0_fnr': 0.48163622486042501,
                    '0_fpr': 0.24800655954412507,
                    '1_fnr': 0.47215181720702343,
                    '1_fpr': 0.20979687621126838,
                    'acc': 0.64971297359357061,
                    'fnr_diff': 0.015573842179129271,
                    'fpr_diff': 0.038209683332856674},
  'test_results': {'fnr_diff': 0.17903582085686456,
                   'fpr_diff': 0.016241918551939672,
                   'll': -1097.484975843349,
                   'objective': 1101.0581979247759},
  'train_results': {'fnr_diff': 0.15545960120894337,
                    'fpr_diff': 1.8018741082537205e-10,
                    'll': -2224.151971156306,
                    'objective': 2224.1519711959472,
                    'w': array([[-0.01772416],
       [-0.31111792],
       [-0.31302971],
       [ 0.1659159 ],
       [ 0.41245176]])},
  'weight': 220.0},
 {'gamma': 0.0,
  'test_measures': {'0_fnr': 0.48163622486042501,
                    '0_fpr': 0.24800655954412507,
                    '1_fnr': 0.47215181720702343,
                    '1_fpr': 0.20979687621126838,
                    'acc': 0.64971297359357061,
                    'fnr_diff': 0.015573842179129271,
                    'fpr_diff': 0.038209683332856674},
  'test_results': {'fnr_diff': 0.17903582070975393,
                   'fpr_diff': 0.016241918597781849,
                   'll': -1097.4849758547662,
                   'objective': 1101.3830363182337},
  'train_results': {'fnr_diff': 0.15545960103128617,
                    'fpr_diff': 1.762560361551202e-10,
                    'll': -2224.1519711625051,
                    'objective': 2224.1519712048066,
                    'w': array([[-0.01772416],
       [-0.31111792],
       [-0.31302971],
       [ 0.1659159 ],
       [ 0.41245175]])},
  'weight': 240.0},
 {'gamma': 0.0,
  'test_measures': {'0_fnr': 0.48163622486042501,
                    '0_fpr': 0.24800655954412507,
                    '1_fnr': 0.47215181720702343,
                    '1_fpr': 0.20979687621126838,
                    'acc': 0.64971297359357061,
                    'fnr_diff': 0.015573842179129271,
                    'fpr_diff': 0.038209683332856674},
  'test_results': {'fnr_diff': 0.1790358206639858,
                   'fpr_diff': 0.016241918455083861,
                   'll': -1097.4849758258308,
                   'objective': 1101.7078746241527},
  'train_results': {'fnr_diff': 0.15545960112144938,
                    'fpr_diff': 2.6231047056679555e-10,
                    'll': -2224.1519711744236,
                    'objective': 2224.1519712426243,
                    'w': array([[-0.01772416],
       [-0.31111792],
       [-0.31302971],
       [ 0.1659159 ],
       [ 0.41245175]])},
  'weight': 260.0},
 {'gamma': 0.0,
  'test_measures': {'0_fnr': 0.48163622486042501,
                    '0_fpr': 0.24800655954412507,
                    '1_fnr': 0.47215181720702343,
                    '1_fpr': 0.20979687621126838,
                    'acc': 0.64971297359357061,
                    'fnr_diff': 0.015573842179129271,
                    'fpr_diff': 0.038209683332856674},
  'test_results': {'fnr_diff': 0.17903582120377518,
                   'fpr_diff': 0.016241918342159274,
                   'll': -1097.4849758546002,
                   'objective': 1102.0327129904051},
  'train_results': {'fnr_diff': 0.15545960124930097,
                    'fpr_diff': 3.3436449720092297e-10,
                    'll': -2224.1519711869491,
                    'objective': 2224.1519712805716,
                    'w': array([[-0.01772416],
       [-0.31111792],
       [-0.31302971],
       [ 0.1659159 ],
       [ 0.41245176]])},
  'weight': 280.0},
 {'gamma': 0.0,
  'test_measures': {'0_fnr': 0.48163622486042501,
                    '0_fpr': 0.24800655954412507,
                    '1_fnr': 0.47215181720702343,
                    '1_fpr': 0.20979687621126838,
                    'acc': 0.64971297359357061,
                    'fnr_diff': 0.015573842179129271,
                    'fpr_diff': 0.038209683332856674},
  'test_results': {'fnr_diff': 0.1790358210648085,
                   'fpr_diff': 0.01624191863120808,
                   'll': -1097.4849758179785,
                   'objective': 1102.3575514073411},
  'train_results': {'fnr_diff': 0.15545960151508251,
                    'fpr_diff': 1.9045190285948977e-10,
                    'll': -2224.1519711650535,
                    'objective': 2224.1519712221889,
                    'w': array([[-0.01772416],
       [-0.31111792],
       [-0.31302971],
       [ 0.1659159 ],
       [ 0.41245176]])},
  'weight': 300.0},
 {'gamma': 0.0,
  'test_measures': {'0_fnr': 0.48163622486042501,
                    '0_fpr': 0.24800655954412507,
                    '1_fnr': 0.47215181720702343,
                    '1_fpr': 0.20979687621126838,
                    'acc': 0.64971297359357061,
                    'fnr_diff': 0.015573842179129271,
                    'fpr_diff': 0.038209683332856674},
  'test_results': {'fnr_diff': 0.17903582087227504,
                   'fpr_diff': 0.016241918276393437,
                   'll': -1097.4849757871657,
                   'objective': 1102.6823896356116},
  'train_results': {'fnr_diff': 0.15545960127191841,
                    'fpr_diff': 2.7197277346902026e-10,
                    'll': -2224.1519711144488,
                    'objective': 2224.1519712014806,
                    'w': array([[-0.01772416],
       [-0.31111792],
       [-0.3130297 ],
       [ 0.1659159 ],
       [ 0.41245175]])},
  'weight': 320.0},
 {'gamma': 0.0,
  'test_measures': {'0_fnr': 0.48163622486042501,
                    '0_fpr': 0.24800655954412507,
                    '1_fnr': 0.47215181720702343,
                    '1_fpr': 0.20979687621126838,
                    'acc': 0.64971297359357061,
                    'fnr_diff': 0.015573842179129271,
                    'fpr_diff': 0.038209683332856674},
  'test_results': {'fnr_diff': 0.17903582087718264,
                   'fpr_diff': 0.016241918415121948,
                   'll': -1097.484975789356,
                   'objective': 1103.0072280504976},
  'train_results': {'fnr_diff': 0.15545960109880702,
                    'fpr_diff': 7.6476185106866273e-11,
                    'll': -2224.1519711504648,
                    'objective': 2224.1519711764663,
                    'w': array([[-0.01772416],
       [-0.31111792],
       [-0.3130297 ],
       [ 0.1659159 ],
       [ 0.41245175]])},
  'weight': 340.0},
 {'gamma': 0.0,
  'test_measures': {'0_fnr': 0.48163622486042501,
                    '0_fpr': 0.24800655954412507,
                    '1_fnr': 0.47215181720702343,
                    '1_fpr': 0.20979687621126838,
                    'acc': 0.64971297359357061,
                    'fnr_diff': 0.015573842179129271,
                    'fpr_diff': 0.038209683332856674},
  'test_results': {'fnr_diff': 0.17903582052386363,
                   'fpr_diff': 0.016241918391451272,
                   'll': -1097.4849758132107,
                   'objective': 1103.3320664341331},
  'train_results': {'fnr_diff': 0.15545960081629576,
                    'fpr_diff': 4.6313274049136767e-11,
                    'll': -2224.1519711461178,
                    'objective': 2224.1519711627907,
                    'w': array([[-0.01772416],
       [-0.31111792],
       [-0.3130297 ],
       [ 0.1659159 ],
       [ 0.41245175]])},
  'weight': 360.0},
 {'gamma': 0.0,
  'test_measures': {'0_fnr': 0.48163622486042501,
                    '0_fpr': 0.24800655954412507,
                    '1_fnr': 0.47215181720702343,
                    '1_fpr': 0.20979687621126838,
                    'acc': 0.64971297359357061,
                    'fnr_diff': 0.015573842179129271,
                    'fpr_diff': 0.038209683332856674},
  'test_results': {'fnr_diff': 0.17903582025343906,
                   'fpr_diff': 0.016241918141357045,
                   'll': -1097.4849758183814,
                   'objective': 1103.656904712097},
  'train_results': {'fnr_diff': 0.15545960055354194,
                    'fpr_diff': 2.8056177103774614e-10,
                    'll': -2224.1519711808187,
                    'objective': 2224.1519712874324,
                    'w': array([[-0.01772416],
       [-0.31111792],
       [-0.3130297 ],
       [ 0.1659159 ],
       [ 0.41245175]])},
  'weight': 380.0},
 {'gamma': 0.0,
  'test_measures': {'0_fnr': 0.48163622486042501,
                    '0_fpr': 0.24800655954412507,
                    '1_fnr': 0.47215181720702343,
                    '1_fpr': 0.20979687621126838,
                    'acc': 0.64971297359357061,
                    'fnr_diff': 0.015573842179129271,
                    'fpr_diff': 0.038209683332856674},
  'test_results': {'fnr_diff': 0.17903582075794675,
                   'fpr_diff': 0.016241918500027246,
                   'll': -1097.4849758267633,
                   'objective': 1103.9817432267744},
  'train_results': {'fnr_diff': 0.15545960108685536,
                    'fpr_diff': 1.8980003679835988e-10,
                    'll': -2224.1519711652791,
                    'objective': 2224.1519712411991,
                    'w': array([[-0.01772416],
       [-0.31111792],
       [-0.3130297 ],
       [ 0.1659159 ],
       [ 0.41245175]])},
  'weight': 400.0}]
