
{
  "description":      "ucla law school dataset with protected value sex",
  "data_set":         "ucla-law-school-dataset",
  "file":             "lsac.csv",
  "data_headers":     "decile1b,decile3,decile1,sex,race,cluster,lsat,ugpa,zfygpa,dob_yr,grad,zgpa,fulltime,fam_inc,parttime,tier,indxgrp2",
  "protected":        "race",
  "tag":              "pass_bar",
  "fp":               true,
  "fn":               true,
  "objective_weight": 1,
  "weight":           {"gt": 0, "lt": 400},
  "weight_res":       11,
  "gamma":            {"gt": 0, "lt": 5},
  "gamma_res":        11,
  "train_size":       0.20,
  "num_of_tries":     10,

  "filters": [
    {
      "header": "decile1b",
      "values": ["", " "]
    },
    {
      "header": "decile3",
      "values": ["", " "]
    },
    {
      "header": "decile1",
      "values": ["", " "]
    },
    {
      "header": "sex",
      "values": ["", " "]
    },
    {
      "header": "race",
      "values": ["", " "]
    },
    {
      "header": "cluster",
      "values": ["", " "]
    },
    {
      "header": "lsat",
      "values": ["", " "]
    },
    {
      "header": "ugpa",
      "values": ["", " "]
    },
    {
      "header": "zfygpa",
      "values": ["", " "]
    },
    {
      "header": "dob_yr",
      "values": ["", " "]
    },
    {
      "header": "grad",
      "values": ["", " "]
    },
    {
      "header": "zgpa",
      "values": ["", " "]
    },
    {
      "header": "fulltime",
      "values": ["", " "]
    },
    {
      "header": "fam_inc",
      "values": ["", " "]
    },
    {
      "header": "parttime",
      "values": ["", " "]
    },
    {
      "header": "bar",
      "values": ["", " "]
    },
    {
      "header": "tier",
      "values": ["", " "]
    },
    {
      "header": "indxgrp2",
      "values": ["", " "]
    }
  ],

  "headers_integer_values": [
    {
      "header": "sex",
      "1": 0,
      "2": 1
    },
    {
      "header": "race",
      "1": 0,
      "2": 0,
      "3": 0,
      "4": 0,
      "5": 0,
      "6": 0,
      "7": 1,
      "8": 0
    },
    {
      "header": "grad",
      "N": 0,
      "O": 1,
      "X": 2,
      "Y": 3
    },
    {
      "header": "indxgrp2",
      "a under 400": 0,
      "b 400-460": 1,
      "c 460-520": 2,
      "d 520-580": 3,
      "e 580-640": 4,
      "f 640-700": 5,
      "g 700-760": 6,
      "h 760-820": 7,
      "i 820+": 8
    },
    {
      "header": "pass_bar",
      "0": 0,
      "1": 1,
      "": 0
    }

  ],
  "headers_operation": []
}

----------------The result for absolute value relaxation--------------------------

[{'gamma': 3.0,
  'test_measures': {'0_fnr': 0.023194397441879285,
                    '0_fpr': 0.80136605770496483,
                    '1_fnr': 0.00080305219443459804,
                    '1_fpr': 0.96590472963855123,
                    'acc': 0.95186540307101719,
                    'fnr_diff': 0.02239134524744469,
                    'fpr_diff': 0.16453867193358662,
                    'objective': 1.1387954202520487},
  'test_results': {'fnr_diff': 1.7156481847631777,
                   'fpr_diff': 1.2998696879082958,
                   'll': -2366.6320985349316,
                   'objective': 2366.6320985349316},
  'train_results': {'fnr_diff': 1.689780399238757,
                    'fpr_diff': 1.3557438046120285,
                    'll': -582.15329921766602,
                    'objective': 586.81083774451872,
                    'w': array([[ 0.08320214],
       [ 0.18840015],
       [-0.07176017],
       [ 0.04774061],
       [ 0.21422786],
       [-0.11998353],
       [ 0.00101027],
       [-0.22868846],
       [ 0.16657344],
       [ 0.03672865],
       [-0.31295834],
       [ 0.83481786],
       [-0.36175008],
       [ 0.0463728 ],
       [-0.25743063],
       [ 0.28776414],
       [ 0.29403688],
       [-0.10431945]])},
  'weight': 0.0},
 {'gamma': 3.0,
  'test_measures': {'0_fnr': 0.0028616666694070121,
                    '0_fpr': 0.96433467522655847,
                    '1_fnr': 0.002210017397733125,
                    '1_fpr': 0.94089567216871939,
                    'acc': 0.95042586372360849,
                    'fnr_diff': 0.0014759857428290439,
                    'fpr_diff': 0.024357466038157739,
                    'objective': 0.97625931550459533},
  'test_results': {'fnr_diff': 0.23292933180444425,
                   'fpr_diff': 0.12338906400443861,
                   'll': -2518.9805985925173,
                   'objective': 2533.2333344248727},
  'train_results': {'fnr_diff': 0.20876501505087175,
                    'fpr_diff': 5.4047209069318926e-11,
                    'll': -620.54952289523169,
                    'objective': 637.69178378209779,
                    'w': array([[ 0.03794165],
       [ 0.07867392],
       [-0.06947924],
       [ 0.06462211],
       [-1.16281958],
       [-0.09397192],
       [ 0.0173213 ],
       [-0.16487603],
       [ 0.24573864],
       [ 0.03892692],
       [-0.11283837],
       [ 0.98110209],
       [-0.28224296],
       [ 0.05981243],
       [-0.24463017],
       [ 0.27030744],
       [ 0.27179808],
       [-0.03761279]])},
  'weight': 40.0},
 {'gamma': 4.5,
  'test_measures': {'0_fnr': 0.0021095044287605812,
                    '0_fpr': 0.96718015308431826,
                    '1_fnr': 0.0017236617985215239,
                    '1_fpr': 0.9487762401223373,
                    'acc': 0.95064779270633404,
                    'fnr_diff': 0.0014295942269393932,
                    'fpr_diff': 0.022376576744715916,
                    'objective': 0.9744539636779892},
  'test_results': {'fnr_diff': 0.10454615611125044,
                   'fpr_diff': 0.12840734694356654,
                   'll': -2547.9097781128185,
                   'objective': 2566.5460583572039},
  'train_results': {'fnr_diff': 0.059090970811701934,
                    'fpr_diff': 7.0574577432092054e-12,
                    'll': -628.63717716916801,
                    'objective': 647.31121950353429,
                    'w': array([[ 0.00541505],
       [ 0.02439763],
       [-0.05841031],
       [ 0.06168544],
       [-1.26607929],
       [-0.08837995],
       [ 0.02601146],
       [-0.12175016],
       [ 0.3162364 ],
       [ 0.03121999],
       [-0.05204981],
       [ 0.95939206],
       [-0.24214267],
       [ 0.09114137],
       [-0.22479273],
       [ 0.26116329],
       [ 0.28777581],
       [-0.01734994]])},
  'weight': 80.0},
 {'gamma': 1.5,
  'test_measures': {'0_fnr': 0.004711450729632337,
                    '0_fpr': 0.94647112173263626,
                    '1_fnr': 0.0028507280382255524,
                    '1_fpr': 0.93378012319289727,
                    'acc': 0.95025191938579656,
                    'fnr_diff': 0.0025411469216380738,
                    'fpr_diff': 0.025506036883956862,
                    'objective': 0.97829910319139146},
  'test_results': {'fnr_diff': 0.077524888773457229,
                   'fpr_diff': 0.13136329712745126,
                   'll': -2554.4103935815183,
                   'objective': 2579.4769758896273},
  'train_results': {'fnr_diff': 0.0040779921455150834,
                    'fpr_diff': 1.0862874488815066e-11,
                    'll': -629.02748467852052,
                    'objective': 636.65679927102235,
                    'w': array([[ 0.03652569],
       [-0.09280488],
       [-0.08817668],
       [ 0.10711988],
       [-1.42527868],
       [-0.10714558],
       [ 0.02654604],
       [-0.11497837],
       [ 0.28803582],
       [ 0.03060055],
       [ 0.12876283],
       [ 1.36979116],
       [-0.22603549],
       [ 0.12667616],
       [-0.26895643],
       [ 0.2601945 ],
       [ 0.31380092],
       [ 0.04292094]])},
  'weight': 120.0},
 {'gamma': 1.0,
  'test_measures': {'0_fnr': 0.0056845843159696718,
                    '0_fpr': 0.94096833811813574,
                    '1_fnr': 0.0030569421499978206,
                    '1_fpr': 0.93130856621232971,
                    'acc': 0.95014395393474094,
                    'fnr_diff': 0.0032643186382258168,
                    'fpr_diff': 0.023537730228973021,
                    'objective': 0.97694600280193966},
  'test_results': {'fnr_diff': 0.074479911996522444,
                   'fpr_diff': 0.13135149245391606,
                   'll': -2555.4050498724873,
                   'objective': 2588.338074584557},
  'train_results': {'fnr_diff': 2.0005494483221754e-11,
                    'fpr_diff': 9.2396180984000157e-12,
                    'll': -628.86714557412961,
                    'objective': 634.15852483126821,
                    'w': array([[ 0.0495862 ],
       [-0.12288861],
       [-0.09291856],
       [ 0.11578239],
       [-1.44838429],
       [-0.11090647],
       [ 0.02344405],
       [-0.13452608],
       [ 0.25613924],
       [ 0.03072963],
       [ 0.20020903],
       [ 1.48159664],
       [-0.22140753],
       [ 0.13055566],
       [-0.28814388],
       [ 0.26083509],
       [ 0.32711694],
       [ 0.06673634]])},
  'weight': 160.0},
 {'gamma': 1.5,
  'test_measures': {'0_fnr': 0.0048456188870563081,
                    '0_fpr': 0.9454016030160588,
                    '1_fnr': 0.0028580777368879076,
                    '1_fpr': 0.93378012319289727,
                    'acc': 0.95025191938579656,
                    'fnr_diff': 0.0026679653803996909,
                    'fpr_diff': 0.026575555600534408,
                    'objective': 0.97949544036673064},
  'test_results': {'fnr_diff': 0.073508797565128153,
                   'fpr_diff': 0.13120757966279301,
                   'll': -2555.6042002174568,
                   'objective': 2596.547475663041},
  'train_results': {'fnr_diff': 9.9353764104748168e-11,
                    'fpr_diff': 5.4053672648990415e-11,
                    'll': -629.46064493214931,
                    'objective': 636.67727244433354,
                    'w': array([[ 0.0361629 ],
       [-0.09688778],
       [-0.08684947],
       [ 0.10941667],
       [-1.43028956],
       [-0.10760593],
       [ 0.02650143],
       [-0.1130719 ],
       [ 0.28515285],
       [ 0.03031733],
       [ 0.13461647],
       [ 1.37845693],
       [-0.22298814],
       [ 0.12849171],
       [-0.2678603 ],
       [ 0.25950717],
       [ 0.31505736],
       [ 0.04487216]])},
  'weight': 200.0},
 {'gamma': 1.5,
  'test_measures': {'0_fnr': 0.0048456188870563081,
                    '0_fpr': 0.9454016030160588,
                    '1_fnr': 0.0028580777368879076,
                    '1_fpr': 0.93378012319289727,
                    'acc': 0.95025191938579656,
                    'fnr_diff': 0.0026679653803996909,
                    'fpr_diff': 0.026575555600534408,
                    'objective': 0.97949544036673064},
  'test_results': {'fnr_diff': 0.073508795917245212,
                   'fpr_diff': 0.13120757197310695,
                   'll': -2555.6041989714599,
                   'objective': 2604.7361272651442},
  'train_results': {'fnr_diff': 2.2689250478435952e-11,
                    'fpr_diff': 1.3056762615537565e-11,
                    'll': -629.46064536181768,
                    'objective': 636.67727243400259,
                    'w': array([[ 0.03616292],
       [-0.09688779],
       [-0.08684946],
       [ 0.10941666],
       [-1.4302895 ],
       [-0.10760592],
       [ 0.02650146],
       [-0.11307173],
       [ 0.28515276],
       [ 0.03031733],
       [ 0.13461622],
       [ 1.37845694],
       [-0.22298817],
       [ 0.12849169],
       [-0.26786024],
       [ 0.25950717],
       [ 0.31505725],
       [ 0.04487207]])},
  'weight': 240.0},
 {'gamma': 1.5,
  'test_measures': {'0_fnr': 0.0048456188870563081,
                    '0_fpr': 0.9454016030160588,
                    '1_fnr': 0.0028580777368879076,
                    '1_fpr': 0.93378012319289727,
                    'acc': 0.95025191938579656,
                    'fnr_diff': 0.0026679653803996909,
                    'fpr_diff': 0.026575555600534408,
                    'objective': 0.97949544036673064},
  'test_results': {'fnr_diff': 0.073508795057545678,
                   'fpr_diff': 0.1312075629319463,
                   'll': -2555.6041981590488,
                   'objective': 2612.9247783961068},
  'train_results': {'fnr_diff': 6.4762473162005561e-12,
                    'fpr_diff': 3.2475758193761806e-12,
                    'll': -629.4606454763483,
                    'objective': 636.67727243107288,
                    'w': array([[ 0.03616292],
       [-0.0968878 ],
       [-0.08684945],
       [ 0.10941666],
       [-1.43028949],
       [-0.10760592],
       [ 0.02650145],
       [-0.11307176],
       [ 0.28515272],
       [ 0.03031733],
       [ 0.13461627],
       [ 1.37845695],
       [-0.22298816],
       [ 0.12849169],
       [-0.26786025],
       [ 0.25950717],
       [ 0.31505726],
       [ 0.04487209]])},
  'weight': 280.0},
 {'gamma': 1.5,
  'test_measures': {'0_fnr': 0.0048456188870563081,
                    '0_fpr': 0.9454016030160588,
                    '1_fnr': 0.0028580777368879076,
                    '1_fpr': 0.93378012319289727,
                    'acc': 0.95025191938579656,
                    'fnr_diff': 0.0026679653803996909,
                    'fpr_diff': 0.026575555600534408,
                    'objective': 0.97949544036673064},
  'test_results': {'fnr_diff': 0.073508794804098332,
                   'fpr_diff': 0.1312075697852344,
                   'll': -2555.6041993472486,
                   'objective': 2621.1134360158348},
  'train_results': {'fnr_diff': 6.693251508593789e-12,
                    'fpr_diff': 4.243183582275378e-12,
                    'll': -629.46064534947163,
                    'objective': 636.67727243208014,
                    'w': array([[ 0.0361629 ],
       [-0.09688779],
       [-0.08684945],
       [ 0.10941666],
       [-1.43028949],
       [-0.10760592],
       [ 0.02650145],
       [-0.1130718 ],
       [ 0.28515278],
       [ 0.03031733],
       [ 0.13461633],
       [ 1.37845692],
       [-0.22298815],
       [ 0.12849169],
       [-0.26786026],
       [ 0.25950717],
       [ 0.31505728],
       [ 0.04487211]])},
  'weight': 320.0},
 {'gamma': 1.5,
  'test_measures': {'0_fnr': 0.0048456188870563081,
                    '0_fpr': 0.9454016030160588,
                    '1_fnr': 0.0028580777368879076,
                    '1_fpr': 0.93378012319289727,
                    'acc': 0.95025191938579656,
                    'fnr_diff': 0.0026679653803996909,
                    'fpr_diff': 0.026575555600534408,
                    'objective': 0.97949544036673064},
  'test_results': {'fnr_diff': 0.073508795905051577,
                   'fpr_diff': 0.13120757006894546,
                   'll': -2555.6041993710946,
                   'objective': 2629.3020911217332},
  'train_results': {'fnr_diff': 5.9630259063858658e-12,
                    'fpr_diff': 2.7779042954811929e-12,
                    'll': -629.46064513096769,
                    'objective': 636.67727243140678,
                    'w': array([[ 0.03616291],
       [-0.09688779],
       [-0.08684946],
       [ 0.10941666],
       [-1.43028951],
       [-0.10760592],
       [ 0.02650145],
       [-0.11307178],
       [ 0.28515277],
       [ 0.03031733],
       [ 0.13461631],
       [ 1.37845695],
       [-0.22298816],
       [ 0.12849169],
       [-0.26786026],
       [ 0.25950717],
       [ 0.31505727],
       [ 0.0448721 ]])},
  'weight': 360.0},
 {'gamma': 1.5,
  'test_measures': {'0_fnr': 0.0048456188870563081,
                    '0_fpr': 0.9454016030160588,
                    '1_fnr': 0.0028580777368879076,
                    '1_fpr': 0.93378012319289727,
                    'acc': 0.95025191938579656,
                    'fnr_diff': 0.0026679653803996909,
                    'fpr_diff': 0.026575555600534408,
                    'objective': 0.97949544036673064},
  'test_results': {'fnr_diff': 0.073508796838652204,
                   'fpr_diff': 0.13120756376138681,
                   'll': -2555.604198076805,
                   'objective': 2637.4907423168211},
  'train_results': {'fnr_diff': 5.7129717623283227e-12,
                    'fpr_diff': 4.6187768887318016e-12,
                    'll': -629.46064510055658,
                    'objective': 636.67727243214017,
                    'w': array([[ 0.03616293],
       [-0.09688781],
       [-0.08684945],
       [ 0.10941667],
       [-1.43028951],
       [-0.10760592],
       [ 0.02650146],
       [-0.11307169],
       [ 0.28515271],
       [ 0.03031733],
       [ 0.13461618],
       [ 1.378457  ],
       [-0.22298818],
       [ 0.12849169],
       [-0.26786024],
       [ 0.25950717],
       [ 0.31505722],
       [ 0.04487206]])},
  'weight': 400.0}]

----------------Best Values for Objective absolute value relaxation---------------

{'gamma': 4.5,
 'test_measures': {'0_fnr': 0.0021095044287605812,
                   '0_fpr': 0.96718015308431826,
                   '1_fnr': 0.0017236617985215239,
                   '1_fpr': 0.9487762401223373,
                   'acc': 0.95064779270633404,
                   'fnr_diff': 0.0014295942269393932,
                   'fpr_diff': 0.022376576744715916,
                   'objective': 0.9744539636779892},
 'test_results': {'fnr_diff': 0.10454615611125044,
                  'fpr_diff': 0.12840734694356654,
                  'll': -2547.9097781128185,
                  'objective': 2566.5460583572039},
 'train_results': {'fnr_diff': 0.059090970811701934,
                   'fpr_diff': 7.0574577432092054e-12,
                   'll': -628.63717716916801,
                   'objective': 647.31121950353429,
                   'w': array([[ 0.00541505],
       [ 0.02439763],
       [-0.05841031],
       [ 0.06168544],
       [-1.26607929],
       [-0.08837995],
       [ 0.02601146],
       [-0.12175016],
       [ 0.3162364 ],
       [ 0.03121999],
       [-0.05204981],
       [ 0.95939206],
       [-0.24214267],
       [ 0.09114137],
       [-0.22479273],
       [ 0.26116329],
       [ 0.28777581],
       [-0.01734994]])},
 'weight': 80.0}
----------------------------------------------------------------------------------


----------------The result for squared relaxation---------------------------------

[{'gamma': 3.0,
  'test_measures': {'0_fnr': 0.023194397441879285,
                    '0_fpr': 0.80136605770496483,
                    '1_fnr': 0.00080305219443459804,
                    '1_fpr': 0.96590472963855123,
                    'acc': 0.95186540307101719,
                    'fnr_diff': 0.02239134524744469,
                    'fpr_diff': 0.16453867193358662,
                    'objective': 1.1387954202520487},
  'test_results': {'fnr_diff': 2.9542079056875972,
                   'fpr_diff': 1.6987996914907939,
                   'll': -2366.6320985349316,
                   'objective': 2366.6320985349316},
  'train_results': {'fnr_diff': 2.8636799558294679,
                    'fpr_diff': 1.8679754972140414,
                    'll': -582.15329921766602,
                    'objective': 586.81083774451872,
                    'w': array([[ 0.08320214],
       [ 0.18840015],
       [-0.07176017],
       [ 0.04774061],
       [ 0.21422786],
       [-0.11998353],
       [ 0.00101027],
       [-0.22868846],
       [ 0.16657344],
       [ 0.03672865],
       [-0.31295834],
       [ 0.83481786],
       [-0.36175008],
       [ 0.0463728 ],
       [-0.25743063],
       [ 0.28776414],
       [ 0.29403688],
       [-0.10431945]])},
  'weight': 0.0},
 {'gamma': 3.5,
  'test_measures': {'0_fnr': 0.0038755644174665329,
                    '0_fpr': 0.95719197106537401,
                    '1_fnr': 0.001790149114828956,
                    '1_fpr': 0.94802907880399623,
                    'acc': 0.95059980806142053,
                    'fnr_diff': 0.0020880875854874851,
                    'fpr_diff': 0.012172951526105358,
                    'objective': 0.96486084717301301},
  'test_results': {'fnr_diff': 0.21224305584431424,
                   'fpr_diff': 0.030291904173547029,
                   'll': -2479.9151777904467,
                   'objective': 2489.6165761911616},
  'train_results': {'fnr_diff': 0.18717793723235693,
                    'fpr_diff': 0.043832177504673345,
                    'll': -610.9297557315798,
                    'objective': 628.2129128929854,
                    'w': array([[ 0.04176214],
       [ 0.10679686],
       [-0.06627153],
       [ 0.06038239],
       [-0.93392451],
       [-0.09543979],
       [ 0.01326529],
       [-0.17745659],
       [ 0.2340059 ],
       [ 0.03848926],
       [-0.15168247],
       [ 0.90774349],
       [-0.28740591],
       [ 0.05261749],
       [-0.23684509],
       [ 0.26992956],
       [ 0.27370401],
       [-0.05056082]])},
  'weight': 40.0},
 {'gamma': 2.5,
  'test_measures': {'0_fnr': 0.0033892587773331011,
                    '0_fpr': 0.95646150186733647,
                    '1_fnr': 0.0023130582561956968,
                    '1_fpr': 0.94042241853132302,
                    'acc': 0.95046185220729384,
                    'fnr_diff': 0.0016211049731155096,
                    'fpr_diff': 0.019019401986435269,
                    'objective': 0.97110235916684429},
  'test_results': {'fnr_diff': 0.086243526368279269,
                   'fpr_diff': 0.0087616911109355475,
                   'll': -2506.6135247509687,
                   'objective': 2514.2139421493061},
  'train_results': {'fnr_diff': 0.068330629502066142,
                    'fpr_diff': 0.0087542546667942287,
                    'll': -617.20367387480985,
                    'objective': 630.86937573290504,
                    'w': array([[ 0.04207592],
       [ 0.05337748],
       [-0.07327119],
       [ 0.07329606],
       [-1.12832127],
       [-0.09784136],
       [ 0.01791355],
       [-0.15957284],
       [ 0.24325815],
       [ 0.03778954],
       [-0.09027657],
       [ 1.04645319],
       [-0.27908078],
       [ 0.07068894],
       [-0.24898859],
       [ 0.26945129],
       [ 0.27910203],
       [-0.03009219]])},
  'weight': 80.0},
 {'gamma': 2.5,
  'test_measures': {'0_fnr': 0.0032125802976342502,
                    '0_fpr': 0.95802101175614762,
                    '1_fnr': 0.0023351669009980184,
                    '1_fpr': 0.93953166963156354,
                    'acc': 0.95045585412667943,
                    'fnr_diff': 0.0017172510289297737,
                    'fpr_diff': 0.021408742312025497,
                    'objective': 0.97358184746763465},
  'test_results': {'fnr_diff': 0.053776084927588931,
                   'fpr_diff': 0.0090365189032026432,
                   'll': -2517.7057758035976,
                   'objective': 2525.2432882632925},
  'train_results': {'fnr_diff': 0.038534963772614353,
                    'fpr_diff': 0.0035309171797459813,
                    'll': -620.07953729484836,
                    'objective': 633.13491076003288,
                    'w': array([[ 0.03777776],
       [ 0.03665248],
       [-0.07373205],
       [ 0.07625985],
       [-1.19286311],
       [-0.09802037],
       [ 0.01968955],
       [-0.15057542],
       [ 0.25567396],
       [ 0.03678867],
       [-0.06629302],
       [ 1.07191842],
       [-0.27062146],
       [ 0.07783108],
       [-0.24852378],
       [ 0.2680077 ],
       [ 0.28213691],
       [-0.02209767]])},
  'weight': 120.0},
 {'gamma': 2.0,
  'test_measures': {'0_fnr': 0.0034778051574354736,
                    '0_fpr': 0.95436128282553345,
                    '1_fnr': 0.0025193497836669271,
                    '1_fpr': 0.93687249616646129,
                    'acc': 0.95042586372360849,
                    'fnr_diff': 0.0018279162479113696,
                    'fpr_diff': 0.021410657273280585,
                    'objective': 0.97366443724480045},
  'test_results': {'fnr_diff': 0.037593914069666098,
                   'fpr_diff': 0.011004470222338487,
                   'll': -2524.3019401660604,
                   'objective': 2532.0776816527809},
  'train_results': {'fnr_diff': 0.023920714542718595,
                    'fpr_diff': 0.0020427355441722324,
                    'll': -621.45743149944406,
                    'objective': 632.76338571109864,
                    'w': array([[ 0.04127037],
       [ 0.00663179],
       [-0.07846619],
       [ 0.0841445 ],
       [-1.25150711],
       [-0.10067029],
       [ 0.02113279],
       [-0.14474589],
       [ 0.25455034],
       [ 0.03613587],
       [-0.026226  ],
       [ 1.15698112],
       [-0.26619886],
       [ 0.08779915],
       [-0.25745686],
       [ 0.26734888],
       [ 0.28772465],
       [-0.008742  ]])},
  'weight': 160.0},
 {'gamma': 2.0,
  'test_measures': {'0_fnr': 0.0034336550470601981,
                    '0_fpr': 0.95436194879958713,
                    '1_fnr': 0.0025488558778135563,
                    '1_fpr': 0.93688366282889812,
                    'acc': 0.9504078694817657,
                    'fnr_diff': 0.0018720728065735937,
                    'fpr_diff': 0.022377514266857336,
                    'objective': 0.97465745655519687},
  'test_results': {'fnr_diff': 0.029822383003927748,
                   'fpr_diff': 0.012456581043046889,
                   'll': -2528.5720467787914,
                   'objective': 2537.0278395881865},
  'train_results': {'fnr_diff': 0.017100721177157087,
                    'fpr_diff': 0.0014166770330301635,
                    'll': -622.58239441102137,
                    'objective': 633.63933572562212,
                    'w': array([[ 0.03929703],
       [-0.0025599 ],
       [-0.0788584 ],
       [ 0.086009  ],
       [-1.2757793 ],
       [-0.10100793],
       [ 0.02195167],
       [-0.14017567],
       [ 0.26094695],
       [ 0.0354992 ],
       [-0.01272947],
       [ 1.17167718],
       [-0.26150833],
       [ 0.09192282],
       [-0.25726517],
       [ 0.26646864],
       [ 0.28988054],
       [-0.00424316]])},
  'weight': 200.0},
 {'gamma': 2.0,
  'test_measures': {'0_fnr': 0.0034340229670689658,
                    '0_fpr': 0.95383683716167977,
                    '1_fnr': 0.002570955925531858,
                    '1_fpr': 0.9373381748717049,
                    'acc': 0.95038987523992324,
                    'fnr_diff': 0.0017767062459386148,
                    'fpr_diff': 0.022367899958214608,
                    'objective': 0.97453448144407651},
  'test_results': {'fnr_diff': 0.024961071293412494,
                   'fpr_diff': 0.013608659824953767,
                   'll': -2531.7041683965158,
                   'objective': 2540.9609038649237},
  'train_results': {'fnr_diff': 0.01292052162231124,
                    'fpr_diff': 0.0010877773645543835,
                    'll': -623.41221772574886,
                    'objective': 634.283102661165,
                    'w': array([[  3.77865874e-02],
       [ -9.84408888e-03],
       [ -7.91557779e-02],
       [  8.75289652e-02],
       [ -1.29323977e+00],
       [ -1.01299013e-01],
       [  2.25882871e-02],
       [ -1.36540247e-01],
       [  2.65869813e-01],
       [  3.49799689e-02],
       [ -2.17563385e-03],
       [  1.18337004e+00],
       [ -2.57784474e-01],
       [  9.52246183e-02],
       [ -2.57059263e-01],
       [  2.65755260e-01],
       [  2.91632749e-01],
       [ -7.25211280e-04]])},
  'weight': 240.0},
 {'gamma': 2.0,
  'test_measures': {'0_fnr': 0.0034341760542636046,
                    '0_fpr': 0.95330553615863212,
                    '1_fnr': 0.0025636002440568182,
                    '1_fpr': 0.93756496562481151,
                    'acc': 0.95040187140115173,
                    'fnr_diff': 0.0017842594433064359,
                    'fpr_diff': 0.023096613439764511,
                    'objective': 0.97528274428422268},
  'test_results': {'fnr_diff': 0.021671181984267585,
                   'fpr_diff': 0.014517866405214019,
                   'll': -2534.1290927560049,
                   'objective': 2544.2620263050599},
  'train_results': {'fnr_diff': 0.010147561423572106,
                    'fpr_diff': 0.0008846659494789143,
                    'll': -624.05756750449541,
                    'objective': 634.78014409719674,
                    'w': array([[ 0.03658942],
       [-0.01577794],
       [-0.07938781],
       [ 0.08879644],
       [-1.30650236],
       [-0.10154916],
       [ 0.02309959],
       [-0.13356774],
       [ 0.26977972],
       [ 0.03454898],
       [ 0.00634584],
       [ 1.19293754],
       [-0.25474   ],
       [ 0.09793163],
       [-0.25685528],
       [ 0.2651633 ],
       [ 0.29308341],
       [ 0.00211528]])},
  'weight': 280.0},
 {'gamma': 2.0,
  'test_measures': {'0_fnr': 0.0034341760542636046,
                    '0_fpr': 0.95199541882422323,
                    '1_fnr': 0.0025488579817854141,
                    '1_fpr': 0.93734175133909725,
                    'acc': 0.95044985604606536,
                    'fnr_diff': 0.0017843023082531307,
                    'fpr_diff': 0.023556102143647329,
                    'objective': 0.97579026049796591},
  'test_results': {'fnr_diff': 0.019317397376097785,
                   'fpr_diff': 0.015245523113196879,
                   'll': -2536.0775427589588,
                   'objective': 2547.137677315533},
  'train_results': {'fnr_diff': 0.0082022884569814374,
                    'fpr_diff': 0.00074482623370516663,
                    'll': -624.57799524861935,
                    'objective': 635.17743555767879,
                    'w': array([[ 0.03561538],
       [-0.02071467],
       [-0.07957294],
       [ 0.08987171],
       [-1.31696908],
       [-0.10176516],
       [ 0.02352029],
       [-0.13108652],
       [ 0.27296106],
       [ 0.03418565],
       [ 0.01339135],
       [ 1.20093196],
       [-0.25219657],
       [ 0.10019346],
       [-0.25666035],
       [ 0.26466326],
       [ 0.29430395],
       [ 0.00446378]])},
  'weight': 320.0},
 {'gamma': 2.0,
  'test_measures': {'0_fnr': 0.0034341760542636046,
                    '0_fpr': 0.95172803914507897,
                    '1_fnr': 0.0025414768326050157,
                    '1_fpr': 0.9371247019136465,
                    'acc': 0.95046785028790792,
                    'fnr_diff': 0.001821104968987218,
                    'fpr_diff': 0.023967665654387637,
                    'objective': 0.97625662091128262},
  'test_results': {'fnr_diff': 0.017561998710445049,
                   'fpr_diff': 0.015838153320965158,
                   'll': -2537.6860175402121,
                   'objective': 2549.7100722715199},
  'train_results': {'fnr_diff': 0.0067794144003626251,
                    'fpr_diff': 0.00064133088767304874,
                    'll': -625.00889874806921,
                    'objective': 635.50330371750715,
                    'w': array([[ 0.03480648],
       [-0.02489129],
       [-0.07972343],
       [ 0.09079657],
       [-1.3254672 ],
       [-0.10195301],
       [ 0.02387304],
       [-0.12898104],
       [ 0.27560022],
       [ 0.03387526],
       [ 0.01932469],
       [ 1.20772307],
       [-0.25003563],
       [ 0.10211276],
       [-0.2564772 ],
       [ 0.26423474],
       [ 0.29534502],
       [ 0.00644156]])},
  'weight': 360.0},
 {'gamma': 2.0,
  'test_measures': {'0_fnr': 0.0033898104819477222,
                    '0_fpr': 0.95121124327944584,
                    '1_fnr': 0.002541449175663668,
                    '1_fpr': 0.93667879638361706,
                    'acc': 0.95049784069097887,
                    'fnr_diff': 0.0017767670536126823,
                    'fpr_diff': 0.024930367050050462,
                    'objective': 0.97720497479464208},
  'test_results': {'fnr_diff': 0.016210011766926897,
                   'fpr_diff': 0.016329044436985504,
                   'll': -2539.0413856266132,
                   'objective': 2552.0570081081778},
  'train_results': {'fnr_diff': 0.0057042828207388204,
                    'fpr_diff': 0.00056091981191422227,
                    'll': -625.37290186389896,
                    'objective': 635.77600903269456,
                    'w': array([[ 0.03412364],
       [-0.02847369],
       [-0.07984776],
       [ 0.09160104],
       [-1.33251994],
       [-0.10211759],
       [ 0.02417339],
       [-0.12717021],
       [ 0.27782435],
       [ 0.03360703],
       [ 0.02439573],
       [ 1.21356993],
       [-0.24817465],
       [ 0.10376245],
       [-0.25630656],
       [ 0.2638632 ],
       [ 0.29624327],
       [ 0.00813191]])},
  'weight': 400.0}]

----------------Best Values for Objective squared relaxation----------------------

{'gamma': 3.5,
 'test_measures': {'0_fnr': 0.0038755644174665329,
                   '0_fpr': 0.95719197106537401,
                   '1_fnr': 0.001790149114828956,
                   '1_fpr': 0.94802907880399623,
                   'acc': 0.95059980806142053,
                   'fnr_diff': 0.0020880875854874851,
                   'fpr_diff': 0.012172951526105358,
                   'objective': 0.96486084717301301},
 'test_results': {'fnr_diff': 0.21224305584431424,
                  'fpr_diff': 0.030291904173547029,
                  'll': -2479.9151777904467,
                  'objective': 2489.6165761911616},
 'train_results': {'fnr_diff': 0.18717793723235693,
                   'fpr_diff': 0.043832177504673345,
                   'll': -610.9297557315798,
                   'objective': 628.2129128929854,
                   'w': array([[ 0.04176214],
       [ 0.10679686],
       [-0.06627153],
       [ 0.06038239],
       [-0.93392451],
       [-0.09543979],
       [ 0.01326529],
       [-0.17745659],
       [ 0.2340059 ],
       [ 0.03848926],
       [-0.15168247],
       [ 0.90774349],
       [-0.28740591],
       [ 0.05261749],
       [-0.23684509],
       [ 0.26992956],
       [ 0.27370401],
       [-0.05056082]])},
 'weight': 40.0}
----------------------------------------------------------------------------------

Done