{u'data_headers': u'age,workclass,education-num,marital-status,occupation,relationship,race,sex,hours-per-week,native-country',
 u'data_set': u'adult-dataset',
 u'description': u'adult dataset with protected value gender',
 u'file': u'adult.csv',
 u'filters': [{u'header': u'workclass', u'values': [u'?']},
              {u'header': u'occupation', u'values': [u'?']},
              {u'header': u'native-country', u'values': [u'?']}],
 u'fn': True,
 u'fp': True,
 u'gamma': {u'gt': 0, u'lt': 1},
 u'gamma_res': 1,
 u'headers_integer_values': [{u'<=50K': 0, u'>50K': 1, u'header': u'class'},
                             {u'Federal-gov': 0,
                              u'Local-gov': 1,
                              u'Never-worked': 2,
                              u'Private': 3,
                              u'Self-emp-inc': 4,
                              u'Self-emp-not-inc': 5,
                              u'State-gov': 6,
                              u'Without-pay': 7,
                              u'header': u'workclass'},
                             {u'Divorced': 0,
                              u'Married-AF-spouse': 1,
                              u'Married-civ-spouse': 2,
                              u'Married-spouse-absent': 3,
                              u'Never-married': 4,
                              u'Separated': 5,
                              u'Widowed': 6,
                              u'header': u'marital-status'},
                             {u'Adm-clerical': 0,
                              u'Armed-Forces': 1,
                              u'Craft-repair': 2,
                              u'Exec-managerial': 3,
                              u'Farming-fishing': 4,
                              u'Handlers-cleaners': 5,
                              u'Machine-op-inspct': 6,
                              u'Other-service': 7,
                              u'Priv-house-serv': 8,
                              u'Prof-specialty': 9,
                              u'Protective-serv': 10,
                              u'Sales': 11,
                              u'Tech-support': 12,
                              u'Transport-moving': 13,
                              u'header': u'occupation'},
                             {u'Husband': 0,
                              u'Not-in-family': 1,
                              u'Other-relative': 2,
                              u'Own-child': 3,
                              u'Unmarried': 4,
                              u'Wife': 5,
                              u'header': u'relationship'},
                             {u'Amer-Indian-Eskimo': 0,
                              u'Asian-Pac-Islander': 1,
                              u'Black': 2,
                              u'Other': 3,
                              u'White': 4,
                              u'header': u'race'},
                             {u'Female': 0, u'Male': 1, u'header': u'sex'},
                             {u'Cambodia': 0,
                              u'Canada': 1,
                              u'China': 2,
                              u'Columbia': 3,
                              u'Cuba': 4,
                              u'Dominican-Republic': 5,
                              u'Ecuador': 6,
                              u'El-Salvador': 7,
                              u'England': 8,
                              u'France': 9,
                              u'Germany': 10,
                              u'Greece': 11,
                              u'Guatemala': 12,
                              u'Haiti': 13,
                              u'Holand-Netherlands': 14,
                              u'Honduras': 15,
                              u'Hong': 16,
                              u'Hungary': 17,
                              u'India': 18,
                              u'Iran': 19,
                              u'Ireland': 20,
                              u'Italy': 21,
                              u'Jamaica': 22,
                              u'Japan': 23,
                              u'Laos': 24,
                              u'Mexico': 25,
                              u'Nicaragua': 26,
                              u'Outlying-US(Guam-USVI-etc)': 27,
                              u'Peru': 28,
                              u'Philippines': 29,
                              u'Poland': 30,
                              u'Portugal': 31,
                              u'Puerto-Rico': 32,
                              u'Scotland': 33,
                              u'South': 34,
                              u'Taiwan': 35,
                              u'Thailand': 36,
                              u'Trinadad&Tobago': 37,
                              u'United-States': 38,
                              u'Vietnam': 39,
                              u'Yugoslavia': 40,
                              u'header': u'native-country'}],
 u'headers_operation': [],
 u'num_of_tries': 20,
 u'protected': u'sex',
 u'tag': u'class',
 u'test_size': 0.8,
 u'weight': {u'gt': 0, u'lt': 800},
 u'weight_res': 21}

The result for absolute value relaxation:

[{'gamma': 0.0,
  'test_measures': {'0_fnr': 0.92128516753265066,
                    '0_fpr': 0.01643915154274727,
                    '1_fnr': 0.53343480663182752,
                    '1_fpr': 0.10245532204490423,
                    'acc': 0.80046208039784494,
                    'fnr_diff': 0.38785036090082298,
                    'fpr_diff': 0.086016170502156972},
  'test_results': {'fnr_diff': 1.5649502986776149,
                   'fpr_diff': 1.2143902578810777,
                   'll': -10368.582710010272,
                   'objective': 10368.582710010272},
  'train_results': {'fnr_diff': 1.5590290020568809,
                    'fpr_diff': 1.223080016566787,
                    'll': -2572.1738747888512,
                    'objective': 2572.1738747888512,
                    'w': array([[  3.95574083e-02],
       [ -8.96558631e-02],
       [  3.59797143e-01],
       [ -2.14367575e-01],
       [  1.05192089e-03],
       [ -1.14068094e-01],
       [  1.52629819e-01],
       [  9.47334047e-01],
       [  2.98139993e-02],
       [  1.58093134e-03],
       [ -8.24145227e+00]])},
  'weight': 0.0},
 {'gamma': 0.0,
  'test_measures': {'0_fnr': 0.84718012813062571,
                    '0_fpr': 0.03271690642139554,
                    '1_fnr': 0.5815442893355971,
                    '1_fpr': 0.085698462938853054,
                    'acc': 0.79606713634479886,
                    'fnr_diff': 0.26563583879502856,
                    'fpr_diff': 0.052981556517457506},
  'test_results': {'fnr_diff': 0.95719208033650127,
                   'fpr_diff': 0.67902264493986975,
                   'll': -10458.683979712341,
                   'objective': 10524.132568723397},
  'train_results': {'fnr_diff': 0.94875599794309839,
                    'fpr_diff': 0.6878052217473597,
                    'll': -2594.3359226091716,
                    'objective': 2659.7983713967901,
                    'w': array([[  3.94855162e-02],
       [ -8.28347407e-02],
       [  3.57229573e-01],
       [ -2.03762061e-01],
       [  1.91894274e-03],
       [ -7.84117227e-02],
       [  1.51973015e-01],
       [  4.72220309e-01],
       [  2.91926310e-02],
       [  1.47077947e-03],
       [ -7.89142564e+00]])},
  'weight': 40.0},
 {'gamma': 0.0,
  'test_measures': {'0_fnr': 0.76246332836835973,
                    '0_fpr': 0.055601863508220849,
                    '1_fnr': 0.62894756777631622,
                    '1_fpr': 0.072240870729401288,
                    'acc': 0.78878988810609196,
                    'fnr_diff': 0.13351576059204331,
                    'fpr_diff': 0.016639007221180425},
  'test_results': {'fnr_diff': 0.4365659755945126,
                   'fpr_diff': 0.21995666909158337,
                   'll': -10695.606703514521,
                   'objective': 10748.128515089407},
  'train_results': {'fnr_diff': 0.42560658666393031,
                    'fpr_diff': 0.22894723871628422,
                    'll': -2652.8790332538729,
                    'objective': 2705.24333928429,
                    'w': array([[  3.98973867e-02],
       [ -7.87334541e-02],
       [  3.60130044e-01],
       [ -1.97582583e-01],
       [  2.91687783e-03],
       [ -4.73450089e-02],
       [  1.54135658e-01],
       [  6.44872294e-02],
       [  2.90608876e-02],
       [  1.39353325e-03],
       [ -7.70624409e+00]])},
  'weight': 80.0},
 {'gamma': 0.0,
  'test_measures': {'0_fnr': 0.70427347214973501,
                    '0_fpr': 0.069634328817562458,
                    '1_fnr': 0.65783574492324959,
                    '1_fpr': 0.066364977526672392,
                    'acc': 0.78350393700787391,
                    'fnr_diff': 0.046437727226485391,
                    'fpr_diff': 0.0048563471784042285},
  'test_results': {'fnr_diff': 0.12177978552826998,
                   'fpr_diff': 0.047124229341763982,
                   'll': -10902.111834898695,
                   'objective': 10922.380316683097},
  'train_results': {'fnr_diff': 0.10415083135873182,
                    'fpr_diff': 9.3116507039747725e-11,
                    'll': -2704.2707187186111,
                    'objective': 2716.7688184928338,
                    'w': array([[  4.05405459e-02],
       [ -7.71366024e-02],
       [  3.64626607e-01],
       [ -1.96698107e-01],
       [  3.68335889e-03],
       [ -3.06870639e-03],
       [  1.60417948e-01],
       [ -9.48376797e-02],
       [  2.92408507e-02],
       [  1.10181711e-03],
       [ -7.75421477e+00]])},
  'weight': 120.0},
 {'gamma': 0.0,
  'test_measures': {'0_fnr': 0.6884831233259211,
                    '0_fpr': 0.070535566707208758,
                    '1_fnr': 0.66446862026130304,
                    '1_fpr': 0.065962320170472724,
                    'acc': 0.78260464152507259,
                    'fnr_diff': 0.031933043652655764,
                    'fpr_diff': 0.0055501405399569926},
  'test_results': {'fnr_diff': 0.087635556434285694,
                   'fpr_diff': 0.047452184933337936,
                   'll': -10949.480842123814,
                   'objective': 10971.094880742634},
  'train_results': {'fnr_diff': 0.021136391232969877,
                    'fpr_diff': 7.2542508632034155e-11,
                    'll': -2715.5678181666103,
                    'objective': 2718.9496407754923,
                    'w': array([[  4.08884642e-02],
       [ -7.67906380e-02],
       [  3.65906628e-01],
       [ -1.98341605e-01],
       [  3.93390698e-03],
       [  3.65473441e-02],
       [  1.66314444e-01],
       [ -3.36015894e-02],
       [  2.93513775e-02],
       [  7.19675856e-04],
       [ -7.88555823e+00]])},
  'weight': 160.0},
 {'gamma': 0.0,
  'test_measures': {'0_fnr': 0.68438150535384423,
                    '0_fpr': 0.070911436013070137,
                    '1_fnr': 0.66603075473405982,
                    '1_fpr': 0.065957721023847393,
                    'acc': 0.78231869042685465,
                    'fnr_diff': 0.034054937576916126,
                    'fpr_diff': 0.0057011743965087649},
  'test_results': {'fnr_diff': 0.094180774083852531,
                   'fpr_diff': 0.047820301148580394,
                   'll': -10963.509055177459,
                   'objective': 10991.909270223947},
  'train_results': {'fnr_diff': 0.0019486464674021067,
                    'fpr_diff': 1.0325511097183938e-10,
                    'll': -2718.9517157141504,
                    'objective': 2719.3414450282821,
                    'w': array([[  4.09825000e-02],
       [ -7.67240878e-02],
       [  3.66118132e-01],
       [ -1.98590821e-01],
       [  3.98158765e-03],
       [  4.62311926e-02],
       [  1.67752265e-01],
       [ -1.88866559e-02],
       [  2.94059091e-02],
       [  6.59166123e-04],
       [ -7.91949006e+00]])},
  'weight': 200.0},
 {'gamma': 0.0,
  'test_measures': {'0_fnr': 0.68382840733190398,
                    '0_fpr': 0.071005510965407137,
                    '1_fnr': 0.66612857378881196,
                    '1_fpr': 0.065975601737443643,
                    'acc': 0.7822834645669291,
                    'fnr_diff': 0.033987536080641131,
                    'fpr_diff': 0.0057773686352495177},
  'test_results': {'fnr_diff': 0.096357234174953399,
                   'fpr_diff': 0.04789620112292068,
                   'll': -10965.099612106129,
                   'objective': 10999.720436577618},
  'train_results': {'fnr_diff': 2.7995894092552873e-10,
                    'fpr_diff': 5.6505876453588623e-11,
                    'll': -2719.3491180716615,
                    'objective': 2719.3491181524128,
                    'w': array([[  4.09918179e-02],
       [ -7.67112754e-02],
       [  3.66146370e-01],
       [ -1.98626597e-01],
       [  3.98966704e-03],
       [  4.72725512e-02],
       [  1.67914622e-01],
       [ -1.73030119e-02],
       [  2.94153270e-02],
       [  6.54561380e-04],
       [ -7.92343384e+00]])},
  'weight': 240.0},
 {'gamma': 0.0,
  'test_measures': {'0_fnr': 0.68382840733190398,
                    '0_fpr': 0.071005510965407137,
                    '1_fnr': 0.66612857378881196,
                    '1_fpr': 0.065975601737443643,
                    'acc': 0.7822834645669291,
                    'fnr_diff': 0.033987536080641131,
                    'fpr_diff': 0.0057773686352495177},
  'test_results': {'fnr_diff': 0.096357234357807339,
                   'fpr_diff': 0.04789620118215903,
                   'll': -10965.099611787136,
                   'objective': 11005.490573738329},
  'train_results': {'fnr_diff': 1.8080602015579928e-10,
                    'fpr_diff': 3.6116409862785305e-11,
                    'll': -2719.3491180593501,
                    'objective': 2719.3491181200884,
                    'w': array([[  4.09918180e-02],
       [ -7.67112757e-02],
       [  3.66146371e-01],
       [ -1.98626598e-01],
       [  3.98966704e-03],
       [  4.72725512e-02],
       [  1.67914622e-01],
       [ -1.73030120e-02],
       [  2.94153271e-02],
       [  6.54561387e-04],
       [ -7.92343386e+00]])},
  'weight': 280.0},
 {'gamma': 0.0,
  'test_measures': {'0_fnr': 0.68382840733190398,
                    '0_fpr': 0.071005510965407137,
                    '1_fnr': 0.66612857378881196,
                    '1_fpr': 0.065975601737443643,
                    'acc': 0.7822834645669291,
                    'fnr_diff': 0.033987536080641131,
                    'fpr_diff': 0.0057773686352495177},
  'test_results': {'fnr_diff': 0.096357234219073745,
                   'fpr_diff': 0.047896201178858629,
                   'll': -10965.099612066448,
                   'objective': 11011.260711393787},
  'train_results': {'fnr_diff': 3.5842900245053323e-10,
                    'fpr_diff': 8.3668373358075648e-11,
                    'll': -2719.34911807349,
                    'objective': 2719.3491182149614,
                    'w': array([[  4.09918180e-02],
       [ -7.67112756e-02],
       [  3.66146371e-01],
       [ -1.98626598e-01],
       [  3.98966704e-03],
       [  4.72725512e-02],
       [  1.67914622e-01],
       [ -1.73030125e-02],
       [  2.94153271e-02],
       [  6.54561405e-04],
       [ -7.92343385e+00]])},
  'weight': 320.0},
 {'gamma': 0.0,
  'test_measures': {'0_fnr': 0.68382840733190398,
                    '0_fpr': 0.071005510965407137,
                    '1_fnr': 0.66612857378881196,
                    '1_fpr': 0.065975601737443643,
                    'acc': 0.7822834645669291,
                    'fnr_diff': 0.033987536080641131,
                    'fpr_diff': 0.0057773686352495177},
  'test_results': {'fnr_diff': 0.096357233671397674,
                   'fpr_diff': 0.047896200961596441,
                   'll': -10965.099611830956,
                   'objective': 11017.030848298835},
  'train_results': {'fnr_diff': 3.1959473505149828e-10,
                    'fpr_diff': 7.1453583588149123e-11,
                    'll': -2719.3491180650926,
                    'objective': 2719.3491182058701,
                    'w': array([[  4.09918178e-02],
       [ -7.67112755e-02],
       [  3.66146370e-01],
       [ -1.98626597e-01],
       [  3.98966705e-03],
       [  4.72725509e-02],
       [  1.67914622e-01],
       [ -1.73030124e-02],
       [  2.94153270e-02],
       [  6.54561379e-04],
       [ -7.92343383e+00]])},
  'weight': 360.0},
 {'gamma': 0.0,
  'test_measures': {'0_fnr': 0.68382840733190398,
                    '0_fpr': 0.071005510965407137,
                    '1_fnr': 0.66612857378881196,
                    '1_fpr': 0.065975601737443643,
                    'acc': 0.7822834645669291,
                    'fnr_diff': 0.033987536080641131,
                    'fpr_diff': 0.0057773686352495177},
  'test_results': {'fnr_diff': 0.096357233948229731,
                   'fpr_diff': 0.047896201100833438,
                   'll': -10965.099611696054,
                   'objective': 11022.800985715679},
  'train_results': {'fnr_diff': 2.5939735741331573e-10,
                    'fpr_diff': 5.752413476112217e-11,
                    'll': -2719.3491180706887,
                    'objective': 2719.3491181974582,
                    'w': array([[  4.09918179e-02],
       [ -7.67112754e-02],
       [  3.66146370e-01],
       [ -1.98626597e-01],
       [  3.98966703e-03],
       [  4.72725510e-02],
       [  1.67914622e-01],
       [ -1.73030124e-02],
       [  2.94153270e-02],
       [  6.54561353e-04],
       [ -7.92343384e+00]])},
  'weight': 400.0},
 {'gamma': 0.0,
  'test_measures': {'0_fnr': 0.68382840733190398,
                    '0_fpr': 0.071005510965407137,
                    '1_fnr': 0.66612857378881196,
                    '1_fpr': 0.065975601737443643,
                    'acc': 0.7822834645669291,
                    'fnr_diff': 0.033987536080641131,
                    'fpr_diff': 0.0057773686352495177},
  'test_results': {'fnr_diff': 0.096357234349177479,
                   'fpr_diff': 0.047896201124883041,
                   'll': -10965.099612132883,
                   'objective': 11028.571123741473},
  'train_results': {'fnr_diff': 2.4632901898802294e-10,
                    'fpr_diff': 5.4020957412220794e-11,
                    'll': -2719.3491180679862,
                    'objective': 2719.3491182001403,
                    'w': array([[  4.09918180e-02],
       [ -7.67112756e-02],
       [  3.66146371e-01],
       [ -1.98626598e-01],
       [  3.98966706e-03],
       [  4.72725514e-02],
       [  1.67914622e-01],
       [ -1.73030118e-02],
       [  2.94153271e-02],
       [  6.54561339e-04],
       [ -7.92343386e+00]])},
  'weight': 440.0},
 {'gamma': 0.0,
  'test_measures': {'0_fnr': 0.68382840733190398,
                    '0_fpr': 0.071005510965407137,
                    '1_fnr': 0.66612857378881196,
                    '1_fpr': 0.065975601737443643,
                    'acc': 0.7822834645669291,
                    'fnr_diff': 0.033987536080641131,
                    'fpr_diff': 0.0057773686352495177},
  'test_results': {'fnr_diff': 0.096357233996669428,
                   'fpr_diff': 0.047896201082405998,
                   'll': -10965.099611882779,
                   'objective': 11034.341260720732},
  'train_results': {'fnr_diff': 1.437412484178724e-10,
                    'fpr_diff': 2.3023547478240314e-11,
                    'll': -2719.3491180550327,
                    'objective': 2719.3491181350801,
                    'w': array([[  4.09918179e-02],
       [ -7.67112755e-02],
       [  3.66146370e-01],
       [ -1.98626597e-01],
       [  3.98966704e-03],
       [  4.72725510e-02],
       [  1.67914622e-01],
       [ -1.73030123e-02],
       [  2.94153270e-02],
       [  6.54561355e-04],
       [ -7.92343384e+00]])},
  'weight': 480.0},
 {'gamma': 0.0,
  'test_measures': {'0_fnr': 0.68382840733190398,
                    '0_fpr': 0.071005510965407137,
                    '1_fnr': 0.66612857378881196,
                    '1_fpr': 0.065975601737443643,
                    'acc': 0.7822834645669291,
                    'fnr_diff': 0.033987536080641131,
                    'fpr_diff': 0.0057773686352495177},
  'test_results': {'fnr_diff': 0.09635723433534768,
                   'fpr_diff': 0.047896201313575762,
                   'll': -10965.099612025228,
                   'objective': 11040.111398562669},
  'train_results': {'fnr_diff': 1.7224112448810392e-10,
                    'fpr_diff': 2.8842506941822998e-11,
                    'll': -2719.3491180605988,
                    'objective': 2719.3491181651625,
                    'w': array([[  4.09918180e-02],
       [ -7.67112755e-02],
       [  3.66146371e-01],
       [ -1.98626598e-01],
       [  3.98966704e-03],
       [  4.72725513e-02],
       [  1.67914622e-01],
       [ -1.73030123e-02],
       [  2.94153271e-02],
       [  6.54561434e-04],
       [ -7.92343386e+00]])},
  'weight': 520.0},
 {'gamma': 0.0,
  'test_measures': {'0_fnr': 0.68382840733190398,
                    '0_fpr': 0.071005510965407137,
                    '1_fnr': 0.66612857378881196,
                    '1_fpr': 0.065975601737443643,
                    'acc': 0.7822834645669291,
                    'fnr_diff': 0.033987536080641131,
                    'fpr_diff': 0.0057773686352495177},
  'test_results': {'fnr_diff': 0.09635723445727977,
                   'fpr_diff': 0.047896201267695025,
                   'll': -10965.099612693373,
                   'objective': 11045.881536699355},
  'train_results': {'fnr_diff': 1.2932284479405532e-10,
                    'fpr_diff': 2.5446795278577516e-11,
                    'll': -2719.3491180521023,
                    'objective': 2719.349118138774,
                    'w': array([[  4.09918180e-02],
       [ -7.67112756e-02],
       [  3.66146371e-01],
       [ -1.98626598e-01],
       [  3.98966708e-03],
       [  4.72725514e-02],
       [  1.67914622e-01],
       [ -1.73030121e-02],
       [  2.94153271e-02],
       [  6.54561393e-04],
       [ -7.92343387e+00]])},
  'weight': 560.0},
 {'gamma': 0.0,
  'test_measures': {'0_fnr': 0.68382840733190398,
                    '0_fpr': 0.071005510965407137,
                    '1_fnr': 0.66612857378881196,
                    '1_fpr': 0.065975601737443643,
                    'acc': 0.7822834645669291,
                    'fnr_diff': 0.033987536080641131,
                    'fpr_diff': 0.0057773686352495177},
  'test_results': {'fnr_diff': 0.096357233994415814,
                   'fpr_diff': 0.047896201081192483,
                   'll': -10965.09961183624,
                   'objective': 11051.651672881604},
  'train_results': {'fnr_diff': 1.8009772752985986e-10,
                    'fpr_diff': 3.5591525820305447e-11,
                    'll': -2719.3491180624633,
                    'objective': 2719.3491181918771,
                    'w': array([[  4.09918179e-02],
       [ -7.67112754e-02],
       [  3.66146370e-01],
       [ -1.98626598e-01],
       [  3.98966702e-03],
       [  4.72725511e-02],
       [  1.67914622e-01],
       [ -1.73030122e-02],
       [  2.94153270e-02],
       [  6.54561363e-04],
       [ -7.92343384e+00]])},
  'weight': 600.0},
 {'gamma': 0.0,
  'test_measures': {'0_fnr': 0.68382840733190398,
                    '0_fpr': 0.071005510965407137,
                    '1_fnr': 0.66612857378881196,
                    '1_fpr': 0.065975601737443643,
                    'acc': 0.7822834645669291,
                    'fnr_diff': 0.033987536080641131,
                    'fpr_diff': 0.0057773686352495177},
  'test_results': {'fnr_diff': 0.096357234185347834,
                   'fpr_diff': 0.047896201265262645,
                   'll': -10965.099611844744,
                   'objective': 11057.421810533135},
  'train_results': {'fnr_diff': 1.9306142327174535e-10,
                    'fpr_diff': 4.0295291235670214e-11,
                    'll': -2719.3491180610554,
                    'objective': 2719.349118210404,
                    'w': array([[  4.09918180e-02],
       [ -7.67112756e-02],
       [  3.66146371e-01],
       [ -1.98626598e-01],
       [  3.98966705e-03],
       [  4.72725512e-02],
       [  1.67914622e-01],
       [ -1.73030123e-02],
       [  2.94153271e-02],
       [  6.54561374e-04],
       [ -7.92343386e+00]])},
  'weight': 640.0},
 {'gamma': 0.0,
  'test_measures': {'0_fnr': 0.68382840733190398,
                    '0_fpr': 0.071005510965407137,
                    '1_fnr': 0.66612857378881196,
                    '1_fpr': 0.065975601737443643,
                    'acc': 0.7822834645669291,
                    'fnr_diff': 0.033987536080641131,
                    'fpr_diff': 0.0057773686352495177},
  'test_results': {'fnr_diff': 0.096357234286686411,
                   'fpr_diff': 0.047896201243300976,
                   'll': -10965.099612191823,
                   'objective': 11063.191948352216},
  'train_results': {'fnr_diff': 1.1870192780094601e-10,
                    'fpr_diff': 2.2962817758376274e-11,
                    'll': -2719.3491180525789,
                    'objective': 2719.3491181489107,
                    'w': array([[  4.09918180e-02],
       [ -7.67112756e-02],
       [  3.66146371e-01],
       [ -1.98626598e-01],
       [  3.98966698e-03],
       [  4.72725513e-02],
       [  1.67914622e-01],
       [ -1.73030121e-02],
       [  2.94153271e-02],
       [  6.54561501e-04],
       [ -7.92343386e+00]])},
  'weight': 680.0},
 {'gamma': 0.0,
  'test_measures': {'0_fnr': 0.68382840733190398,
                    '0_fpr': 0.071005510965407137,
                    '1_fnr': 0.66612857378881196,
                    '1_fpr': 0.065975601737443643,
                    'acc': 0.7822834645669291,
                    'fnr_diff': 0.033987536080641131,
                    'fpr_diff': 0.0057773686352495177},
  'test_results': {'fnr_diff': 0.096357234278785592,
                   'fpr_diff': 0.047896201249831558,
                   'll': -10965.099611933969,
                   'objective': 11068.962085514577},
  'train_results': {'fnr_diff': 1.0302737794842808e-10,
                    'fpr_diff': 2.1014318150186507e-11,
                    'll': -2719.3491180497017,
                    'objective': 2719.3491181390114,
                    'w': array([[  4.09918180e-02],
       [ -7.67112757e-02],
       [  3.66146371e-01],
       [ -1.98626598e-01],
       [  3.98966706e-03],
       [  4.72725512e-02],
       [  1.67914622e-01],
       [ -1.73030125e-02],
       [  2.94153271e-02],
       [  6.54561412e-04],
       [ -7.92343386e+00]])},
  'weight': 720.0},
 {'gamma': 0.0,
  'test_measures': {'0_fnr': 0.68382840733190398,
                    '0_fpr': 0.071005510965407137,
                    '1_fnr': 0.66612857378881196,
                    '1_fpr': 0.065975601737443643,
                    'acc': 0.7822834645669291,
                    'fnr_diff': 0.033987536080641131,
                    'fpr_diff': 0.0057773686352495177},
  'test_results': {'fnr_diff': 0.096357234381570928,
                   'fpr_diff': 0.047896201268143833,
                   'll': -10965.099611880871,
                   'objective': 11074.732222974653},
  'train_results': {'fnr_diff': 1.495562184511412e-10,
                    'fpr_diff': 2.5953933620315172e-11,
                    'll': -2719.349118057622,
                    'objective': 2719.3491181910103,
                    'w': array([[  4.09918180e-02],
       [ -7.67112756e-02],
       [  3.66146371e-01],
       [ -1.98626598e-01],
       [  3.98966704e-03],
       [  4.72725512e-02],
       [  1.67914622e-01],
       [ -1.73030123e-02],
       [  2.94153271e-02],
       [  6.54561407e-04],
       [ -7.92343386e+00]])},
  'weight': 760.0},
 {'gamma': 0.0,
  'test_measures': {'0_fnr': 0.68382840733190398,
                    '0_fpr': 0.071005510965407137,
                    '1_fnr': 0.66612857378881196,
                    '1_fpr': 0.065975601737443643,
                    'acc': 0.7822834645669291,
                    'fnr_diff': 0.033987536080641131,
                    'fpr_diff': 0.0057773686352495177},
  'test_results': {'fnr_diff': 0.09635723413056492,
                   'fpr_diff': 0.047896201128546992,
                   'll': -10965.099612171365,
                   'objective': 11080.502360378656},
  'train_results': {'fnr_diff': 1.6646301680828258e-10,
                    'fpr_diff': 3.1963068650164852e-11,
                    'll': -2719.3491180574938,
                    'objective': 2719.3491182162343,
                    'w': array([[  4.09918180e-02],
       [ -7.67112755e-02],
       [  3.66146370e-01],
       [ -1.98626598e-01],
       [  3.98966704e-03],
       [  4.72725512e-02],
       [  1.67914622e-01],
       [ -1.73030121e-02],
       [  2.94153271e-02],
       [  6.54561412e-04],
       [ -7.92343385e+00]])},
  'weight': 800.0}]

The result for squared relaxation:

[{'gamma': 0.0,
  'test_measures': {'0_fnr': 0.92128516753265066,
                    '0_fpr': 0.01643915154274727,
                    '1_fnr': 0.53343480663182752,
                    '1_fpr': 0.10245532204490423,
                    'acc': 0.80046208039784494,
                    'fnr_diff': 0.38785036090082298,
                    'fpr_diff': 0.086016170502156972},
  'test_results': {'fnr_diff': 2.4616039749453309,
                   'fpr_diff': 1.480798147801704,
                   'll': -10368.582710010272,
                   'objective': 10368.582710010272},
  'train_results': {'fnr_diff': 2.4375553493699127,
                    'fpr_diff': 1.5004187941392308,
                    'll': -2572.1738747888512,
                    'objective': 2572.1738747888512,
                    'w': array([[  3.95574083e-02],
       [ -8.96558631e-02],
       [  3.59797143e-01],
       [ -2.14367575e-01],
       [  1.05192089e-03],
       [ -1.14068094e-01],
       [  1.52629819e-01],
       [  9.47334047e-01],
       [  2.98139993e-02],
       [  1.58093134e-03],
       [ -8.24145227e+00]])},
  'weight': 0.0},
 {'gamma': 0.0,
  'test_measures': {'0_fnr': 0.81998605350372888,
                    '0_fpr': 0.038663415425068584,
                    '1_fnr': 0.59813570241107883,
                    '1_fpr': 0.081211793434676938,
                    'acc': 0.79392043099875664,
                    'fnr_diff': 0.22185035109265003,
                    'fpr_diff': 0.042548378009608354},
  'test_results': {'fnr_diff': 0.59889182322481127,
                   'fpr_diff': 0.29565415885998958,
                   'll': -10520.944252063156,
                   'objective': 10556.726091346551},
  'train_results': {'fnr_diff': 0.57729135032131873,
                    'fpr_diff': 0.30310111970883435,
                    'll': -2609.773055272552,
                    'objective': 2644.9887540737582,
                    'w': array([[  3.96724980e-02],
       [ -8.11555320e-02],
       [  3.57688879e-01],
       [ -2.02404409e-01],
       [  2.26660361e-03],
       [ -5.38427569e-02],
       [  1.54263354e-01],
       [  3.72640279e-01],
       [  2.91363030e-02],
       [  1.30446906e-03],
       [ -7.86601303e+00]])},
  'weight': 40.0},
 {'gamma': 0.0,
  'test_measures': {'0_fnr': 0.78051620807104904,
                    '0_fpr': 0.048694219482671074,
                    '1_fnr': 0.619976433679573,
                    '1_fpr': 0.075406055172214131,
                    'acc': 0.79055118110236233,
                    'fnr_diff': 0.16053977439147624,
                    'fpr_diff': 0.026711835689543051},
  'test_results': {'fnr_diff': 0.28966065393196705,
                   'fpr_diff': 0.12249354930019821,
                   'll': -10630.469400717535,
                   'objective': 10663.441736976107},
  'train_results': {'fnr_diff': 0.27073488688925529,
                    'fpr_diff': 0.12637143385220481,
                    'll': -2636.8254354846918,
                    'objective': 2668.5939411440086,
                    'w': array([[  3.99137759e-02],
       [ -7.93341133e-02],
       [  3.59135995e-01],
       [ -2.00056636e-01],
       [  2.73763172e-03],
       [ -3.25903663e-02],
       [  1.56330975e-01],
       [  2.11634106e-01],
       [  2.91024872e-02],
       [  1.19875427e-03],
       [ -7.81330825e+00]])},
  'weight': 80.0},
 {'gamma': 0.0,
  'test_measures': {'0_fnr': 0.75860787487036041,
                    '0_fpr': 0.053905555879125287,
                    '1_fnr': 0.63059781714685648,
                    '1_fpr': 0.07267568067585653,
                    'acc': 0.78887277248238707,
                    'fnr_diff': 0.12801005772350388,
                    'fpr_diff': 0.018770124796731218},
  'test_results': {'fnr_diff': 0.17679674527218836,
                   'fpr_diff': 0.065629082289831872,
                   'll': -10697.29516991896,
                   'objective': 10726.386269226399},
  'train_results': {'fnr_diff': 0.15953945690511256,
                    'fpr_diff': 0.067716302671182227,
                    'll': -2653.3317189474042,
                    'objective': 2680.6024100965597,
                    'w': array([[  4.00830814e-02],
       [ -7.85578098e-02],
       [  3.60289183e-01],
       [ -1.99160319e-01],
       [  2.99667854e-03],
       [ -2.02986191e-02],
       [  1.57827033e-01],
       [  1.35820657e-01],
       [  2.91213494e-02],
       [  1.13180942e-03],
       [ -7.80228412e+00]])},
  'weight': 120.0},
 {'gamma': 0.0,
  'test_measures': {'0_fnr': 0.74500920043552266,
                    '0_fpr': 0.057342385488526069,
                    '1_fnr': 0.63767019285024196,
                    '1_fpr': 0.071209886302237513,
                    'acc': 0.78756527144633237,
                    'fnr_diff': 0.10733900758528055,
                    'fpr_diff': 0.01386750081371144},
  'test_results': {'fnr_diff': 0.1221878020173454,
                   'fpr_diff': 0.040584306839880915,
                   'll': -10741.738938181465,
                   'objective': 10767.782475598624},
  'train_results': {'fnr_diff': 0.10603036951407588,
                    'fpr_diff': 0.04158989891478785,
                    'll': -2664.3070682218558,
                    'objective': 2687.926311170474,
                    'w': array([[  4.02046421e-02],
       [ -7.81321689e-02],
       [  3.61135541e-01],
       [ -1.98728561e-01],
       [  3.16249523e-03],
       [ -1.18944692e-02],
       [  1.58948662e-01],
       [  9.27466487e-02],
       [  2.91458819e-02],
       [  1.08268045e-03],
       [ -7.80235666e+00]])},
  'weight': 160.0},
 {'gamma': 0.0,
  'test_measures': {'0_fnr': 0.73615215451495364,
                    '0_fpr': 0.059399659370946344,
                    '1_fnr': 0.64258813224214995,
                    '1_fpr': 0.0703295090148809,
                    'acc': 0.78666597596353083,
                    'fnr_diff': 0.093564022272803735,
                    'fpr_diff': 0.011022132502516005},
  'test_results': {'fnr_diff': 0.091336333403327391,
                   'fpr_diff': 0.027587018596651181,
                   'll': -10773.361408535789,
                   'objective': 10797.146078935786},
  'train_results': {'fnr_diff': 0.075946875569671335,
                    'fpr_diff': 0.027868781799341852,
                    'll': -2672.1139374287477,
                    'objective': 2692.87706890255,
                    'w': array([[  4.02959452e-02],
       [ -7.78645038e-02],
       [  3.61770631e-01],
       [ -1.98494398e-01],
       [  3.27853140e-03],
       [ -5.63268573e-03],
       [  1.59825416e-01],
       [  6.55622387e-02],
       [  2.91685907e-02],
       [  1.04408011e-03],
       [ -7.80607198e+00]])},
  'weight': 200.0},
 {'gamma': 0.0,
  'test_measures': {'0_fnr': 0.72963547504384318,
                    '0_fpr': 0.061008730426882485,
                    '1_fnr': 0.64572909957433855,
                    '1_fpr': 0.069627581103100383,
                    'acc': 0.7861023622047244,
                    'fnr_diff': 0.083906375469504482,
                    'fpr_diff': 0.0088572253911032711},
  'test_results': {'fnr_diff': 0.072087301350179739,
                   'fpr_diff': 0.020081303916666744,
                   'll': -10797.008984971671,
                   'objective': 10819.129450235716},
  'train_results': {'fnr_diff': 0.057258965569874719,
                    'fpr_diff': 0.019845405261635547,
                    'll': -2677.9502419570504,
                    'objective': 2696.4552909566132,
                    'w': array([[  4.03671721e-02],
       [ -7.76809703e-02],
       [  3.62261999e-01],
       [ -1.98358632e-01],
       [  3.36467553e-03],
       [ -7.17848570e-04],
       [  1.60533397e-01],
       [  4.71857449e-02],
       [  2.91883691e-02],
       [  1.01254155e-03],
       [ -7.81098677e+00]])},
  'weight': 240.0},
 {'gamma': 0.0,
  'test_measures': {'0_fnr': 0.72525356040752853,
                    '0_fpr': 0.062098944158487747,
                    '1_fnr': 0.64843147580831817,
                    '1_fpr': 0.06908250372249268,
                    'acc': 0.78562992125984255,
                    'fnr_diff': 0.076822084599210277,
                    'fpr_diff': 0.0074815432770581388},
  'test_results': {'fnr_diff': 0.059214650516307109,
                   'fpr_diff': 0.015405928116519465,
                   'll': -10815.369351885034,
                   'objective': 10836.263113902225},
  'train_results': {'fnr_diff': 0.044811174909906361,
                    'fpr_diff': 0.014781982538750082,
                    'll': -2682.4803453115296,
                    'objective': 2699.166429397153,
                    'w': array([[  4.04244284e-02],
       [ -7.75474072e-02],
       [  3.62652786e-01],
       [ -1.98277060e-01],
       [  3.43138162e-03],
       [  3.27691052e-03],
       [  1.61119501e-01],
       [  3.41397201e-02],
       [  2.92054039e-02],
       [  9.86099076e-04],
       [ -7.81617213e+00]])},
  'weight': 280.0},
 {'gamma': 0.0,
  'test_measures': {'0_fnr': 0.72048712258520131,
                    '0_fpr': 0.063051514677382001,
                    '1_fnr': 0.65044175603211873,
                    '1_fpr': 0.068644740674865853,
                    'acc': 0.78530874430169906,
                    'fnr_diff': 0.070045366553082702,
                    'fpr_diff': 0.0065252242591972345},
  'test_results': {'fnr_diff': 0.050153350186295,
                   'fpr_diff': 0.012323796752981866,
                   'll': -10830.046007138651,
                   'objective': 10850.038694159222},
  'train_results': {'fnr_diff': 0.036080744735820652,
                    'fpr_diff': 0.011398556793670456,
                    'll': -2686.1005856657493,
                    'objective': 2701.2939621551864,
                    'w': array([[  4.04715605e-02],
       [ -7.74459042e-02],
       [  3.62970866e-01],
       [ -1.98227451e-01],
       [  3.48469016e-03],
       [  6.60636507e-03],
       [  1.61614198e-01],
       [  2.45295393e-02],
       [  2.92201126e-02],
       [  9.63514026e-04],
       [ -7.82125021e+00]])},
  'weight': 320.0},
 {'gamma': 0.0,
  'test_measures': {'0_fnr': 0.71700123416674288,
                    '0_fpr': 0.063873718735222393,
                    '1_fnr': 0.6517670431139887,
                    '1_fpr': 0.068296071980677428,
                    'acc': 0.78508081226688775,
                    'fnr_diff': 0.065234191052754159,
                    'fpr_diff': 0.0058464377055189387},
  'test_results': {'fnr_diff': 0.043517989951649724,
                   'fpr_diff': 0.010200381494355454,
                   'll': -10842.053328182174,
                   'objective': 10861.391941902737},
  'train_results': {'fnr_diff': 0.029709135195122326,
                    'fpr_diff': 0.0090347075057032513,
                    'll': -2689.0616666228079,
                    'objective': 2703.0094499951051,
                    'w': array([[  4.05111074e-02],
       [ -7.73661799e-02],
       [  3.63234829e-01],
       [ -1.98197646e-01],
       [  3.52835012e-03],
       [  9.43451419e-03],
       [  1.62038267e-01],
       [  1.72421323e-02],
       [  2.92328977e-02],
       [  9.43948568e-04],
       [ -7.82606869e+00]])},
  'weight': 360.0},
 {'gamma': 0.0,
  'test_measures': {'0_fnr': 0.71475847557221583,
                    '0_fpr': 0.064530527698465012,
                    '1_fnr': 0.65288888766592112,
                    '1_fpr': 0.068134963546460203,
                    'acc': 0.78481143804392883,
                    'fnr_diff': 0.061869587906294751,
                    'fpr_diff': 0.0054251576874563331},
  'test_results': {'fnr_diff': 0.03850429781896008,
                   'fpr_diff': 0.0086848943573253658,
                   'll': -10852.064050275825,
                   'objective': 10870.93972714634},
  'train_results': {'fnr_diff': 0.02490969617246893,
                    'fpr_diff': 0.0073230888049765647,
                    'll': -2691.5298177618142,
                    'objective': 2704.4229317527925,
                    'w': array([[  4.05448135e-02],
       [ -7.73019200e-02],
       [  3.63457460e-01],
       [ -1.98180558e-01],
       [  3.56481508e-03],
       [  1.18730468e-02],
       [  1.62406435e-01],
       [  1.15852178e-02],
       [  2.92440964e-02],
       [  9.26803659e-04],
       [ -7.83057408e+00]])},
  'weight': 400.0},
 {'gamma': 0.0,
  'test_measures': {'0_fnr': 0.71229476516658008,
                    '0_fpr': 0.065057650988761151,
                    '1_fnr': 0.65390378759183654,
                    '1_fpr': 0.067916104996368312,
                    'acc': 0.78463738085370893,
                    'fnr_diff': 0.058390977574743583,
                    'fpr_diff': 0.005122357867664195},
  'test_results': {'fnr_diff': 0.034617951409139258,
                   'fpr_diff': 0.0075715576264205652,
                   'll': -10860.541776940321,
                   'objective': 10879.105160915964},
  'train_results': {'fnr_diff': 0.021200247388307787,
                    'fpr_diff': 0.0060468416889288661,
                    'll': -2693.6195803606597,
                    'objective': 2705.6082995546435,
                    'w': array([[  4.05739192e-02],
       [ -7.72490338e-02],
       [  3.63647829e-01],
       [ -1.98171855e-01],
       [  3.59576253e-03],
       [  1.40013043e-02],
       [  1.62729475e-01],
       [  7.10820887e-03],
       [  2.92539807e-02],
       [  9.11638158e-04],
       [ -7.83475796e+00]])},
  'weight': 440.0},
 {'gamma': 0.0,
  'test_measures': {'0_fnr': 0.71032835036767095,
                    '0_fpr': 0.065548406598577039,
                    '1_fnr': 0.65469463734579325,
                    '1_fpr': 0.067795309238607618,
                    'acc': 0.7844571073352673,
                    'fnr_diff': 0.055633713021877716,
                    'fpr_diff': 0.0048423648002701618},
  'test_results': {'fnr_diff': 0.031540956726448327,
                   'fpr_diff': 0.0067336952770968659,
                   'll': -10867.816455287273,
                   'objective': 10886.188288248977},
  'train_results': {'fnr_diff': 0.01827130642488492,
                    'fpr_diff': 0.0050716048688625578,
                    'll': -2695.4124552103003,
                    'objective': 2706.617052631299,
                    'w': array([[  4.05993304e-02],
       [ -7.72047545e-02],
       [  3.63812528e-01],
       [ -1.98168780e-01],
       [  3.62238039e-03],
       [  1.58775718e-02],
       [  1.63015479e-01],
       [  3.50682562e-03],
       [  2.92627674e-02],
       [  8.98116182e-04],
       [ -7.83863202e+00]])},
  'weight': 480.0},
 {'gamma': 0.0,
  'test_measures': {'0_fnr': 0.70830307813165949,
                    '0_fpr': 0.065844336397774789,
                    '1_fnr': 0.65528954173661103,
                    '1_fpr': 0.067683503084766047,
                    'acc': 0.7843721508495648,
                    'fnr_diff': 0.053013536395048536,
                    'fpr_diff': 0.0047016312567465229},
  'test_results': {'fnr_diff': 0.029060811475676851,
                   'fpr_diff': 0.0060901462227720979,
                   'll': -10874.129294239892,
                   'objective': 10892.407792243088},
  'train_results': {'fnr_diff': 0.015916568328394019,
                    'fpr_diff': 0.0043107202064695208,
                    'll': -2696.9680150992021,
                    'objective': 2707.4862051373307,
                    'w': array([[  4.06217263e-02],
       [ -7.71671455e-02],
       [  3.63956468e-01],
       [ -1.98169528e-01],
       [  3.64553412e-03],
       [  1.75458292e-02],
       [  1.63270658e-01],
       [  5.69197402e-04],
       [  2.92706294e-02],
       [  8.85976586e-04],
       [ -7.84221653e+00]])},
  'weight': 520.0},
 {'gamma': 0.0,
  'test_measures': {'0_fnr': 0.70689496171035138,
                    '0_fpr': 0.066183207417050305,
                    '1_fnr': 0.65587475222940816,
                    '1_fpr': 0.067535985988729938,
                    'acc': 0.78427061748860338,
                    'fnr_diff': 0.051561934218825836,
                    'fpr_diff': 0.004639662217907731},
  'test_results': {'fnr_diff': 0.027030921404427276,
                   'fpr_diff': 0.0055871303917885235,
                   'll': -10879.660858363006,
                   'objective': 10897.926967368885},
  'train_results': {'fnr_diff': 0.013994007147716151,
                    'fpr_diff': 0.0037063717755525514,
                    'll': -2698.3308460660255,
                    'objective': 2708.2430582630559,
                    'w': array([[  4.06416266e-02],
       [ -7.71348088e-02],
       [  3.64083379e-01],
       [ -1.98172888e-01],
       [  3.66587069e-03],
       [  1.90400852e-02],
       [  1.63499879e-01],
       [ -1.85597198e-03],
       [  2.92777063e-02],
       [  8.75012337e-04],
       [ -7.84553487e+00]])},
  'weight': 560.0},
 {'gamma': 0.0,
  'test_measures': {'0_fnr': 0.70577038297912853,
                    '0_fpr': 0.066443534456800193,
                    '1_fnr': 0.65641168565343044,
                    '1_fpr': 0.067446644107669887,
                    'acc': 0.78416493990882719,
                    'fnr_diff': 0.05025048901627651,
                    'fpr_diff': 0.0046449205342098763},
  'test_results': {'fnr_diff': 0.025347436930063451,
                   'fpr_diff': 0.0051879667039888104,
                   'll': -10884.548893121309,
                   'objective': 10902.87013530174},
  'train_results': {'fnr_diff': 0.012403220740454158,
                    'fpr_diff': 0.0032188512446738775,
                    'll': -2699.5349558159846,
                    'objective': 2708.9081990070617,
                    'w': array([[  4.06594354e-02],
       [ -7.71067126e-02],
       [  3.64196139e-01],
       [ -1.98178028e-01],
       [  3.68388293e-03],
       [  2.03870209e-02],
       [  1.63707002e-01],
       [ -3.87928834e-03],
       [  2.92841108e-02],
       [  8.65057341e-04],
       [ -7.84861025e+00]])},
  'weight': 600.0},
 {'gamma': 0.0,
  'test_measures': {'0_fnr': 0.70475650114099486,
                    '0_fpr': 0.066689018905565015,
                    '1_fnr': 0.65699720005945639,
                    '1_fpr': 0.067348321255214935,
                    'acc': 0.78405304600082881,
                    'fnr_diff': 0.048967252023469722,
                    'fpr_diff': 0.0045732420178691419},
  'test_results': {'fnr_diff': 0.023934991090752547,
                   'fpr_diff': 0.0048669997566028978,
                   'll': -10888.900478487385,
                   'objective': 10907.333752629693},
  'train_results': {'fnr_diff': 0.011071489820243986,
                    'fpr_diff': 0.0028201899549127607,
                    'll': -2700.6067754488704,
                    'objective': 2709.4974505049695,
                    'w': array([[  4.06754734e-02],
       [ -7.70820770e-02],
       [  3.64297015e-01],
       [ -1.98184370e-01],
       [  3.69995437e-03],
       [  2.16080219e-02],
       [  1.63895149e-01],
       [ -5.58304625e-03],
       [  2.92899353e-02],
       [  8.55975201e-04],
       [ -7.85146496e+00]])},
  'weight': 640.0},
 {'gamma': 0.0,
  'test_measures': {'0_fnr': 0.70391356217691736,
                    '0_fpr': 0.066912743560509594,
                    '1_fnr': 0.6574465820035178,
                    '1_fpr': 0.067299139447817916,
                    'acc': 0.7839473684210525,
                    'fnr_diff': 0.048279832720552369,
                    'fpr_diff': 0.0044469527537574207},
  'test_results': {'fnr_diff': 0.022737783726249919,
                   'fpr_diff': 0.004605892550967011,
                   'll': -10892.800060441477,
                   'objective': 10911.393760309986},
  'train_results': {'fnr_diff': 0.0099450864462673535,
                    'fpr_diff': 0.0024902525784339744,
                    'll': -2701.5671480228084,
                    'objective': 2710.0231785596052,
                    'w': array([[  4.06899976e-02],
       [ -7.70603017e-02],
       [  3.64387810e-01],
       [ -1.98191507e-01],
       [  3.71438731e-03],
       [  2.27204170e-02],
       [  1.64066868e-01],
       [ -7.02956223e-03],
       [  2.92952560e-02],
       [  8.47654549e-04],
       [ -7.85411957e+00]])},
  'weight': 680.0},
 {'gamma': 0.0,
  'test_measures': {'0_fnr': 0.70278818834442791,
                    '0_fpr': 0.067136762317563506,
                    '1_fnr': 0.6579246163990613,
                    '1_fpr': 0.067249956138231787,
                    'acc': 0.78384583506009131,
                    'fnr_diff': 0.046981643844410434,
                    'fpr_diff': 0.0044040421678695268},
  'test_results': {'fnr_diff': 0.021713793158411612,
                   'fpr_diff': 0.0043912822401852734,
                   'll': -10896.315124207338,
                   'objective': 10915.110778494327},
  'train_results': {'fnr_diff': 0.0089836075664758673,
                    'fpr_diff': 0.0022142588843816085,
                    'll': -2702.4327258589387,
                    'objective': 2710.4951897035562,
                    'w': array([[  4.07032167e-02],
       [ -7.70409184e-02],
       [  3.64469978e-01],
       [ -1.98199147e-01],
       [  3.72742391e-03],
       [  2.37383894e-02],
       [  1.64224257e-01],
       [ -8.26677962e-03],
       [  2.93001363e-02],
       [  8.40001955e-04],
       [ -7.85659267e+00]])},
  'weight': 720.0},
 {'gamma': 0.0,
  'test_measures': {'0_fnr': 0.70161014869345883,
                    '0_fpr': 0.067302946826306428,
                    '1_fnr': 0.65837302268513831,
                    '1_fpr': 0.067182990262951631,
                    'acc': 0.78377745544964783,
                    'fnr_diff': 0.045777362480986468,
                    'fpr_diff': 0.0042790125398846825},
  'test_results': {'fnr_diff': 0.020830827991944613,
                   'fpr_diff': 0.004213262763170746,
                   'll': -10899.500322760634,
                   'objective': 10918.533831734525},
  'train_results': {'fnr_diff': 0.0081561592113596933,
                    'fpr_diff': 0.0019811693500225462,
                    'll': -2703.2169928955263,
                    'objective': 2710.9213626021774,
                    'w': array([[  4.07153024e-02],
       [ -7.70235547e-02],
       [  3.64544704e-01],
       [ -1.98207082e-01],
       [  3.73926011e-03],
       [  2.46737238e-02],
       [  1.64369070e-01],
       [ -9.33201478e-03],
       [  2.93046293e-02],
       [  8.32939037e-04],
       [ -7.85890106e+00]])},
  'weight': 760.0},
 {'gamma': 0.0,
  'test_measures': {'0_fnr': 0.7008796074191026,
                    '0_fpr': 0.067534140033182088,
                    '1_fnr': 0.65862647480723213,
                    '1_fpr': 0.067120261943509951,
                    'acc': 0.78371322005801902,
                    'fnr_diff': 0.044929092058639659,
                    'fpr_diff': 0.0042713191554967916},
  'test_results': {'fnr_diff': 0.020063885051210938,
                   'fpr_diff': 0.0040643766540286921,
                   'll': -10902.40036118613,
                   'objective': 10921.702970550319},
  'train_results': {'fnr_diff': 0.0074387921728036044,
                    'fpr_diff': 0.0017826111544708601,
                    'll': -2703.9309782828286,
                    'objective': 2711.3081009446487,
                    'w': array([[  4.07263967e-02],
       [ -7.70079120e-02],
       [  3.64612964e-01],
       [ -1.98215162e-01],
       [  3.75005651e-03],
       [  2.55362832e-02],
       [  1.64502781e-01],
       [ -1.02546798e-02],
       [  2.93087798e-02],
       [  8.26399491e-04],
       [ -7.86105977e+00]])},
  'weight': 800.0}]