{u'data_headers': u'age,workclass,education-num,marital-status,occupation,relationship,race,sex,hours-per-week,native-country',
 u'data_set': u'adult-dataset',
 u'description': u'adult dataset with protected value gender',
 u'file': u'adult.csv',
 u'filters': [{u'header': u'workclass', u'values': [u'?']},
              {u'header': u'occupation', u'values': [u'?']},
              {u'header': u'native-country', u'values': [u'?']}],
 u'fn': True,
 u'fp': True,
 u'gamma': {u'gt': 0, u'lt': 1},
 u'gamma_res': 2,
 u'headers_integer_values': [{u'<=50K': 0, u'>50K': 1, u'header': u'class'},
                             {u'Federal-gov': 0,
                              u'Local-gov': 1,
                              u'Never-worked': 2,
                              u'Private': 3,
                              u'Self-emp-inc': 4,
                              u'Self-emp-not-inc': 5,
                              u'State-gov': 6,
                              u'Without-pay': 7,
                              u'header': u'workclass'},
                             {u'Divorced': 0,
                              u'Married-AF-spouse': 1,
                              u'Married-civ-spouse': 2,
                              u'Married-spouse-absent': 3,
                              u'Never-married': 4,
                              u'Separated': 5,
                              u'Widowed': 6,
                              u'header': u'marital-status'},
                             {u'Adm-clerical': 0,
                              u'Armed-Forces': 1,
                              u'Craft-repair': 2,
                              u'Exec-managerial': 3,
                              u'Farming-fishing': 4,
                              u'Handlers-cleaners': 5,
                              u'Machine-op-inspct': 6,
                              u'Other-service': 7,
                              u'Priv-house-serv': 8,
                              u'Prof-specialty': 9,
                              u'Protective-serv': 10,
                              u'Sales': 11,
                              u'Tech-support': 12,
                              u'Transport-moving': 13,
                              u'header': u'occupation'},
                             {u'Husband': 0,
                              u'Not-in-family': 1,
                              u'Other-relative': 2,
                              u'Own-child': 3,
                              u'Unmarried': 4,
                              u'Wife': 5,
                              u'header': u'relationship'},
                             {u'Amer-Indian-Eskimo': 0,
                              u'Asian-Pac-Islander': 1,
                              u'Black': 2,
                              u'Other': 3,
                              u'White': 4,
                              u'header': u'race'},
                             {u'Female': 0, u'Male': 1, u'header': u'sex'},
                             {u'Cambodia': 0,
                              u'Canada': 1,
                              u'China': 2,
                              u'Columbia': 3,
                              u'Cuba': 4,
                              u'Dominican-Republic': 5,
                              u'Ecuador': 6,
                              u'El-Salvador': 7,
                              u'England': 8,
                              u'France': 9,
                              u'Germany': 10,
                              u'Greece': 11,
                              u'Guatemala': 12,
                              u'Haiti': 13,
                              u'Holand-Netherlands': 14,
                              u'Honduras': 15,
                              u'Hong': 16,
                              u'Hungary': 17,
                              u'India': 18,
                              u'Iran': 19,
                              u'Ireland': 20,
                              u'Italy': 21,
                              u'Jamaica': 22,
                              u'Japan': 23,
                              u'Laos': 24,
                              u'Mexico': 25,
                              u'Nicaragua': 26,
                              u'Outlying-US(Guam-USVI-etc)': 27,
                              u'Peru': 28,
                              u'Philippines': 29,
                              u'Poland': 30,
                              u'Portugal': 31,
                              u'Puerto-Rico': 32,
                              u'Scotland': 33,
                              u'South': 34,
                              u'Taiwan': 35,
                              u'Thailand': 36,
                              u'Trinadad&Tobago': 37,
                              u'United-States': 38,
                              u'Vietnam': 39,
                              u'Yugoslavia': 40,
                              u'header': u'native-country'}],
 u'headers_operation': [],
 u'num_of_tries': 20,
 u'protected': u'sex',
 u'tag': u'class',
 u'test_size': 0.8,
 u'weight': {u'gt': 0, u'lt': 400},
 u'weight_res': 11}

The result for absolute value relaxation:

[{'gamma': 0.0,
  'test_measures': {'0_fnr': 0.92128516753265066,
                    '0_fpr': 0.01643915154274727,
                    '1_fnr': 0.53343480663182752,
                    '1_fpr': 0.10245532204490423,
                    'acc': 0.80046208039784494,
                    'fnr_diff': 0.38785036090082298,
                    'fpr_diff': 0.086016170502156972},
  'test_results': {'fnr_diff': 1.5649502986776149,
                   'fpr_diff': 1.2143902578810777,
                   'll': -10368.582710010272,
                   'objective': 10368.582710010272},
  'train_results': {'fnr_diff': 1.5590290020568809,
                    'fpr_diff': 1.223080016566787,
                    'll': -2572.1738747888512,
                    'objective': 2572.1738747888512,
                    'w': array([[  3.95574083e-02],
       [ -8.96558631e-02],
       [  3.59797143e-01],
       [ -2.14367575e-01],
       [  1.05192089e-03],
       [ -1.14068094e-01],
       [  1.52629819e-01],
       [  9.47334047e-01],
       [  2.98139993e-02],
       [  1.58093134e-03],
       [ -8.24145227e+00]])},
  'weight': 0.0},
 {'gamma': 0.0,
  'test_measures': {'0_fnr': 0.84718012813062571,
                    '0_fpr': 0.03271690642139554,
                    '1_fnr': 0.5815442893355971,
                    '1_fpr': 0.085698462938853054,
                    'acc': 0.79606713634479886,
                    'fnr_diff': 0.26563583879502856,
                    'fpr_diff': 0.052981556517457506},
  'test_results': {'fnr_diff': 0.95719208033650127,
                   'fpr_diff': 0.67902264493986975,
                   'll': -10458.683979712341,
                   'objective': 10524.132568723397},
  'train_results': {'fnr_diff': 0.94875599794309839,
                    'fpr_diff': 0.6878052217473597,
                    'll': -2594.3359226091716,
                    'objective': 2659.7983713967901,
                    'w': array([[  3.94855162e-02],
       [ -8.28347407e-02],
       [  3.57229573e-01],
       [ -2.03762061e-01],
       [  1.91894274e-03],
       [ -7.84117227e-02],
       [  1.51973015e-01],
       [  4.72220309e-01],
       [  2.91926310e-02],
       [  1.47077947e-03],
       [ -7.89142564e+00]])},
  'weight': 40.0},
 {'gamma': 0.0,
  'test_measures': {'0_fnr': 0.76246332836835973,
                    '0_fpr': 0.055601863508220849,
                    '1_fnr': 0.62894756777631622,
                    '1_fpr': 0.072240870729401288,
                    'acc': 0.78878988810609196,
                    'fnr_diff': 0.13351576059204331,
                    'fpr_diff': 0.016639007221180425},
  'test_results': {'fnr_diff': 0.4365659755945126,
                   'fpr_diff': 0.21995666909158337,
                   'll': -10695.606703514521,
                   'objective': 10748.128515089407},
  'train_results': {'fnr_diff': 0.42560658666393031,
                    'fpr_diff': 0.22894723871628422,
                    'll': -2652.8790332538729,
                    'objective': 2705.24333928429,
                    'w': array([[  3.98973867e-02],
       [ -7.87334541e-02],
       [  3.60130044e-01],
       [ -1.97582583e-01],
       [  2.91687783e-03],
       [ -4.73450089e-02],
       [  1.54135658e-01],
       [  6.44872294e-02],
       [  2.90608876e-02],
       [  1.39353325e-03],
       [ -7.70624409e+00]])},
  'weight': 80.0},
 {'gamma': 0.0,
  'test_measures': {'0_fnr': 0.70427347214973501,
                    '0_fpr': 0.069634328817562458,
                    '1_fnr': 0.65783574492324959,
                    '1_fpr': 0.066364977526672392,
                    'acc': 0.78350393700787391,
                    'fnr_diff': 0.046437727226485391,
                    'fpr_diff': 0.0048563471784042285},
  'test_results': {'fnr_diff': 0.12177978552826998,
                   'fpr_diff': 0.047124229341763975,
                   'll': -10902.111834898695,
                   'objective': 10922.380316683097},
  'train_results': {'fnr_diff': 0.10415083135873182,
                    'fpr_diff': 9.3116509902041458e-11,
                    'll': -2704.2707187186111,
                    'objective': 2716.7688184928338,
                    'w': array([[  4.05405459e-02],
       [ -7.71366024e-02],
       [  3.64626607e-01],
       [ -1.96698107e-01],
       [  3.68335889e-03],
       [ -3.06870639e-03],
       [  1.60417948e-01],
       [ -9.48376797e-02],
       [  2.92408507e-02],
       [  1.10181711e-03],
       [ -7.75421477e+00]])},
  'weight': 120.0},
 {'gamma': 0.0,
  'test_measures': {'0_fnr': 0.6884831233259211,
                    '0_fpr': 0.070535566707208758,
                    '1_fnr': 0.66446862026130304,
                    '1_fpr': 0.065962320170472724,
                    'acc': 0.78260464152507259,
                    'fnr_diff': 0.031933043652655764,
                    'fpr_diff': 0.0055501405399569926},
  'test_results': {'fnr_diff': 0.087635556434285694,
                   'fpr_diff': 0.047452184933337943,
                   'll': -10949.480842123814,
                   'objective': 10971.094880742634},
  'train_results': {'fnr_diff': 0.02113639123296988,
                    'fpr_diff': 7.2542502560501989e-11,
                    'll': -2715.5678181666103,
                    'objective': 2718.9496407754923,
                    'w': array([[  4.08884642e-02],
       [ -7.67906380e-02],
       [  3.65906628e-01],
       [ -1.98341605e-01],
       [  3.93390698e-03],
       [  3.65473441e-02],
       [  1.66314444e-01],
       [ -3.36015894e-02],
       [  2.93513775e-02],
       [  7.19675856e-04],
       [ -7.88555823e+00]])},
  'weight': 160.0},
 {'gamma': 0.0,
  'test_measures': {'0_fnr': 0.68438150535384423,
                    '0_fpr': 0.070911436013070137,
                    '1_fnr': 0.66603075473405982,
                    '1_fpr': 0.065957721023847393,
                    'acc': 0.78231869042685465,
                    'fnr_diff': 0.034054937576916126,
                    'fpr_diff': 0.0057011743965087649},
  'test_results': {'fnr_diff': 0.094180774083852531,
                   'fpr_diff': 0.047820301148580394,
                   'll': -10963.509055177459,
                   'objective': 10991.909270223947},
  'train_results': {'fnr_diff': 0.0019486464674021077,
                    'fpr_diff': 1.0325511314024372e-10,
                    'll': -2718.9517157141504,
                    'objective': 2719.3414450282821,
                    'w': array([[  4.09825000e-02],
       [ -7.67240878e-02],
       [  3.66118132e-01],
       [ -1.98590821e-01],
       [  3.98158765e-03],
       [  4.62311926e-02],
       [  1.67752265e-01],
       [ -1.88866559e-02],
       [  2.94059091e-02],
       [  6.59166123e-04],
       [ -7.91949006e+00]])},
  'weight': 200.0},
 {'gamma': 0.0,
  'test_measures': {'0_fnr': 0.68382840733190398,
                    '0_fpr': 0.071005510965407137,
                    '1_fnr': 0.66612857378881196,
                    '1_fpr': 0.065975601737443643,
                    'acc': 0.7822834645669291,
                    'fnr_diff': 0.033987536080641131,
                    'fpr_diff': 0.0057773686352495177},
  'test_results': {'fnr_diff': 0.096357234174953385,
                   'fpr_diff': 0.047896201122920673,
                   'll': -10965.099612106129,
                   'objective': 10999.720436577618},
  'train_results': {'fnr_diff': 2.7995893936427765e-10,
                    'fpr_diff': 5.6505881831231394e-11,
                    'll': -2719.3491180716615,
                    'objective': 2719.3491181524128,
                    'w': array([[  4.09918179e-02],
       [ -7.67112754e-02],
       [  3.66146370e-01],
       [ -1.98626597e-01],
       [  3.98966704e-03],
       [  4.72725512e-02],
       [  1.67914622e-01],
       [ -1.73030119e-02],
       [  2.94153270e-02],
       [  6.54561380e-04],
       [ -7.92343384e+00]])},
  'weight': 240.0},
 {'gamma': 0.0,
  'test_measures': {'0_fnr': 0.68382840733190398,
                    '0_fpr': 0.071005510965407137,
                    '1_fnr': 0.66612857378881196,
                    '1_fpr': 0.065975601737443643,
                    'acc': 0.7822834645669291,
                    'fnr_diff': 0.033987536080641131,
                    'fpr_diff': 0.0057773686352495177},
  'test_results': {'fnr_diff': 0.096357234357807339,
                   'fpr_diff': 0.04789620118215903,
                   'll': -10965.099611787136,
                   'objective': 11005.490573738329},
  'train_results': {'fnr_diff': 1.8080601443121179e-10,
                    'fpr_diff': 3.6116409689312955e-11,
                    'll': -2719.3491180593501,
                    'objective': 2719.3491181200884,
                    'w': array([[  4.09918180e-02],
       [ -7.67112757e-02],
       [  3.66146371e-01],
       [ -1.98626598e-01],
       [  3.98966704e-03],
       [  4.72725512e-02],
       [  1.67914622e-01],
       [ -1.73030120e-02],
       [  2.94153271e-02],
       [  6.54561387e-04],
       [ -7.92343386e+00]])},
  'weight': 280.0},
 {'gamma': 0.0,
  'test_measures': {'0_fnr': 0.68382840733190398,
                    '0_fpr': 0.071005510965407137,
                    '1_fnr': 0.66612857378881196,
                    '1_fpr': 0.065975601737443643,
                    'acc': 0.7822834645669291,
                    'fnr_diff': 0.033987536080641131,
                    'fpr_diff': 0.0057773686352495177},
  'test_results': {'fnr_diff': 0.096357234219073745,
                   'fpr_diff': 0.047896201178858622,
                   'll': -10965.099612066448,
                   'objective': 11011.260711393787},
  'train_results': {'fnr_diff': 3.5842899499122226e-10,
                    'fpr_diff': 8.3668371710088341e-11,
                    'll': -2719.34911807349,
                    'objective': 2719.3491182149614,
                    'w': array([[  4.09918180e-02],
       [ -7.67112756e-02],
       [  3.66146371e-01],
       [ -1.98626598e-01],
       [  3.98966704e-03],
       [  4.72725512e-02],
       [  1.67914622e-01],
       [ -1.73030125e-02],
       [  2.94153271e-02],
       [  6.54561405e-04],
       [ -7.92343385e+00]])},
  'weight': 320.0},
 {'gamma': 0.0,
  'test_measures': {'0_fnr': 0.68382840733190398,
                    '0_fpr': 0.071005510965407137,
                    '1_fnr': 0.66612857378881196,
                    '1_fpr': 0.065975601737443643,
                    'acc': 0.7822834645669291,
                    'fnr_diff': 0.033987536080641131,
                    'fpr_diff': 0.0057773686352495177},
  'test_results': {'fnr_diff': 0.096357233671397674,
                   'fpr_diff': 0.047896200961596441,
                   'll': -10965.099611830956,
                   'objective': 11017.030848298835},
  'train_results': {'fnr_diff': 3.1959473349024714e-10,
                    'fpr_diff': 7.1453580465646871e-11,
                    'll': -2719.3491180650926,
                    'objective': 2719.3491182058701,
                    'w': array([[  4.09918178e-02],
       [ -7.67112755e-02],
       [  3.66146370e-01],
       [ -1.98626597e-01],
       [  3.98966705e-03],
       [  4.72725509e-02],
       [  1.67914622e-01],
       [ -1.73030124e-02],
       [  2.94153270e-02],
       [  6.54561379e-04],
       [ -7.92343383e+00]])},
  'weight': 360.0},
 {'gamma': 0.0,
  'test_measures': {'0_fnr': 0.68382840733190398,
                    '0_fpr': 0.071005510965407137,
                    '1_fnr': 0.66612857378881196,
                    '1_fpr': 0.065975601737443643,
                    'acc': 0.7822834645669291,
                    'fnr_diff': 0.033987536080641131,
                    'fpr_diff': 0.0057773686352495177},
  'test_results': {'fnr_diff': 0.096357233948229731,
                   'fpr_diff': 0.047896201100833445,
                   'll': -10965.099611696054,
                   'objective': 11022.800985715679},
  'train_results': {'fnr_diff': 2.5939735116831118e-10,
                    'fpr_diff': 5.7524129383479392e-11,
                    'll': -2719.3491180706887,
                    'objective': 2719.3491181974582,
                    'w': array([[  4.09918179e-02],
       [ -7.67112754e-02],
       [  3.66146370e-01],
       [ -1.98626597e-01],
       [  3.98966703e-03],
       [  4.72725510e-02],
       [  1.67914622e-01],
       [ -1.73030124e-02],
       [  2.94153270e-02],
       [  6.54561353e-04],
       [ -7.92343384e+00]])},
  'weight': 400.0}]

The result for squared relaxation:

[{'gamma': 0.0,
  'test_measures': {'0_fnr': 0.92128516753265066,
                    '0_fpr': 0.01643915154274727,
                    '1_fnr': 0.53343480663182752,
                    '1_fpr': 0.10245532204490423,
                    'acc': 0.80046208039784494,
                    'fnr_diff': 0.38785036090082298,
                    'fpr_diff': 0.086016170502156972},
  'test_results': {'fnr_diff': 2.4616039749453309,
                   'fpr_diff': 1.480798147801704,
                   'll': -10368.582710010272,
                   'objective': 10368.582710010272},
  'train_results': {'fnr_diff': 2.4375553493699131,
                    'fpr_diff': 1.5004187941392308,
                    'll': -2572.1738747888512,
                    'objective': 2572.1738747888512,
                    'w': array([[  3.95574083e-02],
       [ -8.96558631e-02],
       [  3.59797143e-01],
       [ -2.14367575e-01],
       [  1.05192089e-03],
       [ -1.14068094e-01],
       [  1.52629819e-01],
       [  9.47334047e-01],
       [  2.98139993e-02],
       [  1.58093134e-03],
       [ -8.24145227e+00]])},
  'weight': 0.0},
 {'gamma': 0.0,
  'test_measures': {'0_fnr': 0.81998605350372888,
                    '0_fpr': 0.038663415425068584,
                    '1_fnr': 0.59813570241107883,
                    '1_fpr': 0.081211793434676938,
                    'acc': 0.79392043099875664,
                    'fnr_diff': 0.22185035109265003,
                    'fpr_diff': 0.042548378009608354},
  'test_results': {'fnr_diff': 0.59889182322481127,
                   'fpr_diff': 0.29565415885998958,
                   'll': -10520.944252063156,
                   'objective': 10556.726091346551},
  'train_results': {'fnr_diff': 0.57729135032131873,
                    'fpr_diff': 0.30310111970883435,
                    'll': -2609.773055272552,
                    'objective': 2644.9887540737582,
                    'w': array([[  3.96724980e-02],
       [ -8.11555320e-02],
       [  3.57688879e-01],
       [ -2.02404409e-01],
       [  2.26660361e-03],
       [ -5.38427569e-02],
       [  1.54263354e-01],
       [  3.72640279e-01],
       [  2.91363030e-02],
       [  1.30446906e-03],
       [ -7.86601303e+00]])},
  'weight': 40.0},
 {'gamma': 0.0,
  'test_measures': {'0_fnr': 0.78051620807104904,
                    '0_fpr': 0.048694219482671074,
                    '1_fnr': 0.619976433679573,
                    '1_fpr': 0.075406055172214131,
                    'acc': 0.79055118110236233,
                    'fnr_diff': 0.16053977439147624,
                    'fpr_diff': 0.026711835689543051},
  'test_results': {'fnr_diff': 0.2896606539319671,
                   'fpr_diff': 0.12249354930019821,
                   'll': -10630.469400717535,
                   'objective': 10663.441736976107},
  'train_results': {'fnr_diff': 0.27073488688925529,
                    'fpr_diff': 0.12637143385220481,
                    'll': -2636.8254354846918,
                    'objective': 2668.5939411440086,
                    'w': array([[  3.99137759e-02],
       [ -7.93341133e-02],
       [  3.59135995e-01],
       [ -2.00056636e-01],
       [  2.73763172e-03],
       [ -3.25903663e-02],
       [  1.56330975e-01],
       [  2.11634106e-01],
       [  2.91024872e-02],
       [  1.19875427e-03],
       [ -7.81330825e+00]])},
  'weight': 80.0},
 {'gamma': 0.0,
  'test_measures': {'0_fnr': 0.75860787487036041,
                    '0_fpr': 0.053905555879125287,
                    '1_fnr': 0.63059781714685648,
                    '1_fpr': 0.07267568067585653,
                    'acc': 0.78887277248238707,
                    'fnr_diff': 0.12801005772350388,
                    'fpr_diff': 0.018770124796731218},
  'test_results': {'fnr_diff': 0.17679674527218836,
                   'fpr_diff': 0.065629082289831872,
                   'll': -10697.29516991896,
                   'objective': 10726.386269226399},
  'train_results': {'fnr_diff': 0.15953945690511256,
                    'fpr_diff': 0.067716302671182227,
                    'll': -2653.3317189474042,
                    'objective': 2680.6024100965597,
                    'w': array([[  4.00830814e-02],
       [ -7.85578098e-02],
       [  3.60289183e-01],
       [ -1.99160319e-01],
       [  2.99667854e-03],
       [ -2.02986191e-02],
       [  1.57827033e-01],
       [  1.35820657e-01],
       [  2.91213494e-02],
       [  1.13180942e-03],
       [ -7.80228412e+00]])},
  'weight': 120.0},
 {'gamma': 0.0,
  'test_measures': {'0_fnr': 0.74500920043552266,
                    '0_fpr': 0.057342385488526069,
                    '1_fnr': 0.63767019285024196,
                    '1_fpr': 0.071209886302237513,
                    'acc': 0.78756527144633237,
                    'fnr_diff': 0.10733900758528055,
                    'fpr_diff': 0.01386750081371144},
  'test_results': {'fnr_diff': 0.1221878020173454,
                   'fpr_diff': 0.040584306839880915,
                   'll': -10741.738938181465,
                   'objective': 10767.782475598624},
  'train_results': {'fnr_diff': 0.10603036951407588,
                    'fpr_diff': 0.04158989891478785,
                    'll': -2664.3070682218558,
                    'objective': 2687.926311170474,
                    'w': array([[  4.02046421e-02],
       [ -7.81321689e-02],
       [  3.61135541e-01],
       [ -1.98728561e-01],
       [  3.16249523e-03],
       [ -1.18944692e-02],
       [  1.58948662e-01],
       [  9.27466487e-02],
       [  2.91458819e-02],
       [  1.08268045e-03],
       [ -7.80235666e+00]])},
  'weight': 160.0},
 {'gamma': 0.0,
  'test_measures': {'0_fnr': 0.73615215451495364,
                    '0_fpr': 0.059399659370946344,
                    '1_fnr': 0.64258813224214995,
                    '1_fpr': 0.0703295090148809,
                    'acc': 0.78666597596353083,
                    'fnr_diff': 0.093564022272803735,
                    'fpr_diff': 0.011022132502516005},
  'test_results': {'fnr_diff': 0.091336333403327391,
                   'fpr_diff': 0.027587018596651185,
                   'll': -10773.361408535789,
                   'objective': 10797.146078935786},
  'train_results': {'fnr_diff': 0.075946875569671321,
                    'fpr_diff': 0.027868781799341852,
                    'll': -2672.1139374287477,
                    'objective': 2692.87706890255,
                    'w': array([[  4.02959452e-02],
       [ -7.78645038e-02],
       [  3.61770631e-01],
       [ -1.98494398e-01],
       [  3.27853140e-03],
       [ -5.63268573e-03],
       [  1.59825416e-01],
       [  6.55622387e-02],
       [  2.91685907e-02],
       [  1.04408011e-03],
       [ -7.80607198e+00]])},
  'weight': 200.0},
 {'gamma': 0.0,
  'test_measures': {'0_fnr': 0.72963547504384318,
                    '0_fpr': 0.061008730426882485,
                    '1_fnr': 0.64572909957433855,
                    '1_fpr': 0.069627581103100383,
                    'acc': 0.7861023622047244,
                    'fnr_diff': 0.083906375469504482,
                    'fpr_diff': 0.0088572253911032711},
  'test_results': {'fnr_diff': 0.072087301350179739,
                   'fpr_diff': 0.020081303916666744,
                   'll': -10797.008984971671,
                   'objective': 10819.129450235716},
  'train_results': {'fnr_diff': 0.057258965569874719,
                    'fpr_diff': 0.019845405261635547,
                    'll': -2677.9502419570504,
                    'objective': 2696.4552909566132,
                    'w': array([[  4.03671721e-02],
       [ -7.76809703e-02],
       [  3.62261999e-01],
       [ -1.98358632e-01],
       [  3.36467553e-03],
       [ -7.17848570e-04],
       [  1.60533397e-01],
       [  4.71857449e-02],
       [  2.91883691e-02],
       [  1.01254155e-03],
       [ -7.81098677e+00]])},
  'weight': 240.0},
 {'gamma': 0.0,
  'test_measures': {'0_fnr': 0.72525356040752853,
                    '0_fpr': 0.062098944158487747,
                    '1_fnr': 0.64843147580831817,
                    '1_fpr': 0.06908250372249268,
                    'acc': 0.78562992125984255,
                    'fnr_diff': 0.076822084599210277,
                    'fpr_diff': 0.0074815432770581388},
  'test_results': {'fnr_diff': 0.059214650516307109,
                   'fpr_diff': 0.015405928116519464,
                   'll': -10815.369351885034,
                   'objective': 10836.263113902225},
  'train_results': {'fnr_diff': 0.044811174909906361,
                    'fpr_diff': 0.014781982538750082,
                    'll': -2682.4803453115296,
                    'objective': 2699.166429397153,
                    'w': array([[  4.04244284e-02],
       [ -7.75474072e-02],
       [  3.62652786e-01],
       [ -1.98277060e-01],
       [  3.43138162e-03],
       [  3.27691052e-03],
       [  1.61119501e-01],
       [  3.41397201e-02],
       [  2.92054039e-02],
       [  9.86099076e-04],
       [ -7.81617213e+00]])},
  'weight': 280.0},
 {'gamma': 0.0,
  'test_measures': {'0_fnr': 0.72048712258520131,
                    '0_fpr': 0.063051514677382001,
                    '1_fnr': 0.65044175603211873,
                    '1_fpr': 0.068644740674865853,
                    'acc': 0.78530874430169906,
                    'fnr_diff': 0.070045366553082702,
                    'fpr_diff': 0.0065252242591972345},
  'test_results': {'fnr_diff': 0.050153350186295,
                   'fpr_diff': 0.012323796752981869,
                   'll': -10830.046007138651,
                   'objective': 10850.038694159222},
  'train_results': {'fnr_diff': 0.036080744735820652,
                    'fpr_diff': 0.011398556793670456,
                    'll': -2686.1005856657493,
                    'objective': 2701.2939621551864,
                    'w': array([[  4.04715605e-02],
       [ -7.74459042e-02],
       [  3.62970866e-01],
       [ -1.98227451e-01],
       [  3.48469016e-03],
       [  6.60636507e-03],
       [  1.61614198e-01],
       [  2.45295393e-02],
       [  2.92201126e-02],
       [  9.63514026e-04],
       [ -7.82125021e+00]])},
  'weight': 320.0},
 {'gamma': 0.0,
  'test_measures': {'0_fnr': 0.71700123416674288,
                    '0_fpr': 0.063873718735222393,
                    '1_fnr': 0.6517670431139887,
                    '1_fpr': 0.068296071980677428,
                    'acc': 0.78508081226688775,
                    'fnr_diff': 0.065234191052754159,
                    'fpr_diff': 0.0058464377055189387},
  'test_results': {'fnr_diff': 0.043517989951649724,
                   'fpr_diff': 0.010200381494355454,
                   'll': -10842.053328182174,
                   'objective': 10861.391941902737},
  'train_results': {'fnr_diff': 0.029709135195122326,
                    'fpr_diff': 0.0090347075057032496,
                    'll': -2689.0616666228079,
                    'objective': 2703.0094499951051,
                    'w': array([[  4.05111074e-02],
       [ -7.73661799e-02],
       [  3.63234829e-01],
       [ -1.98197646e-01],
       [  3.52835012e-03],
       [  9.43451419e-03],
       [  1.62038267e-01],
       [  1.72421323e-02],
       [  2.92328977e-02],
       [  9.43948568e-04],
       [ -7.82606869e+00]])},
  'weight': 360.0},
 {'gamma': 0.0,
  'test_measures': {'0_fnr': 0.71475847557221583,
                    '0_fpr': 0.064530527698465012,
                    '1_fnr': 0.65288888766592112,
                    '1_fpr': 0.068134963546460203,
                    'acc': 0.78481143804392883,
                    'fnr_diff': 0.061869587906294751,
                    'fpr_diff': 0.0054251576874563331},
  'test_results': {'fnr_diff': 0.038504297818960073,
                   'fpr_diff': 0.0086848943573253658,
                   'll': -10852.064050275825,
                   'objective': 10870.93972714634},
  'train_results': {'fnr_diff': 0.024909696172468923,
                    'fpr_diff': 0.0073230888049765647,
                    'll': -2691.5298177618142,
                    'objective': 2704.4229317527925,
                    'w': array([[  4.05448135e-02],
       [ -7.73019200e-02],
       [  3.63457460e-01],
       [ -1.98180558e-01],
       [  3.56481508e-03],
       [  1.18730468e-02],
       [  1.62406435e-01],
       [  1.15852178e-02],
       [  2.92440964e-02],
       [  9.26803659e-04],
       [ -7.83057408e+00]])},
  'weight': 400.0}]